Device: cpu

================================================================================
STEP 1: LOAD PRE-COMPUTED CLUSTER LABELS
================================================================================
Loading training data (persistent only)...
✓ Loaded 1,951,244 persistent training samples
✓ Cluster column found: cluster_id
✓ Cluster distribution:
  Cluster 0: 734,334 (37.6%)
  Cluster 1: 970,667 (49.7%)
  Cluster 2: 51,200 (2.6%)
  Cluster 3: 195,043 (10.0%)

Initializing model...
✓ Model parameters: 4,444
✓ Architecture: 17D inputs → gating (predict cluster) → expert (predict outputs)

================================================================================
STEP 2: PREPARE TRAINING DATA
================================================================================
Loading training data and cluster labels...
✓ Training features shape: (1951244, 17)
✓ Training outputs shape: (1951244, 6)
✓ Cluster labels shape: (1951244,)

Separating training data by cluster...
Cluster distribution:
  Cluster 0: 734,334 samples (37.6%)
  Cluster 1: 970,667 samples (49.7%)
  Cluster 2: 51,200 samples (2.6%)
  Cluster 3: 195,043 samples (10.0%)

Loading validation data...
Loading test data...
✓ Val samples: 314301
✓ Test samples: 238589
✓ Input dimension: 17D (raw features)

================================================================================
STEP 3: TRAINING EXPERTS (Per-cluster supervised)
================================================================================

Training Expert 0...
  Epoch  5 | Loss: 0.0009
  Epoch 10 | Loss: 0.0008
  Epoch 15 | Loss: 0.0008
  Epoch 20 | Loss: 0.0008

Training Expert 1...
  Epoch  5 | Loss: 0.0000
  Epoch 10 | Loss: 0.0000
  Epoch 15 | Loss: 0.0000
  Epoch 20 | Loss: 0.0000

Training Expert 2...
  Epoch  5 | Loss: 2.2054
  Epoch 10 | Loss: 1.7292
  Epoch 15 | Loss: 1.5631
  Epoch 20 | Loss: 1.4412

Training Expert 3...
  Epoch  5 | Loss: 0.2821
  Epoch 10 | Loss: 0.2740
  Epoch 15 | Loss: 0.2626
  Epoch 20 | Loss: 0.2515

================================================================================
STEP 4: TRAINING GATING NETWORK (Cluster classifier)
================================================================================

Epoch  | Train Acc  | Val Acc    | Status
------------------------------------------------------------
Traceback (most recent call last):
  File "/home/rmishra/projects/stochasticMLSpray/model/suc/train_supervised_cluster_routing.py", line 282, in <module>
    val_acc += (preds == y_batch).float().mean().item()
RuntimeError: The size of tensor a (128) must match the size of tensor b (6) at non-singleton dimension 1
[INIT] Full Data Training (GMM on 2.5M, train on 1.95M)
  Python: 3.10.12
  PyTorch: 2.3.1+rocm5.7
  Log file: /home/rmishra/projects/stochasticMLSpray/model/suc/training.log

[STEP 1] Loading FULL dataset...
  Loading train data (1.95M)...
    Train: 1,968,744 samples
  Loading validation data (314K)...
    Val: 318,050 samples
  Loading test data (238K)...
    Test: 242,339 samples

[STEP 2] Preparing features...
  X_train: torch.Size([1968744, 17])
  Clusters (train): [690875, 946910, 56381, 274578]
  Clusters (val): [3752, 57, 4947, 309294]
  Clusters (test): [3750, 0, 3017, 235572]

[STEP 3] Defining networks...
  Total parameters: 4,444

[STEP 4] Creating dataloaders...
  Train batches: 3846
  Val batches: 622
  Test batches: 474

[STEP 5] Training experts...
  Cluster 0: 690,875 samples
    Epoch 1/3: Loss=0.005247
    Epoch 2/3: Loss=0.000709
    Epoch 3/3: Loss=0.000633
  Cluster 1: 946,910 samples
    Epoch 1/3: Loss=0.001532
    Epoch 2/3: Loss=0.000285
    Epoch 3/3: Loss=0.000231
  Cluster 2: 56,381 samples
    Epoch 1/3: Loss=27.994749
    Epoch 2/3: Loss=16.893674
    Epoch 3/3: Loss=12.254437
  Cluster 3: 274,578 samples
    Epoch 1/3: Loss=0.356903
    Epoch 2/3: Loss=0.256118
    Epoch 3/3: Loss=0.232656

[STEP 6] Training gating network...
Epoch  1: Train Acc=0.9495 | Val Acc=0.2462
  ✓ Saved (val_acc=0.2462)
Epoch  2: Train Acc=0.9680 | Val Acc=0.2362
Epoch  3: Train Acc=0.9721 | Val Acc=0.2424
Epoch  4: Train Acc=0.9748 | Val Acc=0.2307
Epoch  5: Train Acc=0.9768 | Val Acc=0.2401
