2026-03-23 14:12:09,215 - INFO - Log file: logs/preprocessing_20260323_141209.log
2026-03-23 14:12:09,215 - INFO - ================================================================================
2026-03-23 14:12:09,215 - INFO - RAW DATA TO TRAINING - COMPLETE PREPROCESSING
2026-03-23 14:12:09,215 - INFO - ================================================================================
2026-03-23 14:12:09,215 - INFO - Output directory: data_sample
2026-03-23 14:12:09,215 - INFO - Log file: logs/preprocessing_20260323_141209.log
2026-03-23 14:12:09,215 - INFO - Scanning for available timestep files...
2026-03-23 14:12:09,218 - INFO -   Found 10 timesteps with both Lagrangian and Eulerian data
2026-03-23 14:12:09,218 - INFO -   Testing on timesteps: [50, 51, 52, 53, 54, 55, 56, 57, 58, 59]
2026-03-23 14:12:09,218 - INFO - 
Processing 10 timesteps in 1 batches (size=30)...
2026-03-23 14:12:09,218 - INFO - 
[Batch 1/1] Processing timesteps 50-59...
2026-03-23 14:12:09,218 - INFO -   Loading timestep 50...
2026-03-23 14:12:09,486 - INFO -     Lagrangian: 22591 droplets
2026-03-23 14:12:09,486 - INFO -     Eulerian: 178164 cells
2026-03-23 14:12:09,488 - INFO -     Finding 1-nearest Eulerian neighbors for each droplet...
2026-03-23 14:12:09,609 - INFO -     ✓ Merged 22591 droplets with Eulerian values
2026-03-23 14:12:09,609 - INFO -   Loading timestep 51...
2026-03-23 14:12:09,816 - INFO -     Lagrangian: 22424 droplets
2026-03-23 14:12:09,816 - INFO -     Eulerian: 178164 cells
2026-03-23 14:12:09,818 - INFO -     Finding 1-nearest Eulerian neighbors for each droplet...
2026-03-23 14:12:09,938 - INFO -     ✓ Merged 22424 droplets with Eulerian values
2026-03-23 14:12:09,941 - INFO -   Loading timestep 52...
2026-03-23 14:12:10,133 - INFO -     Lagrangian: 22258 droplets
2026-03-23 14:12:10,133 - INFO -     Eulerian: 178164 cells
2026-03-23 14:12:10,135 - INFO -     Finding 1-nearest Eulerian neighbors for each droplet...
2026-03-23 14:12:10,245 - INFO -     ✓ Merged 22258 droplets with Eulerian values
2026-03-23 14:12:10,248 - INFO -   Loading timestep 53...
2026-03-23 14:12:10,444 - INFO -     Lagrangian: 22098 droplets
2026-03-23 14:12:10,444 - INFO -     Eulerian: 178164 cells
2026-03-23 14:12:10,445 - INFO -     Finding 1-nearest Eulerian neighbors for each droplet...
2026-03-23 14:12:10,582 - INFO -     ✓ Merged 22098 droplets with Eulerian values
2026-03-23 14:12:10,585 - INFO -   Loading timestep 54...
2026-03-23 14:12:10,781 - INFO -     Lagrangian: 21915 droplets
2026-03-23 14:12:10,781 - INFO -     Eulerian: 178164 cells
2026-03-23 14:12:10,782 - INFO -     Finding 1-nearest Eulerian neighbors for each droplet...
2026-03-23 14:12:10,890 - INFO -     ✓ Merged 21915 droplets with Eulerian values
2026-03-23 14:12:10,894 - INFO -   Loading timestep 55...
2026-03-23 14:12:11,085 - INFO -     Lagrangian: 21729 droplets
2026-03-23 14:12:11,085 - INFO -     Eulerian: 178164 cells
2026-03-23 14:12:11,086 - INFO -     Finding 1-nearest Eulerian neighbors for each droplet...
2026-03-23 14:12:11,196 - INFO -     ✓ Merged 21729 droplets with Eulerian values
2026-03-23 14:12:11,199 - INFO -   Loading timestep 56...
2026-03-23 14:12:11,405 - INFO -     Lagrangian: 21539 droplets
2026-03-23 14:12:11,405 - INFO -     Eulerian: 178164 cells
2026-03-23 14:12:11,406 - INFO -     Finding 1-nearest Eulerian neighbors for each droplet...
2026-03-23 14:12:11,514 - INFO -     ✓ Merged 21539 droplets with Eulerian values
2026-03-23 14:12:11,519 - INFO -   Loading timestep 57...
2026-03-23 14:12:11,716 - INFO -     Lagrangian: 21365 droplets
2026-03-23 14:12:11,716 - INFO -     Eulerian: 178164 cells
2026-03-23 14:12:11,717 - INFO -     Finding 1-nearest Eulerian neighbors for each droplet...
2026-03-23 14:12:11,825 - INFO -     ✓ Merged 21365 droplets with Eulerian values
2026-03-23 14:12:11,829 - INFO -   Loading timestep 58...
2026-03-23 14:12:12,031 - INFO -     Lagrangian: 21175 droplets
2026-03-23 14:12:12,031 - INFO -     Eulerian: 178164 cells
2026-03-23 14:12:12,032 - INFO -     Finding 1-nearest Eulerian neighbors for each droplet...
2026-03-23 14:12:12,140 - INFO -     ✓ Merged 21175 droplets with Eulerian values
2026-03-23 14:12:12,145 - INFO -   Loading timestep 59...
2026-03-23 14:12:12,354 - INFO -     Lagrangian: 20992 droplets
2026-03-23 14:12:12,354 - INFO -     Eulerian: 178164 cells
2026-03-23 14:12:12,356 - INFO -     Finding 1-nearest Eulerian neighbors for each droplet...
2026-03-23 14:12:12,464 - INFO -     ✓ Merged 20992 droplets with Eulerian values
2026-03-23 14:12:12,494 - INFO -   Batch loaded: 218,086 droplet records
2026-03-23 14:12:12,495 - INFO -   Creating paired data...
2026-03-23 14:12:12,495 - INFO - 
Creating paired timestep data...
2026-03-23 14:12:12,620 - INFO -   Total droplet records: 218,086
2026-03-23 14:12:12,621 - INFO -   Valid pairs (persistent): 195,495
2026-03-23 14:12:13,026 - INFO -   Created 195,495 paired samples
2026-03-23 14:12:13,039 - INFO -   Created 195,495 paired samples
2026-03-23 14:12:13,039 - INFO -   Splitting by particle ID...
2026-03-23 14:12:13,039 - INFO -     Splitting by particle ID...
2026-03-23 14:12:13,065 - INFO -       Train: 156,365 samples from 17,939 particles
2026-03-23 14:12:13,065 - INFO -       Val:   19,560 samples from 2,242 particles
2026-03-23 14:12:13,065 - INFO -       Test:  19,570 samples from 2,243 particles
2026-03-23 14:12:13,065 - INFO -   Batch 1 complete: 156,365 train / 19,560 val / 19,570 test
2026-03-23 14:12:13,066 - INFO - 
[Progress] Combining all batches...
2026-03-23 14:12:13,066 - INFO -   Combined train: 156,365 samples
2026-03-23 14:12:13,067 - INFO -   Combined val: 19,560 samples
2026-03-23 14:12:13,067 - INFO -   Combined test: 19,570 samples
2026-03-23 14:12:13,067 - INFO - 
[Progress] Normalizing all splits...
2026-03-23 14:12:13,067 - INFO -     Fitting scalers on combined training data (156,365 samples)...
2026-03-23 14:12:13,088 - INFO -     Creating normalized and absolute columns...
2026-03-23 14:12:13,162 - INFO -     ✓ All splits normalized
2026-03-23 14:12:13,162 - INFO - 
[Progress] Saving results...
2026-03-23 14:12:13,162 - INFO - 
Saving results to CSV files...
2026-03-23 14:12:13,162 - INFO -   Computing clustering absolute columns...
2026-03-23 14:12:13,199 - INFO -   Saving train (156,365 rows, 54 columns)...
2026-03-23 14:12:20,570 - INFO -     ✓ data_sample/train_paired.csv
2026-03-23 14:12:20,570 - INFO -   Saving val (19,560 rows, 54 columns)...
2026-03-23 14:12:21,514 - INFO -     ✓ data_sample/val_paired.csv
2026-03-23 14:12:21,514 - INFO -   Saving test (19,570 rows, 54 columns)...
2026-03-23 14:12:22,916 - INFO -     ✓ data_sample/test_paired.csv
2026-03-23 14:12:22,916 - INFO -   Saving metadata...
2026-03-23 14:12:22,917 - INFO -     ✓ data_sample/metadata.pkl
2026-03-23 14:12:22,918 - INFO - 
================================================================================
2026-03-23 14:12:22,918 - INFO - ✓ PREPROCESSING COMPLETE
2026-03-23 14:12:22,918 - INFO - ================================================================================
2026-03-23 14:12:22,918 - INFO - 
Dataset Summary:
2026-03-23 14:12:22,920 - INFO -   • Train: 156,365 samples from 17,939 particles
2026-03-23 14:12:22,920 - INFO -   • Val:   19,560 samples from 2,242 particles
2026-03-23 14:12:22,921 - INFO -   • Test:  19,570 samples from 2,243 particles
2026-03-23 14:12:22,921 - INFO -   • Total: 195,495 paired samples
2026-03-23 14:12:22,921 - INFO -   • Columns: 57 (including normalized + absolute + positions)
2026-03-23 14:12:22,921 - INFO - 
Output Files:
2026-03-23 14:12:22,921 - INFO -   • 📊 data_sample/train_paired.csv
2026-03-23 14:12:22,921 - INFO -   • 📊 data_sample/val_paired.csv
2026-03-23 14:12:22,921 - INFO -   • 📊 data_sample/test_paired.csv
2026-03-23 14:12:22,922 - INFO -   • 📦 data_sample/metadata.pkl
2026-03-23 14:12:22,922 - INFO - 
Log File:
2026-03-23 14:12:22,922 - INFO -   • 📝 logs/preprocessing_20260323_141209.log
2026-03-23 14:12:22,922 - INFO - ================================================================================
