2026-03-23 15:11:56,245 - INFO - Log file: logs/preprocessing_20260323_151156.log
2026-03-23 15:11:56,245 - INFO - ================================================================================
2026-03-23 15:11:56,245 - INFO - RAW DATA TO TRAINING - COMPLETE PREPROCESSING
2026-03-23 15:11:56,245 - INFO - ================================================================================
2026-03-23 15:11:56,245 - INFO - Output directory: data
2026-03-23 15:11:56,245 - INFO - Log file: logs/preprocessing_20260323_151156.log
2026-03-23 15:11:56,245 - INFO - Scanning for available timestep files...
2026-03-23 15:11:56,248 - INFO -   Found 200 timesteps with both Lagrangian and Eulerian data
2026-03-23 15:11:56,248 - INFO - 
Processing 200 timesteps in 7 batches (size=30)...
2026-03-23 15:11:56,248 - INFO - 
[Batch 1/7] Processing timesteps 1-30...
2026-03-23 15:11:56,248 - INFO -   Loading timestep 1...
2026-03-23 15:11:56,467 - INFO -     Lagrangian: 1000 droplets
2026-03-23 15:11:56,467 - INFO -     Eulerian: 178164 cells
2026-03-23 15:11:56,469 - INFO -     Finding 1-nearest Eulerian neighbors for each droplet...
2026-03-23 15:11:56,550 - INFO -     ✓ Merged 1000 droplets with Eulerian values
2026-03-23 15:11:56,551 - INFO -   Loading timestep 2...
2026-03-23 15:11:56,747 - INFO -     Lagrangian: 2000 droplets
2026-03-23 15:11:56,747 - INFO -     Eulerian: 178164 cells
2026-03-23 15:11:56,748 - INFO -     Finding 1-nearest Eulerian neighbors for each droplet...
2026-03-23 15:11:56,826 - INFO -     ✓ Merged 2000 droplets with Eulerian values
2026-03-23 15:11:56,829 - INFO -   Loading timestep 3...
2026-03-23 15:11:57,006 - INFO -     Lagrangian: 3000 droplets
2026-03-23 15:11:57,006 - INFO -     Eulerian: 178164 cells
2026-03-23 15:11:57,007 - INFO -     Finding 1-nearest Eulerian neighbors for each droplet...
2026-03-23 15:11:57,088 - INFO -     ✓ Merged 3000 droplets with Eulerian values
2026-03-23 15:11:57,090 - INFO -   Loading timestep 4...
2026-03-23 15:11:57,240 - INFO -     Lagrangian: 4000 droplets
2026-03-23 15:11:57,240 - INFO -     Eulerian: 178164 cells
2026-03-23 15:11:57,242 - INFO -     Finding 1-nearest Eulerian neighbors for each droplet...
2026-03-23 15:11:57,322 - INFO -     ✓ Merged 4000 droplets with Eulerian values
2026-03-23 15:11:57,324 - INFO -   Loading timestep 5...
2026-03-23 15:11:57,476 - INFO -     Lagrangian: 5000 droplets
2026-03-23 15:11:57,476 - INFO -     Eulerian: 178164 cells
2026-03-23 15:11:57,478 - INFO -     Finding 1-nearest Eulerian neighbors for each droplet...
2026-03-23 15:11:57,559 - INFO -     ✓ Merged 5000 droplets with Eulerian values
2026-03-23 15:11:57,561 - INFO -   Loading timestep 6...
2026-03-23 15:11:57,728 - INFO -     Lagrangian: 6000 droplets
2026-03-23 15:11:57,728 - INFO -     Eulerian: 178164 cells
2026-03-23 15:11:57,729 - INFO -     Finding 1-nearest Eulerian neighbors for each droplet...
2026-03-23 15:11:57,814 - INFO -     ✓ Merged 6000 droplets with Eulerian values
2026-03-23 15:11:57,816 - INFO -   Loading timestep 7...
2026-03-23 15:11:57,997 - INFO -     Lagrangian: 7000 droplets
2026-03-23 15:11:57,998 - INFO -     Eulerian: 178164 cells
2026-03-23 15:11:57,999 - INFO -     Finding 1-nearest Eulerian neighbors for each droplet...
2026-03-23 15:11:58,085 - INFO -     ✓ Merged 7000 droplets with Eulerian values
2026-03-23 15:11:58,087 - INFO -   Loading timestep 8...
2026-03-23 15:11:58,267 - INFO -     Lagrangian: 8000 droplets
2026-03-23 15:11:58,267 - INFO -     Eulerian: 178164 cells
2026-03-23 15:11:58,268 - INFO -     Finding 1-nearest Eulerian neighbors for each droplet...
2026-03-23 15:11:58,360 - INFO -     ✓ Merged 8000 droplets with Eulerian values
2026-03-23 15:11:58,364 - INFO -   Loading timestep 9...
2026-03-23 15:11:58,590 - INFO -     Lagrangian: 9000 droplets
2026-03-23 15:11:58,590 - INFO -     Eulerian: 178164 cells
2026-03-23 15:11:58,592 - INFO -     Finding 1-nearest Eulerian neighbors for each droplet...
2026-03-23 15:11:58,687 - INFO -     ✓ Merged 9000 droplets with Eulerian values
2026-03-23 15:11:58,691 - INFO -   Loading timestep 10...
2026-03-23 15:11:58,920 - INFO -     Lagrangian: 10000 droplets
2026-03-23 15:11:58,920 - INFO -     Eulerian: 178164 cells
2026-03-23 15:11:58,921 - INFO -     Finding 1-nearest Eulerian neighbors for each droplet...
2026-03-23 15:11:59,013 - INFO -     ✓ Merged 10000 droplets with Eulerian values
2026-03-23 15:11:59,017 - INFO -   Loading timestep 11...
2026-03-23 15:11:59,197 - INFO -     Lagrangian: 10999 droplets
2026-03-23 15:11:59,198 - INFO -     Eulerian: 178164 cells
2026-03-23 15:11:59,199 - INFO -     Finding 1-nearest Eulerian neighbors for each droplet...
2026-03-23 15:11:59,288 - INFO -     ✓ Merged 10999 droplets with Eulerian values
2026-03-23 15:11:59,291 - INFO -   Loading timestep 12...
2026-03-23 15:11:59,478 - INFO -     Lagrangian: 11997 droplets
2026-03-23 15:11:59,479 - INFO -     Eulerian: 178164 cells
2026-03-23 15:11:59,480 - INFO -     Finding 1-nearest Eulerian neighbors for each droplet...
2026-03-23 15:11:59,571 - INFO -     ✓ Merged 11997 droplets with Eulerian values
2026-03-23 15:11:59,575 - INFO -   Loading timestep 13...
2026-03-23 15:11:59,764 - INFO -     Lagrangian: 12996 droplets
2026-03-23 15:11:59,765 - INFO -     Eulerian: 178164 cells
2026-03-23 15:11:59,766 - INFO -     Finding 1-nearest Eulerian neighbors for each droplet...
2026-03-23 15:11:59,889 - INFO -     ✓ Merged 12996 droplets with Eulerian values
2026-03-23 15:11:59,895 - INFO -   Loading timestep 14...
2026-03-23 15:12:00,124 - INFO -     Lagrangian: 13995 droplets
2026-03-23 15:12:00,124 - INFO -     Eulerian: 178164 cells
2026-03-23 15:12:00,126 - INFO -     Finding 1-nearest Eulerian neighbors for each droplet...
2026-03-23 15:12:00,223 - INFO -     ✓ Merged 13995 droplets with Eulerian values
2026-03-23 15:12:00,228 - INFO -   Loading timestep 15...
2026-03-23 15:12:00,426 - INFO -     Lagrangian: 14995 droplets
2026-03-23 15:12:00,426 - INFO -     Eulerian: 178164 cells
2026-03-23 15:12:00,428 - INFO -     Finding 1-nearest Eulerian neighbors for each droplet...
2026-03-23 15:12:00,526 - INFO -     ✓ Merged 14995 droplets with Eulerian values
2026-03-23 15:12:00,532 - INFO -   Loading timestep 16...
2026-03-23 15:12:00,747 - INFO -     Lagrangian: 15993 droplets
2026-03-23 15:12:00,747 - INFO -     Eulerian: 178164 cells
2026-03-23 15:12:00,749 - INFO -     Finding 1-nearest Eulerian neighbors for each droplet...
2026-03-23 15:12:00,852 - INFO -     ✓ Merged 15993 droplets with Eulerian values
2026-03-23 15:12:00,858 - INFO -   Loading timestep 17...
2026-03-23 15:12:01,072 - INFO -     Lagrangian: 16992 droplets
2026-03-23 15:12:01,073 - INFO -     Eulerian: 178164 cells
2026-03-23 15:12:01,074 - INFO -     Finding 1-nearest Eulerian neighbors for each droplet...
2026-03-23 15:12:01,180 - INFO -     ✓ Merged 16992 droplets with Eulerian values
2026-03-23 15:12:01,186 - INFO -   Loading timestep 18...
2026-03-23 15:12:01,412 - INFO -     Lagrangian: 17991 droplets
2026-03-23 15:12:01,412 - INFO -     Eulerian: 178164 cells
2026-03-23 15:12:01,414 - INFO -     Finding 1-nearest Eulerian neighbors for each droplet...
2026-03-23 15:12:01,517 - INFO -     ✓ Merged 17991 droplets with Eulerian values
2026-03-23 15:12:01,523 - INFO -   Loading timestep 19...
2026-03-23 15:12:01,740 - INFO -     Lagrangian: 18988 droplets
2026-03-23 15:12:01,740 - INFO -     Eulerian: 178164 cells
2026-03-23 15:12:01,742 - INFO -     Finding 1-nearest Eulerian neighbors for each droplet...
2026-03-23 15:12:01,852 - INFO -     ✓ Merged 18988 droplets with Eulerian values
2026-03-23 15:12:01,858 - INFO -   Loading timestep 20...
2026-03-23 15:12:02,098 - INFO -     Lagrangian: 19986 droplets
2026-03-23 15:12:02,098 - INFO -     Eulerian: 178164 cells
2026-03-23 15:12:02,100 - INFO -     Finding 1-nearest Eulerian neighbors for each droplet...
2026-03-23 15:12:02,211 - INFO -     ✓ Merged 19986 droplets with Eulerian values
2026-03-23 15:12:02,217 - INFO -   Loading timestep 21...
2026-03-23 15:12:02,523 - INFO -     Lagrangian: 20979 droplets
2026-03-23 15:12:02,523 - INFO -     Eulerian: 178164 cells
2026-03-23 15:12:02,525 - INFO -     Finding 1-nearest Eulerian neighbors for each droplet...
2026-03-23 15:12:02,645 - INFO -     ✓ Merged 20979 droplets with Eulerian values
2026-03-23 15:12:02,651 - INFO -   Loading timestep 22...
2026-03-23 15:12:02,942 - INFO -     Lagrangian: 21974 droplets
2026-03-23 15:12:02,942 - INFO -     Eulerian: 178164 cells
2026-03-23 15:12:02,944 - INFO -     Finding 1-nearest Eulerian neighbors for each droplet...
2026-03-23 15:12:03,070 - INFO -     ✓ Merged 21974 droplets with Eulerian values
2026-03-23 15:12:03,076 - INFO -   Loading timestep 23...
2026-03-23 15:12:03,364 - INFO -     Lagrangian: 22965 droplets
2026-03-23 15:12:03,365 - INFO -     Eulerian: 178164 cells
2026-03-23 15:12:03,366 - INFO -     Finding 1-nearest Eulerian neighbors for each droplet...
2026-03-23 15:12:03,499 - INFO -     ✓ Merged 22965 droplets with Eulerian values
2026-03-23 15:12:03,505 - INFO -   Loading timestep 24...
2026-03-23 15:12:03,782 - INFO -     Lagrangian: 23958 droplets
2026-03-23 15:12:03,782 - INFO -     Eulerian: 178164 cells
2026-03-23 15:12:03,784 - INFO -     Finding 1-nearest Eulerian neighbors for each droplet...
2026-03-23 15:12:03,898 - INFO -     ✓ Merged 23958 droplets with Eulerian values
2026-03-23 15:12:03,903 - INFO -   Loading timestep 25...
2026-03-23 15:12:04,181 - INFO -     Lagrangian: 24948 droplets
2026-03-23 15:12:04,181 - INFO -     Eulerian: 178164 cells
2026-03-23 15:12:04,182 - INFO -     Finding 1-nearest Eulerian neighbors for each droplet...
2026-03-23 15:12:04,298 - INFO -     ✓ Merged 24948 droplets with Eulerian values
2026-03-23 15:12:04,304 - INFO -   Loading timestep 26...
2026-03-23 15:12:04,573 - INFO -     Lagrangian: 24930 droplets
2026-03-23 15:12:04,573 - INFO -     Eulerian: 178164 cells
2026-03-23 15:12:04,575 - INFO -     Finding 1-nearest Eulerian neighbors for each droplet...
2026-03-23 15:12:04,691 - INFO -     ✓ Merged 24930 droplets with Eulerian values
2026-03-23 15:12:04,697 - INFO -   Loading timestep 27...
2026-03-23 15:12:04,965 - INFO -     Lagrangian: 24918 droplets
2026-03-23 15:12:04,965 - INFO -     Eulerian: 178164 cells
2026-03-23 15:12:04,966 - INFO -     Finding 1-nearest Eulerian neighbors for each droplet...
2026-03-23 15:12:05,084 - INFO -     ✓ Merged 24918 droplets with Eulerian values
2026-03-23 15:12:05,089 - INFO -   Loading timestep 28...
2026-03-23 15:12:05,372 - INFO -     Lagrangian: 24902 droplets
2026-03-23 15:12:05,372 - INFO -     Eulerian: 178164 cells
2026-03-23 15:12:05,374 - INFO -     Finding 1-nearest Eulerian neighbors for each droplet...
2026-03-23 15:12:05,488 - INFO -     ✓ Merged 24902 droplets with Eulerian values
2026-03-23 15:12:05,494 - INFO -   Loading timestep 29...
2026-03-23 15:12:05,765 - INFO -     Lagrangian: 24889 droplets
2026-03-23 15:12:05,766 - INFO -     Eulerian: 178164 cells
2026-03-23 15:12:05,767 - INFO -     Finding 1-nearest Eulerian neighbors for each droplet...
2026-03-23 15:12:05,884 - INFO -     ✓ Merged 24889 droplets with Eulerian values
2026-03-23 15:12:05,889 - INFO -   Loading timestep 30...
2026-03-23 15:12:06,118 - INFO -     Lagrangian: 24876 droplets
2026-03-23 15:12:06,119 - INFO -     Eulerian: 178164 cells
2026-03-23 15:12:06,120 - INFO -     Finding 1-nearest Eulerian neighbors for each droplet...
2026-03-23 15:12:06,236 - INFO -     ✓ Merged 24876 droplets with Eulerian values
2026-03-23 15:12:06,296 - INFO -   Batch loaded: 449,271 droplet records
2026-03-23 15:12:06,296 - INFO -   Creating paired data...
2026-03-23 15:12:06,296 - INFO - 
Creating paired timestep data...
2026-03-23 15:12:06,642 - INFO -   Total droplet records: 449,271
2026-03-23 15:12:06,642 - INFO -   Valid pairs (persistent): 424,271
2026-03-23 15:12:07,380 - INFO -   Created 424,271 paired samples
2026-03-23 15:12:07,387 - INFO -   Created 424,271 paired samples
2026-03-23 15:12:07,387 - INFO -   Splitting by particle ID...
2026-03-23 15:12:07,387 - INFO -     Splitting by particle ID...
2026-03-23 15:12:07,442 - INFO -       Train: 340,372 samples from 20,000 particles
2026-03-23 15:12:07,443 - INFO -       Val:   41,765 samples from 2,500 particles
2026-03-23 15:12:07,443 - INFO -       Test:  42,134 samples from 2,500 particles
2026-03-23 15:12:07,443 - INFO -   Batch 1 complete: 340,372 train / 41,765 val / 42,134 test
2026-03-23 15:12:07,446 - INFO - 
[Batch 2/7] Processing timesteps 31-60...
2026-03-23 15:12:07,447 - INFO -   Loading timestep 31...
2026-03-23 15:12:07,643 - INFO -     Lagrangian: 24854 droplets
2026-03-23 15:12:07,644 - INFO -     Eulerian: 178164 cells
2026-03-23 15:12:07,645 - INFO -     Finding 1-nearest Eulerian neighbors for each droplet...
2026-03-23 15:12:07,764 - INFO -     ✓ Merged 24854 droplets with Eulerian values
2026-03-23 15:12:07,765 - INFO -   Loading timestep 32...
2026-03-23 15:12:07,964 - INFO -     Lagrangian: 24812 droplets
2026-03-23 15:12:07,964 - INFO -     Eulerian: 178164 cells
2026-03-23 15:12:07,966 - INFO -     Finding 1-nearest Eulerian neighbors for each droplet...
2026-03-23 15:12:08,082 - INFO -     ✓ Merged 24812 droplets with Eulerian values
2026-03-23 15:12:08,082 - INFO -   Loading timestep 33...
2026-03-23 15:12:08,280 - INFO -     Lagrangian: 24785 droplets
2026-03-23 15:12:08,280 - INFO -     Eulerian: 178164 cells
2026-03-23 15:12:08,282 - INFO -     Finding 1-nearest Eulerian neighbors for each droplet...
2026-03-23 15:12:08,397 - INFO -     ✓ Merged 24785 droplets with Eulerian values
2026-03-23 15:12:08,397 - INFO -   Loading timestep 34...
2026-03-23 15:12:08,589 - INFO -     Lagrangian: 24757 droplets
2026-03-23 15:12:08,589 - INFO -     Eulerian: 178164 cells
2026-03-23 15:12:08,590 - INFO -     Finding 1-nearest Eulerian neighbors for each droplet...
2026-03-23 15:12:08,714 - INFO -     ✓ Merged 24757 droplets with Eulerian values
2026-03-23 15:12:08,714 - INFO -   Loading timestep 35...
2026-03-23 15:12:08,930 - INFO -     Lagrangian: 24717 droplets
2026-03-23 15:12:08,930 - INFO -     Eulerian: 178164 cells
2026-03-23 15:12:08,932 - INFO -     Finding 1-nearest Eulerian neighbors for each droplet...
2026-03-23 15:12:09,058 - INFO -     ✓ Merged 24717 droplets with Eulerian values
2026-03-23 15:12:09,058 - INFO -   Loading timestep 36...
2026-03-23 15:12:09,268 - INFO -     Lagrangian: 24659 droplets
2026-03-23 15:12:09,269 - INFO -     Eulerian: 178164 cells
2026-03-23 15:12:09,270 - INFO -     Finding 1-nearest Eulerian neighbors for each droplet...
2026-03-23 15:12:09,390 - INFO -     ✓ Merged 24659 droplets with Eulerian values
2026-03-23 15:12:09,390 - INFO -   Loading timestep 37...
2026-03-23 15:12:09,612 - INFO -     Lagrangian: 24603 droplets
2026-03-23 15:12:09,612 - INFO -     Eulerian: 178164 cells
2026-03-23 15:12:09,614 - INFO -     Finding 1-nearest Eulerian neighbors for each droplet...
2026-03-23 15:12:09,742 - INFO -     ✓ Merged 24603 droplets with Eulerian values
2026-03-23 15:12:09,742 - INFO -   Loading timestep 38...
2026-03-23 15:12:09,964 - INFO -     Lagrangian: 24558 droplets
2026-03-23 15:12:09,964 - INFO -     Eulerian: 178164 cells
2026-03-23 15:12:09,965 - INFO -     Finding 1-nearest Eulerian neighbors for each droplet...
2026-03-23 15:12:10,097 - INFO -     ✓ Merged 24558 droplets with Eulerian values
2026-03-23 15:12:10,097 - INFO -   Loading timestep 39...
2026-03-23 15:12:10,329 - INFO -     Lagrangian: 24492 droplets
2026-03-23 15:12:10,330 - INFO -     Eulerian: 178164 cells
2026-03-23 15:12:10,332 - INFO -     Finding 1-nearest Eulerian neighbors for each droplet...
2026-03-23 15:12:10,458 - INFO -     ✓ Merged 24492 droplets with Eulerian values
2026-03-23 15:12:10,458 - INFO -   Loading timestep 40...
2026-03-23 15:12:10,648 - INFO -     Lagrangian: 24382 droplets
2026-03-23 15:12:10,648 - INFO -     Eulerian: 178164 cells
2026-03-23 15:12:10,649 - INFO -     Finding 1-nearest Eulerian neighbors for each droplet...
2026-03-23 15:12:10,766 - INFO -     ✓ Merged 24382 droplets with Eulerian values
2026-03-23 15:12:10,766 - INFO -   Loading timestep 41...
2026-03-23 15:12:10,965 - INFO -     Lagrangian: 24245 droplets
2026-03-23 15:12:10,965 - INFO -     Eulerian: 178164 cells
2026-03-23 15:12:10,966 - INFO -     Finding 1-nearest Eulerian neighbors for each droplet...
2026-03-23 15:12:11,088 - INFO -     ✓ Merged 24245 droplets with Eulerian values
2026-03-23 15:12:11,089 - INFO -   Loading timestep 42...
2026-03-23 15:12:11,277 - INFO -     Lagrangian: 24076 droplets
2026-03-23 15:12:11,277 - INFO -     Eulerian: 178164 cells
2026-03-23 15:12:11,278 - INFO -     Finding 1-nearest Eulerian neighbors for each droplet...
2026-03-23 15:12:11,396 - INFO -     ✓ Merged 24076 droplets with Eulerian values
2026-03-23 15:12:11,396 - INFO -   Loading timestep 43...
2026-03-23 15:12:11,595 - INFO -     Lagrangian: 23885 droplets
2026-03-23 15:12:11,595 - INFO -     Eulerian: 178164 cells
2026-03-23 15:12:11,596 - INFO -     Finding 1-nearest Eulerian neighbors for each droplet...
2026-03-23 15:12:11,713 - INFO -     ✓ Merged 23885 droplets with Eulerian values
2026-03-23 15:12:11,713 - INFO -   Loading timestep 44...
2026-03-23 15:12:11,910 - INFO -     Lagrangian: 23686 droplets
2026-03-23 15:12:11,910 - INFO -     Eulerian: 178164 cells
2026-03-23 15:12:11,912 - INFO -     Finding 1-nearest Eulerian neighbors for each droplet...
2026-03-23 15:12:12,026 - INFO -     ✓ Merged 23686 droplets with Eulerian values
2026-03-23 15:12:12,027 - INFO -   Loading timestep 45...
2026-03-23 15:12:12,229 - INFO -     Lagrangian: 23485 droplets
2026-03-23 15:12:12,229 - INFO -     Eulerian: 178164 cells
2026-03-23 15:12:12,231 - INFO -     Finding 1-nearest Eulerian neighbors for each droplet...
2026-03-23 15:12:12,345 - INFO -     ✓ Merged 23485 droplets with Eulerian values
2026-03-23 15:12:12,345 - INFO -   Loading timestep 46...
2026-03-23 15:12:12,546 - INFO -     Lagrangian: 23299 droplets
2026-03-23 15:12:12,546 - INFO -     Eulerian: 178164 cells
2026-03-23 15:12:12,547 - INFO -     Finding 1-nearest Eulerian neighbors for each droplet...
2026-03-23 15:12:12,661 - INFO -     ✓ Merged 23299 droplets with Eulerian values
2026-03-23 15:12:12,661 - INFO -   Loading timestep 47...
2026-03-23 15:12:12,863 - INFO -     Lagrangian: 23111 droplets
2026-03-23 15:12:12,863 - INFO -     Eulerian: 178164 cells
2026-03-23 15:12:12,864 - INFO -     Finding 1-nearest Eulerian neighbors for each droplet...
2026-03-23 15:12:13,001 - INFO -     ✓ Merged 23111 droplets with Eulerian values
2026-03-23 15:12:13,001 - INFO -   Loading timestep 48...
2026-03-23 15:12:13,258 - INFO -     Lagrangian: 22923 droplets
2026-03-23 15:12:13,258 - INFO -     Eulerian: 178164 cells
2026-03-23 15:12:13,259 - INFO -     Finding 1-nearest Eulerian neighbors for each droplet...
2026-03-23 15:12:13,397 - INFO -     ✓ Merged 22923 droplets with Eulerian values
2026-03-23 15:12:13,397 - INFO -   Loading timestep 49...
2026-03-23 15:12:13,646 - INFO -     Lagrangian: 22751 droplets
2026-03-23 15:12:13,647 - INFO -     Eulerian: 178164 cells
2026-03-23 15:12:13,648 - INFO -     Finding 1-nearest Eulerian neighbors for each droplet...
2026-03-23 15:12:13,758 - INFO -     ✓ Merged 22751 droplets with Eulerian values
2026-03-23 15:12:13,758 - INFO -   Loading timestep 50...
2026-03-23 15:12:14,022 - INFO -     Lagrangian: 22591 droplets
2026-03-23 15:12:14,022 - INFO -     Eulerian: 178164 cells
2026-03-23 15:12:14,024 - INFO -     Finding 1-nearest Eulerian neighbors for each droplet...
2026-03-23 15:12:14,153 - INFO -     ✓ Merged 22591 droplets with Eulerian values
2026-03-23 15:12:14,154 - INFO -   Loading timestep 51...
2026-03-23 15:12:14,424 - INFO -     Lagrangian: 22424 droplets
2026-03-23 15:12:14,424 - INFO -     Eulerian: 178164 cells
2026-03-23 15:12:14,425 - INFO -     Finding 1-nearest Eulerian neighbors for each droplet...
2026-03-23 15:12:14,535 - INFO -     ✓ Merged 22424 droplets with Eulerian values
2026-03-23 15:12:14,535 - INFO -   Loading timestep 52...
2026-03-23 15:12:14,762 - INFO -     Lagrangian: 22258 droplets
2026-03-23 15:12:14,762 - INFO -     Eulerian: 178164 cells
2026-03-23 15:12:14,763 - INFO -     Finding 1-nearest Eulerian neighbors for each droplet...
2026-03-23 15:12:14,875 - INFO -     ✓ Merged 22258 droplets with Eulerian values
2026-03-23 15:12:14,875 - INFO -   Loading timestep 53...
2026-03-23 15:12:15,107 - INFO -     Lagrangian: 22098 droplets
2026-03-23 15:12:15,107 - INFO -     Eulerian: 178164 cells
2026-03-23 15:12:15,109 - INFO -     Finding 1-nearest Eulerian neighbors for each droplet...
2026-03-23 15:12:15,216 - INFO -     ✓ Merged 22098 droplets with Eulerian values
2026-03-23 15:12:15,217 - INFO -   Loading timestep 54...
2026-03-23 15:12:15,446 - INFO -     Lagrangian: 21915 droplets
2026-03-23 15:12:15,447 - INFO -     Eulerian: 178164 cells
2026-03-23 15:12:15,448 - INFO -     Finding 1-nearest Eulerian neighbors for each droplet...
2026-03-23 15:12:15,565 - INFO -     ✓ Merged 21915 droplets with Eulerian values
2026-03-23 15:12:15,565 - INFO -   Loading timestep 55...
2026-03-23 15:12:15,806 - INFO -     Lagrangian: 21729 droplets
2026-03-23 15:12:15,806 - INFO -     Eulerian: 178164 cells
2026-03-23 15:12:15,807 - INFO -     Finding 1-nearest Eulerian neighbors for each droplet...
2026-03-23 15:12:15,930 - INFO -     ✓ Merged 21729 droplets with Eulerian values
2026-03-23 15:12:15,931 - INFO -   Loading timestep 56...
2026-03-23 15:12:16,208 - INFO -     Lagrangian: 21539 droplets
2026-03-23 15:12:16,208 - INFO -     Eulerian: 178164 cells
2026-03-23 15:12:16,210 - INFO -     Finding 1-nearest Eulerian neighbors for each droplet...
2026-03-23 15:12:16,337 - INFO -     ✓ Merged 21539 droplets with Eulerian values
2026-03-23 15:12:16,337 - INFO -   Loading timestep 57...
2026-03-23 15:12:16,604 - INFO -     Lagrangian: 21365 droplets
2026-03-23 15:12:16,604 - INFO -     Eulerian: 178164 cells
2026-03-23 15:12:16,606 - INFO -     Finding 1-nearest Eulerian neighbors for each droplet...
2026-03-23 15:12:16,725 - INFO -     ✓ Merged 21365 droplets with Eulerian values
2026-03-23 15:12:16,725 - INFO -   Loading timestep 58...
2026-03-23 15:12:16,986 - INFO -     Lagrangian: 21175 droplets
2026-03-23 15:12:16,987 - INFO -     Eulerian: 178164 cells
2026-03-23 15:12:16,988 - INFO -     Finding 1-nearest Eulerian neighbors for each droplet...
2026-03-23 15:12:17,102 - INFO -     ✓ Merged 21175 droplets with Eulerian values
2026-03-23 15:12:17,103 - INFO -   Loading timestep 59...
2026-03-23 15:12:17,359 - INFO -     Lagrangian: 20992 droplets
2026-03-23 15:12:17,359 - INFO -     Eulerian: 178164 cells
2026-03-23 15:12:17,361 - INFO -     Finding 1-nearest Eulerian neighbors for each droplet...
2026-03-23 15:12:17,472 - INFO -     ✓ Merged 20992 droplets with Eulerian values
2026-03-23 15:12:17,472 - INFO -   Loading timestep 60...
2026-03-23 15:12:17,661 - INFO -     Lagrangian: 20802 droplets
2026-03-23 15:12:17,662 - INFO -     Eulerian: 178164 cells
2026-03-23 15:12:17,663 - INFO -     Finding 1-nearest Eulerian neighbors for each droplet...
2026-03-23 15:12:17,773 - INFO -     ✓ Merged 20802 droplets with Eulerian values
2026-03-23 15:12:17,841 - INFO -   Batch loaded: 696,968 droplet records
2026-03-23 15:12:17,841 - INFO -   Creating paired data...
2026-03-23 15:12:17,841 - INFO - 
Creating paired timestep data...
2026-03-23 15:12:18,285 - INFO -   Total droplet records: 696,968
2026-03-23 15:12:18,285 - INFO -   Valid pairs (persistent): 672,114
2026-03-23 15:12:19,367 - INFO -   Created 672,114 paired samples
2026-03-23 15:12:19,384 - INFO -   Created 672,114 paired samples
2026-03-23 15:12:19,384 - INFO -   Splitting by particle ID...
2026-03-23 15:12:19,384 - INFO -     Splitting by particle ID...
2026-03-23 15:12:19,481 - INFO -       Train: 537,894 samples from 19,849 particles
2026-03-23 15:12:19,481 - INFO -       Val:   67,264 samples from 2,481 particles
2026-03-23 15:12:19,481 - INFO -       Test:  66,956 samples from 2,482 particles
2026-03-23 15:12:19,481 - INFO -   Batch 2 complete: 537,894 train / 67,264 val / 66,956 test
2026-03-23 15:12:19,483 - INFO - 
[Batch 3/7] Processing timesteps 61-90...
2026-03-23 15:12:19,484 - INFO -   Loading timestep 61...
2026-03-23 15:12:19,695 - INFO -     Lagrangian: 20601 droplets
2026-03-23 15:12:19,695 - INFO -     Eulerian: 178164 cells
2026-03-23 15:12:19,698 - INFO -     Finding 1-nearest Eulerian neighbors for each droplet...
2026-03-23 15:12:19,813 - INFO -     ✓ Merged 20601 droplets with Eulerian values
2026-03-23 15:12:19,813 - INFO -   Loading timestep 62...
2026-03-23 15:12:20,042 - INFO -     Lagrangian: 20405 droplets
2026-03-23 15:12:20,042 - INFO -     Eulerian: 178164 cells
2026-03-23 15:12:20,044 - INFO -     Finding 1-nearest Eulerian neighbors for each droplet...
2026-03-23 15:12:20,152 - INFO -     ✓ Merged 20405 droplets with Eulerian values
2026-03-23 15:12:20,152 - INFO -   Loading timestep 63...
2026-03-23 15:12:20,417 - INFO -     Lagrangian: 20212 droplets
2026-03-23 15:12:20,417 - INFO -     Eulerian: 178164 cells
2026-03-23 15:12:20,419 - INFO -     Finding 1-nearest Eulerian neighbors for each droplet...
2026-03-23 15:12:20,530 - INFO -     ✓ Merged 20212 droplets with Eulerian values
2026-03-23 15:12:20,531 - INFO -   Loading timestep 64...
2026-03-23 15:12:20,757 - INFO -     Lagrangian: 19970 droplets
2026-03-23 15:12:20,758 - INFO -     Eulerian: 178164 cells
2026-03-23 15:12:20,759 - INFO -     Finding 1-nearest Eulerian neighbors for each droplet...
2026-03-23 15:12:20,872 - INFO -     ✓ Merged 19970 droplets with Eulerian values
2026-03-23 15:12:20,872 - INFO -   Loading timestep 65...
2026-03-23 15:12:21,170 - INFO -     Lagrangian: 19733 droplets
2026-03-23 15:12:21,170 - INFO -     Eulerian: 178164 cells
2026-03-23 15:12:21,171 - INFO -     Finding 1-nearest Eulerian neighbors for each droplet...
2026-03-23 15:12:21,281 - INFO -     ✓ Merged 19733 droplets with Eulerian values
2026-03-23 15:12:21,281 - INFO -   Loading timestep 66...
2026-03-23 15:12:21,586 - INFO -     Lagrangian: 19478 droplets
2026-03-23 15:12:21,586 - INFO -     Eulerian: 178164 cells
2026-03-23 15:12:21,587 - INFO -     Finding 1-nearest Eulerian neighbors for each droplet...
2026-03-23 15:12:21,695 - INFO -     ✓ Merged 19478 droplets with Eulerian values
2026-03-23 15:12:21,695 - INFO -   Loading timestep 67...
2026-03-23 15:12:21,962 - INFO -     Lagrangian: 19205 droplets
2026-03-23 15:12:21,962 - INFO -     Eulerian: 178164 cells
2026-03-23 15:12:21,963 - INFO -     Finding 1-nearest Eulerian neighbors for each droplet...
2026-03-23 15:12:22,071 - INFO -     ✓ Merged 19205 droplets with Eulerian values
2026-03-23 15:12:22,071 - INFO -   Loading timestep 68...
2026-03-23 15:12:22,341 - INFO -     Lagrangian: 18948 droplets
2026-03-23 15:12:22,342 - INFO -     Eulerian: 178164 cells
2026-03-23 15:12:22,344 - INFO -     Finding 1-nearest Eulerian neighbors for each droplet...
2026-03-23 15:12:22,472 - INFO -     ✓ Merged 18948 droplets with Eulerian values
2026-03-23 15:12:22,473 - INFO -   Loading timestep 69...
2026-03-23 15:12:22,788 - INFO -     Lagrangian: 18674 droplets
2026-03-23 15:12:22,788 - INFO -     Eulerian: 178164 cells
2026-03-23 15:12:22,789 - INFO -     Finding 1-nearest Eulerian neighbors for each droplet...
2026-03-23 15:12:22,911 - INFO -     ✓ Merged 18674 droplets with Eulerian values
2026-03-23 15:12:22,911 - INFO -   Loading timestep 70...
2026-03-23 15:12:23,207 - INFO -     Lagrangian: 18382 droplets
2026-03-23 15:12:23,207 - INFO -     Eulerian: 178164 cells
2026-03-23 15:12:23,209 - INFO -     Finding 1-nearest Eulerian neighbors for each droplet...
2026-03-23 15:12:23,326 - INFO -     ✓ Merged 18382 droplets with Eulerian values
2026-03-23 15:12:23,330 - INFO -   Loading timestep 71...
2026-03-23 15:12:23,599 - INFO -     Lagrangian: 18082 droplets
2026-03-23 15:12:23,599 - INFO -     Eulerian: 178164 cells
2026-03-23 15:12:23,601 - INFO -     Finding 1-nearest Eulerian neighbors for each droplet...
2026-03-23 15:12:23,717 - INFO -     ✓ Merged 18082 droplets with Eulerian values
2026-03-23 15:12:23,717 - INFO -   Loading timestep 72...
2026-03-23 15:12:23,992 - INFO -     Lagrangian: 17767 droplets
2026-03-23 15:12:23,992 - INFO -     Eulerian: 178164 cells
2026-03-23 15:12:23,994 - INFO -     Finding 1-nearest Eulerian neighbors for each droplet...
2026-03-23 15:12:24,117 - INFO -     ✓ Merged 17767 droplets with Eulerian values
2026-03-23 15:12:24,117 - INFO -   Loading timestep 73...
2026-03-23 15:12:24,418 - INFO -     Lagrangian: 17405 droplets
2026-03-23 15:12:24,418 - INFO -     Eulerian: 178164 cells
2026-03-23 15:12:24,420 - INFO -     Finding 1-nearest Eulerian neighbors for each droplet...
2026-03-23 15:12:24,525 - INFO -     ✓ Merged 17405 droplets with Eulerian values
2026-03-23 15:12:24,525 - INFO -   Loading timestep 74...
2026-03-23 15:12:24,794 - INFO -     Lagrangian: 17060 droplets
2026-03-23 15:12:24,795 - INFO -     Eulerian: 178164 cells
2026-03-23 15:12:24,796 - INFO -     Finding 1-nearest Eulerian neighbors for each droplet...
2026-03-23 15:12:24,900 - INFO -     ✓ Merged 17060 droplets with Eulerian values
2026-03-23 15:12:24,900 - INFO -   Loading timestep 75...
2026-03-23 15:12:25,164 - INFO -     Lagrangian: 16733 droplets
2026-03-23 15:12:25,164 - INFO -     Eulerian: 178164 cells
2026-03-23 15:12:25,166 - INFO -     Finding 1-nearest Eulerian neighbors for each droplet...
2026-03-23 15:12:25,269 - INFO -     ✓ Merged 16733 droplets with Eulerian values
2026-03-23 15:12:25,270 - INFO -   Loading timestep 76...
2026-03-23 15:12:25,505 - INFO -     Lagrangian: 16416 droplets
2026-03-23 15:12:25,505 - INFO -     Eulerian: 178164 cells
2026-03-23 15:12:25,507 - INFO -     Finding 1-nearest Eulerian neighbors for each droplet...
2026-03-23 15:12:25,609 - INFO -     ✓ Merged 16416 droplets with Eulerian values
2026-03-23 15:12:25,609 - INFO -   Loading timestep 77...
2026-03-23 15:12:25,873 - INFO -     Lagrangian: 16088 droplets
2026-03-23 15:12:25,873 - INFO -     Eulerian: 178164 cells
2026-03-23 15:12:25,874 - INFO -     Finding 1-nearest Eulerian neighbors for each droplet...
2026-03-23 15:12:25,974 - INFO -     ✓ Merged 16088 droplets with Eulerian values
2026-03-23 15:12:25,974 - INFO -   Loading timestep 78...
2026-03-23 15:12:26,221 - INFO -     Lagrangian: 15736 droplets
2026-03-23 15:12:26,221 - INFO -     Eulerian: 178164 cells
2026-03-23 15:12:26,222 - INFO -     Finding 1-nearest Eulerian neighbors for each droplet...
2026-03-23 15:12:26,322 - INFO -     ✓ Merged 15736 droplets with Eulerian values
2026-03-23 15:12:26,322 - INFO -   Loading timestep 79...
2026-03-23 15:12:26,582 - INFO -     Lagrangian: 15425 droplets
2026-03-23 15:12:26,582 - INFO -     Eulerian: 178164 cells
2026-03-23 15:12:26,584 - INFO -     Finding 1-nearest Eulerian neighbors for each droplet...
2026-03-23 15:12:26,689 - INFO -     ✓ Merged 15425 droplets with Eulerian values
2026-03-23 15:12:26,689 - INFO -   Loading timestep 80...
2026-03-23 15:12:26,949 - INFO -     Lagrangian: 15138 droplets
2026-03-23 15:12:26,950 - INFO -     Eulerian: 178164 cells
2026-03-23 15:12:26,951 - INFO -     Finding 1-nearest Eulerian neighbors for each droplet...
2026-03-23 15:12:27,053 - INFO -     ✓ Merged 15138 droplets with Eulerian values
2026-03-23 15:12:27,054 - INFO -   Loading timestep 81...
2026-03-23 15:12:27,280 - INFO -     Lagrangian: 14821 droplets
2026-03-23 15:12:27,280 - INFO -     Eulerian: 178164 cells
2026-03-23 15:12:27,281 - INFO -     Finding 1-nearest Eulerian neighbors for each droplet...
2026-03-23 15:12:27,393 - INFO -     ✓ Merged 14821 droplets with Eulerian values
2026-03-23 15:12:27,394 - INFO -   Loading timestep 82...
2026-03-23 15:12:27,796 - INFO -     Lagrangian: 14573 droplets
2026-03-23 15:12:27,796 - INFO -     Eulerian: 178164 cells
2026-03-23 15:12:27,798 - INFO -     Finding 1-nearest Eulerian neighbors for each droplet...
2026-03-23 15:12:27,929 - INFO -     ✓ Merged 14573 droplets with Eulerian values
2026-03-23 15:12:27,929 - INFO -   Loading timestep 83...
2026-03-23 15:12:28,242 - INFO -     Lagrangian: 14356 droplets
2026-03-23 15:12:28,242 - INFO -     Eulerian: 178164 cells
2026-03-23 15:12:28,244 - INFO -     Finding 1-nearest Eulerian neighbors for each droplet...
2026-03-23 15:12:28,343 - INFO -     ✓ Merged 14356 droplets with Eulerian values
2026-03-23 15:12:28,343 - INFO -   Loading timestep 84...
2026-03-23 15:12:28,588 - INFO -     Lagrangian: 14183 droplets
2026-03-23 15:12:28,588 - INFO -     Eulerian: 178164 cells
2026-03-23 15:12:28,590 - INFO -     Finding 1-nearest Eulerian neighbors for each droplet...
2026-03-23 15:12:28,686 - INFO -     ✓ Merged 14183 droplets with Eulerian values
2026-03-23 15:12:28,686 - INFO -   Loading timestep 85...
2026-03-23 15:12:28,932 - INFO -     Lagrangian: 13993 droplets
2026-03-23 15:12:28,932 - INFO -     Eulerian: 178164 cells
2026-03-23 15:12:28,933 - INFO -     Finding 1-nearest Eulerian neighbors for each droplet...
2026-03-23 15:12:29,032 - INFO -     ✓ Merged 13993 droplets with Eulerian values
2026-03-23 15:12:29,032 - INFO -   Loading timestep 86...
2026-03-23 15:12:29,277 - INFO -     Lagrangian: 13842 droplets
2026-03-23 15:12:29,277 - INFO -     Eulerian: 178164 cells
2026-03-23 15:12:29,278 - INFO -     Finding 1-nearest Eulerian neighbors for each droplet...
2026-03-23 15:12:29,379 - INFO -     ✓ Merged 13842 droplets with Eulerian values
2026-03-23 15:12:29,380 - INFO -   Loading timestep 87...
2026-03-23 15:12:29,675 - INFO -     Lagrangian: 13714 droplets
2026-03-23 15:12:29,675 - INFO -     Eulerian: 178164 cells
2026-03-23 15:12:29,676 - INFO -     Finding 1-nearest Eulerian neighbors for each droplet...
2026-03-23 15:12:29,780 - INFO -     ✓ Merged 13714 droplets with Eulerian values
2026-03-23 15:12:29,780 - INFO -   Loading timestep 88...
2026-03-23 15:12:30,045 - INFO -     Lagrangian: 13585 droplets
2026-03-23 15:12:30,045 - INFO -     Eulerian: 178164 cells
2026-03-23 15:12:30,046 - INFO -     Finding 1-nearest Eulerian neighbors for each droplet...
2026-03-23 15:12:30,147 - INFO -     ✓ Merged 13585 droplets with Eulerian values
2026-03-23 15:12:30,147 - INFO -   Loading timestep 89...
2026-03-23 15:12:30,431 - INFO -     Lagrangian: 13492 droplets
2026-03-23 15:12:30,431 - INFO -     Eulerian: 178164 cells
2026-03-23 15:12:30,433 - INFO -     Finding 1-nearest Eulerian neighbors for each droplet...
2026-03-23 15:12:30,544 - INFO -     ✓ Merged 13492 droplets with Eulerian values
2026-03-23 15:12:30,544 - INFO -   Loading timestep 90...
2026-03-23 15:12:30,830 - INFO -     Lagrangian: 13372 droplets
2026-03-23 15:12:30,830 - INFO -     Eulerian: 178164 cells
2026-03-23 15:12:30,832 - INFO -     Finding 1-nearest Eulerian neighbors for each droplet...
2026-03-23 15:12:30,945 - INFO -     ✓ Merged 13372 droplets with Eulerian values
2026-03-23 15:12:30,979 - INFO -   Batch loaded: 501,389 droplet records
2026-03-23 15:12:30,979 - INFO -   Creating paired data...
2026-03-23 15:12:30,979 - INFO - 
Creating paired timestep data...
2026-03-23 15:12:31,330 - INFO -   Total droplet records: 501,389
2026-03-23 15:12:31,330 - INFO -   Valid pairs (persistent): 480,788
2026-03-23 15:12:32,165 - INFO -   Created 480,788 paired samples
2026-03-23 15:12:32,177 - INFO -   Created 480,788 paired samples
2026-03-23 15:12:32,177 - INFO -   Splitting by particle ID...
2026-03-23 15:12:32,177 - INFO -     Splitting by particle ID...
2026-03-23 15:12:32,240 - INFO -       Train: 384,449 samples from 16,324 particles
2026-03-23 15:12:32,240 - INFO -       Val:   48,389 samples from 2,040 particles
2026-03-23 15:12:32,240 - INFO -       Test:  47,950 samples from 2,041 particles
2026-03-23 15:12:32,240 - INFO -   Batch 3 complete: 384,449 train / 48,389 val / 47,950 test
2026-03-23 15:12:32,241 - INFO - 
[Batch 4/7] Processing timesteps 91-120...
2026-03-23 15:12:32,242 - INFO -   Loading timestep 91...
2026-03-23 15:12:32,471 - INFO -     Lagrangian: 13278 droplets
2026-03-23 15:12:32,471 - INFO -     Eulerian: 178164 cells
2026-03-23 15:12:32,473 - INFO -     Finding 1-nearest Eulerian neighbors for each droplet...
2026-03-23 15:12:32,576 - INFO -     ✓ Merged 13278 droplets with Eulerian values
2026-03-23 15:12:32,576 - INFO -   Loading timestep 92...
2026-03-23 15:12:32,812 - INFO -     Lagrangian: 13160 droplets
2026-03-23 15:12:32,812 - INFO -     Eulerian: 178164 cells
2026-03-23 15:12:32,813 - INFO -     Finding 1-nearest Eulerian neighbors for each droplet...
2026-03-23 15:12:32,911 - INFO -     ✓ Merged 13160 droplets with Eulerian values
2026-03-23 15:12:32,911 - INFO -   Loading timestep 93...
2026-03-23 15:12:33,158 - INFO -     Lagrangian: 13076 droplets
2026-03-23 15:12:33,159 - INFO -     Eulerian: 178164 cells
2026-03-23 15:12:33,160 - INFO -     Finding 1-nearest Eulerian neighbors for each droplet...
2026-03-23 15:12:33,264 - INFO -     ✓ Merged 13076 droplets with Eulerian values
2026-03-23 15:12:33,264 - INFO -   Loading timestep 94...
2026-03-23 15:12:33,593 - INFO -     Lagrangian: 12983 droplets
2026-03-23 15:12:33,594 - INFO -     Eulerian: 178164 cells
2026-03-23 15:12:33,595 - INFO -     Finding 1-nearest Eulerian neighbors for each droplet...
2026-03-23 15:12:33,696 - INFO -     ✓ Merged 12983 droplets with Eulerian values
2026-03-23 15:12:33,696 - INFO -   Loading timestep 95...
2026-03-23 15:12:33,990 - INFO -     Lagrangian: 12890 droplets
2026-03-23 15:12:33,990 - INFO -     Eulerian: 178164 cells
2026-03-23 15:12:33,992 - INFO -     Finding 1-nearest Eulerian neighbors for each droplet...
2026-03-23 15:12:34,093 - INFO -     ✓ Merged 12890 droplets with Eulerian values
2026-03-23 15:12:34,093 - INFO -   Loading timestep 96...
2026-03-23 15:12:34,328 - INFO -     Lagrangian: 12768 droplets
2026-03-23 15:12:34,328 - INFO -     Eulerian: 178164 cells
2026-03-23 15:12:34,329 - INFO -     Finding 1-nearest Eulerian neighbors for each droplet...
2026-03-23 15:12:34,426 - INFO -     ✓ Merged 12768 droplets with Eulerian values
2026-03-23 15:12:34,426 - INFO -   Loading timestep 97...
2026-03-23 15:12:34,676 - INFO -     Lagrangian: 12688 droplets
2026-03-23 15:12:34,676 - INFO -     Eulerian: 178164 cells
2026-03-23 15:12:34,678 - INFO -     Finding 1-nearest Eulerian neighbors for each droplet...
2026-03-23 15:12:34,781 - INFO -     ✓ Merged 12688 droplets with Eulerian values
2026-03-23 15:12:34,781 - INFO -   Loading timestep 98...
2026-03-23 15:12:35,044 - INFO -     Lagrangian: 12590 droplets
2026-03-23 15:12:35,045 - INFO -     Eulerian: 178164 cells
2026-03-23 15:12:35,046 - INFO -     Finding 1-nearest Eulerian neighbors for each droplet...
2026-03-23 15:12:35,144 - INFO -     ✓ Merged 12590 droplets with Eulerian values
2026-03-23 15:12:35,144 - INFO -   Loading timestep 99...
2026-03-23 15:12:35,392 - INFO -     Lagrangian: 12494 droplets
2026-03-23 15:12:35,393 - INFO -     Eulerian: 178164 cells
2026-03-23 15:12:35,394 - INFO -     Finding 1-nearest Eulerian neighbors for each droplet...
2026-03-23 15:12:35,490 - INFO -     ✓ Merged 12494 droplets with Eulerian values
2026-03-23 15:12:35,490 - INFO -   Loading timestep 100...
2026-03-23 15:12:35,756 - INFO -     Lagrangian: 12406 droplets
2026-03-23 15:12:35,756 - INFO -     Eulerian: 178164 cells
2026-03-23 15:12:35,757 - INFO -     Finding 1-nearest Eulerian neighbors for each droplet...
2026-03-23 15:12:35,853 - INFO -     ✓ Merged 12406 droplets with Eulerian values
2026-03-23 15:12:35,854 - INFO -   Loading timestep 101...
2026-03-23 15:12:36,082 - INFO -     Lagrangian: 12311 droplets
2026-03-23 15:12:36,082 - INFO -     Eulerian: 178164 cells
2026-03-23 15:12:36,084 - INFO -     Finding 1-nearest Eulerian neighbors for each droplet...
2026-03-23 15:12:36,179 - INFO -     ✓ Merged 12311 droplets with Eulerian values
2026-03-23 15:12:36,180 - INFO -   Loading timestep 102...
2026-03-23 15:12:36,429 - INFO -     Lagrangian: 12207 droplets
2026-03-23 15:12:36,429 - INFO -     Eulerian: 178164 cells
2026-03-23 15:12:36,430 - INFO -     Finding 1-nearest Eulerian neighbors for each droplet...
2026-03-23 15:12:36,530 - INFO -     ✓ Merged 12207 droplets with Eulerian values
2026-03-23 15:12:36,531 - INFO -   Loading timestep 103...
2026-03-23 15:12:36,835 - INFO -     Lagrangian: 12091 droplets
2026-03-23 15:12:36,835 - INFO -     Eulerian: 178164 cells
2026-03-23 15:12:36,836 - INFO -     Finding 1-nearest Eulerian neighbors for each droplet...
2026-03-23 15:12:36,936 - INFO -     ✓ Merged 12091 droplets with Eulerian values
2026-03-23 15:12:36,936 - INFO -   Loading timestep 104...
2026-03-23 15:12:37,286 - INFO -     Lagrangian: 11959 droplets
2026-03-23 15:12:37,286 - INFO -     Eulerian: 178164 cells
2026-03-23 15:12:37,287 - INFO -     Finding 1-nearest Eulerian neighbors for each droplet...
2026-03-23 15:12:37,402 - INFO -     ✓ Merged 11959 droplets with Eulerian values
2026-03-23 15:12:37,402 - INFO -   Loading timestep 105...
2026-03-23 15:12:37,722 - INFO -     Lagrangian: 11851 droplets
2026-03-23 15:12:37,723 - INFO -     Eulerian: 178164 cells
2026-03-23 15:12:37,724 - INFO -     Finding 1-nearest Eulerian neighbors for each droplet...
2026-03-23 15:12:37,819 - INFO -     ✓ Merged 11851 droplets with Eulerian values
2026-03-23 15:12:37,820 - INFO -   Loading timestep 106...
2026-03-23 15:12:38,100 - INFO -     Lagrangian: 11723 droplets
2026-03-23 15:12:38,100 - INFO -     Eulerian: 178164 cells
2026-03-23 15:12:38,102 - INFO -     Finding 1-nearest Eulerian neighbors for each droplet...
2026-03-23 15:12:38,199 - INFO -     ✓ Merged 11723 droplets with Eulerian values
2026-03-23 15:12:38,199 - INFO -   Loading timestep 107...
2026-03-23 15:12:38,470 - INFO -     Lagrangian: 11610 droplets
2026-03-23 15:12:38,471 - INFO -     Eulerian: 178164 cells
2026-03-23 15:12:38,472 - INFO -     Finding 1-nearest Eulerian neighbors for each droplet...
2026-03-23 15:12:38,564 - INFO -     ✓ Merged 11610 droplets with Eulerian values
2026-03-23 15:12:38,564 - INFO -   Loading timestep 108...
2026-03-23 15:12:38,834 - INFO -     Lagrangian: 11491 droplets
2026-03-23 15:12:38,834 - INFO -     Eulerian: 178164 cells
2026-03-23 15:12:38,835 - INFO -     Finding 1-nearest Eulerian neighbors for each droplet...
2026-03-23 15:12:38,930 - INFO -     ✓ Merged 11491 droplets with Eulerian values
2026-03-23 15:12:38,930 - INFO -   Loading timestep 109...
2026-03-23 15:12:39,176 - INFO -     Lagrangian: 11372 droplets
2026-03-23 15:12:39,176 - INFO -     Eulerian: 178164 cells
2026-03-23 15:12:39,178 - INFO -     Finding 1-nearest Eulerian neighbors for each droplet...
2026-03-23 15:12:39,270 - INFO -     ✓ Merged 11372 droplets with Eulerian values
2026-03-23 15:12:39,271 - INFO -   Loading timestep 110...
2026-03-23 15:12:39,526 - INFO -     Lagrangian: 11254 droplets
2026-03-23 15:12:39,526 - INFO -     Eulerian: 178164 cells
2026-03-23 15:12:39,528 - INFO -     Finding 1-nearest Eulerian neighbors for each droplet...
2026-03-23 15:12:39,621 - INFO -     ✓ Merged 11254 droplets with Eulerian values
2026-03-23 15:12:39,621 - INFO -   Loading timestep 111...
2026-03-23 15:12:39,870 - INFO -     Lagrangian: 11127 droplets
2026-03-23 15:12:39,870 - INFO -     Eulerian: 178164 cells
2026-03-23 15:12:39,872 - INFO -     Finding 1-nearest Eulerian neighbors for each droplet...
2026-03-23 15:12:39,962 - INFO -     ✓ Merged 11127 droplets with Eulerian values
2026-03-23 15:12:39,962 - INFO -   Loading timestep 112...
2026-03-23 15:12:40,211 - INFO -     Lagrangian: 11021 droplets
2026-03-23 15:12:40,211 - INFO -     Eulerian: 178164 cells
2026-03-23 15:12:40,213 - INFO -     Finding 1-nearest Eulerian neighbors for each droplet...
2026-03-23 15:12:40,303 - INFO -     ✓ Merged 11021 droplets with Eulerian values
2026-03-23 15:12:40,304 - INFO -   Loading timestep 113...
2026-03-23 15:12:40,634 - INFO -     Lagrangian: 10880 droplets
2026-03-23 15:12:40,634 - INFO -     Eulerian: 178164 cells
2026-03-23 15:12:40,635 - INFO -     Finding 1-nearest Eulerian neighbors for each droplet...
2026-03-23 15:12:40,726 - INFO -     ✓ Merged 10880 droplets with Eulerian values
2026-03-23 15:12:40,727 - INFO -   Loading timestep 114...
2026-03-23 15:12:41,042 - INFO -     Lagrangian: 10757 droplets
2026-03-23 15:12:41,042 - INFO -     Eulerian: 178164 cells
2026-03-23 15:12:41,044 - INFO -     Finding 1-nearest Eulerian neighbors for each droplet...
2026-03-23 15:12:41,134 - INFO -     ✓ Merged 10757 droplets with Eulerian values
2026-03-23 15:12:41,134 - INFO -   Loading timestep 115...
2026-03-23 15:12:41,450 - INFO -     Lagrangian: 10614 droplets
2026-03-23 15:12:41,450 - INFO -     Eulerian: 178164 cells
2026-03-23 15:12:41,451 - INFO -     Finding 1-nearest Eulerian neighbors for each droplet...
2026-03-23 15:12:41,542 - INFO -     ✓ Merged 10614 droplets with Eulerian values
2026-03-23 15:12:41,542 - INFO -   Loading timestep 116...
2026-03-23 15:12:41,925 - INFO -     Lagrangian: 10476 droplets
2026-03-23 15:12:41,925 - INFO -     Eulerian: 178164 cells
2026-03-23 15:12:41,927 - INFO -     Finding 1-nearest Eulerian neighbors for each droplet...
2026-03-23 15:12:42,016 - INFO -     ✓ Merged 10476 droplets with Eulerian values
2026-03-23 15:12:42,016 - INFO -   Loading timestep 117...
2026-03-23 15:12:42,340 - INFO -     Lagrangian: 10355 droplets
2026-03-23 15:12:42,340 - INFO -     Eulerian: 178164 cells
2026-03-23 15:12:42,341 - INFO -     Finding 1-nearest Eulerian neighbors for each droplet...
2026-03-23 15:12:42,431 - INFO -     ✓ Merged 10355 droplets with Eulerian values
2026-03-23 15:12:42,432 - INFO -   Loading timestep 118...
2026-03-23 15:12:42,755 - INFO -     Lagrangian: 10224 droplets
2026-03-23 15:12:42,755 - INFO -     Eulerian: 178164 cells
2026-03-23 15:12:42,757 - INFO -     Finding 1-nearest Eulerian neighbors for each droplet...
2026-03-23 15:12:42,846 - INFO -     ✓ Merged 10224 droplets with Eulerian values
2026-03-23 15:12:42,846 - INFO -   Loading timestep 119...
2026-03-23 15:12:43,221 - INFO -     Lagrangian: 10112 droplets
2026-03-23 15:12:43,221 - INFO -     Eulerian: 178164 cells
2026-03-23 15:12:43,222 - INFO -     Finding 1-nearest Eulerian neighbors for each droplet...
2026-03-23 15:12:43,311 - INFO -     ✓ Merged 10112 droplets with Eulerian values
2026-03-23 15:12:43,680 - INFO -   Loading timestep 120...
2026-03-23 15:12:43,987 - INFO -     Lagrangian: 9996 droplets
2026-03-23 15:12:43,987 - INFO -     Eulerian: 178164 cells
2026-03-23 15:12:43,989 - INFO -     Finding 1-nearest Eulerian neighbors for each droplet...
2026-03-23 15:12:44,084 - INFO -     ✓ Merged 9996 droplets with Eulerian values
2026-03-23 15:12:44,101 - INFO -   Batch loaded: 351,764 droplet records
2026-03-23 15:12:44,101 - INFO -   Creating paired data...
2026-03-23 15:12:44,102 - INFO - 
Creating paired timestep data...
2026-03-23 15:12:44,628 - INFO -   Total droplet records: 351,764
2026-03-23 15:12:44,628 - INFO -   Valid pairs (persistent): 338,486
2026-03-23 15:12:45,361 - INFO -   Created 338,486 paired samples
2026-03-23 15:12:45,377 - INFO -   Created 338,486 paired samples
2026-03-23 15:12:45,377 - INFO -   Splitting by particle ID...
2026-03-23 15:12:45,377 - INFO -     Splitting by particle ID...
2026-03-23 15:12:45,428 - INFO -       Train: 270,641 samples from 10,528 particles
2026-03-23 15:12:45,428 - INFO -       Val:   33,992 samples from 1,316 particles
2026-03-23 15:12:45,428 - INFO -       Test:  33,853 samples from 1,316 particles
2026-03-23 15:12:45,428 - INFO -   Batch 4 complete: 270,641 train / 33,992 val / 33,853 test
2026-03-23 15:12:45,434 - INFO - 
[Batch 5/7] Processing timesteps 121-150...
2026-03-23 15:12:45,434 - INFO -   Loading timestep 121...
2026-03-23 15:12:45,657 - INFO -     Lagrangian: 9890 droplets
2026-03-23 15:12:45,658 - INFO -     Eulerian: 178164 cells
2026-03-23 15:12:45,659 - INFO -     Finding 1-nearest Eulerian neighbors for each droplet...
2026-03-23 15:12:45,747 - INFO -     ✓ Merged 9890 droplets with Eulerian values
2026-03-23 15:12:45,747 - INFO -   Loading timestep 122...
2026-03-23 15:12:46,005 - INFO -     Lagrangian: 9772 droplets
2026-03-23 15:12:46,005 - INFO -     Eulerian: 178164 cells
2026-03-23 15:12:46,006 - INFO -     Finding 1-nearest Eulerian neighbors for each droplet...
2026-03-23 15:12:46,093 - INFO -     ✓ Merged 9772 droplets with Eulerian values
2026-03-23 15:12:46,093 - INFO -   Loading timestep 123...
2026-03-23 15:12:46,361 - INFO -     Lagrangian: 9640 droplets
2026-03-23 15:12:46,362 - INFO -     Eulerian: 178164 cells
2026-03-23 15:12:46,363 - INFO -     Finding 1-nearest Eulerian neighbors for each droplet...
2026-03-23 15:12:46,455 - INFO -     ✓ Merged 9640 droplets with Eulerian values
2026-03-23 15:12:46,455 - INFO -   Loading timestep 124...
2026-03-23 15:12:46,712 - INFO -     Lagrangian: 9536 droplets
2026-03-23 15:12:46,713 - INFO -     Eulerian: 178164 cells
2026-03-23 15:12:46,714 - INFO -     Finding 1-nearest Eulerian neighbors for each droplet...
2026-03-23 15:12:46,804 - INFO -     ✓ Merged 9536 droplets with Eulerian values
2026-03-23 15:12:46,804 - INFO -   Loading timestep 125...
2026-03-23 15:12:47,069 - INFO -     Lagrangian: 9434 droplets
2026-03-23 15:12:47,070 - INFO -     Eulerian: 178164 cells
2026-03-23 15:12:47,071 - INFO -     Finding 1-nearest Eulerian neighbors for each droplet...
2026-03-23 15:12:47,160 - INFO -     ✓ Merged 9434 droplets with Eulerian values
2026-03-23 15:12:47,160 - INFO -   Loading timestep 126...
2026-03-23 15:12:47,393 - INFO -     Lagrangian: 9319 droplets
2026-03-23 15:12:47,393 - INFO -     Eulerian: 178164 cells
2026-03-23 15:12:47,395 - INFO -     Finding 1-nearest Eulerian neighbors for each droplet...
2026-03-23 15:12:47,483 - INFO -     ✓ Merged 9319 droplets with Eulerian values
2026-03-23 15:12:47,483 - INFO -   Loading timestep 127...
2026-03-23 15:12:47,730 - INFO -     Lagrangian: 9218 droplets
2026-03-23 15:12:47,731 - INFO -     Eulerian: 178164 cells
2026-03-23 15:12:47,732 - INFO -     Finding 1-nearest Eulerian neighbors for each droplet...
2026-03-23 15:12:47,820 - INFO -     ✓ Merged 9218 droplets with Eulerian values
2026-03-23 15:12:47,820 - INFO -   Loading timestep 128...
2026-03-23 15:12:48,070 - INFO -     Lagrangian: 9102 droplets
2026-03-23 15:12:48,071 - INFO -     Eulerian: 178164 cells
2026-03-23 15:12:48,072 - INFO -     Finding 1-nearest Eulerian neighbors for each droplet...
2026-03-23 15:12:48,161 - INFO -     ✓ Merged 9102 droplets with Eulerian values
2026-03-23 15:12:48,162 - INFO -   Loading timestep 129...
2026-03-23 15:12:48,425 - INFO -     Lagrangian: 9001 droplets
2026-03-23 15:12:48,425 - INFO -     Eulerian: 178164 cells
2026-03-23 15:12:48,427 - INFO -     Finding 1-nearest Eulerian neighbors for each droplet...
2026-03-23 15:12:48,513 - INFO -     ✓ Merged 9001 droplets with Eulerian values
2026-03-23 15:12:48,513 - INFO -   Loading timestep 130...
2026-03-23 15:12:48,767 - INFO -     Lagrangian: 8886 droplets
2026-03-23 15:12:48,767 - INFO -     Eulerian: 178164 cells
2026-03-23 15:12:48,768 - INFO -     Finding 1-nearest Eulerian neighbors for each droplet...
2026-03-23 15:12:48,858 - INFO -     ✓ Merged 8886 droplets with Eulerian values
2026-03-23 15:12:48,858 - INFO -   Loading timestep 131...
2026-03-23 15:12:49,098 - INFO -     Lagrangian: 8782 droplets
2026-03-23 15:12:49,098 - INFO -     Eulerian: 178164 cells
2026-03-23 15:12:49,100 - INFO -     Finding 1-nearest Eulerian neighbors for each droplet...
2026-03-23 15:12:49,189 - INFO -     ✓ Merged 8782 droplets with Eulerian values
2026-03-23 15:12:49,190 - INFO -   Loading timestep 132...
2026-03-23 15:12:49,424 - INFO -     Lagrangian: 8670 droplets
2026-03-23 15:12:49,424 - INFO -     Eulerian: 178164 cells
2026-03-23 15:12:49,426 - INFO -     Finding 1-nearest Eulerian neighbors for each droplet...
2026-03-23 15:12:49,514 - INFO -     ✓ Merged 8670 droplets with Eulerian values
2026-03-23 15:12:49,514 - INFO -   Loading timestep 133...
2026-03-23 15:12:49,791 - INFO -     Lagrangian: 8580 droplets
2026-03-23 15:12:49,792 - INFO -     Eulerian: 178164 cells
2026-03-23 15:12:49,793 - INFO -     Finding 1-nearest Eulerian neighbors for each droplet...
2026-03-23 15:12:49,882 - INFO -     ✓ Merged 8580 droplets with Eulerian values
2026-03-23 15:12:49,882 - INFO -   Loading timestep 134...
2026-03-23 15:12:50,114 - INFO -     Lagrangian: 8464 droplets
2026-03-23 15:12:50,114 - INFO -     Eulerian: 178164 cells
2026-03-23 15:12:50,115 - INFO -     Finding 1-nearest Eulerian neighbors for each droplet...
2026-03-23 15:12:50,204 - INFO -     ✓ Merged 8464 droplets with Eulerian values
2026-03-23 15:12:50,204 - INFO -   Loading timestep 135...
2026-03-23 15:12:50,447 - INFO -     Lagrangian: 8365 droplets
2026-03-23 15:12:50,447 - INFO -     Eulerian: 178164 cells
2026-03-23 15:12:50,449 - INFO -     Finding 1-nearest Eulerian neighbors for each droplet...
2026-03-23 15:12:50,539 - INFO -     ✓ Merged 8365 droplets with Eulerian values
2026-03-23 15:12:50,539 - INFO -   Loading timestep 136...
2026-03-23 15:12:50,814 - INFO -     Lagrangian: 8270 droplets
2026-03-23 15:12:50,815 - INFO -     Eulerian: 178164 cells
2026-03-23 15:12:50,816 - INFO -     Finding 1-nearest Eulerian neighbors for each droplet...
2026-03-23 15:12:50,902 - INFO -     ✓ Merged 8270 droplets with Eulerian values
2026-03-23 15:12:50,903 - INFO -   Loading timestep 137...
2026-03-23 15:12:51,186 - INFO -     Lagrangian: 8181 droplets
2026-03-23 15:12:51,186 - INFO -     Eulerian: 178164 cells
2026-03-23 15:12:51,188 - INFO -     Finding 1-nearest Eulerian neighbors for each droplet...
2026-03-23 15:12:51,284 - INFO -     ✓ Merged 8181 droplets with Eulerian values
2026-03-23 15:12:51,284 - INFO -   Loading timestep 138...
2026-03-23 15:12:51,513 - INFO -     Lagrangian: 8088 droplets
2026-03-23 15:12:51,513 - INFO -     Eulerian: 178164 cells
2026-03-23 15:12:51,514 - INFO -     Finding 1-nearest Eulerian neighbors for each droplet...
2026-03-23 15:12:51,606 - INFO -     ✓ Merged 8088 droplets with Eulerian values
2026-03-23 15:12:51,607 - INFO -   Loading timestep 139...
2026-03-23 15:12:51,883 - INFO -     Lagrangian: 7988 droplets
2026-03-23 15:12:51,883 - INFO -     Eulerian: 178164 cells
2026-03-23 15:12:51,885 - INFO -     Finding 1-nearest Eulerian neighbors for each droplet...
2026-03-23 15:12:51,974 - INFO -     ✓ Merged 7988 droplets with Eulerian values
2026-03-23 15:12:51,975 - INFO -   Loading timestep 140...
2026-03-23 15:12:52,290 - INFO -     Lagrangian: 7919 droplets
2026-03-23 15:12:52,290 - INFO -     Eulerian: 178164 cells
2026-03-23 15:12:52,292 - INFO -     Finding 1-nearest Eulerian neighbors for each droplet...
2026-03-23 15:12:52,380 - INFO -     ✓ Merged 7919 droplets with Eulerian values
2026-03-23 15:12:52,380 - INFO -   Loading timestep 141...
2026-03-23 15:12:52,648 - INFO -     Lagrangian: 7839 droplets
2026-03-23 15:12:52,648 - INFO -     Eulerian: 178164 cells
2026-03-23 15:12:52,649 - INFO -     Finding 1-nearest Eulerian neighbors for each droplet...
2026-03-23 15:12:52,737 - INFO -     ✓ Merged 7839 droplets with Eulerian values
2026-03-23 15:12:52,737 - INFO -   Loading timestep 142...
2026-03-23 15:12:53,021 - INFO -     Lagrangian: 7766 droplets
2026-03-23 15:12:53,021 - INFO -     Eulerian: 178164 cells
2026-03-23 15:12:53,022 - INFO -     Finding 1-nearest Eulerian neighbors for each droplet...
2026-03-23 15:12:53,109 - INFO -     ✓ Merged 7766 droplets with Eulerian values
2026-03-23 15:12:53,110 - INFO -   Loading timestep 143...
2026-03-23 15:12:53,370 - INFO -     Lagrangian: 7702 droplets
2026-03-23 15:12:53,370 - INFO -     Eulerian: 178164 cells
2026-03-23 15:12:53,371 - INFO -     Finding 1-nearest Eulerian neighbors for each droplet...
2026-03-23 15:12:53,461 - INFO -     ✓ Merged 7702 droplets with Eulerian values
2026-03-23 15:12:53,462 - INFO -   Loading timestep 144...
2026-03-23 15:12:53,710 - INFO -     Lagrangian: 7651 droplets
2026-03-23 15:12:53,710 - INFO -     Eulerian: 178164 cells
2026-03-23 15:12:53,712 - INFO -     Finding 1-nearest Eulerian neighbors for each droplet...
2026-03-23 15:12:53,799 - INFO -     ✓ Merged 7651 droplets with Eulerian values
2026-03-23 15:12:53,800 - INFO -   Loading timestep 145...
2026-03-23 15:12:54,069 - INFO -     Lagrangian: 7597 droplets
2026-03-23 15:12:54,069 - INFO -     Eulerian: 178164 cells
2026-03-23 15:12:54,070 - INFO -     Finding 1-nearest Eulerian neighbors for each droplet...
2026-03-23 15:12:54,155 - INFO -     ✓ Merged 7597 droplets with Eulerian values
2026-03-23 15:12:54,155 - INFO -   Loading timestep 146...
2026-03-23 15:12:54,418 - INFO -     Lagrangian: 7550 droplets
2026-03-23 15:12:54,418 - INFO -     Eulerian: 178164 cells
2026-03-23 15:12:54,420 - INFO -     Finding 1-nearest Eulerian neighbors for each droplet...
2026-03-23 15:12:54,508 - INFO -     ✓ Merged 7550 droplets with Eulerian values
2026-03-23 15:12:54,509 - INFO -   Loading timestep 147...
2026-03-23 15:12:54,752 - INFO -     Lagrangian: 7500 droplets
2026-03-23 15:12:54,752 - INFO -     Eulerian: 178164 cells
2026-03-23 15:12:54,753 - INFO -     Finding 1-nearest Eulerian neighbors for each droplet...
2026-03-23 15:12:54,839 - INFO -     ✓ Merged 7500 droplets with Eulerian values
2026-03-23 15:12:54,839 - INFO -   Loading timestep 148...
2026-03-23 15:12:55,082 - INFO -     Lagrangian: 7438 droplets
2026-03-23 15:12:55,083 - INFO -     Eulerian: 178164 cells
2026-03-23 15:12:55,084 - INFO -     Finding 1-nearest Eulerian neighbors for each droplet...
2026-03-23 15:12:55,170 - INFO -     ✓ Merged 7438 droplets with Eulerian values
2026-03-23 15:12:55,170 - INFO -   Loading timestep 149...
2026-03-23 15:12:55,426 - INFO -     Lagrangian: 7367 droplets
2026-03-23 15:12:55,426 - INFO -     Eulerian: 178164 cells
2026-03-23 15:12:55,427 - INFO -     Finding 1-nearest Eulerian neighbors for each droplet...
2026-03-23 15:12:55,512 - INFO -     ✓ Merged 7367 droplets with Eulerian values
2026-03-23 15:12:55,512 - INFO -   Loading timestep 150...
2026-03-23 15:12:55,779 - INFO -     Lagrangian: 7329 droplets
2026-03-23 15:12:55,779 - INFO -     Eulerian: 178164 cells
2026-03-23 15:12:55,780 - INFO -     Finding 1-nearest Eulerian neighbors for each droplet...
2026-03-23 15:12:55,865 - INFO -     ✓ Merged 7329 droplets with Eulerian values
2026-03-23 15:12:55,878 - INFO -   Batch loaded: 252,844 droplet records
2026-03-23 15:12:55,878 - INFO -   Creating paired data...
2026-03-23 15:12:55,878 - INFO - 
Creating paired timestep data...
2026-03-23 15:12:55,975 - INFO -   Total droplet records: 252,844
2026-03-23 15:12:55,976 - INFO -   Valid pairs (persistent): 242,954
2026-03-23 15:12:56,433 - INFO -   Created 242,954 paired samples
2026-03-23 15:12:56,444 - INFO -   Created 242,954 paired samples
2026-03-23 15:12:56,444 - INFO -   Splitting by particle ID...
2026-03-23 15:12:56,444 - INFO -     Splitting by particle ID...
2026-03-23 15:12:56,470 - INFO -       Train: 194,647 samples from 7,817 particles
2026-03-23 15:12:56,470 - INFO -       Val:   23,771 samples from 977 particles
2026-03-23 15:12:56,470 - INFO -       Test:  24,536 samples from 978 particles
2026-03-23 15:12:56,470 - INFO -   Batch 5 complete: 194,647 train / 23,771 val / 24,536 test
2026-03-23 15:12:56,475 - INFO - 
[Batch 6/7] Processing timesteps 151-180...
2026-03-23 15:12:56,476 - INFO -   Loading timestep 151...
2026-03-23 15:12:56,708 - INFO -     Lagrangian: 7264 droplets
2026-03-23 15:12:56,709 - INFO -     Eulerian: 178164 cells
2026-03-23 15:12:56,710 - INFO -     Finding 1-nearest Eulerian neighbors for each droplet...
2026-03-23 15:12:56,797 - INFO -     ✓ Merged 7264 droplets with Eulerian values
2026-03-23 15:12:56,797 - INFO -   Loading timestep 152...
2026-03-23 15:12:57,055 - INFO -     Lagrangian: 7221 droplets
2026-03-23 15:12:57,055 - INFO -     Eulerian: 178164 cells
2026-03-23 15:12:57,056 - INFO -     Finding 1-nearest Eulerian neighbors for each droplet...
2026-03-23 15:12:57,142 - INFO -     ✓ Merged 7221 droplets with Eulerian values
2026-03-23 15:12:57,142 - INFO -   Loading timestep 153...
2026-03-23 15:12:57,392 - INFO -     Lagrangian: 7166 droplets
2026-03-23 15:12:57,392 - INFO -     Eulerian: 178164 cells
2026-03-23 15:12:57,393 - INFO -     Finding 1-nearest Eulerian neighbors for each droplet...
2026-03-23 15:12:57,481 - INFO -     ✓ Merged 7166 droplets with Eulerian values
2026-03-23 15:12:57,481 - INFO -   Loading timestep 154...
2026-03-23 15:12:57,730 - INFO -     Lagrangian: 7100 droplets
2026-03-23 15:12:57,730 - INFO -     Eulerian: 178164 cells
2026-03-23 15:12:57,731 - INFO -     Finding 1-nearest Eulerian neighbors for each droplet...
2026-03-23 15:12:57,823 - INFO -     ✓ Merged 7100 droplets with Eulerian values
2026-03-23 15:12:57,823 - INFO -   Loading timestep 155...
2026-03-23 15:12:58,072 - INFO -     Lagrangian: 7047 droplets
2026-03-23 15:12:58,072 - INFO -     Eulerian: 178164 cells
2026-03-23 15:12:58,074 - INFO -     Finding 1-nearest Eulerian neighbors for each droplet...
2026-03-23 15:12:58,162 - INFO -     ✓ Merged 7047 droplets with Eulerian values
2026-03-23 15:12:58,163 - INFO -   Loading timestep 156...
2026-03-23 15:12:58,455 - INFO -     Lagrangian: 6977 droplets
2026-03-23 15:12:58,455 - INFO -     Eulerian: 178164 cells
2026-03-23 15:12:58,457 - INFO -     Finding 1-nearest Eulerian neighbors for each droplet...
2026-03-23 15:12:58,546 - INFO -     ✓ Merged 6977 droplets with Eulerian values
2026-03-23 15:12:58,547 - INFO -   Loading timestep 157...
2026-03-23 15:12:58,832 - INFO -     Lagrangian: 6912 droplets
2026-03-23 15:12:58,833 - INFO -     Eulerian: 178164 cells
2026-03-23 15:12:58,834 - INFO -     Finding 1-nearest Eulerian neighbors for each droplet...
2026-03-23 15:12:58,921 - INFO -     ✓ Merged 6912 droplets with Eulerian values
2026-03-23 15:12:58,922 - INFO -   Loading timestep 158...
2026-03-23 15:12:59,201 - INFO -     Lagrangian: 6844 droplets
2026-03-23 15:12:59,201 - INFO -     Eulerian: 178164 cells
2026-03-23 15:12:59,202 - INFO -     Finding 1-nearest Eulerian neighbors for each droplet...
2026-03-23 15:12:59,298 - INFO -     ✓ Merged 6844 droplets with Eulerian values
2026-03-23 15:12:59,298 - INFO -   Loading timestep 159...
2026-03-23 15:12:59,582 - INFO -     Lagrangian: 6791 droplets
2026-03-23 15:12:59,582 - INFO -     Eulerian: 178164 cells
2026-03-23 15:12:59,583 - INFO -     Finding 1-nearest Eulerian neighbors for each droplet...
2026-03-23 15:12:59,671 - INFO -     ✓ Merged 6791 droplets with Eulerian values
2026-03-23 15:12:59,671 - INFO -   Loading timestep 160...
2026-03-23 15:12:59,938 - INFO -     Lagrangian: 6719 droplets
2026-03-23 15:12:59,938 - INFO -     Eulerian: 178164 cells
2026-03-23 15:12:59,940 - INFO -     Finding 1-nearest Eulerian neighbors for each droplet...
2026-03-23 15:13:00,024 - INFO -     ✓ Merged 6719 droplets with Eulerian values
2026-03-23 15:13:00,024 - INFO -   Loading timestep 161...
2026-03-23 15:13:00,305 - INFO -     Lagrangian: 6654 droplets
2026-03-23 15:13:00,305 - INFO -     Eulerian: 178164 cells
2026-03-23 15:13:00,306 - INFO -     Finding 1-nearest Eulerian neighbors for each droplet...
2026-03-23 15:13:00,391 - INFO -     ✓ Merged 6654 droplets with Eulerian values
2026-03-23 15:13:00,391 - INFO -   Loading timestep 162...
2026-03-23 15:13:00,643 - INFO -     Lagrangian: 6598 droplets
2026-03-23 15:13:00,643 - INFO -     Eulerian: 178164 cells
2026-03-23 15:13:00,644 - INFO -     Finding 1-nearest Eulerian neighbors for each droplet...
2026-03-23 15:13:00,727 - INFO -     ✓ Merged 6598 droplets with Eulerian values
2026-03-23 15:13:00,728 - INFO -   Loading timestep 163...
2026-03-23 15:13:00,969 - INFO -     Lagrangian: 6518 droplets
2026-03-23 15:13:00,969 - INFO -     Eulerian: 178164 cells
2026-03-23 15:13:00,971 - INFO -     Finding 1-nearest Eulerian neighbors for each droplet...
2026-03-23 15:13:01,055 - INFO -     ✓ Merged 6518 droplets with Eulerian values
2026-03-23 15:13:01,055 - INFO -   Loading timestep 164...
2026-03-23 15:13:01,310 - INFO -     Lagrangian: 6442 droplets
2026-03-23 15:13:01,310 - INFO -     Eulerian: 178164 cells
2026-03-23 15:13:01,311 - INFO -     Finding 1-nearest Eulerian neighbors for each droplet...
2026-03-23 15:13:01,396 - INFO -     ✓ Merged 6442 droplets with Eulerian values
2026-03-23 15:13:01,396 - INFO -   Loading timestep 165...
2026-03-23 15:13:01,689 - INFO -     Lagrangian: 6366 droplets
2026-03-23 15:13:01,690 - INFO -     Eulerian: 178164 cells
2026-03-23 15:13:01,691 - INFO -     Finding 1-nearest Eulerian neighbors for each droplet...
2026-03-23 15:13:01,779 - INFO -     ✓ Merged 6366 droplets with Eulerian values
2026-03-23 15:13:01,779 - INFO -   Loading timestep 166...
2026-03-23 15:13:02,043 - INFO -     Lagrangian: 6306 droplets
2026-03-23 15:13:02,043 - INFO -     Eulerian: 178164 cells
2026-03-23 15:13:02,044 - INFO -     Finding 1-nearest Eulerian neighbors for each droplet...
2026-03-23 15:13:02,128 - INFO -     ✓ Merged 6306 droplets with Eulerian values
2026-03-23 15:13:02,128 - INFO -   Loading timestep 167...
2026-03-23 15:13:02,384 - INFO -     Lagrangian: 6236 droplets
2026-03-23 15:13:02,385 - INFO -     Eulerian: 178164 cells
2026-03-23 15:13:02,386 - INFO -     Finding 1-nearest Eulerian neighbors for each droplet...
2026-03-23 15:13:02,471 - INFO -     ✓ Merged 6236 droplets with Eulerian values
2026-03-23 15:13:02,471 - INFO -   Loading timestep 168...
2026-03-23 15:13:02,724 - INFO -     Lagrangian: 6148 droplets
2026-03-23 15:13:02,724 - INFO -     Eulerian: 178164 cells
2026-03-23 15:13:02,726 - INFO -     Finding 1-nearest Eulerian neighbors for each droplet...
2026-03-23 15:13:02,809 - INFO -     ✓ Merged 6148 droplets with Eulerian values
2026-03-23 15:13:02,810 - INFO -   Loading timestep 169...
2026-03-23 15:13:03,087 - INFO -     Lagrangian: 6080 droplets
2026-03-23 15:13:03,087 - INFO -     Eulerian: 178164 cells
2026-03-23 15:13:03,088 - INFO -     Finding 1-nearest Eulerian neighbors for each droplet...
2026-03-23 15:13:03,175 - INFO -     ✓ Merged 6080 droplets with Eulerian values
2026-03-23 15:13:03,175 - INFO -   Loading timestep 170...
2026-03-23 15:13:03,422 - INFO -     Lagrangian: 6009 droplets
2026-03-23 15:13:03,427 - INFO -     Eulerian: 178164 cells
2026-03-23 15:13:03,428 - INFO -     Finding 1-nearest Eulerian neighbors for each droplet...
2026-03-23 15:13:03,512 - INFO -     ✓ Merged 6009 droplets with Eulerian values
2026-03-23 15:13:03,512 - INFO -   Loading timestep 171...
2026-03-23 15:13:03,771 - INFO -     Lagrangian: 5944 droplets
2026-03-23 15:13:03,772 - INFO -     Eulerian: 178164 cells
2026-03-23 15:13:03,773 - INFO -     Finding 1-nearest Eulerian neighbors for each droplet...
2026-03-23 15:13:03,857 - INFO -     ✓ Merged 5944 droplets with Eulerian values
2026-03-23 15:13:03,857 - INFO -   Loading timestep 172...
2026-03-23 15:13:04,093 - INFO -     Lagrangian: 5879 droplets
2026-03-23 15:13:04,093 - INFO -     Eulerian: 178164 cells
2026-03-23 15:13:04,095 - INFO -     Finding 1-nearest Eulerian neighbors for each droplet...
2026-03-23 15:13:04,178 - INFO -     ✓ Merged 5879 droplets with Eulerian values
2026-03-23 15:13:04,178 - INFO -   Loading timestep 173...
2026-03-23 15:13:04,427 - INFO -     Lagrangian: 5815 droplets
2026-03-23 15:13:04,427 - INFO -     Eulerian: 178164 cells
2026-03-23 15:13:04,429 - INFO -     Finding 1-nearest Eulerian neighbors for each droplet...
2026-03-23 15:13:04,525 - INFO -     ✓ Merged 5815 droplets with Eulerian values
2026-03-23 15:13:04,525 - INFO -   Loading timestep 174...
2026-03-23 15:13:04,789 - INFO -     Lagrangian: 5735 droplets
2026-03-23 15:13:04,789 - INFO -     Eulerian: 178164 cells
2026-03-23 15:13:04,790 - INFO -     Finding 1-nearest Eulerian neighbors for each droplet...
2026-03-23 15:13:04,891 - INFO -     ✓ Merged 5735 droplets with Eulerian values
2026-03-23 15:13:04,891 - INFO -   Loading timestep 175...
2026-03-23 15:13:05,154 - INFO -     Lagrangian: 5668 droplets
2026-03-23 15:13:05,154 - INFO -     Eulerian: 178164 cells
2026-03-23 15:13:05,156 - INFO -     Finding 1-nearest Eulerian neighbors for each droplet...
2026-03-23 15:13:05,242 - INFO -     ✓ Merged 5668 droplets with Eulerian values
2026-03-23 15:13:05,242 - INFO -   Loading timestep 176...
2026-03-23 15:13:05,568 - INFO -     Lagrangian: 5593 droplets
2026-03-23 15:13:05,569 - INFO -     Eulerian: 178164 cells
2026-03-23 15:13:05,570 - INFO -     Finding 1-nearest Eulerian neighbors for each droplet...
2026-03-23 15:13:05,652 - INFO -     ✓ Merged 5593 droplets with Eulerian values
2026-03-23 15:13:05,653 - INFO -   Loading timestep 177...
2026-03-23 15:13:05,941 - INFO -     Lagrangian: 5520 droplets
2026-03-23 15:13:05,941 - INFO -     Eulerian: 178164 cells
2026-03-23 15:13:05,942 - INFO -     Finding 1-nearest Eulerian neighbors for each droplet...
2026-03-23 15:13:06,025 - INFO -     ✓ Merged 5520 droplets with Eulerian values
2026-03-23 15:13:06,025 - INFO -   Loading timestep 178...
2026-03-23 15:13:06,327 - INFO -     Lagrangian: 5438 droplets
2026-03-23 15:13:06,327 - INFO -     Eulerian: 178164 cells
2026-03-23 15:13:06,328 - INFO -     Finding 1-nearest Eulerian neighbors for each droplet...
2026-03-23 15:13:06,411 - INFO -     ✓ Merged 5438 droplets with Eulerian values
2026-03-23 15:13:06,412 - INFO -   Loading timestep 179...
2026-03-23 15:13:06,701 - INFO -     Lagrangian: 5367 droplets
2026-03-23 15:13:06,701 - INFO -     Eulerian: 178164 cells
2026-03-23 15:13:06,703 - INFO -     Finding 1-nearest Eulerian neighbors for each droplet...
2026-03-23 15:13:06,788 - INFO -     ✓ Merged 5367 droplets with Eulerian values
2026-03-23 15:13:06,788 - INFO -   Loading timestep 180...
2026-03-23 15:13:07,090 - INFO -     Lagrangian: 5279 droplets
2026-03-23 15:13:07,090 - INFO -     Eulerian: 178164 cells
2026-03-23 15:13:07,091 - INFO -     Finding 1-nearest Eulerian neighbors for each droplet...
2026-03-23 15:13:07,172 - INFO -     ✓ Merged 5279 droplets with Eulerian values
2026-03-23 15:13:07,183 - INFO -   Batch loaded: 189,636 droplet records
2026-03-23 15:13:07,183 - INFO -   Creating paired data...
2026-03-23 15:13:07,183 - INFO - 
Creating paired timestep data...
2026-03-23 15:13:07,337 - INFO -   Total droplet records: 189,636
2026-03-23 15:13:07,337 - INFO -   Valid pairs (persistent): 182,372
2026-03-23 15:13:07,786 - INFO -   Created 182,372 paired samples
2026-03-23 15:13:07,804 - INFO -   Created 182,372 paired samples
2026-03-23 15:13:07,804 - INFO -   Splitting by particle ID...
2026-03-23 15:13:07,804 - INFO -     Splitting by particle ID...
2026-03-23 15:13:07,829 - INFO -       Train: 146,037 samples from 5,776 particles
2026-03-23 15:13:07,829 - INFO -       Val:   18,190 samples from 722 particles
2026-03-23 15:13:07,829 - INFO -       Test:  18,145 samples from 723 particles
2026-03-23 15:13:07,829 - INFO -   Batch 6 complete: 146,037 train / 18,190 val / 18,145 test
2026-03-23 15:13:07,829 - INFO - 
[Batch 7/7] Processing timesteps 181-200...
2026-03-23 15:13:07,830 - INFO -   Loading timestep 181...
2026-03-23 15:13:08,023 - INFO -     Lagrangian: 5210 droplets
2026-03-23 15:13:08,024 - INFO -     Eulerian: 178164 cells
2026-03-23 15:13:08,025 - INFO -     Finding 1-nearest Eulerian neighbors for each droplet...
2026-03-23 15:13:08,106 - INFO -     ✓ Merged 5210 droplets with Eulerian values
2026-03-23 15:13:08,106 - INFO -   Loading timestep 182...
2026-03-23 15:13:08,288 - INFO -     Lagrangian: 5110 droplets
2026-03-23 15:13:08,288 - INFO -     Eulerian: 178164 cells
2026-03-23 15:13:08,289 - INFO -     Finding 1-nearest Eulerian neighbors for each droplet...
2026-03-23 15:13:08,370 - INFO -     ✓ Merged 5110 droplets with Eulerian values
2026-03-23 15:13:08,371 - INFO -   Loading timestep 183...
2026-03-23 15:13:08,576 - INFO -     Lagrangian: 5027 droplets
2026-03-23 15:13:08,576 - INFO -     Eulerian: 178164 cells
2026-03-23 15:13:08,577 - INFO -     Finding 1-nearest Eulerian neighbors for each droplet...
2026-03-23 15:13:08,658 - INFO -     ✓ Merged 5027 droplets with Eulerian values
2026-03-23 15:13:08,658 - INFO -   Loading timestep 184...
2026-03-23 15:13:08,906 - INFO -     Lagrangian: 4943 droplets
2026-03-23 15:13:08,907 - INFO -     Eulerian: 178164 cells
2026-03-23 15:13:08,909 - INFO -     Finding 1-nearest Eulerian neighbors for each droplet...
2026-03-23 15:13:08,989 - INFO -     ✓ Merged 4943 droplets with Eulerian values
2026-03-23 15:13:08,989 - INFO -   Loading timestep 185...
2026-03-23 15:13:09,207 - INFO -     Lagrangian: 4851 droplets
2026-03-23 15:13:09,207 - INFO -     Eulerian: 178164 cells
2026-03-23 15:13:09,209 - INFO -     Finding 1-nearest Eulerian neighbors for each droplet...
2026-03-23 15:13:09,292 - INFO -     ✓ Merged 4851 droplets with Eulerian values
2026-03-23 15:13:09,292 - INFO -   Loading timestep 186...
2026-03-23 15:13:09,549 - INFO -     Lagrangian: 4764 droplets
2026-03-23 15:13:09,550 - INFO -     Eulerian: 178164 cells
2026-03-23 15:13:09,551 - INFO -     Finding 1-nearest Eulerian neighbors for each droplet...
2026-03-23 15:13:09,632 - INFO -     ✓ Merged 4764 droplets with Eulerian values
2026-03-23 15:13:09,633 - INFO -   Loading timestep 187...
2026-03-23 15:13:09,890 - INFO -     Lagrangian: 4670 droplets
2026-03-23 15:13:09,890 - INFO -     Eulerian: 178164 cells
2026-03-23 15:13:09,892 - INFO -     Finding 1-nearest Eulerian neighbors for each droplet...
2026-03-23 15:13:09,970 - INFO -     ✓ Merged 4670 droplets with Eulerian values
2026-03-23 15:13:09,971 - INFO -   Loading timestep 188...
2026-03-23 15:13:10,204 - INFO -     Lagrangian: 4596 droplets
2026-03-23 15:13:10,205 - INFO -     Eulerian: 178164 cells
2026-03-23 15:13:10,206 - INFO -     Finding 1-nearest Eulerian neighbors for each droplet...
2026-03-23 15:13:10,284 - INFO -     ✓ Merged 4596 droplets with Eulerian values
2026-03-23 15:13:10,285 - INFO -   Loading timestep 189...
2026-03-23 15:13:10,521 - INFO -     Lagrangian: 4505 droplets
2026-03-23 15:13:10,521 - INFO -     Eulerian: 178164 cells
2026-03-23 15:13:10,522 - INFO -     Finding 1-nearest Eulerian neighbors for each droplet...
2026-03-23 15:13:10,602 - INFO -     ✓ Merged 4505 droplets with Eulerian values
2026-03-23 15:13:10,602 - INFO -   Loading timestep 190...
2026-03-23 15:13:10,845 - INFO -     Lagrangian: 4426 droplets
2026-03-23 15:13:10,845 - INFO -     Eulerian: 178164 cells
2026-03-23 15:13:10,846 - INFO -     Finding 1-nearest Eulerian neighbors for each droplet...
2026-03-23 15:13:10,928 - INFO -     ✓ Merged 4426 droplets with Eulerian values
2026-03-23 15:13:10,928 - INFO -   Loading timestep 191...
2026-03-23 15:13:11,136 - INFO -     Lagrangian: 4334 droplets
2026-03-23 15:13:11,136 - INFO -     Eulerian: 178164 cells
2026-03-23 15:13:11,137 - INFO -     Finding 1-nearest Eulerian neighbors for each droplet...
2026-03-23 15:13:11,217 - INFO -     ✓ Merged 4334 droplets with Eulerian values
2026-03-23 15:13:11,217 - INFO -   Loading timestep 192...
2026-03-23 15:13:11,445 - INFO -     Lagrangian: 4246 droplets
2026-03-23 15:13:11,445 - INFO -     Eulerian: 178164 cells
2026-03-23 15:13:11,447 - INFO -     Finding 1-nearest Eulerian neighbors for each droplet...
2026-03-23 15:13:11,534 - INFO -     ✓ Merged 4246 droplets with Eulerian values
2026-03-23 15:13:11,534 - INFO -   Loading timestep 193...
2026-03-23 15:13:11,832 - INFO -     Lagrangian: 4154 droplets
2026-03-23 15:13:11,833 - INFO -     Eulerian: 178164 cells
2026-03-23 15:13:11,834 - INFO -     Finding 1-nearest Eulerian neighbors for each droplet...
2026-03-23 15:13:11,918 - INFO -     ✓ Merged 4154 droplets with Eulerian values
2026-03-23 15:13:11,918 - INFO -   Loading timestep 194...
2026-03-23 15:13:12,217 - INFO -     Lagrangian: 4049 droplets
2026-03-23 15:13:12,217 - INFO -     Eulerian: 178164 cells
2026-03-23 15:13:12,219 - INFO -     Finding 1-nearest Eulerian neighbors for each droplet...
2026-03-23 15:13:12,302 - INFO -     ✓ Merged 4049 droplets with Eulerian values
2026-03-23 15:13:12,303 - INFO -   Loading timestep 195...
2026-03-23 15:13:12,587 - INFO -     Lagrangian: 3954 droplets
2026-03-23 15:13:12,588 - INFO -     Eulerian: 178164 cells
2026-03-23 15:13:12,589 - INFO -     Finding 1-nearest Eulerian neighbors for each droplet...
2026-03-23 15:13:12,672 - INFO -     ✓ Merged 3954 droplets with Eulerian values
2026-03-23 15:13:12,672 - INFO -   Loading timestep 196...
2026-03-23 15:13:13,027 - INFO -     Lagrangian: 3886 droplets
2026-03-23 15:13:13,027 - INFO -     Eulerian: 178164 cells
2026-03-23 15:13:13,029 - INFO -     Finding 1-nearest Eulerian neighbors for each droplet...
2026-03-23 15:13:13,122 - INFO -     ✓ Merged 3886 droplets with Eulerian values
2026-03-23 15:13:13,123 - INFO -   Loading timestep 197...
2026-03-23 15:13:13,395 - INFO -     Lagrangian: 3788 droplets
2026-03-23 15:13:13,395 - INFO -     Eulerian: 178164 cells
2026-03-23 15:13:13,397 - INFO -     Finding 1-nearest Eulerian neighbors for each droplet...
2026-03-23 15:13:13,478 - INFO -     ✓ Merged 3788 droplets with Eulerian values
2026-03-23 15:13:13,479 - INFO -   Loading timestep 198...
2026-03-23 15:13:13,701 - INFO -     Lagrangian: 3693 droplets
2026-03-23 15:13:13,702 - INFO -     Eulerian: 178164 cells
2026-03-23 15:13:13,703 - INFO -     Finding 1-nearest Eulerian neighbors for each droplet...
2026-03-23 15:13:13,789 - INFO -     ✓ Merged 3693 droplets with Eulerian values
2026-03-23 15:13:13,789 - INFO -   Loading timestep 199...
2026-03-23 15:13:14,024 - INFO -     Lagrangian: 3586 droplets
2026-03-23 15:13:14,024 - INFO -     Eulerian: 178164 cells
2026-03-23 15:13:14,026 - INFO -     Finding 1-nearest Eulerian neighbors for each droplet...
2026-03-23 15:13:14,104 - INFO -     ✓ Merged 3586 droplets with Eulerian values
2026-03-23 15:13:14,105 - INFO -   Loading timestep 200...
2026-03-23 15:13:14,370 - INFO -     Lagrangian: 3470 droplets
2026-03-23 15:13:14,370 - INFO -     Eulerian: 178164 cells
2026-03-23 15:13:14,371 - INFO -     Finding 1-nearest Eulerian neighbors for each droplet...
2026-03-23 15:13:14,447 - INFO -     ✓ Merged 3470 droplets with Eulerian values
2026-03-23 15:13:14,452 - INFO -   Batch loaded: 87,262 droplet records
2026-03-23 15:13:14,452 - INFO -   Creating paired data...
2026-03-23 15:13:14,453 - INFO - 
Creating paired timestep data...
2026-03-23 15:13:14,470 - INFO -   Total droplet records: 87,262
2026-03-23 15:13:14,470 - INFO -   Valid pairs (persistent): 82,052
2026-03-23 15:13:14,921 - INFO -   Created 82,052 paired samples
2026-03-23 15:13:14,930 - INFO -   Created 82,052 paired samples
2026-03-23 15:13:14,930 - INFO -   Splitting by particle ID...
2026-03-23 15:13:14,931 - INFO -     Splitting by particle ID...
2026-03-23 15:13:14,940 - INFO -       Train: 65,692 samples from 4,088 particles
2026-03-23 15:13:14,940 - INFO -       Val:   8,125 samples from 511 particles
2026-03-23 15:13:14,940 - INFO -       Test:  8,235 samples from 511 particles
2026-03-23 15:13:14,940 - INFO -   Batch 7 complete: 65,692 train / 8,125 val / 8,235 test
2026-03-23 15:13:14,949 - INFO - 
[Progress] Combining all batches...
2026-03-23 15:13:15,643 - INFO -   Combined train: 1,939,732 samples
2026-03-23 15:13:15,643 - INFO -   Combined val: 241,496 samples
2026-03-23 15:13:15,643 - INFO -   Combined test: 241,809 samples
2026-03-23 15:13:15,643 - INFO - 
[Progress] Normalizing all splits...
2026-03-23 15:13:15,643 - INFO -     Fitting scalers on combined training data (1,939,732 samples)...
2026-03-23 15:13:17,034 - INFO -     Creating normalized and absolute columns...
2026-03-23 15:13:21,238 - INFO -     ✓ All splits normalized
2026-03-23 15:13:21,281 - INFO - 
[Progress] Saving results...
2026-03-23 15:13:21,282 - INFO - 
Saving results to CSV files...
2026-03-23 15:13:21,282 - INFO -   Computing clustering absolute columns...
2026-03-23 15:13:22,522 - INFO -   Saving train (1,939,732 rows, 54 columns)...
2026-03-23 15:14:56,400 - INFO -     ✓ data/train_paired.csv
2026-03-23 15:14:56,407 - INFO -   Saving val (241,496 rows, 54 columns)...
