2026-03-23 14:42:39,323 - INFO - Log file: logs/preprocessing_20260323_144239.log
2026-03-23 14:42:39,323 - INFO - ================================================================================
2026-03-23 14:42:39,323 - INFO - RAW DATA TO TRAINING - COMPLETE PREPROCESSING
2026-03-23 14:42:39,323 - INFO - ================================================================================
2026-03-23 14:42:39,323 - INFO - Output directory: data_sample
2026-03-23 14:42:39,323 - INFO - Log file: logs/preprocessing_20260323_144239.log
2026-03-23 14:42:39,323 - INFO - Scanning for available timestep files...
2026-03-23 14:42:39,325 - INFO -   Found 10 timesteps with both Lagrangian and Eulerian data
2026-03-23 14:42:39,325 - INFO -   Testing on timesteps: [50, 51, 52, 53, 54, 55, 56, 57, 58, 59]
2026-03-23 14:42:39,326 - INFO - 
Processing 10 timesteps in 1 batches (size=30)...
2026-03-23 14:42:39,326 - INFO - 
[Batch 1/1] Processing timesteps 50-59...
2026-03-23 14:42:39,326 - INFO -   Loading timestep 50...
2026-03-23 14:42:39,630 - INFO -     Lagrangian: 22591 droplets
2026-03-23 14:42:39,630 - INFO -     Eulerian: 178164 cells
2026-03-23 14:42:39,633 - INFO -     Finding 1-nearest Eulerian neighbors for each droplet...
2026-03-23 14:42:39,771 - INFO -     ✓ Merged 22591 droplets with Eulerian values
2026-03-23 14:42:39,772 - INFO -   Loading timestep 51...
2026-03-23 14:42:40,075 - INFO -     Lagrangian: 22424 droplets
2026-03-23 14:42:40,076 - INFO -     Eulerian: 178164 cells
2026-03-23 14:42:40,077 - INFO -     Finding 1-nearest Eulerian neighbors for each droplet...
2026-03-23 14:42:40,208 - INFO -     ✓ Merged 22424 droplets with Eulerian values
2026-03-23 14:42:40,212 - INFO -   Loading timestep 52...
2026-03-23 14:42:40,471 - INFO -     Lagrangian: 22258 droplets
2026-03-23 14:42:40,471 - INFO -     Eulerian: 178164 cells
2026-03-23 14:42:40,472 - INFO -     Finding 1-nearest Eulerian neighbors for each droplet...
2026-03-23 14:42:40,611 - INFO -     ✓ Merged 22258 droplets with Eulerian values
2026-03-23 14:42:40,614 - INFO -   Loading timestep 53...
2026-03-23 14:42:40,884 - INFO -     Lagrangian: 22098 droplets
2026-03-23 14:42:40,884 - INFO -     Eulerian: 178164 cells
2026-03-23 14:42:40,885 - INFO -     Finding 1-nearest Eulerian neighbors for each droplet...
2026-03-23 14:42:41,005 - INFO -     ✓ Merged 22098 droplets with Eulerian values
2026-03-23 14:42:41,007 - INFO -   Loading timestep 54...
2026-03-23 14:42:41,297 - INFO -     Lagrangian: 21915 droplets
2026-03-23 14:42:41,298 - INFO -     Eulerian: 178164 cells
2026-03-23 14:42:41,300 - INFO -     Finding 1-nearest Eulerian neighbors for each droplet...
2026-03-23 14:42:41,435 - INFO -     ✓ Merged 21915 droplets with Eulerian values
2026-03-23 14:42:41,439 - INFO -   Loading timestep 55...
2026-03-23 14:42:41,713 - INFO -     Lagrangian: 21729 droplets
2026-03-23 14:42:41,713 - INFO -     Eulerian: 178164 cells
2026-03-23 14:42:41,714 - INFO -     Finding 1-nearest Eulerian neighbors for each droplet...
2026-03-23 14:42:41,846 - INFO -     ✓ Merged 21729 droplets with Eulerian values
2026-03-23 14:42:41,849 - INFO -   Loading timestep 56...
2026-03-23 14:42:42,129 - INFO -     Lagrangian: 21539 droplets
2026-03-23 14:42:42,129 - INFO -     Eulerian: 178164 cells
2026-03-23 14:42:42,130 - INFO -     Finding 1-nearest Eulerian neighbors for each droplet...
2026-03-23 14:42:42,263 - INFO -     ✓ Merged 21539 droplets with Eulerian values
2026-03-23 14:42:42,270 - INFO -   Loading timestep 57...
2026-03-23 14:42:42,566 - INFO -     Lagrangian: 21365 droplets
2026-03-23 14:42:42,566 - INFO -     Eulerian: 178164 cells
2026-03-23 14:42:42,568 - INFO -     Finding 1-nearest Eulerian neighbors for each droplet...
2026-03-23 14:42:42,705 - INFO -     ✓ Merged 21365 droplets with Eulerian values
2026-03-23 14:42:42,710 - INFO -   Loading timestep 58...
2026-03-23 14:42:42,956 - INFO -     Lagrangian: 21175 droplets
2026-03-23 14:42:42,956 - INFO -     Eulerian: 178164 cells
2026-03-23 14:42:42,958 - INFO -     Finding 1-nearest Eulerian neighbors for each droplet...
2026-03-23 14:42:43,088 - INFO -     ✓ Merged 21175 droplets with Eulerian values
2026-03-23 14:42:43,095 - INFO -   Loading timestep 59...
2026-03-23 14:42:43,363 - INFO -     Lagrangian: 20992 droplets
2026-03-23 14:42:43,364 - INFO -     Eulerian: 178164 cells
2026-03-23 14:42:43,365 - INFO -     Finding 1-nearest Eulerian neighbors for each droplet...
2026-03-23 14:42:43,518 - INFO -     ✓ Merged 20992 droplets with Eulerian values
2026-03-23 14:42:43,552 - INFO -   Batch loaded: 218,086 droplet records
2026-03-23 14:42:43,553 - INFO -   Creating paired data...
2026-03-23 14:42:43,553 - INFO - 
Creating paired timestep data...
2026-03-23 14:42:43,693 - INFO -   Total droplet records: 218,086
2026-03-23 14:42:43,694 - INFO -   Valid pairs (persistent): 195,495
2026-03-23 14:42:44,188 - INFO -   Created 195,495 paired samples
2026-03-23 14:42:44,203 - INFO -   Created 195,495 paired samples
2026-03-23 14:42:44,203 - INFO -   Splitting by particle ID...
2026-03-23 14:42:44,203 - INFO -     Splitting by particle ID...
2026-03-23 14:42:44,242 - INFO -       Train: 156,365 samples from 17,939 particles
2026-03-23 14:42:44,243 - INFO -       Val:   19,560 samples from 2,242 particles
2026-03-23 14:42:44,243 - INFO -       Test:  19,570 samples from 2,243 particles
2026-03-23 14:42:44,243 - INFO -   Batch 1 complete: 156,365 train / 19,560 val / 19,570 test
2026-03-23 14:42:44,245 - INFO - 
[Progress] Combining all batches...
2026-03-23 14:42:44,246 - INFO -   Combined train: 156,365 samples
2026-03-23 14:42:44,246 - INFO -   Combined val: 19,560 samples
2026-03-23 14:42:44,246 - INFO -   Combined test: 19,570 samples
2026-03-23 14:42:44,246 - INFO - 
[Progress] Normalizing all splits...
2026-03-23 14:42:44,246 - INFO -     Fitting scalers on combined training data (156,365 samples)...
2026-03-23 14:42:44,282 - INFO -     Creating normalized and absolute columns...
2026-03-23 14:42:44,388 - INFO -     ✓ All splits normalized
2026-03-23 14:42:44,388 - INFO - 
[Progress] Saving results...
2026-03-23 14:42:44,388 - INFO - 
Saving results to CSV files...
2026-03-23 14:42:44,388 - INFO -   Computing clustering absolute columns...
2026-03-23 14:42:44,435 - INFO -   Saving train (156,365 rows, 54 columns)...
2026-03-23 14:42:52,979 - INFO -     ✓ data_sample/train_paired.csv
2026-03-23 14:42:52,979 - INFO -   Saving val (19,560 rows, 54 columns)...
2026-03-23 14:42:53,866 - INFO -     ✓ data_sample/val_paired.csv
2026-03-23 14:42:53,867 - INFO -   Saving test (19,570 rows, 54 columns)...
2026-03-23 14:42:54,784 - INFO -     ✓ data_sample/test_paired.csv
2026-03-23 14:42:54,784 - INFO -   Saving metadata...
2026-03-23 14:42:54,786 - INFO -     ✓ data_sample/metadata.pkl
2026-03-23 14:42:54,786 - INFO - 
================================================================================
2026-03-23 14:42:54,786 - INFO - ✓ PREPROCESSING COMPLETE
2026-03-23 14:42:54,786 - INFO - ================================================================================
2026-03-23 14:42:54,787 - INFO - 
Dataset Summary:
2026-03-23 14:42:54,788 - INFO -   • Train: 156,365 samples from 17,939 particles
2026-03-23 14:42:54,789 - INFO -   • Val:   19,560 samples from 2,242 particles
2026-03-23 14:42:54,789 - INFO -   • Test:  19,570 samples from 2,243 particles
2026-03-23 14:42:54,789 - INFO -   • Total: 195,495 paired samples
2026-03-23 14:42:54,789 - INFO -   • Columns: 57 (including normalized + absolute + positions)
2026-03-23 14:42:54,789 - INFO - 
Output Files:
2026-03-23 14:42:54,789 - INFO -   • 📊 data_sample/train_paired.csv
2026-03-23 14:42:54,790 - INFO -   • 📊 data_sample/val_paired.csv
2026-03-23 14:42:54,790 - INFO -   • 📊 data_sample/test_paired.csv
2026-03-23 14:42:54,790 - INFO -   • 📦 data_sample/metadata.pkl
2026-03-23 14:42:54,790 - INFO - 
Log File:
2026-03-23 14:42:54,790 - INFO -   • 📝 logs/preprocessing_20260323_144239.log
2026-03-23 14:42:54,790 - INFO - ================================================================================
