2026-03-23 13:20:45,138 - INFO - Log file: logs/preprocessing_20260323_132045.log
2026-03-23 13:20:45,138 - INFO - ================================================================================
2026-03-23 13:20:45,138 - INFO - RAW DATA TO TRAINING - COMPLETE PREPROCESSING
2026-03-23 13:20:45,138 - INFO - ================================================================================
2026-03-23 13:20:45,138 - INFO - Output directory: data
2026-03-23 13:20:45,138 - INFO - Log file: logs/preprocessing_20260323_132045.log
2026-03-23 13:20:45,138 - INFO - Scanning for available timestep files...
2026-03-23 13:20:45,141 - INFO -   Found 200 timesteps with both Lagrangian and Eulerian data
2026-03-23 13:20:45,141 - INFO - 
Loading and merging 200 timesteps...
2026-03-23 13:20:45,141 - INFO -   [1/200] Processing timestep 1...
2026-03-23 13:20:45,141 - INFO -   Loading timestep 1...
2026-03-23 13:20:45,449 - INFO -     Lagrangian: 1000 droplets
2026-03-23 13:20:45,449 - INFO -     Eulerian: 178164 cells
2026-03-23 13:20:45,457 - INFO -     Finding 1-nearest Eulerian neighbors for each droplet...
2026-03-23 13:20:45,534 - INFO -     ✓ Merged 1000 droplets with Eulerian values
2026-03-23 13:20:45,535 - INFO -   [2/200] Processing timestep 2...
2026-03-23 13:20:45,535 - INFO -   Loading timestep 2...
2026-03-23 13:20:45,715 - INFO -     Lagrangian: 2000 droplets
2026-03-23 13:20:45,715 - INFO -     Eulerian: 178164 cells
2026-03-23 13:20:45,717 - INFO -     Finding 1-nearest Eulerian neighbors for each droplet...
2026-03-23 13:20:45,794 - INFO -     ✓ Merged 2000 droplets with Eulerian values
2026-03-23 13:20:45,802 - INFO -   [3/200] Processing timestep 3...
2026-03-23 13:20:45,802 - INFO -   Loading timestep 3...
2026-03-23 13:20:46,045 - INFO -     Lagrangian: 3000 droplets
2026-03-23 13:20:46,045 - INFO -     Eulerian: 178164 cells
2026-03-23 13:20:46,047 - INFO -     Finding 1-nearest Eulerian neighbors for each droplet...
2026-03-23 13:20:46,126 - INFO -     ✓ Merged 3000 droplets with Eulerian values
2026-03-23 13:20:46,132 - INFO -   [4/200] Processing timestep 4...
2026-03-23 13:20:46,132 - INFO -   Loading timestep 4...
2026-03-23 13:20:46,337 - INFO -     Lagrangian: 4000 droplets
2026-03-23 13:20:46,338 - INFO -     Eulerian: 178164 cells
2026-03-23 13:20:46,339 - INFO -     Finding 1-nearest Eulerian neighbors for each droplet...
2026-03-23 13:20:46,421 - INFO -     ✓ Merged 4000 droplets with Eulerian values
2026-03-23 13:20:46,428 - INFO -   [5/200] Processing timestep 5...
2026-03-23 13:20:46,428 - INFO -   Loading timestep 5...
2026-03-23 13:20:46,624 - INFO -     Lagrangian: 5000 droplets
2026-03-23 13:20:46,624 - INFO -     Eulerian: 178164 cells
2026-03-23 13:20:46,626 - INFO -     Finding 1-nearest Eulerian neighbors for each droplet...
2026-03-23 13:20:46,715 - INFO -     ✓ Merged 5000 droplets with Eulerian values
2026-03-23 13:20:46,720 - INFO -   [6/200] Processing timestep 6...
2026-03-23 13:20:46,721 - INFO -   Loading timestep 6...
2026-03-23 13:20:46,964 - INFO -     Lagrangian: 6000 droplets
2026-03-23 13:20:46,965 - INFO -     Eulerian: 178164 cells
2026-03-23 13:20:46,968 - INFO -     Finding 1-nearest Eulerian neighbors for each droplet...
2026-03-23 13:20:47,083 - INFO -     ✓ Merged 6000 droplets with Eulerian values
2026-03-23 13:20:47,090 - INFO -   [7/200] Processing timestep 7...
2026-03-23 13:20:47,090 - INFO -   Loading timestep 7...
2026-03-23 13:20:47,322 - INFO -     Lagrangian: 7000 droplets
2026-03-23 13:20:47,322 - INFO -     Eulerian: 178164 cells
2026-03-23 13:20:47,324 - INFO -     Finding 1-nearest Eulerian neighbors for each droplet...
2026-03-23 13:20:47,434 - INFO -     ✓ Merged 7000 droplets with Eulerian values
2026-03-23 13:20:47,440 - INFO -   [8/200] Processing timestep 8...
2026-03-23 13:20:47,440 - INFO -   Loading timestep 8...
2026-03-23 13:20:47,649 - INFO -     Lagrangian: 8000 droplets
2026-03-23 13:20:47,649 - INFO -     Eulerian: 178164 cells
2026-03-23 13:20:47,650 - INFO -     Finding 1-nearest Eulerian neighbors for each droplet...
2026-03-23 13:20:47,744 - INFO -     ✓ Merged 8000 droplets with Eulerian values
2026-03-23 13:20:47,752 - INFO -   [9/200] Processing timestep 9...
2026-03-23 13:20:47,752 - INFO -   Loading timestep 9...
2026-03-23 13:20:47,952 - INFO -     Lagrangian: 9000 droplets
2026-03-23 13:20:47,952 - INFO -     Eulerian: 178164 cells
2026-03-23 13:20:47,954 - INFO -     Finding 1-nearest Eulerian neighbors for each droplet...
2026-03-23 13:20:48,053 - INFO -     ✓ Merged 9000 droplets with Eulerian values
2026-03-23 13:20:48,059 - INFO -   [10/200] Processing timestep 10...
2026-03-23 13:20:48,059 - INFO -   Loading timestep 10...
2026-03-23 13:20:48,282 - INFO -     Lagrangian: 10000 droplets
2026-03-23 13:20:48,282 - INFO -     Eulerian: 178164 cells
2026-03-23 13:20:48,284 - INFO -     Finding 1-nearest Eulerian neighbors for each droplet...
2026-03-23 13:20:48,393 - INFO -     ✓ Merged 10000 droplets with Eulerian values
2026-03-23 13:20:48,399 - INFO -   [11/200] Processing timestep 11...
2026-03-23 13:20:48,399 - INFO -   Loading timestep 11...
2026-03-23 13:20:48,660 - INFO -     Lagrangian: 10999 droplets
2026-03-23 13:20:48,661 - INFO -     Eulerian: 178164 cells
2026-03-23 13:20:48,662 - INFO -     Finding 1-nearest Eulerian neighbors for each droplet...
2026-03-23 13:20:48,768 - INFO -     ✓ Merged 10999 droplets with Eulerian values
2026-03-23 13:20:48,774 - INFO -   [12/200] Processing timestep 12...
2026-03-23 13:20:48,774 - INFO -   Loading timestep 12...
2026-03-23 13:20:48,998 - INFO -     Lagrangian: 11997 droplets
2026-03-23 13:20:48,999 - INFO -     Eulerian: 178164 cells
2026-03-23 13:20:49,000 - INFO -     Finding 1-nearest Eulerian neighbors for each droplet...
2026-03-23 13:20:49,104 - INFO -     ✓ Merged 11997 droplets with Eulerian values
2026-03-23 13:20:49,110 - INFO -   [13/200] Processing timestep 13...
2026-03-23 13:20:49,110 - INFO -   Loading timestep 13...
2026-03-23 13:20:49,305 - INFO -     Lagrangian: 12996 droplets
2026-03-23 13:20:49,306 - INFO -     Eulerian: 178164 cells
2026-03-23 13:20:49,307 - INFO -     Finding 1-nearest Eulerian neighbors for each droplet...
2026-03-23 13:20:49,409 - INFO -     ✓ Merged 12996 droplets with Eulerian values
2026-03-23 13:20:49,415 - INFO -   [14/200] Processing timestep 14...
2026-03-23 13:20:49,415 - INFO -   Loading timestep 14...
2026-03-23 13:20:49,625 - INFO -     Lagrangian: 13995 droplets
2026-03-23 13:20:49,626 - INFO -     Eulerian: 178164 cells
2026-03-23 13:20:49,627 - INFO -     Finding 1-nearest Eulerian neighbors for each droplet...
2026-03-23 13:20:49,761 - INFO -     ✓ Merged 13995 droplets with Eulerian values
2026-03-23 13:20:49,767 - INFO -   [15/200] Processing timestep 15...
2026-03-23 13:20:49,767 - INFO -   Loading timestep 15...
2026-03-23 13:20:49,990 - INFO -     Lagrangian: 14995 droplets
2026-03-23 13:20:49,990 - INFO -     Eulerian: 178164 cells
2026-03-23 13:20:49,991 - INFO -     Finding 1-nearest Eulerian neighbors for each droplet...
2026-03-23 13:20:50,103 - INFO -     ✓ Merged 14995 droplets with Eulerian values
2026-03-23 13:20:50,109 - INFO -   [16/200] Processing timestep 16...
2026-03-23 13:20:50,110 - INFO -   Loading timestep 16...
2026-03-23 13:20:50,342 - INFO -     Lagrangian: 15993 droplets
2026-03-23 13:20:50,342 - INFO -     Eulerian: 178164 cells
2026-03-23 13:20:50,344 - INFO -     Finding 1-nearest Eulerian neighbors for each droplet...
2026-03-23 13:20:50,461 - INFO -     ✓ Merged 15993 droplets with Eulerian values
2026-03-23 13:20:50,467 - INFO -   [17/200] Processing timestep 17...
2026-03-23 13:20:50,467 - INFO -   Loading timestep 17...
2026-03-23 13:20:50,666 - INFO -     Lagrangian: 16992 droplets
2026-03-23 13:20:50,666 - INFO -     Eulerian: 178164 cells
2026-03-23 13:20:50,667 - INFO -     Finding 1-nearest Eulerian neighbors for each droplet...
2026-03-23 13:20:50,776 - INFO -     ✓ Merged 16992 droplets with Eulerian values
2026-03-23 13:20:50,781 - INFO -   [18/200] Processing timestep 18...
2026-03-23 13:20:50,781 - INFO -   Loading timestep 18...
2026-03-23 13:20:50,974 - INFO -     Lagrangian: 17991 droplets
2026-03-23 13:20:50,974 - INFO -     Eulerian: 178164 cells
2026-03-23 13:20:50,976 - INFO -     Finding 1-nearest Eulerian neighbors for each droplet...
2026-03-23 13:20:51,078 - INFO -     ✓ Merged 17991 droplets with Eulerian values
2026-03-23 13:20:51,084 - INFO -   [19/200] Processing timestep 19...
2026-03-23 13:20:51,084 - INFO -   Loading timestep 19...
2026-03-23 13:20:51,285 - INFO -     Lagrangian: 18988 droplets
2026-03-23 13:20:51,285 - INFO -     Eulerian: 178164 cells
2026-03-23 13:20:51,286 - INFO -     Finding 1-nearest Eulerian neighbors for each droplet...
2026-03-23 13:20:51,402 - INFO -     ✓ Merged 18988 droplets with Eulerian values
2026-03-23 13:20:51,409 - INFO -   [20/200] Processing timestep 20...
2026-03-23 13:20:51,409 - INFO -   Loading timestep 20...
2026-03-23 13:20:51,605 - INFO -     Lagrangian: 19986 droplets
2026-03-23 13:20:51,606 - INFO -     Eulerian: 178164 cells
2026-03-23 13:20:51,607 - INFO -     Finding 1-nearest Eulerian neighbors for each droplet...
2026-03-23 13:20:51,712 - INFO -     ✓ Merged 19986 droplets with Eulerian values
2026-03-23 13:20:51,718 - INFO -   [21/200] Processing timestep 21...
2026-03-23 13:20:51,718 - INFO -   Loading timestep 21...
2026-03-23 13:20:51,913 - INFO -     Lagrangian: 20979 droplets
2026-03-23 13:20:51,913 - INFO -     Eulerian: 178164 cells
2026-03-23 13:20:51,914 - INFO -     Finding 1-nearest Eulerian neighbors for each droplet...
2026-03-23 13:20:52,024 - INFO -     ✓ Merged 20979 droplets with Eulerian values
2026-03-23 13:20:52,030 - INFO -   [22/200] Processing timestep 22...
2026-03-23 13:20:52,030 - INFO -   Loading timestep 22...
2026-03-23 13:20:52,260 - INFO -     Lagrangian: 21974 droplets
2026-03-23 13:20:52,260 - INFO -     Eulerian: 178164 cells
2026-03-23 13:20:52,262 - INFO -     Finding 1-nearest Eulerian neighbors for each droplet...
2026-03-23 13:20:52,373 - INFO -     ✓ Merged 21974 droplets with Eulerian values
2026-03-23 13:20:52,379 - INFO -   [23/200] Processing timestep 23...
2026-03-23 13:20:52,379 - INFO -   Loading timestep 23...
2026-03-23 13:20:52,603 - INFO -     Lagrangian: 22965 droplets
2026-03-23 13:20:52,603 - INFO -     Eulerian: 178164 cells
2026-03-23 13:20:52,604 - INFO -     Finding 1-nearest Eulerian neighbors for each droplet...
2026-03-23 13:20:52,715 - INFO -     ✓ Merged 22965 droplets with Eulerian values
2026-03-23 13:20:52,721 - INFO -   [24/200] Processing timestep 24...
2026-03-23 13:20:52,721 - INFO -   Loading timestep 24...
2026-03-23 13:20:52,917 - INFO -     Lagrangian: 23958 droplets
2026-03-23 13:20:52,917 - INFO -     Eulerian: 178164 cells
2026-03-23 13:20:52,918 - INFO -     Finding 1-nearest Eulerian neighbors for each droplet...
2026-03-23 13:20:53,029 - INFO -     ✓ Merged 23958 droplets with Eulerian values
2026-03-23 13:20:53,035 - INFO -   [25/200] Processing timestep 25...
2026-03-23 13:20:53,035 - INFO -   Loading timestep 25...
2026-03-23 13:20:53,260 - INFO -     Lagrangian: 24948 droplets
2026-03-23 13:20:53,260 - INFO -     Eulerian: 178164 cells
2026-03-23 13:20:53,261 - INFO -     Finding 1-nearest Eulerian neighbors for each droplet...
2026-03-23 13:20:53,376 - INFO -     ✓ Merged 24948 droplets with Eulerian values
2026-03-23 13:20:53,382 - INFO -   [26/200] Processing timestep 26...
2026-03-23 13:20:53,382 - INFO -   Loading timestep 26...
2026-03-23 13:20:53,612 - INFO -     Lagrangian: 24930 droplets
2026-03-23 13:20:53,612 - INFO -     Eulerian: 178164 cells
2026-03-23 13:20:53,614 - INFO -     Finding 1-nearest Eulerian neighbors for each droplet...
2026-03-23 13:20:53,726 - INFO -     ✓ Merged 24930 droplets with Eulerian values
2026-03-23 13:20:53,732 - INFO -   [27/200] Processing timestep 27...
2026-03-23 13:20:53,732 - INFO -   Loading timestep 27...
2026-03-23 13:20:53,935 - INFO -     Lagrangian: 24918 droplets
2026-03-23 13:20:53,935 - INFO -     Eulerian: 178164 cells
2026-03-23 13:20:53,936 - INFO -     Finding 1-nearest Eulerian neighbors for each droplet...
2026-03-23 13:20:54,050 - INFO -     ✓ Merged 24918 droplets with Eulerian values
2026-03-23 13:20:54,056 - INFO -   [28/200] Processing timestep 28...
2026-03-23 13:20:54,057 - INFO -   Loading timestep 28...
2026-03-23 13:20:54,257 - INFO -     Lagrangian: 24902 droplets
2026-03-23 13:20:54,257 - INFO -     Eulerian: 178164 cells
2026-03-23 13:20:54,259 - INFO -     Finding 1-nearest Eulerian neighbors for each droplet...
2026-03-23 13:20:54,370 - INFO -     ✓ Merged 24902 droplets with Eulerian values
2026-03-23 13:20:54,376 - INFO -   [29/200] Processing timestep 29...
2026-03-23 13:20:54,376 - INFO -   Loading timestep 29...
2026-03-23 13:20:54,578 - INFO -     Lagrangian: 24889 droplets
2026-03-23 13:20:54,578 - INFO -     Eulerian: 178164 cells
2026-03-23 13:20:54,579 - INFO -     Finding 1-nearest Eulerian neighbors for each droplet...
2026-03-23 13:20:54,693 - INFO -     ✓ Merged 24889 droplets with Eulerian values
2026-03-23 13:20:54,699 - INFO -   [30/200] Processing timestep 30...
2026-03-23 13:20:54,700 - INFO -   Loading timestep 30...
2026-03-23 13:20:54,927 - INFO -     Lagrangian: 24876 droplets
2026-03-23 13:20:54,927 - INFO -     Eulerian: 178164 cells
2026-03-23 13:20:54,929 - INFO -     Finding 1-nearest Eulerian neighbors for each droplet...
2026-03-23 13:20:55,046 - INFO -     ✓ Merged 24876 droplets with Eulerian values
2026-03-23 13:20:55,052 - INFO -   [31/200] Processing timestep 31...
2026-03-23 13:20:55,052 - INFO -   Loading timestep 31...
2026-03-23 13:20:55,256 - INFO -     Lagrangian: 24854 droplets
2026-03-23 13:20:55,256 - INFO -     Eulerian: 178164 cells
2026-03-23 13:20:55,257 - INFO -     Finding 1-nearest Eulerian neighbors for each droplet...
2026-03-23 13:20:55,370 - INFO -     ✓ Merged 24854 droplets with Eulerian values
2026-03-23 13:20:55,375 - INFO -   [32/200] Processing timestep 32...
2026-03-23 13:20:55,376 - INFO -   Loading timestep 32...
2026-03-23 13:20:55,601 - INFO -     Lagrangian: 24812 droplets
2026-03-23 13:20:55,601 - INFO -     Eulerian: 178164 cells
2026-03-23 13:20:55,603 - INFO -     Finding 1-nearest Eulerian neighbors for each droplet...
2026-03-23 13:20:55,721 - INFO -     ✓ Merged 24812 droplets with Eulerian values
2026-03-23 13:20:55,727 - INFO -   [33/200] Processing timestep 33...
2026-03-23 13:20:55,727 - INFO -   Loading timestep 33...
2026-03-23 13:20:55,936 - INFO -     Lagrangian: 24785 droplets
2026-03-23 13:20:55,937 - INFO -     Eulerian: 178164 cells
2026-03-23 13:20:55,938 - INFO -     Finding 1-nearest Eulerian neighbors for each droplet...
2026-03-23 13:20:56,056 - INFO -     ✓ Merged 24785 droplets with Eulerian values
2026-03-23 13:20:56,061 - INFO -   [34/200] Processing timestep 34...
2026-03-23 13:20:56,061 - INFO -   Loading timestep 34...
2026-03-23 13:20:56,268 - INFO -     Lagrangian: 24757 droplets
2026-03-23 13:20:56,269 - INFO -     Eulerian: 178164 cells
2026-03-23 13:20:56,270 - INFO -     Finding 1-nearest Eulerian neighbors for each droplet...
2026-03-23 13:20:56,401 - INFO -     ✓ Merged 24757 droplets with Eulerian values
2026-03-23 13:20:56,406 - INFO -   [35/200] Processing timestep 35...
2026-03-23 13:20:56,406 - INFO -   Loading timestep 35...
2026-03-23 13:20:56,618 - INFO -     Lagrangian: 24717 droplets
2026-03-23 13:20:56,618 - INFO -     Eulerian: 178164 cells
2026-03-23 13:20:56,619 - INFO -     Finding 1-nearest Eulerian neighbors for each droplet...
2026-03-23 13:20:56,738 - INFO -     ✓ Merged 24717 droplets with Eulerian values
2026-03-23 13:20:56,743 - INFO -   [36/200] Processing timestep 36...
2026-03-23 13:20:56,743 - INFO -   Loading timestep 36...
2026-03-23 13:20:56,958 - INFO -     Lagrangian: 24659 droplets
2026-03-23 13:20:56,958 - INFO -     Eulerian: 178164 cells
2026-03-23 13:20:56,960 - INFO -     Finding 1-nearest Eulerian neighbors for each droplet...
2026-03-23 13:20:57,078 - INFO -     ✓ Merged 24659 droplets with Eulerian values
2026-03-23 13:20:57,084 - INFO -   [37/200] Processing timestep 37...
2026-03-23 13:20:57,084 - INFO -   Loading timestep 37...
2026-03-23 13:20:57,306 - INFO -     Lagrangian: 24603 droplets
2026-03-23 13:20:57,306 - INFO -     Eulerian: 178164 cells
2026-03-23 13:20:57,308 - INFO -     Finding 1-nearest Eulerian neighbors for each droplet...
2026-03-23 13:20:57,425 - INFO -     ✓ Merged 24603 droplets with Eulerian values
2026-03-23 13:20:57,430 - INFO -   [38/200] Processing timestep 38...
2026-03-23 13:20:57,430 - INFO -   Loading timestep 38...
2026-03-23 13:20:57,640 - INFO -     Lagrangian: 24558 droplets
2026-03-23 13:20:57,641 - INFO -     Eulerian: 178164 cells
2026-03-23 13:20:57,642 - INFO -     Finding 1-nearest Eulerian neighbors for each droplet...
2026-03-23 13:20:57,753 - INFO -     ✓ Merged 24558 droplets with Eulerian values
2026-03-23 13:20:57,758 - INFO -   [39/200] Processing timestep 39...
2026-03-23 13:20:57,758 - INFO -   Loading timestep 39...
2026-03-23 13:20:57,959 - INFO -     Lagrangian: 24492 droplets
2026-03-23 13:20:57,959 - INFO -     Eulerian: 178164 cells
2026-03-23 13:20:57,960 - INFO -     Finding 1-nearest Eulerian neighbors for each droplet...
2026-03-23 13:20:58,072 - INFO -     ✓ Merged 24492 droplets with Eulerian values
2026-03-23 13:20:58,077 - INFO -   [40/200] Processing timestep 40...
2026-03-23 13:20:58,078 - INFO -   Loading timestep 40...
2026-03-23 13:20:58,285 - INFO -     Lagrangian: 24382 droplets
2026-03-23 13:20:58,285 - INFO -     Eulerian: 178164 cells
2026-03-23 13:20:58,286 - INFO -     Finding 1-nearest Eulerian neighbors for each droplet...
2026-03-23 13:20:58,402 - INFO -     ✓ Merged 24382 droplets with Eulerian values
2026-03-23 13:20:58,408 - INFO -   [41/200] Processing timestep 41...
2026-03-23 13:20:58,408 - INFO -   Loading timestep 41...
2026-03-23 13:20:58,659 - INFO -     Lagrangian: 24245 droplets
2026-03-23 13:20:58,659 - INFO -     Eulerian: 178164 cells
2026-03-23 13:20:58,660 - INFO -     Finding 1-nearest Eulerian neighbors for each droplet...
2026-03-23 13:20:58,774 - INFO -     ✓ Merged 24245 droplets with Eulerian values
2026-03-23 13:20:58,778 - INFO -   [42/200] Processing timestep 42...
2026-03-23 13:20:58,778 - INFO -   Loading timestep 42...
2026-03-23 13:20:58,981 - INFO -     Lagrangian: 24076 droplets
2026-03-23 13:20:58,982 - INFO -     Eulerian: 178164 cells
2026-03-23 13:20:58,983 - INFO -     Finding 1-nearest Eulerian neighbors for each droplet...
2026-03-23 13:20:59,098 - INFO -     ✓ Merged 24076 droplets with Eulerian values
2026-03-23 13:20:59,103 - INFO -   [43/200] Processing timestep 43...
2026-03-23 13:20:59,103 - INFO -   Loading timestep 43...
2026-03-23 13:20:59,320 - INFO -     Lagrangian: 23885 droplets
2026-03-23 13:20:59,320 - INFO -     Eulerian: 178164 cells
2026-03-23 13:20:59,321 - INFO -     Finding 1-nearest Eulerian neighbors for each droplet...
2026-03-23 13:20:59,435 - INFO -     ✓ Merged 23885 droplets with Eulerian values
2026-03-23 13:20:59,439 - INFO -   [44/200] Processing timestep 44...
2026-03-23 13:20:59,440 - INFO -   Loading timestep 44...
2026-03-23 13:20:59,652 - INFO -     Lagrangian: 23686 droplets
2026-03-23 13:20:59,653 - INFO -     Eulerian: 178164 cells
2026-03-23 13:20:59,654 - INFO -     Finding 1-nearest Eulerian neighbors for each droplet...
2026-03-23 13:20:59,772 - INFO -     ✓ Merged 23686 droplets with Eulerian values
2026-03-23 13:20:59,777 - INFO -   [45/200] Processing timestep 45...
2026-03-23 13:20:59,777 - INFO -   Loading timestep 45...
2026-03-23 13:20:59,981 - INFO -     Lagrangian: 23485 droplets
2026-03-23 13:20:59,981 - INFO -     Eulerian: 178164 cells
2026-03-23 13:20:59,982 - INFO -     Finding 1-nearest Eulerian neighbors for each droplet...
2026-03-23 13:21:00,095 - INFO -     ✓ Merged 23485 droplets with Eulerian values
2026-03-23 13:21:00,101 - INFO -   [46/200] Processing timestep 46...
2026-03-23 13:21:00,101 - INFO -   Loading timestep 46...
2026-03-23 13:21:00,308 - INFO -     Lagrangian: 23299 droplets
2026-03-23 13:21:00,308 - INFO -     Eulerian: 178164 cells
2026-03-23 13:21:00,310 - INFO -     Finding 1-nearest Eulerian neighbors for each droplet...
2026-03-23 13:21:00,426 - INFO -     ✓ Merged 23299 droplets with Eulerian values
2026-03-23 13:21:00,432 - INFO -   [47/200] Processing timestep 47...
2026-03-23 13:21:00,432 - INFO -   Loading timestep 47...
2026-03-23 13:21:00,635 - INFO -     Lagrangian: 23111 droplets
2026-03-23 13:21:00,635 - INFO -     Eulerian: 178164 cells
2026-03-23 13:21:00,636 - INFO -     Finding 1-nearest Eulerian neighbors for each droplet...
2026-03-23 13:21:00,752 - INFO -     ✓ Merged 23111 droplets with Eulerian values
2026-03-23 13:21:00,758 - INFO -   [48/200] Processing timestep 48...
2026-03-23 13:21:00,758 - INFO -   Loading timestep 48...
2026-03-23 13:21:00,965 - INFO -     Lagrangian: 22923 droplets
2026-03-23 13:21:00,965 - INFO -     Eulerian: 178164 cells
2026-03-23 13:21:00,967 - INFO -     Finding 1-nearest Eulerian neighbors for each droplet...
2026-03-23 13:21:01,078 - INFO -     ✓ Merged 22923 droplets with Eulerian values
2026-03-23 13:21:01,085 - INFO -   [49/200] Processing timestep 49...
2026-03-23 13:21:01,085 - INFO -   Loading timestep 49...
2026-03-23 13:21:01,289 - INFO -     Lagrangian: 22751 droplets
2026-03-23 13:21:01,289 - INFO -     Eulerian: 178164 cells
2026-03-23 13:21:01,290 - INFO -     Finding 1-nearest Eulerian neighbors for each droplet...
2026-03-23 13:21:01,402 - INFO -     ✓ Merged 22751 droplets with Eulerian values
2026-03-23 13:21:01,409 - INFO -   [50/200] Processing timestep 50...
2026-03-23 13:21:01,409 - INFO -   Loading timestep 50...
2026-03-23 13:21:01,628 - INFO -     Lagrangian: 22591 droplets
2026-03-23 13:21:01,628 - INFO -     Eulerian: 178164 cells
2026-03-23 13:21:01,629 - INFO -     Finding 1-nearest Eulerian neighbors for each droplet...
2026-03-23 13:21:01,742 - INFO -     ✓ Merged 22591 droplets with Eulerian values
2026-03-23 13:21:01,748 - INFO -   [51/200] Processing timestep 51...
2026-03-23 13:21:01,748 - INFO -   Loading timestep 51...
2026-03-23 13:21:01,944 - INFO -     Lagrangian: 22424 droplets
2026-03-23 13:21:01,944 - INFO -     Eulerian: 178164 cells
2026-03-23 13:21:01,946 - INFO -     Finding 1-nearest Eulerian neighbors for each droplet...
2026-03-23 13:21:02,069 - INFO -     ✓ Merged 22424 droplets with Eulerian values
2026-03-23 13:21:02,074 - INFO -   [52/200] Processing timestep 52...
2026-03-23 13:21:02,074 - INFO -   Loading timestep 52...
2026-03-23 13:21:02,266 - INFO -     Lagrangian: 22258 droplets
2026-03-23 13:21:02,267 - INFO -     Eulerian: 178164 cells
2026-03-23 13:21:02,269 - INFO -     Finding 1-nearest Eulerian neighbors for each droplet...
2026-03-23 13:21:02,385 - INFO -     ✓ Merged 22258 droplets with Eulerian values
2026-03-23 13:21:02,391 - INFO -   [53/200] Processing timestep 53...
2026-03-23 13:21:02,391 - INFO -   Loading timestep 53...
2026-03-23 13:21:02,640 - INFO -     Lagrangian: 22098 droplets
2026-03-23 13:21:02,641 - INFO -     Eulerian: 178164 cells
2026-03-23 13:21:02,642 - INFO -     Finding 1-nearest Eulerian neighbors for each droplet...
2026-03-23 13:21:02,758 - INFO -     ✓ Merged 22098 droplets with Eulerian values
2026-03-23 13:21:02,764 - INFO -   [54/200] Processing timestep 54...
2026-03-23 13:21:02,764 - INFO -   Loading timestep 54...
2026-03-23 13:21:03,009 - INFO -     Lagrangian: 21915 droplets
2026-03-23 13:21:03,009 - INFO -     Eulerian: 178164 cells
2026-03-23 13:21:03,011 - INFO -     Finding 1-nearest Eulerian neighbors for each droplet...
2026-03-23 13:21:03,134 - INFO -     ✓ Merged 21915 droplets with Eulerian values
2026-03-23 13:21:03,141 - INFO -   [55/200] Processing timestep 55...
2026-03-23 13:21:03,141 - INFO -   Loading timestep 55...
2026-03-23 13:21:03,396 - INFO -     Lagrangian: 21729 droplets
2026-03-23 13:21:03,396 - INFO -     Eulerian: 178164 cells
2026-03-23 13:21:03,397 - INFO -     Finding 1-nearest Eulerian neighbors for each droplet...
2026-03-23 13:21:03,517 - INFO -     ✓ Merged 21729 droplets with Eulerian values
2026-03-23 13:21:03,524 - INFO -   [56/200] Processing timestep 56...
2026-03-23 13:21:03,525 - INFO -   Loading timestep 56...
2026-03-23 13:21:03,776 - INFO -     Lagrangian: 21539 droplets
2026-03-23 13:21:03,776 - INFO -     Eulerian: 178164 cells
2026-03-23 13:21:03,778 - INFO -     Finding 1-nearest Eulerian neighbors for each droplet...
2026-03-23 13:21:03,896 - INFO -     ✓ Merged 21539 droplets with Eulerian values
2026-03-23 13:21:03,901 - INFO -   [57/200] Processing timestep 57...
2026-03-23 13:21:03,901 - INFO -   Loading timestep 57...
2026-03-23 13:21:04,193 - INFO -     Lagrangian: 21365 droplets
2026-03-23 13:21:04,193 - INFO -     Eulerian: 178164 cells
2026-03-23 13:21:04,195 - INFO -     Finding 1-nearest Eulerian neighbors for each droplet...
2026-03-23 13:21:04,312 - INFO -     ✓ Merged 21365 droplets with Eulerian values
2026-03-23 13:21:04,318 - INFO -   [58/200] Processing timestep 58...
2026-03-23 13:21:04,319 - INFO -   Loading timestep 58...
2026-03-23 13:21:04,567 - INFO -     Lagrangian: 21175 droplets
2026-03-23 13:21:04,568 - INFO -     Eulerian: 178164 cells
2026-03-23 13:21:04,569 - INFO -     Finding 1-nearest Eulerian neighbors for each droplet...
2026-03-23 13:21:04,685 - INFO -     ✓ Merged 21175 droplets with Eulerian values
2026-03-23 13:21:04,691 - INFO -   [59/200] Processing timestep 59...
2026-03-23 13:21:04,692 - INFO -   Loading timestep 59...
2026-03-23 13:21:04,954 - INFO -     Lagrangian: 20992 droplets
2026-03-23 13:21:04,954 - INFO -     Eulerian: 178164 cells
2026-03-23 13:21:04,956 - INFO -     Finding 1-nearest Eulerian neighbors for each droplet...
2026-03-23 13:21:05,076 - INFO -     ✓ Merged 20992 droplets with Eulerian values
2026-03-23 13:21:05,083 - INFO -   [60/200] Processing timestep 60...
2026-03-23 13:21:05,083 - INFO -   Loading timestep 60...
2026-03-23 13:21:05,390 - INFO -     Lagrangian: 20802 droplets
2026-03-23 13:21:05,391 - INFO -     Eulerian: 178164 cells
2026-03-23 13:21:05,392 - INFO -     Finding 1-nearest Eulerian neighbors for each droplet...
2026-03-23 13:21:05,555 - INFO -     ✓ Merged 20802 droplets with Eulerian values
2026-03-23 13:21:05,564 - INFO -   [61/200] Processing timestep 61...
2026-03-23 13:21:05,564 - INFO -   Loading timestep 61...
2026-03-23 13:21:05,906 - INFO -     Lagrangian: 20601 droplets
2026-03-23 13:21:05,906 - INFO -     Eulerian: 178164 cells
2026-03-23 13:21:05,908 - INFO -     Finding 1-nearest Eulerian neighbors for each droplet...
2026-03-23 13:21:06,128 - INFO -     ✓ Merged 20601 droplets with Eulerian values
2026-03-23 13:21:06,134 - INFO -   [62/200] Processing timestep 62...
2026-03-23 13:21:06,134 - INFO -   Loading timestep 62...
2026-03-23 13:21:06,479 - INFO -     Lagrangian: 20405 droplets
2026-03-23 13:21:06,479 - INFO -     Eulerian: 178164 cells
2026-03-23 13:21:06,481 - INFO -     Finding 1-nearest Eulerian neighbors for each droplet...
2026-03-23 13:21:06,602 - INFO -     ✓ Merged 20405 droplets with Eulerian values
2026-03-23 13:21:06,609 - INFO -   [63/200] Processing timestep 63...
2026-03-23 13:21:06,609 - INFO -   Loading timestep 63...
2026-03-23 13:21:06,848 - INFO -     Lagrangian: 20212 droplets
2026-03-23 13:21:06,848 - INFO -     Eulerian: 178164 cells
2026-03-23 13:21:06,850 - INFO -     Finding 1-nearest Eulerian neighbors for each droplet...
2026-03-23 13:21:07,005 - INFO -     ✓ Merged 20212 droplets with Eulerian values
2026-03-23 13:21:07,013 - INFO -   [64/200] Processing timestep 64...
2026-03-23 13:21:07,014 - INFO -   Loading timestep 64...
2026-03-23 13:21:07,301 - INFO -     Lagrangian: 19970 droplets
2026-03-23 13:21:07,301 - INFO -     Eulerian: 178164 cells
2026-03-23 13:21:07,303 - INFO -     Finding 1-nearest Eulerian neighbors for each droplet...
2026-03-23 13:21:07,462 - INFO -     ✓ Merged 19970 droplets with Eulerian values
2026-03-23 13:21:07,471 - INFO -   [65/200] Processing timestep 65...
2026-03-23 13:21:07,471 - INFO -   Loading timestep 65...
2026-03-23 13:21:07,816 - INFO -     Lagrangian: 19733 droplets
2026-03-23 13:21:07,816 - INFO -     Eulerian: 178164 cells
2026-03-23 13:21:07,819 - INFO -     Finding 1-nearest Eulerian neighbors for each droplet...
2026-03-23 13:21:07,944 - INFO -     ✓ Merged 19733 droplets with Eulerian values
2026-03-23 13:21:07,950 - INFO -   [66/200] Processing timestep 66...
2026-03-23 13:21:07,951 - INFO -   Loading timestep 66...
2026-03-23 13:21:08,272 - INFO -     Lagrangian: 19478 droplets
2026-03-23 13:21:08,272 - INFO -     Eulerian: 178164 cells
2026-03-23 13:21:08,277 - INFO -     Finding 1-nearest Eulerian neighbors for each droplet...
2026-03-23 13:21:08,417 - INFO -     ✓ Merged 19478 droplets with Eulerian values
2026-03-23 13:21:08,424 - INFO -   [67/200] Processing timestep 67...
2026-03-23 13:21:08,424 - INFO -   Loading timestep 67...
2026-03-23 13:21:08,780 - INFO -     Lagrangian: 19205 droplets
2026-03-23 13:21:08,780 - INFO -     Eulerian: 178164 cells
2026-03-23 13:21:08,782 - INFO -     Finding 1-nearest Eulerian neighbors for each droplet...
2026-03-23 13:21:08,941 - INFO -     ✓ Merged 19205 droplets with Eulerian values
2026-03-23 13:21:08,948 - INFO -   [68/200] Processing timestep 68...
2026-03-23 13:21:08,949 - INFO -   Loading timestep 68...
2026-03-23 13:21:09,310 - INFO -     Lagrangian: 18948 droplets
2026-03-23 13:21:09,311 - INFO -     Eulerian: 178164 cells
2026-03-23 13:21:09,313 - INFO -     Finding 1-nearest Eulerian neighbors for each droplet...
2026-03-23 13:21:09,480 - INFO -     ✓ Merged 18948 droplets with Eulerian values
2026-03-23 13:21:09,489 - INFO -   [69/200] Processing timestep 69...
2026-03-23 13:21:09,489 - INFO -   Loading timestep 69...
2026-03-23 13:21:09,818 - INFO -     Lagrangian: 18674 droplets
2026-03-23 13:21:09,818 - INFO -     Eulerian: 178164 cells
2026-03-23 13:21:09,819 - INFO -     Finding 1-nearest Eulerian neighbors for each droplet...
2026-03-23 13:21:09,947 - INFO -     ✓ Merged 18674 droplets with Eulerian values
2026-03-23 13:21:09,953 - INFO -   [70/200] Processing timestep 70...
2026-03-23 13:21:09,954 - INFO -   Loading timestep 70...
2026-03-23 13:21:10,241 - INFO -     Lagrangian: 18382 droplets
2026-03-23 13:21:10,242 - INFO -     Eulerian: 178164 cells
2026-03-23 13:21:10,243 - INFO -     Finding 1-nearest Eulerian neighbors for each droplet...
2026-03-23 13:21:10,363 - INFO -     ✓ Merged 18382 droplets with Eulerian values
2026-03-23 13:21:10,371 - INFO -   [71/200] Processing timestep 71...
2026-03-23 13:21:10,371 - INFO -   Loading timestep 71...
2026-03-23 13:21:10,688 - INFO -     Lagrangian: 18082 droplets
2026-03-23 13:21:10,688 - INFO -     Eulerian: 178164 cells
2026-03-23 13:21:10,690 - INFO -     Finding 1-nearest Eulerian neighbors for each droplet...
2026-03-23 13:21:10,816 - INFO -     ✓ Merged 18082 droplets with Eulerian values
2026-03-23 13:21:10,825 - INFO -   [72/200] Processing timestep 72...
2026-03-23 13:21:10,825 - INFO -   Loading timestep 72...
2026-03-23 13:21:11,162 - INFO -     Lagrangian: 17767 droplets
2026-03-23 13:21:11,162 - INFO -     Eulerian: 178164 cells
2026-03-23 13:21:11,164 - INFO -     Finding 1-nearest Eulerian neighbors for each droplet...
2026-03-23 13:21:11,294 - INFO -     ✓ Merged 17767 droplets with Eulerian values
2026-03-23 13:21:11,301 - INFO -   [73/200] Processing timestep 73...
2026-03-23 13:21:11,301 - INFO -   Loading timestep 73...
2026-03-23 13:21:11,564 - INFO -     Lagrangian: 17405 droplets
2026-03-23 13:21:11,564 - INFO -     Eulerian: 178164 cells
2026-03-23 13:21:11,565 - INFO -     Finding 1-nearest Eulerian neighbors for each droplet...
2026-03-23 13:21:11,677 - INFO -     ✓ Merged 17405 droplets with Eulerian values
2026-03-23 13:21:11,684 - INFO -   [74/200] Processing timestep 74...
2026-03-23 13:21:11,684 - INFO -   Loading timestep 74...
2026-03-23 13:21:11,942 - INFO -     Lagrangian: 17060 droplets
2026-03-23 13:21:11,942 - INFO -     Eulerian: 178164 cells
2026-03-23 13:21:11,944 - INFO -     Finding 1-nearest Eulerian neighbors for each droplet...
2026-03-23 13:21:12,093 - INFO -     ✓ Merged 17060 droplets with Eulerian values
2026-03-23 13:21:12,101 - INFO -   [75/200] Processing timestep 75...
2026-03-23 13:21:12,101 - INFO -   Loading timestep 75...
2026-03-23 13:21:12,386 - INFO -     Lagrangian: 16733 droplets
2026-03-23 13:21:12,386 - INFO -     Eulerian: 178164 cells
2026-03-23 13:21:12,388 - INFO -     Finding 1-nearest Eulerian neighbors for each droplet...
2026-03-23 13:21:12,508 - INFO -     ✓ Merged 16733 droplets with Eulerian values
2026-03-23 13:21:12,516 - INFO -   [76/200] Processing timestep 76...
2026-03-23 13:21:12,516 - INFO -   Loading timestep 76...
2026-03-23 13:21:12,752 - INFO -     Lagrangian: 16416 droplets
2026-03-23 13:21:12,752 - INFO -     Eulerian: 178164 cells
2026-03-23 13:21:12,753 - INFO -     Finding 1-nearest Eulerian neighbors for each droplet...
2026-03-23 13:21:12,851 - INFO -     ✓ Merged 16416 droplets with Eulerian values
2026-03-23 13:21:12,858 - INFO -   [77/200] Processing timestep 77...
2026-03-23 13:21:12,858 - INFO -   Loading timestep 77...
2026-03-23 13:21:13,089 - INFO -     Lagrangian: 16088 droplets
2026-03-23 13:21:13,089 - INFO -     Eulerian: 178164 cells
2026-03-23 13:21:13,091 - INFO -     Finding 1-nearest Eulerian neighbors for each droplet...
2026-03-23 13:21:13,189 - INFO -     ✓ Merged 16088 droplets with Eulerian values
2026-03-23 13:21:13,195 - INFO -   [78/200] Processing timestep 78...
2026-03-23 13:21:13,196 - INFO -   Loading timestep 78...
2026-03-23 13:21:13,413 - INFO -     Lagrangian: 15736 droplets
2026-03-23 13:21:13,413 - INFO -     Eulerian: 178164 cells
2026-03-23 13:21:13,414 - INFO -     Finding 1-nearest Eulerian neighbors for each droplet...
2026-03-23 13:21:13,512 - INFO -     ✓ Merged 15736 droplets with Eulerian values
2026-03-23 13:21:13,518 - INFO -   [79/200] Processing timestep 79...
2026-03-23 13:21:13,519 - INFO -   Loading timestep 79...
2026-03-23 13:21:13,739 - INFO -     Lagrangian: 15425 droplets
2026-03-23 13:21:13,740 - INFO -     Eulerian: 178164 cells
2026-03-23 13:21:13,741 - INFO -     Finding 1-nearest Eulerian neighbors for each droplet...
2026-03-23 13:21:13,838 - INFO -     ✓ Merged 15425 droplets with Eulerian values
2026-03-23 13:21:13,844 - INFO -   [80/200] Processing timestep 80...
2026-03-23 13:21:13,844 - INFO -   Loading timestep 80...
2026-03-23 13:21:14,060 - INFO -     Lagrangian: 15138 droplets
2026-03-23 13:21:14,060 - INFO -     Eulerian: 178164 cells
2026-03-23 13:21:14,061 - INFO -     Finding 1-nearest Eulerian neighbors for each droplet...
2026-03-23 13:21:14,157 - INFO -     ✓ Merged 15138 droplets with Eulerian values
2026-03-23 13:21:14,164 - INFO -   [81/200] Processing timestep 81...
2026-03-23 13:21:14,164 - INFO -   Loading timestep 81...
2026-03-23 13:21:14,381 - INFO -     Lagrangian: 14821 droplets
2026-03-23 13:21:14,381 - INFO -     Eulerian: 178164 cells
2026-03-23 13:21:14,382 - INFO -     Finding 1-nearest Eulerian neighbors for each droplet...
2026-03-23 13:21:14,478 - INFO -     ✓ Merged 14821 droplets with Eulerian values
2026-03-23 13:21:14,485 - INFO -   [82/200] Processing timestep 82...
2026-03-23 13:21:14,485 - INFO -   Loading timestep 82...
2026-03-23 13:21:14,695 - INFO -     Lagrangian: 14573 droplets
2026-03-23 13:21:14,696 - INFO -     Eulerian: 178164 cells
2026-03-23 13:21:14,697 - INFO -     Finding 1-nearest Eulerian neighbors for each droplet...
2026-03-23 13:21:14,793 - INFO -     ✓ Merged 14573 droplets with Eulerian values
2026-03-23 13:21:14,800 - INFO -   [83/200] Processing timestep 83...
2026-03-23 13:21:14,800 - INFO -   Loading timestep 83...
2026-03-23 13:21:15,015 - INFO -     Lagrangian: 14356 droplets
2026-03-23 13:21:15,015 - INFO -     Eulerian: 178164 cells
2026-03-23 13:21:15,016 - INFO -     Finding 1-nearest Eulerian neighbors for each droplet...
2026-03-23 13:21:15,111 - INFO -     ✓ Merged 14356 droplets with Eulerian values
2026-03-23 13:21:15,117 - INFO -   [84/200] Processing timestep 84...
2026-03-23 13:21:15,118 - INFO -   Loading timestep 84...
2026-03-23 13:21:15,331 - INFO -     Lagrangian: 14183 droplets
2026-03-23 13:21:15,331 - INFO -     Eulerian: 178164 cells
2026-03-23 13:21:15,333 - INFO -     Finding 1-nearest Eulerian neighbors for each droplet...
2026-03-23 13:21:15,427 - INFO -     ✓ Merged 14183 droplets with Eulerian values
2026-03-23 13:21:15,434 - INFO -   [85/200] Processing timestep 85...
2026-03-23 13:21:15,434 - INFO -   Loading timestep 85...
2026-03-23 13:21:15,649 - INFO -     Lagrangian: 13993 droplets
2026-03-23 13:21:15,649 - INFO -     Eulerian: 178164 cells
2026-03-23 13:21:15,651 - INFO -     Finding 1-nearest Eulerian neighbors for each droplet...
2026-03-23 13:21:15,746 - INFO -     ✓ Merged 13993 droplets with Eulerian values
2026-03-23 13:21:15,753 - INFO -   [86/200] Processing timestep 86...
2026-03-23 13:21:15,753 - INFO -   Loading timestep 86...
2026-03-23 13:21:15,990 - INFO -     Lagrangian: 13842 droplets
2026-03-23 13:21:15,990 - INFO -     Eulerian: 178164 cells
2026-03-23 13:21:15,992 - INFO -     Finding 1-nearest Eulerian neighbors for each droplet...
2026-03-23 13:21:16,107 - INFO -     ✓ Merged 13842 droplets with Eulerian values
2026-03-23 13:21:16,115 - INFO -   [87/200] Processing timestep 87...
2026-03-23 13:21:16,115 - INFO -   Loading timestep 87...
2026-03-23 13:21:16,366 - INFO -     Lagrangian: 13714 droplets
2026-03-23 13:21:16,366 - INFO -     Eulerian: 178164 cells
2026-03-23 13:21:16,368 - INFO -     Finding 1-nearest Eulerian neighbors for each droplet...
2026-03-23 13:21:16,465 - INFO -     ✓ Merged 13714 droplets with Eulerian values
2026-03-23 13:21:16,472 - INFO -   [88/200] Processing timestep 88...
2026-03-23 13:21:16,472 - INFO -   Loading timestep 88...
2026-03-23 13:21:16,721 - INFO -     Lagrangian: 13585 droplets
2026-03-23 13:21:16,721 - INFO -     Eulerian: 178164 cells
2026-03-23 13:21:16,722 - INFO -     Finding 1-nearest Eulerian neighbors for each droplet...
2026-03-23 13:21:16,824 - INFO -     ✓ Merged 13585 droplets with Eulerian values
2026-03-23 13:21:16,831 - INFO -   [89/200] Processing timestep 89...
2026-03-23 13:21:16,831 - INFO -   Loading timestep 89...
2026-03-23 13:21:17,130 - INFO -     Lagrangian: 13492 droplets
2026-03-23 13:21:17,130 - INFO -     Eulerian: 178164 cells
2026-03-23 13:21:17,133 - INFO -     Finding 1-nearest Eulerian neighbors for each droplet...
2026-03-23 13:21:17,261 - INFO -     ✓ Merged 13492 droplets with Eulerian values
2026-03-23 13:21:17,269 - INFO -   [90/200] Processing timestep 90...
2026-03-23 13:21:17,269 - INFO -   Loading timestep 90...
2026-03-23 13:21:17,597 - INFO -     Lagrangian: 13372 droplets
2026-03-23 13:21:17,597 - INFO -     Eulerian: 178164 cells
2026-03-23 13:21:17,599 - INFO -     Finding 1-nearest Eulerian neighbors for each droplet...
2026-03-23 13:21:17,703 - INFO -     ✓ Merged 13372 droplets with Eulerian values
2026-03-23 13:21:17,709 - INFO -   [91/200] Processing timestep 91...
2026-03-23 13:21:17,710 - INFO -   Loading timestep 91...
2026-03-23 13:21:17,917 - INFO -     Lagrangian: 13278 droplets
2026-03-23 13:21:17,918 - INFO -     Eulerian: 178164 cells
2026-03-23 13:21:17,919 - INFO -     Finding 1-nearest Eulerian neighbors for each droplet...
2026-03-23 13:21:18,048 - INFO -     ✓ Merged 13278 droplets with Eulerian values
2026-03-23 13:21:18,055 - INFO -   [92/200] Processing timestep 92...
2026-03-23 13:21:18,055 - INFO -   Loading timestep 92...
2026-03-23 13:21:18,274 - INFO -     Lagrangian: 13160 droplets
2026-03-23 13:21:18,275 - INFO -     Eulerian: 178164 cells
2026-03-23 13:21:18,276 - INFO -     Finding 1-nearest Eulerian neighbors for each droplet...
2026-03-23 13:21:18,378 - INFO -     ✓ Merged 13160 droplets with Eulerian values
2026-03-23 13:21:18,384 - INFO -   [93/200] Processing timestep 93...
2026-03-23 13:21:18,384 - INFO -   Loading timestep 93...
2026-03-23 13:21:18,594 - INFO -     Lagrangian: 13076 droplets
2026-03-23 13:21:18,594 - INFO -     Eulerian: 178164 cells
2026-03-23 13:21:18,596 - INFO -     Finding 1-nearest Eulerian neighbors for each droplet...
2026-03-23 13:21:18,691 - INFO -     ✓ Merged 13076 droplets with Eulerian values
2026-03-23 13:21:18,698 - INFO -   [94/200] Processing timestep 94...
2026-03-23 13:21:18,698 - INFO -   Loading timestep 94...
2026-03-23 13:21:18,906 - INFO -     Lagrangian: 12983 droplets
2026-03-23 13:21:18,906 - INFO -     Eulerian: 178164 cells
2026-03-23 13:21:18,908 - INFO -     Finding 1-nearest Eulerian neighbors for each droplet...
2026-03-23 13:21:19,002 - INFO -     ✓ Merged 12983 droplets with Eulerian values
2026-03-23 13:21:19,009 - INFO -   [95/200] Processing timestep 95...
2026-03-23 13:21:19,009 - INFO -   Loading timestep 95...
2026-03-23 13:21:19,219 - INFO -     Lagrangian: 12890 droplets
2026-03-23 13:21:19,219 - INFO -     Eulerian: 178164 cells
2026-03-23 13:21:19,220 - INFO -     Finding 1-nearest Eulerian neighbors for each droplet...
2026-03-23 13:21:19,314 - INFO -     ✓ Merged 12890 droplets with Eulerian values
2026-03-23 13:21:19,321 - INFO -   [96/200] Processing timestep 96...
2026-03-23 13:21:19,321 - INFO -   Loading timestep 96...
2026-03-23 13:21:19,530 - INFO -     Lagrangian: 12768 droplets
2026-03-23 13:21:19,530 - INFO -     Eulerian: 178164 cells
2026-03-23 13:21:19,531 - INFO -     Finding 1-nearest Eulerian neighbors for each droplet...
2026-03-23 13:21:19,625 - INFO -     ✓ Merged 12768 droplets with Eulerian values
2026-03-23 13:21:19,631 - INFO -   [97/200] Processing timestep 97...
2026-03-23 13:21:19,631 - INFO -   Loading timestep 97...
2026-03-23 13:21:19,846 - INFO -     Lagrangian: 12688 droplets
2026-03-23 13:21:19,846 - INFO -     Eulerian: 178164 cells
2026-03-23 13:21:19,848 - INFO -     Finding 1-nearest Eulerian neighbors for each droplet...
2026-03-23 13:21:19,942 - INFO -     ✓ Merged 12688 droplets with Eulerian values
2026-03-23 13:21:19,949 - INFO -   [98/200] Processing timestep 98...
2026-03-23 13:21:19,949 - INFO -   Loading timestep 98...
2026-03-23 13:21:20,162 - INFO -     Lagrangian: 12590 droplets
2026-03-23 13:21:20,163 - INFO -     Eulerian: 178164 cells
2026-03-23 13:21:20,164 - INFO -     Finding 1-nearest Eulerian neighbors for each droplet...
2026-03-23 13:21:20,260 - INFO -     ✓ Merged 12590 droplets with Eulerian values
2026-03-23 13:21:20,266 - INFO -   [99/200] Processing timestep 99...
2026-03-23 13:21:20,267 - INFO -   Loading timestep 99...
2026-03-23 13:21:20,475 - INFO -     Lagrangian: 12494 droplets
2026-03-23 13:21:20,475 - INFO -     Eulerian: 178164 cells
2026-03-23 13:21:20,477 - INFO -     Finding 1-nearest Eulerian neighbors for each droplet...
2026-03-23 13:21:20,573 - INFO -     ✓ Merged 12494 droplets with Eulerian values
2026-03-23 13:21:20,580 - INFO -   [100/200] Processing timestep 100...
2026-03-23 13:21:20,580 - INFO -   Loading timestep 100...
2026-03-23 13:21:20,826 - INFO -     Lagrangian: 12406 droplets
2026-03-23 13:21:20,826 - INFO -     Eulerian: 178164 cells
2026-03-23 13:21:20,827 - INFO -     Finding 1-nearest Eulerian neighbors for each droplet...
2026-03-23 13:21:20,920 - INFO -     ✓ Merged 12406 droplets with Eulerian values
2026-03-23 13:21:20,926 - INFO -   [101/200] Processing timestep 101...
2026-03-23 13:21:20,927 - INFO -   Loading timestep 101...
2026-03-23 13:21:21,217 - INFO -     Lagrangian: 12311 droplets
2026-03-23 13:21:21,217 - INFO -     Eulerian: 178164 cells
2026-03-23 13:21:21,229 - INFO -     Finding 1-nearest Eulerian neighbors for each droplet...
2026-03-23 13:21:21,325 - INFO -     ✓ Merged 12311 droplets with Eulerian values
2026-03-23 13:21:21,332 - INFO -   [102/200] Processing timestep 102...
2026-03-23 13:21:21,332 - INFO -   Loading timestep 102...
2026-03-23 13:21:21,896 - INFO -     Lagrangian: 12207 droplets
2026-03-23 13:21:21,897 - INFO -     Eulerian: 178164 cells
2026-03-23 13:21:21,898 - INFO -     Finding 1-nearest Eulerian neighbors for each droplet...
2026-03-23 13:21:21,995 - INFO -     ✓ Merged 12207 droplets with Eulerian values
2026-03-23 13:21:22,003 - INFO -   [103/200] Processing timestep 103...
2026-03-23 13:21:22,003 - INFO -   Loading timestep 103...
2026-03-23 13:21:22,708 - INFO -     Lagrangian: 12091 droplets
2026-03-23 13:21:22,709 - INFO -     Eulerian: 178164 cells
2026-03-23 13:21:22,710 - INFO -     Finding 1-nearest Eulerian neighbors for each droplet...
2026-03-23 13:21:22,803 - INFO -     ✓ Merged 12091 droplets with Eulerian values
2026-03-23 13:21:22,812 - INFO -   [104/200] Processing timestep 104...
2026-03-23 13:21:22,812 - INFO -   Loading timestep 104...
2026-03-23 13:21:23,377 - INFO -     Lagrangian: 11959 droplets
2026-03-23 13:21:23,377 - INFO -     Eulerian: 178164 cells
2026-03-23 13:21:23,379 - INFO -     Finding 1-nearest Eulerian neighbors for each droplet...
2026-03-23 13:21:23,473 - INFO -     ✓ Merged 11959 droplets with Eulerian values
2026-03-23 13:21:23,483 - INFO -   [105/200] Processing timestep 105...
2026-03-23 13:21:23,483 - INFO -   Loading timestep 105...
2026-03-23 13:21:23,795 - INFO -     Lagrangian: 11851 droplets
2026-03-23 13:21:23,795 - INFO -     Eulerian: 178164 cells
2026-03-23 13:21:23,797 - INFO -     Finding 1-nearest Eulerian neighbors for each droplet...
2026-03-23 13:21:23,891 - INFO -     ✓ Merged 11851 droplets with Eulerian values
2026-03-23 13:21:23,905 - INFO -   [106/200] Processing timestep 106...
2026-03-23 13:21:23,905 - INFO -   Loading timestep 106...
2026-03-23 13:21:24,257 - INFO -     Lagrangian: 11723 droplets
2026-03-23 13:21:24,257 - INFO -     Eulerian: 178164 cells
2026-03-23 13:21:24,259 - INFO -     Finding 1-nearest Eulerian neighbors for each droplet...
2026-03-23 13:21:24,358 - INFO -     ✓ Merged 11723 droplets with Eulerian values
2026-03-23 13:21:24,367 - INFO -   [107/200] Processing timestep 107...
2026-03-23 13:21:24,368 - INFO -   Loading timestep 107...
2026-03-23 13:21:24,677 - INFO -     Lagrangian: 11610 droplets
2026-03-23 13:21:24,677 - INFO -     Eulerian: 178164 cells
2026-03-23 13:21:24,679 - INFO -     Finding 1-nearest Eulerian neighbors for each droplet...
2026-03-23 13:21:24,772 - INFO -     ✓ Merged 11610 droplets with Eulerian values
2026-03-23 13:21:24,781 - INFO -   [108/200] Processing timestep 108...
2026-03-23 13:21:24,781 - INFO -   Loading timestep 108...
2026-03-23 13:21:25,076 - INFO -     Lagrangian: 11491 droplets
2026-03-23 13:21:25,076 - INFO -     Eulerian: 178164 cells
2026-03-23 13:21:25,078 - INFO -     Finding 1-nearest Eulerian neighbors for each droplet...
2026-03-23 13:21:25,195 - INFO -     ✓ Merged 11491 droplets with Eulerian values
2026-03-23 13:21:25,205 - INFO -   [109/200] Processing timestep 109...
2026-03-23 13:21:25,205 - INFO -   Loading timestep 109...
2026-03-23 13:21:25,510 - INFO -     Lagrangian: 11372 droplets
2026-03-23 13:21:25,510 - INFO -     Eulerian: 178164 cells
2026-03-23 13:21:25,512 - INFO -     Finding 1-nearest Eulerian neighbors for each droplet...
2026-03-23 13:21:25,604 - INFO -     ✓ Merged 11372 droplets with Eulerian values
2026-03-23 13:21:25,613 - INFO -   [110/200] Processing timestep 110...
2026-03-23 13:21:25,613 - INFO -   Loading timestep 110...
2026-03-23 13:21:25,977 - INFO -     Lagrangian: 11254 droplets
2026-03-23 13:21:25,977 - INFO -     Eulerian: 178164 cells
2026-03-23 13:21:25,978 - INFO -     Finding 1-nearest Eulerian neighbors for each droplet...
2026-03-23 13:21:26,070 - INFO -     ✓ Merged 11254 droplets with Eulerian values
2026-03-23 13:21:26,079 - INFO -   [111/200] Processing timestep 111...
2026-03-23 13:21:26,079 - INFO -   Loading timestep 111...
2026-03-23 13:21:26,348 - INFO -     Lagrangian: 11127 droplets
2026-03-23 13:21:26,348 - INFO -     Eulerian: 178164 cells
2026-03-23 13:21:26,350 - INFO -     Finding 1-nearest Eulerian neighbors for each droplet...
2026-03-23 13:21:26,440 - INFO -     ✓ Merged 11127 droplets with Eulerian values
2026-03-23 13:21:26,448 - INFO -   [112/200] Processing timestep 112...
2026-03-23 13:21:26,448 - INFO -   Loading timestep 112...
2026-03-23 13:21:26,738 - INFO -     Lagrangian: 11021 droplets
2026-03-23 13:21:26,738 - INFO -     Eulerian: 178164 cells
2026-03-23 13:21:26,740 - INFO -     Finding 1-nearest Eulerian neighbors for each droplet...
2026-03-23 13:21:26,829 - INFO -     ✓ Merged 11021 droplets with Eulerian values
2026-03-23 13:21:26,837 - INFO -   [113/200] Processing timestep 113...
2026-03-23 13:21:26,838 - INFO -   Loading timestep 113...
2026-03-23 13:21:27,099 - INFO -     Lagrangian: 10880 droplets
2026-03-23 13:21:27,100 - INFO -     Eulerian: 178164 cells
2026-03-23 13:21:27,101 - INFO -     Finding 1-nearest Eulerian neighbors for each droplet...
2026-03-23 13:21:27,190 - INFO -     ✓ Merged 10880 droplets with Eulerian values
2026-03-23 13:21:27,199 - INFO -   [114/200] Processing timestep 114...
2026-03-23 13:21:27,199 - INFO -   Loading timestep 114...
2026-03-23 13:21:27,413 - INFO -     Lagrangian: 10757 droplets
2026-03-23 13:21:27,414 - INFO -     Eulerian: 178164 cells
2026-03-23 13:21:27,415 - INFO -     Finding 1-nearest Eulerian neighbors for each droplet...
2026-03-23 13:21:27,503 - INFO -     ✓ Merged 10757 droplets with Eulerian values
2026-03-23 13:21:27,512 - INFO -   [115/200] Processing timestep 115...
2026-03-23 13:21:27,512 - INFO -   Loading timestep 115...
2026-03-23 13:21:27,719 - INFO -     Lagrangian: 10614 droplets
2026-03-23 13:21:27,720 - INFO -     Eulerian: 178164 cells
2026-03-23 13:21:27,721 - INFO -     Finding 1-nearest Eulerian neighbors for each droplet...
2026-03-23 13:21:27,808 - INFO -     ✓ Merged 10614 droplets with Eulerian values
2026-03-23 13:21:27,816 - INFO -   [116/200] Processing timestep 116...
2026-03-23 13:21:27,816 - INFO -   Loading timestep 116...
2026-03-23 13:21:28,032 - INFO -     Lagrangian: 10476 droplets
2026-03-23 13:21:28,032 - INFO -     Eulerian: 178164 cells
2026-03-23 13:21:28,034 - INFO -     Finding 1-nearest Eulerian neighbors for each droplet...
2026-03-23 13:21:28,122 - INFO -     ✓ Merged 10476 droplets with Eulerian values
2026-03-23 13:21:28,130 - INFO -   [117/200] Processing timestep 117...
2026-03-23 13:21:28,130 - INFO -   Loading timestep 117...
2026-03-23 13:21:28,330 - INFO -     Lagrangian: 10355 droplets
2026-03-23 13:21:28,330 - INFO -     Eulerian: 178164 cells
2026-03-23 13:21:28,331 - INFO -     Finding 1-nearest Eulerian neighbors for each droplet...
2026-03-23 13:21:28,420 - INFO -     ✓ Merged 10355 droplets with Eulerian values
2026-03-23 13:21:28,427 - INFO -   [118/200] Processing timestep 118...
2026-03-23 13:21:28,427 - INFO -   Loading timestep 118...
2026-03-23 13:21:28,635 - INFO -     Lagrangian: 10224 droplets
2026-03-23 13:21:28,636 - INFO -     Eulerian: 178164 cells
2026-03-23 13:21:28,637 - INFO -     Finding 1-nearest Eulerian neighbors for each droplet...
2026-03-23 13:21:28,727 - INFO -     ✓ Merged 10224 droplets with Eulerian values
2026-03-23 13:21:28,735 - INFO -   [119/200] Processing timestep 119...
2026-03-23 13:21:28,735 - INFO -   Loading timestep 119...
2026-03-23 13:21:28,958 - INFO -     Lagrangian: 10112 droplets
2026-03-23 13:21:28,958 - INFO -     Eulerian: 178164 cells
2026-03-23 13:21:28,959 - INFO -     Finding 1-nearest Eulerian neighbors for each droplet...
2026-03-23 13:21:29,047 - INFO -     ✓ Merged 10112 droplets with Eulerian values
2026-03-23 13:21:29,056 - INFO -   [120/200] Processing timestep 120...
2026-03-23 13:21:29,056 - INFO -   Loading timestep 120...
2026-03-23 13:21:29,285 - INFO -     Lagrangian: 9996 droplets
2026-03-23 13:21:29,285 - INFO -     Eulerian: 178164 cells
2026-03-23 13:21:29,286 - INFO -     Finding 1-nearest Eulerian neighbors for each droplet...
2026-03-23 13:21:29,377 - INFO -     ✓ Merged 9996 droplets with Eulerian values
2026-03-23 13:21:29,385 - INFO -   [121/200] Processing timestep 121...
2026-03-23 13:21:29,385 - INFO -   Loading timestep 121...
2026-03-23 13:21:29,598 - INFO -     Lagrangian: 9890 droplets
2026-03-23 13:21:29,598 - INFO -     Eulerian: 178164 cells
2026-03-23 13:21:29,600 - INFO -     Finding 1-nearest Eulerian neighbors for each droplet...
2026-03-23 13:21:29,688 - INFO -     ✓ Merged 9890 droplets with Eulerian values
2026-03-23 13:21:29,696 - INFO -   [122/200] Processing timestep 122...
2026-03-23 13:21:29,696 - INFO -   Loading timestep 122...
2026-03-23 13:21:29,908 - INFO -     Lagrangian: 9772 droplets
2026-03-23 13:21:29,909 - INFO -     Eulerian: 178164 cells
2026-03-23 13:21:29,910 - INFO -     Finding 1-nearest Eulerian neighbors for each droplet...
2026-03-23 13:21:29,997 - INFO -     ✓ Merged 9772 droplets with Eulerian values
2026-03-23 13:21:30,005 - INFO -   [123/200] Processing timestep 123...
2026-03-23 13:21:30,005 - INFO -   Loading timestep 123...
2026-03-23 13:21:30,217 - INFO -     Lagrangian: 9640 droplets
2026-03-23 13:21:30,217 - INFO -     Eulerian: 178164 cells
2026-03-23 13:21:30,219 - INFO -     Finding 1-nearest Eulerian neighbors for each droplet...
2026-03-23 13:21:30,312 - INFO -     ✓ Merged 9640 droplets with Eulerian values
2026-03-23 13:21:30,320 - INFO -   [124/200] Processing timestep 124...
2026-03-23 13:21:30,320 - INFO -   Loading timestep 124...
2026-03-23 13:21:30,543 - INFO -     Lagrangian: 9536 droplets
2026-03-23 13:21:30,543 - INFO -     Eulerian: 178164 cells
2026-03-23 13:21:30,545 - INFO -     Finding 1-nearest Eulerian neighbors for each droplet...
2026-03-23 13:21:30,644 - INFO -     ✓ Merged 9536 droplets with Eulerian values
2026-03-23 13:21:30,653 - INFO -   [125/200] Processing timestep 125...
2026-03-23 13:21:30,653 - INFO -   Loading timestep 125...
2026-03-23 13:21:30,884 - INFO -     Lagrangian: 9434 droplets
2026-03-23 13:21:30,884 - INFO -     Eulerian: 178164 cells
2026-03-23 13:21:30,886 - INFO -     Finding 1-nearest Eulerian neighbors for each droplet...
2026-03-23 13:21:31,001 - INFO -     ✓ Merged 9434 droplets with Eulerian values
2026-03-23 13:21:31,011 - INFO -   [126/200] Processing timestep 126...
2026-03-23 13:21:31,011 - INFO -   Loading timestep 126...
2026-03-23 13:21:31,272 - INFO -     Lagrangian: 9319 droplets
2026-03-23 13:21:31,272 - INFO -     Eulerian: 178164 cells
2026-03-23 13:21:31,275 - INFO -     Finding 1-nearest Eulerian neighbors for each droplet...
2026-03-23 13:21:31,388 - INFO -     ✓ Merged 9319 droplets with Eulerian values
2026-03-23 13:21:31,398 - INFO -   [127/200] Processing timestep 127...
2026-03-23 13:21:31,399 - INFO -   Loading timestep 127...
2026-03-23 13:21:31,742 - INFO -     Lagrangian: 9218 droplets
2026-03-23 13:21:31,742 - INFO -     Eulerian: 178164 cells
2026-03-23 13:21:31,744 - INFO -     Finding 1-nearest Eulerian neighbors for each droplet...
2026-03-23 13:21:31,860 - INFO -     ✓ Merged 9218 droplets with Eulerian values
2026-03-23 13:21:31,870 - INFO -   [128/200] Processing timestep 128...
2026-03-23 13:21:31,871 - INFO -   Loading timestep 128...
2026-03-23 13:21:32,212 - INFO -     Lagrangian: 9102 droplets
2026-03-23 13:21:32,212 - INFO -     Eulerian: 178164 cells
2026-03-23 13:21:32,214 - INFO -     Finding 1-nearest Eulerian neighbors for each droplet...
2026-03-23 13:21:32,340 - INFO -     ✓ Merged 9102 droplets with Eulerian values
2026-03-23 13:21:32,350 - INFO -   [129/200] Processing timestep 129...
2026-03-23 13:21:32,350 - INFO -   Loading timestep 129...
2026-03-23 13:21:32,644 - INFO -     Lagrangian: 9001 droplets
2026-03-23 13:21:32,645 - INFO -     Eulerian: 178164 cells
2026-03-23 13:21:32,647 - INFO -     Finding 1-nearest Eulerian neighbors for each droplet...
2026-03-23 13:21:32,758 - INFO -     ✓ Merged 9001 droplets with Eulerian values
2026-03-23 13:21:32,767 - INFO -   [130/200] Processing timestep 130...
2026-03-23 13:21:32,768 - INFO -   Loading timestep 130...
2026-03-23 13:21:33,027 - INFO -     Lagrangian: 8886 droplets
2026-03-23 13:21:33,027 - INFO -     Eulerian: 178164 cells
2026-03-23 13:21:33,029 - INFO -     Finding 1-nearest Eulerian neighbors for each droplet...
2026-03-23 13:21:33,120 - INFO -     ✓ Merged 8886 droplets with Eulerian values
2026-03-23 13:21:33,129 - INFO -   [131/200] Processing timestep 131...
2026-03-23 13:21:33,129 - INFO -   Loading timestep 131...
2026-03-23 13:21:33,572 - INFO -     Lagrangian: 8782 droplets
2026-03-23 13:21:33,573 - INFO -     Eulerian: 178164 cells
2026-03-23 13:21:33,576 - INFO -     Finding 1-nearest Eulerian neighbors for each droplet...
2026-03-23 13:21:33,665 - INFO -     ✓ Merged 8782 droplets with Eulerian values
2026-03-23 13:21:33,673 - INFO -   [132/200] Processing timestep 132...
2026-03-23 13:21:33,673 - INFO -   Loading timestep 132...
2026-03-23 13:21:33,900 - INFO -     Lagrangian: 8670 droplets
2026-03-23 13:21:33,900 - INFO -     Eulerian: 178164 cells
2026-03-23 13:21:33,901 - INFO -     Finding 1-nearest Eulerian neighbors for each droplet...
2026-03-23 13:21:33,991 - INFO -     ✓ Merged 8670 droplets with Eulerian values
2026-03-23 13:21:33,998 - INFO -   [133/200] Processing timestep 133...
2026-03-23 13:21:33,999 - INFO -   Loading timestep 133...
2026-03-23 13:21:34,282 - INFO -     Lagrangian: 8580 droplets
2026-03-23 13:21:34,282 - INFO -     Eulerian: 178164 cells
2026-03-23 13:21:34,286 - INFO -     Finding 1-nearest Eulerian neighbors for each droplet...
2026-03-23 13:21:34,396 - INFO -     ✓ Merged 8580 droplets with Eulerian values
2026-03-23 13:21:34,404 - INFO -   [134/200] Processing timestep 134...
2026-03-23 13:21:34,404 - INFO -   Loading timestep 134...
2026-03-23 13:21:34,656 - INFO -     Lagrangian: 8464 droplets
2026-03-23 13:21:34,656 - INFO -     Eulerian: 178164 cells
2026-03-23 13:21:34,658 - INFO -     Finding 1-nearest Eulerian neighbors for each droplet...
2026-03-23 13:21:34,755 - INFO -     ✓ Merged 8464 droplets with Eulerian values
2026-03-23 13:21:34,764 - INFO -   [135/200] Processing timestep 135...
2026-03-23 13:21:34,764 - INFO -   Loading timestep 135...
2026-03-23 13:21:35,026 - INFO -     Lagrangian: 8365 droplets
2026-03-23 13:21:35,026 - INFO -     Eulerian: 178164 cells
2026-03-23 13:21:35,027 - INFO -     Finding 1-nearest Eulerian neighbors for each droplet...
2026-03-23 13:21:35,118 - INFO -     ✓ Merged 8365 droplets with Eulerian values
2026-03-23 13:21:35,128 - INFO -   [136/200] Processing timestep 136...
2026-03-23 13:21:35,129 - INFO -   Loading timestep 136...
2026-03-23 13:21:35,421 - INFO -     Lagrangian: 8270 droplets
2026-03-23 13:21:35,422 - INFO -     Eulerian: 178164 cells
2026-03-23 13:21:35,423 - INFO -     Finding 1-nearest Eulerian neighbors for each droplet...
2026-03-23 13:21:35,519 - INFO -     ✓ Merged 8270 droplets with Eulerian values
2026-03-23 13:21:35,527 - INFO -   [137/200] Processing timestep 137...
2026-03-23 13:21:35,527 - INFO -   Loading timestep 137...
2026-03-23 13:21:35,778 - INFO -     Lagrangian: 8181 droplets
2026-03-23 13:21:35,778 - INFO -     Eulerian: 178164 cells
2026-03-23 13:21:35,780 - INFO -     Finding 1-nearest Eulerian neighbors for each droplet...
2026-03-23 13:21:35,870 - INFO -     ✓ Merged 8181 droplets with Eulerian values
2026-03-23 13:21:35,877 - INFO -   [138/200] Processing timestep 138...
2026-03-23 13:21:35,877 - INFO -   Loading timestep 138...
2026-03-23 13:21:36,147 - INFO -     Lagrangian: 8088 droplets
2026-03-23 13:21:36,147 - INFO -     Eulerian: 178164 cells
2026-03-23 13:21:36,148 - INFO -     Finding 1-nearest Eulerian neighbors for each droplet...
2026-03-23 13:21:36,235 - INFO -     ✓ Merged 8088 droplets with Eulerian values
2026-03-23 13:21:36,244 - INFO -   [139/200] Processing timestep 139...
2026-03-23 13:21:36,244 - INFO -   Loading timestep 139...
2026-03-23 13:21:36,543 - INFO -     Lagrangian: 7988 droplets
2026-03-23 13:21:36,543 - INFO -     Eulerian: 178164 cells
2026-03-23 13:21:36,545 - INFO -     Finding 1-nearest Eulerian neighbors for each droplet...
2026-03-23 13:21:36,634 - INFO -     ✓ Merged 7988 droplets with Eulerian values
2026-03-23 13:21:36,643 - INFO -   [140/200] Processing timestep 140...
2026-03-23 13:21:36,643 - INFO -   Loading timestep 140...
2026-03-23 13:21:36,928 - INFO -     Lagrangian: 7919 droplets
2026-03-23 13:21:36,928 - INFO -     Eulerian: 178164 cells
2026-03-23 13:21:36,930 - INFO -     Finding 1-nearest Eulerian neighbors for each droplet...
2026-03-23 13:21:37,020 - INFO -     ✓ Merged 7919 droplets with Eulerian values
2026-03-23 13:21:37,029 - INFO -   [141/200] Processing timestep 141...
2026-03-23 13:21:37,029 - INFO -   Loading timestep 141...
2026-03-23 13:21:37,283 - INFO -     Lagrangian: 7839 droplets
2026-03-23 13:21:37,283 - INFO -     Eulerian: 178164 cells
2026-03-23 13:21:37,284 - INFO -     Finding 1-nearest Eulerian neighbors for each droplet...
2026-03-23 13:21:37,371 - INFO -     ✓ Merged 7839 droplets with Eulerian values
2026-03-23 13:21:37,378 - INFO -   [142/200] Processing timestep 142...
2026-03-23 13:21:37,378 - INFO -   Loading timestep 142...
2026-03-23 13:21:37,697 - INFO -     Lagrangian: 7766 droplets
2026-03-23 13:21:37,697 - INFO -     Eulerian: 178164 cells
2026-03-23 13:21:37,698 - INFO -     Finding 1-nearest Eulerian neighbors for each droplet...
2026-03-23 13:21:37,788 - INFO -     ✓ Merged 7766 droplets with Eulerian values
2026-03-23 13:21:37,796 - INFO -   [143/200] Processing timestep 143...
2026-03-23 13:21:37,796 - INFO -   Loading timestep 143...
2026-03-23 13:21:38,079 - INFO -     Lagrangian: 7702 droplets
2026-03-23 13:21:38,079 - INFO -     Eulerian: 178164 cells
2026-03-23 13:21:38,081 - INFO -     Finding 1-nearest Eulerian neighbors for each droplet...
2026-03-23 13:21:38,172 - INFO -     ✓ Merged 7702 droplets with Eulerian values
2026-03-23 13:21:38,180 - INFO -   [144/200] Processing timestep 144...
2026-03-23 13:21:38,180 - INFO -   Loading timestep 144...
2026-03-23 13:21:38,442 - INFO -     Lagrangian: 7651 droplets
2026-03-23 13:21:38,442 - INFO -     Eulerian: 178164 cells
2026-03-23 13:21:38,444 - INFO -     Finding 1-nearest Eulerian neighbors for each droplet...
2026-03-23 13:21:38,545 - INFO -     ✓ Merged 7651 droplets with Eulerian values
2026-03-23 13:21:38,552 - INFO -   [145/200] Processing timestep 145...
2026-03-23 13:21:38,552 - INFO -   Loading timestep 145...
2026-03-23 13:21:38,833 - INFO -     Lagrangian: 7597 droplets
2026-03-23 13:21:38,833 - INFO -     Eulerian: 178164 cells
2026-03-23 13:21:38,834 - INFO -     Finding 1-nearest Eulerian neighbors for each droplet...
2026-03-23 13:21:38,922 - INFO -     ✓ Merged 7597 droplets with Eulerian values
2026-03-23 13:21:38,928 - INFO -   [146/200] Processing timestep 146...
2026-03-23 13:21:38,929 - INFO -   Loading timestep 146...
2026-03-23 13:21:39,185 - INFO -     Lagrangian: 7550 droplets
2026-03-23 13:21:39,185 - INFO -     Eulerian: 178164 cells
2026-03-23 13:21:39,187 - INFO -     Finding 1-nearest Eulerian neighbors for each droplet...
2026-03-23 13:21:39,280 - INFO -     ✓ Merged 7550 droplets with Eulerian values
2026-03-23 13:21:39,287 - INFO -   [147/200] Processing timestep 147...
2026-03-23 13:21:39,287 - INFO -   Loading timestep 147...
2026-03-23 13:21:39,553 - INFO -     Lagrangian: 7500 droplets
2026-03-23 13:21:39,553 - INFO -     Eulerian: 178164 cells
2026-03-23 13:21:39,554 - INFO -     Finding 1-nearest Eulerian neighbors for each droplet...
2026-03-23 13:21:39,641 - INFO -     ✓ Merged 7500 droplets with Eulerian values
2026-03-23 13:21:39,648 - INFO -   [148/200] Processing timestep 148...
2026-03-23 13:21:39,648 - INFO -   Loading timestep 148...
2026-03-23 13:21:39,891 - INFO -     Lagrangian: 7438 droplets
2026-03-23 13:21:39,891 - INFO -     Eulerian: 178164 cells
2026-03-23 13:21:39,900 - INFO -     Finding 1-nearest Eulerian neighbors for each droplet...
2026-03-23 13:21:39,986 - INFO -     ✓ Merged 7438 droplets with Eulerian values
2026-03-23 13:21:39,993 - INFO -   [149/200] Processing timestep 149...
2026-03-23 13:21:39,994 - INFO -   Loading timestep 149...
2026-03-23 13:21:40,217 - INFO -     Lagrangian: 7367 droplets
2026-03-23 13:21:40,218 - INFO -     Eulerian: 178164 cells
2026-03-23 13:21:40,219 - INFO -     Finding 1-nearest Eulerian neighbors for each droplet...
2026-03-23 13:21:40,306 - INFO -     ✓ Merged 7367 droplets with Eulerian values
2026-03-23 13:21:40,313 - INFO -   [150/200] Processing timestep 150...
2026-03-23 13:21:40,313 - INFO -   Loading timestep 150...
2026-03-23 13:21:40,533 - INFO -     Lagrangian: 7329 droplets
2026-03-23 13:21:40,533 - INFO -     Eulerian: 178164 cells
2026-03-23 13:21:40,535 - INFO -     Finding 1-nearest Eulerian neighbors for each droplet...
2026-03-23 13:21:40,625 - INFO -     ✓ Merged 7329 droplets with Eulerian values
2026-03-23 13:21:40,631 - INFO -   [151/200] Processing timestep 151...
2026-03-23 13:21:40,631 - INFO -   Loading timestep 151...
2026-03-23 13:21:40,877 - INFO -     Lagrangian: 7264 droplets
2026-03-23 13:21:40,877 - INFO -     Eulerian: 178164 cells
2026-03-23 13:21:40,879 - INFO -     Finding 1-nearest Eulerian neighbors for each droplet...
2026-03-23 13:21:40,963 - INFO -     ✓ Merged 7264 droplets with Eulerian values
2026-03-23 13:21:40,970 - INFO -   [152/200] Processing timestep 152...
2026-03-23 13:21:40,970 - INFO -   Loading timestep 152...
2026-03-23 13:21:41,214 - INFO -     Lagrangian: 7221 droplets
2026-03-23 13:21:41,215 - INFO -     Eulerian: 178164 cells
2026-03-23 13:21:41,216 - INFO -     Finding 1-nearest Eulerian neighbors for each droplet...
2026-03-23 13:21:41,300 - INFO -     ✓ Merged 7221 droplets with Eulerian values
2026-03-23 13:21:41,306 - INFO -   [153/200] Processing timestep 153...
2026-03-23 13:21:41,307 - INFO -   Loading timestep 153...
2026-03-23 13:21:41,542 - INFO -     Lagrangian: 7166 droplets
2026-03-23 13:21:41,543 - INFO -     Eulerian: 178164 cells
2026-03-23 13:21:41,544 - INFO -     Finding 1-nearest Eulerian neighbors for each droplet...
2026-03-23 13:21:41,629 - INFO -     ✓ Merged 7166 droplets with Eulerian values
2026-03-23 13:21:41,636 - INFO -   [154/200] Processing timestep 154...
2026-03-23 13:21:41,636 - INFO -   Loading timestep 154...
2026-03-23 13:21:41,909 - INFO -     Lagrangian: 7100 droplets
2026-03-23 13:21:41,909 - INFO -     Eulerian: 178164 cells
2026-03-23 13:21:41,911 - INFO -     Finding 1-nearest Eulerian neighbors for each droplet...
2026-03-23 13:21:42,008 - INFO -     ✓ Merged 7100 droplets with Eulerian values
2026-03-23 13:21:42,014 - INFO -   [155/200] Processing timestep 155...
2026-03-23 13:21:42,014 - INFO -   Loading timestep 155...
2026-03-23 13:21:42,255 - INFO -     Lagrangian: 7047 droplets
2026-03-23 13:21:42,256 - INFO -     Eulerian: 178164 cells
2026-03-23 13:21:42,257 - INFO -     Finding 1-nearest Eulerian neighbors for each droplet...
2026-03-23 13:21:42,342 - INFO -     ✓ Merged 7047 droplets with Eulerian values
2026-03-23 13:21:42,348 - INFO -   [156/200] Processing timestep 156...
2026-03-23 13:21:42,348 - INFO -   Loading timestep 156...
2026-03-23 13:21:42,621 - INFO -     Lagrangian: 6977 droplets
2026-03-23 13:21:42,621 - INFO -     Eulerian: 178164 cells
2026-03-23 13:21:42,623 - INFO -     Finding 1-nearest Eulerian neighbors for each droplet...
2026-03-23 13:21:42,709 - INFO -     ✓ Merged 6977 droplets with Eulerian values
2026-03-23 13:21:42,716 - INFO -   [157/200] Processing timestep 157...
2026-03-23 13:21:42,716 - INFO -   Loading timestep 157...
2026-03-23 13:21:42,937 - INFO -     Lagrangian: 6912 droplets
2026-03-23 13:21:42,937 - INFO -     Eulerian: 178164 cells
2026-03-23 13:21:42,939 - INFO -     Finding 1-nearest Eulerian neighbors for each droplet...
2026-03-23 13:21:43,022 - INFO -     ✓ Merged 6912 droplets with Eulerian values
2026-03-23 13:21:43,030 - INFO -   [158/200] Processing timestep 158...
2026-03-23 13:21:43,030 - INFO -   Loading timestep 158...
2026-03-23 13:21:43,251 - INFO -     Lagrangian: 6844 droplets
2026-03-23 13:21:43,251 - INFO -     Eulerian: 178164 cells
2026-03-23 13:21:43,253 - INFO -     Finding 1-nearest Eulerian neighbors for each droplet...
2026-03-23 13:21:43,335 - INFO -     ✓ Merged 6844 droplets with Eulerian values
2026-03-23 13:21:43,342 - INFO -   [159/200] Processing timestep 159...
2026-03-23 13:21:43,342 - INFO -   Loading timestep 159...
2026-03-23 13:21:43,574 - INFO -     Lagrangian: 6791 droplets
2026-03-23 13:21:43,574 - INFO -     Eulerian: 178164 cells
2026-03-23 13:21:43,575 - INFO -     Finding 1-nearest Eulerian neighbors for each droplet...
2026-03-23 13:21:43,657 - INFO -     ✓ Merged 6791 droplets with Eulerian values
2026-03-23 13:21:43,664 - INFO -   [160/200] Processing timestep 160...
2026-03-23 13:21:43,664 - INFO -   Loading timestep 160...
2026-03-23 13:21:43,916 - INFO -     Lagrangian: 6719 droplets
2026-03-23 13:21:43,916 - INFO -     Eulerian: 178164 cells
2026-03-23 13:21:43,918 - INFO -     Finding 1-nearest Eulerian neighbors for each droplet...
2026-03-23 13:21:44,003 - INFO -     ✓ Merged 6719 droplets with Eulerian values
2026-03-23 13:21:44,010 - INFO -   [161/200] Processing timestep 161...
2026-03-23 13:21:44,010 - INFO -   Loading timestep 161...
2026-03-23 13:21:44,232 - INFO -     Lagrangian: 6654 droplets
2026-03-23 13:21:44,232 - INFO -     Eulerian: 178164 cells
2026-03-23 13:21:44,234 - INFO -     Finding 1-nearest Eulerian neighbors for each droplet...
2026-03-23 13:21:44,318 - INFO -     ✓ Merged 6654 droplets with Eulerian values
2026-03-23 13:21:44,325 - INFO -   [162/200] Processing timestep 162...
2026-03-23 13:21:44,325 - INFO -   Loading timestep 162...
2026-03-23 13:21:44,576 - INFO -     Lagrangian: 6598 droplets
2026-03-23 13:21:44,576 - INFO -     Eulerian: 178164 cells
2026-03-23 13:21:44,577 - INFO -     Finding 1-nearest Eulerian neighbors for each droplet...
2026-03-23 13:21:44,665 - INFO -     ✓ Merged 6598 droplets with Eulerian values
2026-03-23 13:21:44,672 - INFO -   [163/200] Processing timestep 163...
2026-03-23 13:21:44,672 - INFO -   Loading timestep 163...
2026-03-23 13:21:44,923 - INFO -     Lagrangian: 6518 droplets
2026-03-23 13:21:44,923 - INFO -     Eulerian: 178164 cells
2026-03-23 13:21:44,925 - INFO -     Finding 1-nearest Eulerian neighbors for each droplet...
2026-03-23 13:21:45,020 - INFO -     ✓ Merged 6518 droplets with Eulerian values
2026-03-23 13:21:45,026 - INFO -   [164/200] Processing timestep 164...
2026-03-23 13:21:45,026 - INFO -   Loading timestep 164...
2026-03-23 13:21:45,280 - INFO -     Lagrangian: 6442 droplets
2026-03-23 13:21:45,280 - INFO -     Eulerian: 178164 cells
2026-03-23 13:21:45,282 - INFO -     Finding 1-nearest Eulerian neighbors for each droplet...
2026-03-23 13:21:45,373 - INFO -     ✓ Merged 6442 droplets with Eulerian values
2026-03-23 13:21:45,381 - INFO -   [165/200] Processing timestep 165...
2026-03-23 13:21:45,382 - INFO -   Loading timestep 165...
2026-03-23 13:21:45,611 - INFO -     Lagrangian: 6366 droplets
2026-03-23 13:21:45,611 - INFO -     Eulerian: 178164 cells
2026-03-23 13:21:45,612 - INFO -     Finding 1-nearest Eulerian neighbors for each droplet...
2026-03-23 13:21:45,697 - INFO -     ✓ Merged 6366 droplets with Eulerian values
2026-03-23 13:21:45,704 - INFO -   [166/200] Processing timestep 166...
2026-03-23 13:21:45,704 - INFO -   Loading timestep 166...
2026-03-23 13:21:45,916 - INFO -     Lagrangian: 6306 droplets
2026-03-23 13:21:45,916 - INFO -     Eulerian: 178164 cells
2026-03-23 13:21:45,918 - INFO -     Finding 1-nearest Eulerian neighbors for each droplet...
2026-03-23 13:21:46,018 - INFO -     ✓ Merged 6306 droplets with Eulerian values
2026-03-23 13:21:46,025 - INFO -   [167/200] Processing timestep 167...
2026-03-23 13:21:46,025 - INFO -   Loading timestep 167...
2026-03-23 13:21:46,214 - INFO -     Lagrangian: 6236 droplets
2026-03-23 13:21:46,214 - INFO -     Eulerian: 178164 cells
2026-03-23 13:21:46,217 - INFO -     Finding 1-nearest Eulerian neighbors for each droplet...
2026-03-23 13:21:46,313 - INFO -     ✓ Merged 6236 droplets with Eulerian values
2026-03-23 13:21:46,320 - INFO -   [168/200] Processing timestep 168...
2026-03-23 13:21:46,320 - INFO -   Loading timestep 168...
2026-03-23 13:21:46,525 - INFO -     Lagrangian: 6148 droplets
2026-03-23 13:21:46,526 - INFO -     Eulerian: 178164 cells
2026-03-23 13:21:46,527 - INFO -     Finding 1-nearest Eulerian neighbors for each droplet...
2026-03-23 13:21:46,617 - INFO -     ✓ Merged 6148 droplets with Eulerian values
2026-03-23 13:21:46,624 - INFO -   [169/200] Processing timestep 169...
2026-03-23 13:21:46,624 - INFO -   Loading timestep 169...
2026-03-23 13:21:46,838 - INFO -     Lagrangian: 6080 droplets
2026-03-23 13:21:46,838 - INFO -     Eulerian: 178164 cells
2026-03-23 13:21:46,839 - INFO -     Finding 1-nearest Eulerian neighbors for each droplet...
2026-03-23 13:21:46,930 - INFO -     ✓ Merged 6080 droplets with Eulerian values
2026-03-23 13:21:46,937 - INFO -   [170/200] Processing timestep 170...
2026-03-23 13:21:46,937 - INFO -   Loading timestep 170...
2026-03-23 13:21:47,149 - INFO -     Lagrangian: 6009 droplets
2026-03-23 13:21:47,149 - INFO -     Eulerian: 178164 cells
2026-03-23 13:21:47,150 - INFO -     Finding 1-nearest Eulerian neighbors for each droplet...
2026-03-23 13:21:47,233 - INFO -     ✓ Merged 6009 droplets with Eulerian values
2026-03-23 13:21:47,240 - INFO -   [171/200] Processing timestep 171...
2026-03-23 13:21:47,240 - INFO -   Loading timestep 171...
2026-03-23 13:21:47,438 - INFO -     Lagrangian: 5944 droplets
2026-03-23 13:21:47,438 - INFO -     Eulerian: 178164 cells
2026-03-23 13:21:47,439 - INFO -     Finding 1-nearest Eulerian neighbors for each droplet...
2026-03-23 13:21:47,520 - INFO -     ✓ Merged 5944 droplets with Eulerian values
2026-03-23 13:21:47,527 - INFO -   [172/200] Processing timestep 172...
2026-03-23 13:21:47,527 - INFO -   Loading timestep 172...
2026-03-23 13:21:47,731 - INFO -     Lagrangian: 5879 droplets
2026-03-23 13:21:47,731 - INFO -     Eulerian: 178164 cells
2026-03-23 13:21:47,733 - INFO -     Finding 1-nearest Eulerian neighbors for each droplet...
2026-03-23 13:21:47,813 - INFO -     ✓ Merged 5879 droplets with Eulerian values
2026-03-23 13:21:47,819 - INFO -   [173/200] Processing timestep 173...
2026-03-23 13:21:47,820 - INFO -   Loading timestep 173...
2026-03-23 13:21:48,024 - INFO -     Lagrangian: 5815 droplets
2026-03-23 13:21:48,024 - INFO -     Eulerian: 178164 cells
2026-03-23 13:21:48,026 - INFO -     Finding 1-nearest Eulerian neighbors for each droplet...
2026-03-23 13:21:48,107 - INFO -     ✓ Merged 5815 droplets with Eulerian values
2026-03-23 13:21:48,115 - INFO -   [174/200] Processing timestep 174...
2026-03-23 13:21:48,115 - INFO -   Loading timestep 174...
2026-03-23 13:21:48,306 - INFO -     Lagrangian: 5735 droplets
2026-03-23 13:21:48,306 - INFO -     Eulerian: 178164 cells
2026-03-23 13:21:48,308 - INFO -     Finding 1-nearest Eulerian neighbors for each droplet...
2026-03-23 13:21:48,390 - INFO -     ✓ Merged 5735 droplets with Eulerian values
2026-03-23 13:21:48,397 - INFO -   [175/200] Processing timestep 175...
2026-03-23 13:21:48,397 - INFO -   Loading timestep 175...
2026-03-23 13:21:48,595 - INFO -     Lagrangian: 5668 droplets
2026-03-23 13:21:48,595 - INFO -     Eulerian: 178164 cells
2026-03-23 13:21:48,597 - INFO -     Finding 1-nearest Eulerian neighbors for each droplet...
2026-03-23 13:21:48,676 - INFO -     ✓ Merged 5668 droplets with Eulerian values
2026-03-23 13:21:48,682 - INFO -   [176/200] Processing timestep 176...
2026-03-23 13:21:48,682 - INFO -   Loading timestep 176...
2026-03-23 13:21:48,873 - INFO -     Lagrangian: 5593 droplets
2026-03-23 13:21:48,873 - INFO -     Eulerian: 178164 cells
2026-03-23 13:21:48,875 - INFO -     Finding 1-nearest Eulerian neighbors for each droplet...
2026-03-23 13:21:48,955 - INFO -     ✓ Merged 5593 droplets with Eulerian values
2026-03-23 13:21:48,961 - INFO -   [177/200] Processing timestep 177...
2026-03-23 13:21:48,961 - INFO -   Loading timestep 177...
2026-03-23 13:21:49,147 - INFO -     Lagrangian: 5520 droplets
2026-03-23 13:21:49,148 - INFO -     Eulerian: 178164 cells
2026-03-23 13:21:49,149 - INFO -     Finding 1-nearest Eulerian neighbors for each droplet...
2026-03-23 13:21:49,229 - INFO -     ✓ Merged 5520 droplets with Eulerian values
2026-03-23 13:21:49,236 - INFO -   [178/200] Processing timestep 178...
2026-03-23 13:21:49,236 - INFO -   Loading timestep 178...
2026-03-23 13:21:49,417 - INFO -     Lagrangian: 5438 droplets
2026-03-23 13:21:49,417 - INFO -     Eulerian: 178164 cells
2026-03-23 13:21:49,418 - INFO -     Finding 1-nearest Eulerian neighbors for each droplet...
2026-03-23 13:21:49,497 - INFO -     ✓ Merged 5438 droplets with Eulerian values
2026-03-23 13:21:49,503 - INFO -   [179/200] Processing timestep 179...
2026-03-23 13:21:49,503 - INFO -   Loading timestep 179...
2026-03-23 13:21:49,687 - INFO -     Lagrangian: 5367 droplets
2026-03-23 13:21:49,687 - INFO -     Eulerian: 178164 cells
2026-03-23 13:21:49,688 - INFO -     Finding 1-nearest Eulerian neighbors for each droplet...
2026-03-23 13:21:49,770 - INFO -     ✓ Merged 5367 droplets with Eulerian values
2026-03-23 13:21:49,776 - INFO -   [180/200] Processing timestep 180...
2026-03-23 13:21:49,776 - INFO -   Loading timestep 180...
2026-03-23 13:21:49,965 - INFO -     Lagrangian: 5279 droplets
2026-03-23 13:21:49,965 - INFO -     Eulerian: 178164 cells
2026-03-23 13:21:49,966 - INFO -     Finding 1-nearest Eulerian neighbors for each droplet...
2026-03-23 13:21:50,045 - INFO -     ✓ Merged 5279 droplets with Eulerian values
2026-03-23 13:21:50,051 - INFO -   [181/200] Processing timestep 181...
2026-03-23 13:21:50,051 - INFO -   Loading timestep 181...
2026-03-23 13:21:50,226 - INFO -     Lagrangian: 5210 droplets
2026-03-23 13:21:50,226 - INFO -     Eulerian: 178164 cells
2026-03-23 13:21:50,227 - INFO -     Finding 1-nearest Eulerian neighbors for each droplet...
2026-03-23 13:21:50,306 - INFO -     ✓ Merged 5210 droplets with Eulerian values
2026-03-23 13:21:50,313 - INFO -   [182/200] Processing timestep 182...
2026-03-23 13:21:50,313 - INFO -   Loading timestep 182...
2026-03-23 13:21:50,486 - INFO -     Lagrangian: 5110 droplets
2026-03-23 13:21:50,486 - INFO -     Eulerian: 178164 cells
2026-03-23 13:21:50,488 - INFO -     Finding 1-nearest Eulerian neighbors for each droplet...
2026-03-23 13:21:50,567 - INFO -     ✓ Merged 5110 droplets with Eulerian values
2026-03-23 13:21:50,573 - INFO -   [183/200] Processing timestep 183...
2026-03-23 13:21:50,573 - INFO -   Loading timestep 183...
2026-03-23 13:21:50,746 - INFO -     Lagrangian: 5027 droplets
2026-03-23 13:21:50,746 - INFO -     Eulerian: 178164 cells
2026-03-23 13:21:50,748 - INFO -     Finding 1-nearest Eulerian neighbors for each droplet...
2026-03-23 13:21:50,827 - INFO -     ✓ Merged 5027 droplets with Eulerian values
2026-03-23 13:21:50,834 - INFO -   [184/200] Processing timestep 184...
2026-03-23 13:21:50,834 - INFO -   Loading timestep 184...
2026-03-23 13:21:51,008 - INFO -     Lagrangian: 4943 droplets
2026-03-23 13:21:51,008 - INFO -     Eulerian: 178164 cells
2026-03-23 13:21:51,010 - INFO -     Finding 1-nearest Eulerian neighbors for each droplet...
2026-03-23 13:21:51,087 - INFO -     ✓ Merged 4943 droplets with Eulerian values
2026-03-23 13:21:51,093 - INFO -   [185/200] Processing timestep 185...
2026-03-23 13:21:51,094 - INFO -   Loading timestep 185...
2026-03-23 13:21:51,303 - INFO -     Lagrangian: 4851 droplets
2026-03-23 13:21:51,303 - INFO -     Eulerian: 178164 cells
2026-03-23 13:21:51,304 - INFO -     Finding 1-nearest Eulerian neighbors for each droplet...
2026-03-23 13:21:51,386 - INFO -     ✓ Merged 4851 droplets with Eulerian values
2026-03-23 13:21:51,392 - INFO -   [186/200] Processing timestep 186...
2026-03-23 13:21:51,393 - INFO -   Loading timestep 186...
2026-03-23 13:21:51,581 - INFO -     Lagrangian: 4764 droplets
2026-03-23 13:21:51,581 - INFO -     Eulerian: 178164 cells
2026-03-23 13:21:51,582 - INFO -     Finding 1-nearest Eulerian neighbors for each droplet...
2026-03-23 13:21:51,683 - INFO -     ✓ Merged 4764 droplets with Eulerian values
2026-03-23 13:21:51,690 - INFO -   [187/200] Processing timestep 187...
2026-03-23 13:21:51,690 - INFO -   Loading timestep 187...
2026-03-23 13:21:51,885 - INFO -     Lagrangian: 4670 droplets
2026-03-23 13:21:51,885 - INFO -     Eulerian: 178164 cells
2026-03-23 13:21:51,887 - INFO -     Finding 1-nearest Eulerian neighbors for each droplet...
2026-03-23 13:21:51,970 - INFO -     ✓ Merged 4670 droplets with Eulerian values
2026-03-23 13:21:51,976 - INFO -   [188/200] Processing timestep 188...
2026-03-23 13:21:51,976 - INFO -   Loading timestep 188...
2026-03-23 13:21:52,158 - INFO -     Lagrangian: 4596 droplets
2026-03-23 13:21:52,158 - INFO -     Eulerian: 178164 cells
2026-03-23 13:21:52,160 - INFO -     Finding 1-nearest Eulerian neighbors for each droplet...
2026-03-23 13:21:52,244 - INFO -     ✓ Merged 4596 droplets with Eulerian values
2026-03-23 13:21:52,250 - INFO -   [189/200] Processing timestep 189...
2026-03-23 13:21:52,250 - INFO -   Loading timestep 189...
2026-03-23 13:21:52,436 - INFO -     Lagrangian: 4505 droplets
2026-03-23 13:21:52,436 - INFO -     Eulerian: 178164 cells
2026-03-23 13:21:52,437 - INFO -     Finding 1-nearest Eulerian neighbors for each droplet...
2026-03-23 13:21:52,519 - INFO -     ✓ Merged 4505 droplets with Eulerian values
2026-03-23 13:21:52,525 - INFO -   [190/200] Processing timestep 190...
2026-03-23 13:21:52,526 - INFO -   Loading timestep 190...
2026-03-23 13:21:52,704 - INFO -     Lagrangian: 4426 droplets
2026-03-23 13:21:52,704 - INFO -     Eulerian: 178164 cells
2026-03-23 13:21:52,705 - INFO -     Finding 1-nearest Eulerian neighbors for each droplet...
2026-03-23 13:21:52,785 - INFO -     ✓ Merged 4426 droplets with Eulerian values
2026-03-23 13:21:52,791 - INFO -   [191/200] Processing timestep 191...
2026-03-23 13:21:52,791 - INFO -   Loading timestep 191...
2026-03-23 13:21:52,991 - INFO -     Lagrangian: 4334 droplets
2026-03-23 13:21:52,991 - INFO -     Eulerian: 178164 cells
2026-03-23 13:21:52,992 - INFO -     Finding 1-nearest Eulerian neighbors for each droplet...
2026-03-23 13:21:53,075 - INFO -     ✓ Merged 4334 droplets with Eulerian values
2026-03-23 13:21:53,082 - INFO -   [192/200] Processing timestep 192...
2026-03-23 13:21:53,082 - INFO -   Loading timestep 192...
2026-03-23 13:21:53,262 - INFO -     Lagrangian: 4246 droplets
2026-03-23 13:21:53,262 - INFO -     Eulerian: 178164 cells
2026-03-23 13:21:53,263 - INFO -     Finding 1-nearest Eulerian neighbors for each droplet...
2026-03-23 13:21:53,345 - INFO -     ✓ Merged 4246 droplets with Eulerian values
2026-03-23 13:21:53,351 - INFO -   [193/200] Processing timestep 193...
2026-03-23 13:21:53,351 - INFO -   Loading timestep 193...
2026-03-23 13:21:53,558 - INFO -     Lagrangian: 4154 droplets
2026-03-23 13:21:53,558 - INFO -     Eulerian: 178164 cells
2026-03-23 13:21:53,560 - INFO -     Finding 1-nearest Eulerian neighbors for each droplet...
2026-03-23 13:21:53,638 - INFO -     ✓ Merged 4154 droplets with Eulerian values
2026-03-23 13:21:53,645 - INFO -   [194/200] Processing timestep 194...
2026-03-23 13:21:53,645 - INFO -   Loading timestep 194...
2026-03-23 13:21:53,855 - INFO -     Lagrangian: 4049 droplets
2026-03-23 13:21:53,855 - INFO -     Eulerian: 178164 cells
2026-03-23 13:21:53,857 - INFO -     Finding 1-nearest Eulerian neighbors for each droplet...
2026-03-23 13:21:53,937 - INFO -     ✓ Merged 4049 droplets with Eulerian values
2026-03-23 13:21:53,943 - INFO -   [195/200] Processing timestep 195...
2026-03-23 13:21:53,944 - INFO -   Loading timestep 195...
2026-03-23 13:21:54,124 - INFO -     Lagrangian: 3954 droplets
2026-03-23 13:21:54,124 - INFO -     Eulerian: 178164 cells
2026-03-23 13:21:54,125 - INFO -     Finding 1-nearest Eulerian neighbors for each droplet...
2026-03-23 13:21:54,202 - INFO -     ✓ Merged 3954 droplets with Eulerian values
2026-03-23 13:21:54,208 - INFO -   [196/200] Processing timestep 196...
2026-03-23 13:21:54,209 - INFO -   Loading timestep 196...
2026-03-23 13:21:54,393 - INFO -     Lagrangian: 3886 droplets
2026-03-23 13:21:54,393 - INFO -     Eulerian: 178164 cells
2026-03-23 13:21:54,394 - INFO -     Finding 1-nearest Eulerian neighbors for each droplet...
2026-03-23 13:21:54,470 - INFO -     ✓ Merged 3886 droplets with Eulerian values
2026-03-23 13:21:54,476 - INFO -   [197/200] Processing timestep 197...
2026-03-23 13:21:54,477 - INFO -   Loading timestep 197...
2026-03-23 13:21:54,659 - INFO -     Lagrangian: 3788 droplets
2026-03-23 13:21:54,659 - INFO -     Eulerian: 178164 cells
2026-03-23 13:21:54,660 - INFO -     Finding 1-nearest Eulerian neighbors for each droplet...
2026-03-23 13:21:54,738 - INFO -     ✓ Merged 3788 droplets with Eulerian values
2026-03-23 13:21:54,744 - INFO -   [198/200] Processing timestep 198...
2026-03-23 13:21:54,744 - INFO -   Loading timestep 198...
2026-03-23 13:21:54,945 - INFO -     Lagrangian: 3693 droplets
2026-03-23 13:21:54,946 - INFO -     Eulerian: 178164 cells
2026-03-23 13:21:54,947 - INFO -     Finding 1-nearest Eulerian neighbors for each droplet...
2026-03-23 13:21:55,033 - INFO -     ✓ Merged 3693 droplets with Eulerian values
2026-03-23 13:21:55,039 - INFO -   [199/200] Processing timestep 199...
2026-03-23 13:21:55,040 - INFO -   Loading timestep 199...
2026-03-23 13:21:55,213 - INFO -     Lagrangian: 3586 droplets
2026-03-23 13:21:55,213 - INFO -     Eulerian: 178164 cells
2026-03-23 13:21:55,215 - INFO -     Finding 1-nearest Eulerian neighbors for each droplet...
2026-03-23 13:21:55,291 - INFO -     ✓ Merged 3586 droplets with Eulerian values
2026-03-23 13:21:55,298 - INFO -   [200/200] Processing timestep 200...
2026-03-23 13:21:55,298 - INFO -   Loading timestep 200...
2026-03-23 13:21:55,482 - INFO -     Lagrangian: 3470 droplets
2026-03-23 13:21:55,482 - INFO -     Eulerian: 178164 cells
2026-03-23 13:21:55,484 - INFO -     Finding 1-nearest Eulerian neighbors for each droplet...
2026-03-23 13:21:55,560 - INFO -     ✓ Merged 3470 droplets with Eulerian values
2026-03-23 13:21:56,840 - INFO - 
✓ Total data loaded: 2,529,134 droplet records
2026-03-23 13:21:56,840 - INFO - 
[Progress] Creating paired timestep data...
2026-03-23 13:21:56,841 - INFO - 
Creating paired timestep data...
2026-03-23 13:22:08,116 - INFO -   Total droplet records: 2,529,134
2026-03-23 13:22:08,117 - INFO -   Valid pairs (persistent): 2,504,134
2026-03-23 13:22:13,424 - INFO -   Created 2,504,134 paired samples
2026-03-23 13:22:13,515 - INFO - 
[Progress] Normalizing and splitting...
2026-03-23 13:22:13,515 - INFO - 
Normalizing and splitting...
2026-03-23 13:22:13,515 - INFO -   Input features: 17
2026-03-23 13:22:13,515 - INFO -   Output features: 6
2026-03-23 13:22:13,515 - INFO -   Splitting by particle ID...
2026-03-23 13:22:13,986 - INFO -   Train: 1,746,263 samples from 17,500 particles
2026-03-23 13:22:13,987 - INFO -   Val:   378,276 samples from 3,750 particles
2026-03-23 13:22:13,987 - INFO -   Test:  379,595 samples from 3,750 particles
2026-03-23 13:22:13,987 - INFO -   Fitting scalers on training data...
2026-03-23 13:22:14,629 - INFO -   Creating normalized and absolute columns...
2026-03-23 13:22:15,652 - INFO -   Shuffling rows within each split...
