2026-03-23 14:41:21,124 - INFO - Log file: logs/preprocessing_20260323_144121.log
2026-03-23 14:41:21,124 - INFO - ================================================================================
2026-03-23 14:41:21,124 - INFO - RAW DATA TO TRAINING - COMPLETE PREPROCESSING
2026-03-23 14:41:21,124 - INFO - ================================================================================
2026-03-23 14:41:21,124 - INFO - Output directory: data_sample_injection
2026-03-23 14:41:21,124 - INFO - Log file: logs/preprocessing_20260323_144121.log
2026-03-23 14:41:21,124 - INFO - Scanning for available timestep files...
2026-03-23 14:41:21,126 - INFO -   Found 9 timesteps with both Lagrangian and Eulerian data
2026-03-23 14:41:21,126 - INFO -   Testing on timesteps: [21, 22, 23, 24, 25, 26, 27, 28, 29]
2026-03-23 14:41:21,126 - INFO - 
Processing 9 timesteps in 1 batches (size=30)...
2026-03-23 14:41:21,127 - INFO - 
[Batch 1/1] Processing timesteps 21-29...
2026-03-23 14:41:21,127 - INFO -   Loading timestep 21...
2026-03-23 14:41:21,543 - INFO -     Lagrangian: 20979 droplets
2026-03-23 14:41:21,543 - INFO -     Eulerian: 178164 cells
2026-03-23 14:41:21,545 - INFO -     Finding 1-nearest Eulerian neighbors for each droplet...
2026-03-23 14:41:21,680 - INFO -     ✓ Merged 20979 droplets with Eulerian values
2026-03-23 14:41:21,681 - INFO -   Loading timestep 22...
2026-03-23 14:41:22,132 - INFO -     Lagrangian: 21974 droplets
2026-03-23 14:41:22,132 - INFO -     Eulerian: 178164 cells
2026-03-23 14:41:22,134 - INFO -     Finding 1-nearest Eulerian neighbors for each droplet...
2026-03-23 14:41:22,281 - INFO -     ✓ Merged 21974 droplets with Eulerian values
2026-03-23 14:41:22,285 - INFO -   Loading timestep 23...
2026-03-23 14:41:22,649 - INFO -     Lagrangian: 22965 droplets
2026-03-23 14:41:22,649 - INFO -     Eulerian: 178164 cells
2026-03-23 14:41:22,651 - INFO -     Finding 1-nearest Eulerian neighbors for each droplet...
2026-03-23 14:41:22,771 - INFO -     ✓ Merged 22965 droplets with Eulerian values
2026-03-23 14:41:22,773 - INFO -   Loading timestep 24...
2026-03-23 14:41:23,174 - INFO -     Lagrangian: 23958 droplets
2026-03-23 14:41:23,174 - INFO -     Eulerian: 178164 cells
2026-03-23 14:41:23,176 - INFO -     Finding 1-nearest Eulerian neighbors for each droplet...
2026-03-23 14:41:23,309 - INFO -     ✓ Merged 23958 droplets with Eulerian values
2026-03-23 14:41:23,312 - INFO -   Loading timestep 25...
2026-03-23 14:41:23,775 - INFO -     Lagrangian: 24948 droplets
2026-03-23 14:41:23,776 - INFO -     Eulerian: 178164 cells
2026-03-23 14:41:23,778 - INFO -     Finding 1-nearest Eulerian neighbors for each droplet...
2026-03-23 14:41:23,957 - INFO -     ✓ Merged 24948 droplets with Eulerian values
2026-03-23 14:41:23,965 - INFO -   Loading timestep 26...
2026-03-23 14:41:24,421 - INFO -     Lagrangian: 24930 droplets
2026-03-23 14:41:24,421 - INFO -     Eulerian: 178164 cells
2026-03-23 14:41:24,424 - INFO -     Finding 1-nearest Eulerian neighbors for each droplet...
2026-03-23 14:41:24,573 - INFO -     ✓ Merged 24930 droplets with Eulerian values
2026-03-23 14:41:24,579 - INFO -   Loading timestep 27...
2026-03-23 14:41:24,994 - INFO -     Lagrangian: 24918 droplets
2026-03-23 14:41:24,994 - INFO -     Eulerian: 178164 cells
2026-03-23 14:41:24,996 - INFO -     Finding 1-nearest Eulerian neighbors for each droplet...
2026-03-23 14:41:25,146 - INFO -     ✓ Merged 24918 droplets with Eulerian values
2026-03-23 14:41:25,153 - INFO -   Loading timestep 28...
2026-03-23 14:41:25,555 - INFO -     Lagrangian: 24902 droplets
2026-03-23 14:41:25,555 - INFO -     Eulerian: 178164 cells
2026-03-23 14:41:25,557 - INFO -     Finding 1-nearest Eulerian neighbors for each droplet...
2026-03-23 14:41:25,680 - INFO -     ✓ Merged 24902 droplets with Eulerian values
2026-03-23 14:41:25,685 - INFO -   Loading timestep 29...
2026-03-23 14:41:26,056 - INFO -     Lagrangian: 24889 droplets
2026-03-23 14:41:26,056 - INFO -     Eulerian: 178164 cells
2026-03-23 14:41:26,058 - INFO -     Finding 1-nearest Eulerian neighbors for each droplet...
2026-03-23 14:41:26,179 - INFO -     ✓ Merged 24889 droplets with Eulerian values
2026-03-23 14:41:26,211 - INFO -   Batch loaded: 214,463 droplet records
2026-03-23 14:41:26,212 - INFO -   Creating paired data...
2026-03-23 14:41:26,212 - INFO - 
Creating paired timestep data...
2026-03-23 14:41:26,392 - INFO -   Total droplet records: 214,463
2026-03-23 14:41:26,392 - INFO -   Valid pairs (persistent): 189,484
2026-03-23 14:41:28,339 - INFO -   Created 189,484 paired samples
2026-03-23 14:41:28,344 - INFO -   Created 189,484 paired samples
2026-03-23 14:41:28,344 - INFO -   Splitting by particle ID...
2026-03-23 14:41:28,344 - INFO -     Splitting by particle ID...
2026-03-23 14:41:28,372 - INFO -       Train: 151,800 samples from 19,979 particles
2026-03-23 14:41:28,372 - INFO -       Val:   18,849 samples from 2,497 particles
2026-03-23 14:41:28,372 - INFO -       Test:  18,835 samples from 2,498 particles
2026-03-23 14:41:28,372 - INFO -   Batch 1 complete: 151,800 train / 18,849 val / 18,835 test
2026-03-23 14:41:28,386 - INFO - 
[Progress] Combining all batches...
2026-03-23 14:41:28,386 - INFO -   Combined train: 151,800 samples
2026-03-23 14:41:28,387 - INFO -   Combined val: 18,849 samples
2026-03-23 14:41:28,387 - INFO -   Combined test: 18,835 samples
2026-03-23 14:41:28,387 - INFO - 
[Progress] Normalizing all splits...
2026-03-23 14:41:28,387 - INFO -     Fitting scalers on combined training data (151,800 samples)...
2026-03-23 14:41:28,410 - INFO -     Creating normalized and absolute columns...
2026-03-23 14:41:28,481 - INFO -     ✓ All splits normalized
2026-03-23 14:41:28,482 - INFO - 
[Progress] Saving results...
2026-03-23 14:41:28,482 - INFO - 
Saving results to CSV files...
2026-03-23 14:41:28,482 - INFO -   Computing clustering absolute columns...
2026-03-23 14:41:28,516 - INFO -   Saving train (151,800 rows, 54 columns)...
2026-03-23 14:41:36,015 - INFO -     ✓ data_sample_injection/train_paired.csv
2026-03-23 14:41:36,015 - INFO -   Saving val (18,849 rows, 54 columns)...
2026-03-23 14:41:36,882 - INFO -     ✓ data_sample_injection/val_paired.csv
2026-03-23 14:41:36,883 - INFO -   Saving test (18,835 rows, 54 columns)...
2026-03-23 14:41:37,803 - INFO -     ✓ data_sample_injection/test_paired.csv
2026-03-23 14:41:37,803 - INFO -   Saving metadata...
2026-03-23 14:41:37,804 - INFO -     ✓ data_sample_injection/metadata.pkl
2026-03-23 14:41:37,804 - INFO - 
================================================================================
2026-03-23 14:41:37,805 - INFO - ✓ PREPROCESSING COMPLETE
2026-03-23 14:41:37,805 - INFO - ================================================================================
2026-03-23 14:41:37,805 - INFO - 
Dataset Summary:
2026-03-23 14:41:37,806 - INFO -   • Train: 151,800 samples from 19,979 particles
2026-03-23 14:41:37,806 - INFO -   • Val:   18,849 samples from 2,497 particles
2026-03-23 14:41:37,807 - INFO -   • Test:  18,835 samples from 2,498 particles
2026-03-23 14:41:37,807 - INFO -   • Total: 189,484 paired samples
2026-03-23 14:41:37,807 - INFO -   • Columns: 57 (including normalized + absolute + positions)
2026-03-23 14:41:37,807 - INFO - 
Output Files:
2026-03-23 14:41:37,807 - INFO -   • 📊 data_sample_injection/train_paired.csv
2026-03-23 14:41:37,807 - INFO -   • 📊 data_sample_injection/val_paired.csv
2026-03-23 14:41:37,807 - INFO -   • 📊 data_sample_injection/test_paired.csv
2026-03-23 14:41:37,807 - INFO -   • 📦 data_sample_injection/metadata.pkl
2026-03-23 14:41:37,807 - INFO - 
Log File:
2026-03-23 14:41:37,808 - INFO -   • 📝 logs/preprocessing_20260323_144121.log
2026-03-23 14:41:37,808 - INFO - ================================================================================
