2026-03-23 15:15:05,475 - INFO - Log file: logs/preprocessing_20260323_151505.log
2026-03-23 15:15:05,476 - INFO - ================================================================================
2026-03-23 15:15:05,476 - INFO - RAW DATA TO TRAINING - COMPLETE PREPROCESSING
2026-03-23 15:15:05,476 - INFO - ================================================================================
2026-03-23 15:15:05,476 - INFO - Output directory: data
2026-03-23 15:15:05,476 - INFO - Log file: logs/preprocessing_20260323_151505.log
2026-03-23 15:15:05,476 - INFO - Scanning for available timestep files...
2026-03-23 15:15:05,478 - INFO -   Found 200 timesteps with both Lagrangian and Eulerian data
2026-03-23 15:15:05,478 - INFO - 
Processing 200 timesteps in 7 batches (size=30)...
2026-03-23 15:15:05,478 - INFO - 
[Batch 1/7] Processing timesteps 1-30...
2026-03-23 15:15:05,478 - INFO -   Loading timestep 1...
2026-03-23 15:15:05,718 - INFO -     Lagrangian: 1000 droplets
2026-03-23 15:15:05,718 - INFO -     Eulerian: 178164 cells
2026-03-23 15:15:05,720 - INFO -     Finding 1-nearest Eulerian neighbors for each droplet...
2026-03-23 15:15:05,795 - INFO -     ✓ Merged 1000 droplets with Eulerian values
2026-03-23 15:15:05,796 - INFO -   Loading timestep 2...
2026-03-23 15:15:05,968 - INFO -     Lagrangian: 2000 droplets
2026-03-23 15:15:05,969 - INFO -     Eulerian: 178164 cells
2026-03-23 15:15:05,970 - INFO -     Finding 1-nearest Eulerian neighbors for each droplet...
2026-03-23 15:15:06,048 - INFO -     ✓ Merged 2000 droplets with Eulerian values
2026-03-23 15:15:06,051 - INFO -   Loading timestep 3...
2026-03-23 15:15:06,223 - INFO -     Lagrangian: 3000 droplets
2026-03-23 15:15:06,224 - INFO -     Eulerian: 178164 cells
2026-03-23 15:15:06,225 - INFO -     Finding 1-nearest Eulerian neighbors for each droplet...
2026-03-23 15:15:06,304 - INFO -     ✓ Merged 3000 droplets with Eulerian values
2026-03-23 15:15:06,306 - INFO -   Loading timestep 4...
2026-03-23 15:15:06,560 - INFO -     Lagrangian: 4000 droplets
2026-03-23 15:15:06,560 - INFO -     Eulerian: 178164 cells
2026-03-23 15:15:06,562 - INFO -     Finding 1-nearest Eulerian neighbors for each droplet...
2026-03-23 15:15:06,642 - INFO -     ✓ Merged 4000 droplets with Eulerian values
2026-03-23 15:15:06,645 - INFO -   Loading timestep 5...
2026-03-23 15:15:06,809 - INFO -     Lagrangian: 5000 droplets
2026-03-23 15:15:06,810 - INFO -     Eulerian: 178164 cells
2026-03-23 15:15:06,811 - INFO -     Finding 1-nearest Eulerian neighbors for each droplet...
2026-03-23 15:15:06,893 - INFO -     ✓ Merged 5000 droplets with Eulerian values
2026-03-23 15:15:06,896 - INFO -   Loading timestep 6...
2026-03-23 15:15:07,088 - INFO -     Lagrangian: 6000 droplets
2026-03-23 15:15:07,088 - INFO -     Eulerian: 178164 cells
2026-03-23 15:15:07,090 - INFO -     Finding 1-nearest Eulerian neighbors for each droplet...
2026-03-23 15:15:07,175 - INFO -     ✓ Merged 6000 droplets with Eulerian values
2026-03-23 15:15:07,178 - INFO -   Loading timestep 7...
2026-03-23 15:15:07,368 - INFO -     Lagrangian: 7000 droplets
2026-03-23 15:15:07,369 - INFO -     Eulerian: 178164 cells
2026-03-23 15:15:07,370 - INFO -     Finding 1-nearest Eulerian neighbors for each droplet...
2026-03-23 15:15:07,456 - INFO -     ✓ Merged 7000 droplets with Eulerian values
2026-03-23 15:15:07,460 - INFO -   Loading timestep 8...
2026-03-23 15:15:07,665 - INFO -     Lagrangian: 8000 droplets
2026-03-23 15:15:07,665 - INFO -     Eulerian: 178164 cells
2026-03-23 15:15:07,666 - INFO -     Finding 1-nearest Eulerian neighbors for each droplet...
2026-03-23 15:15:07,756 - INFO -     ✓ Merged 8000 droplets with Eulerian values
2026-03-23 15:15:07,759 - INFO -   Loading timestep 9...
2026-03-23 15:15:07,947 - INFO -     Lagrangian: 9000 droplets
2026-03-23 15:15:07,947 - INFO -     Eulerian: 178164 cells
2026-03-23 15:15:07,948 - INFO -     Finding 1-nearest Eulerian neighbors for each droplet...
2026-03-23 15:15:08,039 - INFO -     ✓ Merged 9000 droplets with Eulerian values
2026-03-23 15:15:08,042 - INFO -   Loading timestep 10...
2026-03-23 15:15:08,232 - INFO -     Lagrangian: 10000 droplets
2026-03-23 15:15:08,233 - INFO -     Eulerian: 178164 cells
2026-03-23 15:15:08,234 - INFO -     Finding 1-nearest Eulerian neighbors for each droplet...
2026-03-23 15:15:08,324 - INFO -     ✓ Merged 10000 droplets with Eulerian values
2026-03-23 15:15:08,328 - INFO -   Loading timestep 11...
2026-03-23 15:15:08,529 - INFO -     Lagrangian: 10999 droplets
2026-03-23 15:15:08,529 - INFO -     Eulerian: 178164 cells
2026-03-23 15:15:08,530 - INFO -     Finding 1-nearest Eulerian neighbors for each droplet...
2026-03-23 15:15:08,623 - INFO -     ✓ Merged 10999 droplets with Eulerian values
2026-03-23 15:15:08,627 - INFO -   Loading timestep 12...
2026-03-23 15:15:08,855 - INFO -     Lagrangian: 11997 droplets
2026-03-23 15:15:08,856 - INFO -     Eulerian: 178164 cells
2026-03-23 15:15:08,857 - INFO -     Finding 1-nearest Eulerian neighbors for each droplet...
2026-03-23 15:15:08,951 - INFO -     ✓ Merged 11997 droplets with Eulerian values
2026-03-23 15:15:08,956 - INFO -   Loading timestep 13...
2026-03-23 15:15:09,164 - INFO -     Lagrangian: 12996 droplets
2026-03-23 15:15:09,164 - INFO -     Eulerian: 178164 cells
2026-03-23 15:15:09,166 - INFO -     Finding 1-nearest Eulerian neighbors for each droplet...
2026-03-23 15:15:09,265 - INFO -     ✓ Merged 12996 droplets with Eulerian values
2026-03-23 15:15:09,270 - INFO -   Loading timestep 14...
2026-03-23 15:15:09,503 - INFO -     Lagrangian: 13995 droplets
2026-03-23 15:15:09,504 - INFO -     Eulerian: 178164 cells
2026-03-23 15:15:09,505 - INFO -     Finding 1-nearest Eulerian neighbors for each droplet...
2026-03-23 15:15:09,606 - INFO -     ✓ Merged 13995 droplets with Eulerian values
2026-03-23 15:15:09,612 - INFO -   Loading timestep 15...
2026-03-23 15:15:09,836 - INFO -     Lagrangian: 14995 droplets
2026-03-23 15:15:09,836 - INFO -     Eulerian: 178164 cells
2026-03-23 15:15:09,837 - INFO -     Finding 1-nearest Eulerian neighbors for each droplet...
2026-03-23 15:15:09,937 - INFO -     ✓ Merged 14995 droplets with Eulerian values
2026-03-23 15:15:09,943 - INFO -   Loading timestep 16...
2026-03-23 15:15:10,168 - INFO -     Lagrangian: 15993 droplets
2026-03-23 15:15:10,169 - INFO -     Eulerian: 178164 cells
2026-03-23 15:15:10,170 - INFO -     Finding 1-nearest Eulerian neighbors for each droplet...
2026-03-23 15:15:10,275 - INFO -     ✓ Merged 15993 droplets with Eulerian values
2026-03-23 15:15:10,283 - INFO -   Loading timestep 17...
2026-03-23 15:15:10,519 - INFO -     Lagrangian: 16992 droplets
2026-03-23 15:15:10,519 - INFO -     Eulerian: 178164 cells
2026-03-23 15:15:10,521 - INFO -     Finding 1-nearest Eulerian neighbors for each droplet...
2026-03-23 15:15:10,635 - INFO -     ✓ Merged 16992 droplets with Eulerian values
2026-03-23 15:15:10,642 - INFO -   Loading timestep 18...
2026-03-23 15:15:10,889 - INFO -     Lagrangian: 17991 droplets
2026-03-23 15:15:10,889 - INFO -     Eulerian: 178164 cells
2026-03-23 15:15:10,890 - INFO -     Finding 1-nearest Eulerian neighbors for each droplet...
2026-03-23 15:15:11,004 - INFO -     ✓ Merged 17991 droplets with Eulerian values
2026-03-23 15:15:11,012 - INFO -   Loading timestep 19...
2026-03-23 15:15:11,287 - INFO -     Lagrangian: 18988 droplets
2026-03-23 15:15:11,287 - INFO -     Eulerian: 178164 cells
2026-03-23 15:15:11,288 - INFO -     Finding 1-nearest Eulerian neighbors for each droplet...
2026-03-23 15:15:11,396 - INFO -     ✓ Merged 18988 droplets with Eulerian values
2026-03-23 15:15:11,403 - INFO -   Loading timestep 20...
2026-03-23 15:15:11,635 - INFO -     Lagrangian: 19986 droplets
2026-03-23 15:15:11,635 - INFO -     Eulerian: 178164 cells
2026-03-23 15:15:11,636 - INFO -     Finding 1-nearest Eulerian neighbors for each droplet...
2026-03-23 15:15:11,743 - INFO -     ✓ Merged 19986 droplets with Eulerian values
2026-03-23 15:15:11,750 - INFO -   Loading timestep 21...
2026-03-23 15:15:11,985 - INFO -     Lagrangian: 20979 droplets
2026-03-23 15:15:11,985 - INFO -     Eulerian: 178164 cells
2026-03-23 15:15:11,986 - INFO -     Finding 1-nearest Eulerian neighbors for each droplet...
2026-03-23 15:15:12,100 - INFO -     ✓ Merged 20979 droplets with Eulerian values
2026-03-23 15:15:12,106 - INFO -   Loading timestep 22...
2026-03-23 15:15:12,340 - INFO -     Lagrangian: 21974 droplets
2026-03-23 15:15:12,340 - INFO -     Eulerian: 178164 cells
2026-03-23 15:15:12,341 - INFO -     Finding 1-nearest Eulerian neighbors for each droplet...
2026-03-23 15:15:12,461 - INFO -     ✓ Merged 21974 droplets with Eulerian values
2026-03-23 15:15:12,467 - INFO -   Loading timestep 23...
2026-03-23 15:15:12,751 - INFO -     Lagrangian: 22965 droplets
2026-03-23 15:15:12,751 - INFO -     Eulerian: 178164 cells
2026-03-23 15:15:12,753 - INFO -     Finding 1-nearest Eulerian neighbors for each droplet...
2026-03-23 15:15:12,867 - INFO -     ✓ Merged 22965 droplets with Eulerian values
2026-03-23 15:15:12,873 - INFO -   Loading timestep 24...
2026-03-23 15:15:13,101 - INFO -     Lagrangian: 23958 droplets
2026-03-23 15:15:13,101 - INFO -     Eulerian: 178164 cells
2026-03-23 15:15:13,103 - INFO -     Finding 1-nearest Eulerian neighbors for each droplet...
2026-03-23 15:15:13,216 - INFO -     ✓ Merged 23958 droplets with Eulerian values
2026-03-23 15:15:13,222 - INFO -   Loading timestep 25...
2026-03-23 15:15:13,473 - INFO -     Lagrangian: 24948 droplets
2026-03-23 15:15:13,473 - INFO -     Eulerian: 178164 cells
2026-03-23 15:15:13,475 - INFO -     Finding 1-nearest Eulerian neighbors for each droplet...
2026-03-23 15:15:13,589 - INFO -     ✓ Merged 24948 droplets with Eulerian values
2026-03-23 15:15:13,596 - INFO -   Loading timestep 26...
2026-03-23 15:15:13,826 - INFO -     Lagrangian: 24930 droplets
2026-03-23 15:15:13,826 - INFO -     Eulerian: 178164 cells
2026-03-23 15:15:13,828 - INFO -     Finding 1-nearest Eulerian neighbors for each droplet...
2026-03-23 15:15:13,944 - INFO -     ✓ Merged 24930 droplets with Eulerian values
2026-03-23 15:15:13,950 - INFO -   Loading timestep 27...
2026-03-23 15:15:14,185 - INFO -     Lagrangian: 24918 droplets
2026-03-23 15:15:14,186 - INFO -     Eulerian: 178164 cells
2026-03-23 15:15:14,187 - INFO -     Finding 1-nearest Eulerian neighbors for each droplet...
2026-03-23 15:15:14,303 - INFO -     ✓ Merged 24918 droplets with Eulerian values
2026-03-23 15:15:14,309 - INFO -   Loading timestep 28...
2026-03-23 15:15:14,533 - INFO -     Lagrangian: 24902 droplets
2026-03-23 15:15:14,534 - INFO -     Eulerian: 178164 cells
2026-03-23 15:15:14,535 - INFO -     Finding 1-nearest Eulerian neighbors for each droplet...
2026-03-23 15:15:14,653 - INFO -     ✓ Merged 24902 droplets with Eulerian values
2026-03-23 15:15:14,660 - INFO -   Loading timestep 29...
2026-03-23 15:15:14,884 - INFO -     Lagrangian: 24889 droplets
2026-03-23 15:15:14,884 - INFO -     Eulerian: 178164 cells
2026-03-23 15:15:14,885 - INFO -     Finding 1-nearest Eulerian neighbors for each droplet...
2026-03-23 15:15:15,003 - INFO -     ✓ Merged 24889 droplets with Eulerian values
2026-03-23 15:15:15,010 - INFO -   Loading timestep 30...
2026-03-23 15:15:15,237 - INFO -     Lagrangian: 24876 droplets
2026-03-23 15:15:15,237 - INFO -     Eulerian: 178164 cells
2026-03-23 15:15:15,239 - INFO -     Finding 1-nearest Eulerian neighbors for each droplet...
2026-03-23 15:15:15,354 - INFO -     ✓ Merged 24876 droplets with Eulerian values
2026-03-23 15:15:15,447 - INFO -   Batch loaded: 449,271 droplet records
2026-03-23 15:15:15,448 - INFO -   Creating paired data...
2026-03-23 15:15:15,448 - INFO - 
Creating paired timestep data...
2026-03-23 15:15:15,889 - INFO -   Total droplet records: 449,271
2026-03-23 15:15:15,889 - INFO -   Valid pairs (persistent): 424,271
2026-03-23 15:15:16,652 - INFO -   Created 424,271 paired samples
2026-03-23 15:15:16,661 - INFO -   Created 424,271 paired samples
2026-03-23 15:15:16,661 - INFO -   Splitting by particle ID...
2026-03-23 15:15:16,661 - INFO -     Splitting by particle ID...
2026-03-23 15:15:16,725 - INFO -       Train: 340,372 samples from 20,000 particles
2026-03-23 15:15:16,725 - INFO -       Val:   41,765 samples from 2,500 particles
2026-03-23 15:15:16,725 - INFO -       Test:  42,134 samples from 2,500 particles
2026-03-23 15:15:16,725 - INFO -   Batch 1 complete: 340,372 train / 41,765 val / 42,134 test
2026-03-23 15:15:16,731 - INFO - 
[Batch 2/7] Processing timesteps 31-60...
2026-03-23 15:15:16,732 - INFO -   Loading timestep 31...
2026-03-23 15:15:16,947 - INFO -     Lagrangian: 24854 droplets
2026-03-23 15:15:16,948 - INFO -     Eulerian: 178164 cells
2026-03-23 15:15:16,949 - INFO -     Finding 1-nearest Eulerian neighbors for each droplet...
2026-03-23 15:15:17,069 - INFO -     ✓ Merged 24854 droplets with Eulerian values
2026-03-23 15:15:17,069 - INFO -   Loading timestep 32...
2026-03-23 15:15:17,263 - INFO -     Lagrangian: 24812 droplets
2026-03-23 15:15:17,263 - INFO -     Eulerian: 178164 cells
2026-03-23 15:15:17,264 - INFO -     Finding 1-nearest Eulerian neighbors for each droplet...
2026-03-23 15:15:17,385 - INFO -     ✓ Merged 24812 droplets with Eulerian values
2026-03-23 15:15:17,385 - INFO -   Loading timestep 33...
2026-03-23 15:15:17,579 - INFO -     Lagrangian: 24785 droplets
2026-03-23 15:15:17,579 - INFO -     Eulerian: 178164 cells
2026-03-23 15:15:17,581 - INFO -     Finding 1-nearest Eulerian neighbors for each droplet...
2026-03-23 15:15:17,701 - INFO -     ✓ Merged 24785 droplets with Eulerian values
2026-03-23 15:15:17,701 - INFO -   Loading timestep 34...
2026-03-23 15:15:17,901 - INFO -     Lagrangian: 24757 droplets
2026-03-23 15:15:17,901 - INFO -     Eulerian: 178164 cells
2026-03-23 15:15:17,903 - INFO -     Finding 1-nearest Eulerian neighbors for each droplet...
2026-03-23 15:15:18,038 - INFO -     ✓ Merged 24757 droplets with Eulerian values
2026-03-23 15:15:18,039 - INFO -   Loading timestep 35...
2026-03-23 15:15:18,220 - INFO -     Lagrangian: 24717 droplets
2026-03-23 15:15:18,220 - INFO -     Eulerian: 178164 cells
2026-03-23 15:15:18,222 - INFO -     Finding 1-nearest Eulerian neighbors for each droplet...
2026-03-23 15:15:18,338 - INFO -     ✓ Merged 24717 droplets with Eulerian values
2026-03-23 15:15:18,338 - INFO -   Loading timestep 36...
2026-03-23 15:15:18,516 - INFO -     Lagrangian: 24659 droplets
2026-03-23 15:15:18,516 - INFO -     Eulerian: 178164 cells
2026-03-23 15:15:18,518 - INFO -     Finding 1-nearest Eulerian neighbors for each droplet...
2026-03-23 15:15:18,634 - INFO -     ✓ Merged 24659 droplets with Eulerian values
2026-03-23 15:15:18,635 - INFO -   Loading timestep 37...
2026-03-23 15:15:18,832 - INFO -     Lagrangian: 24603 droplets
2026-03-23 15:15:18,832 - INFO -     Eulerian: 178164 cells
2026-03-23 15:15:18,834 - INFO -     Finding 1-nearest Eulerian neighbors for each droplet...
2026-03-23 15:15:18,950 - INFO -     ✓ Merged 24603 droplets with Eulerian values
2026-03-23 15:15:18,951 - INFO -   Loading timestep 38...
2026-03-23 15:15:19,158 - INFO -     Lagrangian: 24558 droplets
2026-03-23 15:15:19,158 - INFO -     Eulerian: 178164 cells
2026-03-23 15:15:19,159 - INFO -     Finding 1-nearest Eulerian neighbors for each droplet...
2026-03-23 15:15:19,289 - INFO -     ✓ Merged 24558 droplets with Eulerian values
2026-03-23 15:15:19,290 - INFO -   Loading timestep 39...
2026-03-23 15:15:19,489 - INFO -     Lagrangian: 24492 droplets
2026-03-23 15:15:19,489 - INFO -     Eulerian: 178164 cells
2026-03-23 15:15:19,490 - INFO -     Finding 1-nearest Eulerian neighbors for each droplet...
2026-03-23 15:15:19,605 - INFO -     ✓ Merged 24492 droplets with Eulerian values
2026-03-23 15:15:19,605 - INFO -   Loading timestep 40...
2026-03-23 15:15:19,792 - INFO -     Lagrangian: 24382 droplets
2026-03-23 15:15:19,792 - INFO -     Eulerian: 178164 cells
2026-03-23 15:15:19,794 - INFO -     Finding 1-nearest Eulerian neighbors for each droplet...
2026-03-23 15:15:19,911 - INFO -     ✓ Merged 24382 droplets with Eulerian values
2026-03-23 15:15:19,912 - INFO -   Loading timestep 41...
2026-03-23 15:15:20,095 - INFO -     Lagrangian: 24245 droplets
2026-03-23 15:15:20,095 - INFO -     Eulerian: 178164 cells
2026-03-23 15:15:20,097 - INFO -     Finding 1-nearest Eulerian neighbors for each droplet...
2026-03-23 15:15:20,213 - INFO -     ✓ Merged 24245 droplets with Eulerian values
2026-03-23 15:15:20,213 - INFO -   Loading timestep 42...
2026-03-23 15:15:20,397 - INFO -     Lagrangian: 24076 droplets
2026-03-23 15:15:20,397 - INFO -     Eulerian: 178164 cells
2026-03-23 15:15:20,398 - INFO -     Finding 1-nearest Eulerian neighbors for each droplet...
2026-03-23 15:15:20,514 - INFO -     ✓ Merged 24076 droplets with Eulerian values
2026-03-23 15:15:20,514 - INFO -   Loading timestep 43...
2026-03-23 15:15:20,725 - INFO -     Lagrangian: 23885 droplets
2026-03-23 15:15:20,725 - INFO -     Eulerian: 178164 cells
2026-03-23 15:15:20,726 - INFO -     Finding 1-nearest Eulerian neighbors for each droplet...
2026-03-23 15:15:20,843 - INFO -     ✓ Merged 23885 droplets with Eulerian values
2026-03-23 15:15:20,843 - INFO -   Loading timestep 44...
2026-03-23 15:15:21,042 - INFO -     Lagrangian: 23686 droplets
2026-03-23 15:15:21,042 - INFO -     Eulerian: 178164 cells
2026-03-23 15:15:21,043 - INFO -     Finding 1-nearest Eulerian neighbors for each droplet...
2026-03-23 15:15:21,163 - INFO -     ✓ Merged 23686 droplets with Eulerian values
2026-03-23 15:15:21,163 - INFO -   Loading timestep 45...
2026-03-23 15:15:21,359 - INFO -     Lagrangian: 23485 droplets
2026-03-23 15:15:21,359 - INFO -     Eulerian: 178164 cells
2026-03-23 15:15:21,361 - INFO -     Finding 1-nearest Eulerian neighbors for each droplet...
2026-03-23 15:15:21,476 - INFO -     ✓ Merged 23485 droplets with Eulerian values
2026-03-23 15:15:21,476 - INFO -   Loading timestep 46...
2026-03-23 15:15:21,669 - INFO -     Lagrangian: 23299 droplets
2026-03-23 15:15:21,669 - INFO -     Eulerian: 178164 cells
2026-03-23 15:15:21,670 - INFO -     Finding 1-nearest Eulerian neighbors for each droplet...
2026-03-23 15:15:21,787 - INFO -     ✓ Merged 23299 droplets with Eulerian values
2026-03-23 15:15:21,787 - INFO -   Loading timestep 47...
2026-03-23 15:15:21,976 - INFO -     Lagrangian: 23111 droplets
2026-03-23 15:15:21,976 - INFO -     Eulerian: 178164 cells
2026-03-23 15:15:21,978 - INFO -     Finding 1-nearest Eulerian neighbors for each droplet...
2026-03-23 15:15:22,089 - INFO -     ✓ Merged 23111 droplets with Eulerian values
2026-03-23 15:15:22,089 - INFO -   Loading timestep 48...
2026-03-23 15:15:22,283 - INFO -     Lagrangian: 22923 droplets
2026-03-23 15:15:22,283 - INFO -     Eulerian: 178164 cells
2026-03-23 15:15:22,285 - INFO -     Finding 1-nearest Eulerian neighbors for each droplet...
2026-03-23 15:15:22,401 - INFO -     ✓ Merged 22923 droplets with Eulerian values
2026-03-23 15:15:22,401 - INFO -   Loading timestep 49...
2026-03-23 15:15:22,611 - INFO -     Lagrangian: 22751 droplets
2026-03-23 15:15:22,611 - INFO -     Eulerian: 178164 cells
2026-03-23 15:15:22,612 - INFO -     Finding 1-nearest Eulerian neighbors for each droplet...
2026-03-23 15:15:22,724 - INFO -     ✓ Merged 22751 droplets with Eulerian values
2026-03-23 15:15:22,724 - INFO -   Loading timestep 50...
2026-03-23 15:15:22,934 - INFO -     Lagrangian: 22591 droplets
2026-03-23 15:15:22,934 - INFO -     Eulerian: 178164 cells
2026-03-23 15:15:22,935 - INFO -     Finding 1-nearest Eulerian neighbors for each droplet...
2026-03-23 15:15:23,048 - INFO -     ✓ Merged 22591 droplets with Eulerian values
2026-03-23 15:15:23,048 - INFO -   Loading timestep 51...
2026-03-23 15:15:23,261 - INFO -     Lagrangian: 22424 droplets
2026-03-23 15:15:23,261 - INFO -     Eulerian: 178164 cells
2026-03-23 15:15:23,263 - INFO -     Finding 1-nearest Eulerian neighbors for each droplet...
2026-03-23 15:15:23,380 - INFO -     ✓ Merged 22424 droplets with Eulerian values
2026-03-23 15:15:23,380 - INFO -   Loading timestep 52...
2026-03-23 15:15:23,598 - INFO -     Lagrangian: 22258 droplets
2026-03-23 15:15:23,598 - INFO -     Eulerian: 178164 cells
2026-03-23 15:15:23,600 - INFO -     Finding 1-nearest Eulerian neighbors for each droplet...
2026-03-23 15:15:23,722 - INFO -     ✓ Merged 22258 droplets with Eulerian values
2026-03-23 15:15:23,722 - INFO -   Loading timestep 53...
2026-03-23 15:15:23,962 - INFO -     Lagrangian: 22098 droplets
2026-03-23 15:15:23,962 - INFO -     Eulerian: 178164 cells
2026-03-23 15:15:23,964 - INFO -     Finding 1-nearest Eulerian neighbors for each droplet...
2026-03-23 15:15:24,106 - INFO -     ✓ Merged 22098 droplets with Eulerian values
2026-03-23 15:15:24,106 - INFO -   Loading timestep 54...
2026-03-23 15:15:24,327 - INFO -     Lagrangian: 21915 droplets
2026-03-23 15:15:24,327 - INFO -     Eulerian: 178164 cells
2026-03-23 15:15:24,329 - INFO -     Finding 1-nearest Eulerian neighbors for each droplet...
2026-03-23 15:15:24,455 - INFO -     ✓ Merged 21915 droplets with Eulerian values
2026-03-23 15:15:24,455 - INFO -   Loading timestep 55...
2026-03-23 15:15:24,685 - INFO -     Lagrangian: 21729 droplets
2026-03-23 15:15:24,685 - INFO -     Eulerian: 178164 cells
2026-03-23 15:15:24,687 - INFO -     Finding 1-nearest Eulerian neighbors for each droplet...
2026-03-23 15:15:24,820 - INFO -     ✓ Merged 21729 droplets with Eulerian values
2026-03-23 15:15:24,820 - INFO -   Loading timestep 56...
2026-03-23 15:15:25,050 - INFO -     Lagrangian: 21539 droplets
2026-03-23 15:15:25,050 - INFO -     Eulerian: 178164 cells
2026-03-23 15:15:25,051 - INFO -     Finding 1-nearest Eulerian neighbors for each droplet...
2026-03-23 15:15:25,172 - INFO -     ✓ Merged 21539 droplets with Eulerian values
2026-03-23 15:15:25,172 - INFO -   Loading timestep 57...
2026-03-23 15:15:25,368 - INFO -     Lagrangian: 21365 droplets
2026-03-23 15:15:25,368 - INFO -     Eulerian: 178164 cells
2026-03-23 15:15:25,369 - INFO -     Finding 1-nearest Eulerian neighbors for each droplet...
2026-03-23 15:15:25,483 - INFO -     ✓ Merged 21365 droplets with Eulerian values
2026-03-23 15:15:25,483 - INFO -   Loading timestep 58...
2026-03-23 15:15:25,672 - INFO -     Lagrangian: 21175 droplets
2026-03-23 15:15:25,672 - INFO -     Eulerian: 178164 cells
2026-03-23 15:15:25,673 - INFO -     Finding 1-nearest Eulerian neighbors for each droplet...
2026-03-23 15:15:25,784 - INFO -     ✓ Merged 21175 droplets with Eulerian values
2026-03-23 15:15:25,784 - INFO -   Loading timestep 59...
2026-03-23 15:15:25,972 - INFO -     Lagrangian: 20992 droplets
2026-03-23 15:15:25,973 - INFO -     Eulerian: 178164 cells
2026-03-23 15:15:25,974 - INFO -     Finding 1-nearest Eulerian neighbors for each droplet...
2026-03-23 15:15:26,083 - INFO -     ✓ Merged 20992 droplets with Eulerian values
2026-03-23 15:15:26,083 - INFO -   Loading timestep 60...
2026-03-23 15:15:26,288 - INFO -     Lagrangian: 20802 droplets
2026-03-23 15:15:26,288 - INFO -     Eulerian: 178164 cells
2026-03-23 15:15:26,290 - INFO -     Finding 1-nearest Eulerian neighbors for each droplet...
2026-03-23 15:15:26,398 - INFO -     ✓ Merged 20802 droplets with Eulerian values
2026-03-23 15:15:26,457 - INFO -   Batch loaded: 696,968 droplet records
2026-03-23 15:15:26,458 - INFO -   Creating paired data...
2026-03-23 15:15:26,458 - INFO - 
Creating paired timestep data...
2026-03-23 15:15:26,850 - INFO -   Total droplet records: 696,968
2026-03-23 15:15:26,851 - INFO -   Valid pairs (persistent): 672,114
2026-03-23 15:15:28,155 - INFO -   Created 672,114 paired samples
2026-03-23 15:15:28,177 - INFO -   Created 672,114 paired samples
2026-03-23 15:15:28,178 - INFO -   Splitting by particle ID...
2026-03-23 15:15:28,178 - INFO -     Splitting by particle ID...
2026-03-23 15:15:28,300 - INFO -       Train: 537,894 samples from 19,849 particles
2026-03-23 15:15:28,300 - INFO -       Val:   67,264 samples from 2,481 particles
2026-03-23 15:15:28,300 - INFO -       Test:  66,956 samples from 2,482 particles
2026-03-23 15:15:28,300 - INFO -   Batch 2 complete: 537,894 train / 67,264 val / 66,956 test
2026-03-23 15:15:28,302 - INFO - 
[Batch 3/7] Processing timesteps 61-90...
2026-03-23 15:15:28,304 - INFO -   Loading timestep 61...
2026-03-23 15:15:28,555 - INFO -     Lagrangian: 20601 droplets
2026-03-23 15:15:28,556 - INFO -     Eulerian: 178164 cells
2026-03-23 15:15:28,558 - INFO -     Finding 1-nearest Eulerian neighbors for each droplet...
2026-03-23 15:15:28,669 - INFO -     ✓ Merged 20601 droplets with Eulerian values
2026-03-23 15:15:28,669 - INFO -   Loading timestep 62...
2026-03-23 15:15:28,865 - INFO -     Lagrangian: 20405 droplets
2026-03-23 15:15:28,865 - INFO -     Eulerian: 178164 cells
2026-03-23 15:15:28,866 - INFO -     Finding 1-nearest Eulerian neighbors for each droplet...
2026-03-23 15:15:28,983 - INFO -     ✓ Merged 20405 droplets with Eulerian values
2026-03-23 15:15:28,984 - INFO -   Loading timestep 63...
2026-03-23 15:15:29,177 - INFO -     Lagrangian: 20212 droplets
2026-03-23 15:15:29,178 - INFO -     Eulerian: 178164 cells
2026-03-23 15:15:29,179 - INFO -     Finding 1-nearest Eulerian neighbors for each droplet...
2026-03-23 15:15:29,295 - INFO -     ✓ Merged 20212 droplets with Eulerian values
2026-03-23 15:15:29,296 - INFO -   Loading timestep 64...
2026-03-23 15:15:29,478 - INFO -     Lagrangian: 19970 droplets
2026-03-23 15:15:29,478 - INFO -     Eulerian: 178164 cells
2026-03-23 15:15:29,480 - INFO -     Finding 1-nearest Eulerian neighbors for each droplet...
2026-03-23 15:15:29,585 - INFO -     ✓ Merged 19970 droplets with Eulerian values
2026-03-23 15:15:29,585 - INFO -   Loading timestep 65...
2026-03-23 15:15:29,767 - INFO -     Lagrangian: 19733 droplets
2026-03-23 15:15:29,767 - INFO -     Eulerian: 178164 cells
2026-03-23 15:15:29,768 - INFO -     Finding 1-nearest Eulerian neighbors for each droplet...
2026-03-23 15:15:29,876 - INFO -     ✓ Merged 19733 droplets with Eulerian values
2026-03-23 15:15:29,876 - INFO -   Loading timestep 66...
2026-03-23 15:15:30,065 - INFO -     Lagrangian: 19478 droplets
2026-03-23 15:15:30,065 - INFO -     Eulerian: 178164 cells
2026-03-23 15:15:30,067 - INFO -     Finding 1-nearest Eulerian neighbors for each droplet...
2026-03-23 15:15:30,183 - INFO -     ✓ Merged 19478 droplets with Eulerian values
2026-03-23 15:15:30,183 - INFO -   Loading timestep 67...
2026-03-23 15:15:30,383 - INFO -     Lagrangian: 19205 droplets
2026-03-23 15:15:30,383 - INFO -     Eulerian: 178164 cells
2026-03-23 15:15:30,385 - INFO -     Finding 1-nearest Eulerian neighbors for each droplet...
2026-03-23 15:15:30,494 - INFO -     ✓ Merged 19205 droplets with Eulerian values
2026-03-23 15:15:30,494 - INFO -   Loading timestep 68...
2026-03-23 15:15:30,679 - INFO -     Lagrangian: 18948 droplets
2026-03-23 15:15:30,680 - INFO -     Eulerian: 178164 cells
2026-03-23 15:15:30,681 - INFO -     Finding 1-nearest Eulerian neighbors for each droplet...
2026-03-23 15:15:30,795 - INFO -     ✓ Merged 18948 droplets with Eulerian values
2026-03-23 15:15:30,795 - INFO -   Loading timestep 69...
2026-03-23 15:15:31,017 - INFO -     Lagrangian: 18674 droplets
2026-03-23 15:15:31,018 - INFO -     Eulerian: 178164 cells
2026-03-23 15:15:31,019 - INFO -     Finding 1-nearest Eulerian neighbors for each droplet...
2026-03-23 15:15:31,145 - INFO -     ✓ Merged 18674 droplets with Eulerian values
2026-03-23 15:15:31,145 - INFO -   Loading timestep 70...
2026-03-23 15:15:31,377 - INFO -     Lagrangian: 18382 droplets
2026-03-23 15:15:31,377 - INFO -     Eulerian: 178164 cells
2026-03-23 15:15:31,379 - INFO -     Finding 1-nearest Eulerian neighbors for each droplet...
2026-03-23 15:15:31,486 - INFO -     ✓ Merged 18382 droplets with Eulerian values
2026-03-23 15:15:31,486 - INFO -   Loading timestep 71...
2026-03-23 15:15:31,692 - INFO -     Lagrangian: 18082 droplets
2026-03-23 15:15:31,692 - INFO -     Eulerian: 178164 cells
2026-03-23 15:15:31,694 - INFO -     Finding 1-nearest Eulerian neighbors for each droplet...
2026-03-23 15:15:31,812 - INFO -     ✓ Merged 18082 droplets with Eulerian values
2026-03-23 15:15:31,813 - INFO -   Loading timestep 72...
2026-03-23 15:15:31,993 - INFO -     Lagrangian: 17767 droplets
2026-03-23 15:15:31,994 - INFO -     Eulerian: 178164 cells
2026-03-23 15:15:31,995 - INFO -     Finding 1-nearest Eulerian neighbors for each droplet...
2026-03-23 15:15:32,097 - INFO -     ✓ Merged 17767 droplets with Eulerian values
2026-03-23 15:15:32,098 - INFO -   Loading timestep 73...
2026-03-23 15:15:32,275 - INFO -     Lagrangian: 17405 droplets
2026-03-23 15:15:32,275 - INFO -     Eulerian: 178164 cells
2026-03-23 15:15:32,277 - INFO -     Finding 1-nearest Eulerian neighbors for each droplet...
2026-03-23 15:15:32,379 - INFO -     ✓ Merged 17405 droplets with Eulerian values
2026-03-23 15:15:32,379 - INFO -   Loading timestep 74...
2026-03-23 15:15:32,553 - INFO -     Lagrangian: 17060 droplets
2026-03-23 15:15:32,554 - INFO -     Eulerian: 178164 cells
2026-03-23 15:15:32,555 - INFO -     Finding 1-nearest Eulerian neighbors for each droplet...
2026-03-23 15:15:32,657 - INFO -     ✓ Merged 17060 droplets with Eulerian values
2026-03-23 15:15:32,657 - INFO -   Loading timestep 75...
2026-03-23 15:15:32,836 - INFO -     Lagrangian: 16733 droplets
2026-03-23 15:15:32,836 - INFO -     Eulerian: 178164 cells
2026-03-23 15:15:32,838 - INFO -     Finding 1-nearest Eulerian neighbors for each droplet...
2026-03-23 15:15:32,940 - INFO -     ✓ Merged 16733 droplets with Eulerian values
2026-03-23 15:15:32,940 - INFO -   Loading timestep 76...
2026-03-23 15:15:33,116 - INFO -     Lagrangian: 16416 droplets
2026-03-23 15:15:33,116 - INFO -     Eulerian: 178164 cells
2026-03-23 15:15:33,118 - INFO -     Finding 1-nearest Eulerian neighbors for each droplet...
2026-03-23 15:15:33,221 - INFO -     ✓ Merged 16416 droplets with Eulerian values
2026-03-23 15:15:33,221 - INFO -   Loading timestep 77...
2026-03-23 15:15:33,403 - INFO -     Lagrangian: 16088 droplets
2026-03-23 15:15:33,403 - INFO -     Eulerian: 178164 cells
2026-03-23 15:15:33,404 - INFO -     Finding 1-nearest Eulerian neighbors for each droplet...
2026-03-23 15:15:33,505 - INFO -     ✓ Merged 16088 droplets with Eulerian values
2026-03-23 15:15:33,505 - INFO -   Loading timestep 78...
2026-03-23 15:15:33,685 - INFO -     Lagrangian: 15736 droplets
2026-03-23 15:15:33,685 - INFO -     Eulerian: 178164 cells
2026-03-23 15:15:33,687 - INFO -     Finding 1-nearest Eulerian neighbors for each droplet...
2026-03-23 15:15:33,790 - INFO -     ✓ Merged 15736 droplets with Eulerian values
2026-03-23 15:15:33,790 - INFO -   Loading timestep 79...
2026-03-23 15:15:33,977 - INFO -     Lagrangian: 15425 droplets
2026-03-23 15:15:33,977 - INFO -     Eulerian: 178164 cells
2026-03-23 15:15:33,978 - INFO -     Finding 1-nearest Eulerian neighbors for each droplet...
2026-03-23 15:15:34,082 - INFO -     ✓ Merged 15425 droplets with Eulerian values
2026-03-23 15:15:34,082 - INFO -   Loading timestep 80...
2026-03-23 15:15:34,264 - INFO -     Lagrangian: 15138 droplets
2026-03-23 15:15:34,264 - INFO -     Eulerian: 178164 cells
2026-03-23 15:15:34,265 - INFO -     Finding 1-nearest Eulerian neighbors for each droplet...
2026-03-23 15:15:34,367 - INFO -     ✓ Merged 15138 droplets with Eulerian values
2026-03-23 15:15:34,367 - INFO -   Loading timestep 81...
2026-03-23 15:15:34,542 - INFO -     Lagrangian: 14821 droplets
2026-03-23 15:15:34,542 - INFO -     Eulerian: 178164 cells
2026-03-23 15:15:34,543 - INFO -     Finding 1-nearest Eulerian neighbors for each droplet...
2026-03-23 15:15:34,642 - INFO -     ✓ Merged 14821 droplets with Eulerian values
2026-03-23 15:15:34,642 - INFO -   Loading timestep 82...
2026-03-23 15:15:34,822 - INFO -     Lagrangian: 14573 droplets
2026-03-23 15:15:34,822 - INFO -     Eulerian: 178164 cells
2026-03-23 15:15:34,824 - INFO -     Finding 1-nearest Eulerian neighbors for each droplet...
2026-03-23 15:15:34,922 - INFO -     ✓ Merged 14573 droplets with Eulerian values
2026-03-23 15:15:34,923 - INFO -   Loading timestep 83...
2026-03-23 15:15:35,098 - INFO -     Lagrangian: 14356 droplets
2026-03-23 15:15:35,099 - INFO -     Eulerian: 178164 cells
2026-03-23 15:15:35,100 - INFO -     Finding 1-nearest Eulerian neighbors for each droplet...
2026-03-23 15:15:35,198 - INFO -     ✓ Merged 14356 droplets with Eulerian values
2026-03-23 15:15:35,198 - INFO -   Loading timestep 84...
2026-03-23 15:15:35,373 - INFO -     Lagrangian: 14183 droplets
2026-03-23 15:15:35,373 - INFO -     Eulerian: 178164 cells
2026-03-23 15:15:35,375 - INFO -     Finding 1-nearest Eulerian neighbors for each droplet...
2026-03-23 15:15:35,472 - INFO -     ✓ Merged 14183 droplets with Eulerian values
2026-03-23 15:15:35,472 - INFO -   Loading timestep 85...
2026-03-23 15:15:35,646 - INFO -     Lagrangian: 13993 droplets
2026-03-23 15:15:35,646 - INFO -     Eulerian: 178164 cells
2026-03-23 15:15:35,648 - INFO -     Finding 1-nearest Eulerian neighbors for each droplet...
2026-03-23 15:15:35,751 - INFO -     ✓ Merged 13993 droplets with Eulerian values
2026-03-23 15:15:35,751 - INFO -   Loading timestep 86...
2026-03-23 15:15:35,933 - INFO -     Lagrangian: 13842 droplets
2026-03-23 15:15:35,933 - INFO -     Eulerian: 178164 cells
2026-03-23 15:15:35,934 - INFO -     Finding 1-nearest Eulerian neighbors for each droplet...
2026-03-23 15:15:36,034 - INFO -     ✓ Merged 13842 droplets with Eulerian values
2026-03-23 15:15:36,034 - INFO -   Loading timestep 87...
2026-03-23 15:15:36,211 - INFO -     Lagrangian: 13714 droplets
2026-03-23 15:15:36,211 - INFO -     Eulerian: 178164 cells
2026-03-23 15:15:36,213 - INFO -     Finding 1-nearest Eulerian neighbors for each droplet...
2026-03-23 15:15:36,312 - INFO -     ✓ Merged 13714 droplets with Eulerian values
2026-03-23 15:15:36,312 - INFO -   Loading timestep 88...
2026-03-23 15:15:36,490 - INFO -     Lagrangian: 13585 droplets
2026-03-23 15:15:36,490 - INFO -     Eulerian: 178164 cells
2026-03-23 15:15:36,492 - INFO -     Finding 1-nearest Eulerian neighbors for each droplet...
2026-03-23 15:15:36,592 - INFO -     ✓ Merged 13585 droplets with Eulerian values
2026-03-23 15:15:36,592 - INFO -   Loading timestep 89...
2026-03-23 15:15:36,763 - INFO -     Lagrangian: 13492 droplets
2026-03-23 15:15:36,763 - INFO -     Eulerian: 178164 cells
2026-03-23 15:15:36,765 - INFO -     Finding 1-nearest Eulerian neighbors for each droplet...
2026-03-23 15:15:36,876 - INFO -     ✓ Merged 13492 droplets with Eulerian values
2026-03-23 15:15:36,876 - INFO -   Loading timestep 90...
2026-03-23 15:15:37,062 - INFO -     Lagrangian: 13372 droplets
2026-03-23 15:15:37,063 - INFO -     Eulerian: 178164 cells
2026-03-23 15:15:37,064 - INFO -     Finding 1-nearest Eulerian neighbors for each droplet...
2026-03-23 15:15:37,169 - INFO -     ✓ Merged 13372 droplets with Eulerian values
2026-03-23 15:15:37,194 - INFO -   Batch loaded: 501,389 droplet records
2026-03-23 15:15:37,195 - INFO -   Creating paired data...
2026-03-23 15:15:37,195 - INFO - 
Creating paired timestep data...
2026-03-23 15:15:37,521 - INFO -   Total droplet records: 501,389
2026-03-23 15:15:37,521 - INFO -   Valid pairs (persistent): 480,788
2026-03-23 15:15:38,324 - INFO -   Created 480,788 paired samples
2026-03-23 15:15:38,335 - INFO -   Created 480,788 paired samples
2026-03-23 15:15:38,336 - INFO -   Splitting by particle ID...
2026-03-23 15:15:38,336 - INFO -     Splitting by particle ID...
2026-03-23 15:15:38,411 - INFO -       Train: 384,449 samples from 16,324 particles
2026-03-23 15:15:38,411 - INFO -       Val:   48,389 samples from 2,040 particles
2026-03-23 15:15:38,411 - INFO -       Test:  47,950 samples from 2,041 particles
2026-03-23 15:15:38,411 - INFO -   Batch 3 complete: 384,449 train / 48,389 val / 47,950 test
2026-03-23 15:15:38,412 - INFO - 
[Batch 4/7] Processing timesteps 91-120...
2026-03-23 15:15:38,413 - INFO -   Loading timestep 91...
2026-03-23 15:15:38,605 - INFO -     Lagrangian: 13278 droplets
2026-03-23 15:15:38,606 - INFO -     Eulerian: 178164 cells
2026-03-23 15:15:38,608 - INFO -     Finding 1-nearest Eulerian neighbors for each droplet...
2026-03-23 15:15:38,712 - INFO -     ✓ Merged 13278 droplets with Eulerian values
2026-03-23 15:15:38,713 - INFO -   Loading timestep 92...
2026-03-23 15:15:38,902 - INFO -     Lagrangian: 13160 droplets
2026-03-23 15:15:38,903 - INFO -     Eulerian: 178164 cells
2026-03-23 15:15:38,905 - INFO -     Finding 1-nearest Eulerian neighbors for each droplet...
2026-03-23 15:15:39,003 - INFO -     ✓ Merged 13160 droplets with Eulerian values
2026-03-23 15:15:39,004 - INFO -   Loading timestep 93...
2026-03-23 15:15:39,174 - INFO -     Lagrangian: 13076 droplets
2026-03-23 15:15:39,174 - INFO -     Eulerian: 178164 cells
2026-03-23 15:15:39,176 - INFO -     Finding 1-nearest Eulerian neighbors for each droplet...
2026-03-23 15:15:39,274 - INFO -     ✓ Merged 13076 droplets with Eulerian values
2026-03-23 15:15:39,274 - INFO -   Loading timestep 94...
2026-03-23 15:15:39,449 - INFO -     Lagrangian: 12983 droplets
2026-03-23 15:15:39,449 - INFO -     Eulerian: 178164 cells
2026-03-23 15:15:39,450 - INFO -     Finding 1-nearest Eulerian neighbors for each droplet...
2026-03-23 15:15:39,551 - INFO -     ✓ Merged 12983 droplets with Eulerian values
2026-03-23 15:15:39,552 - INFO -   Loading timestep 95...
2026-03-23 15:15:39,719 - INFO -     Lagrangian: 12890 droplets
2026-03-23 15:15:39,719 - INFO -     Eulerian: 178164 cells
2026-03-23 15:15:39,721 - INFO -     Finding 1-nearest Eulerian neighbors for each droplet...
2026-03-23 15:15:39,818 - INFO -     ✓ Merged 12890 droplets with Eulerian values
2026-03-23 15:15:39,818 - INFO -   Loading timestep 96...
2026-03-23 15:15:40,006 - INFO -     Lagrangian: 12768 droplets
2026-03-23 15:15:40,007 - INFO -     Eulerian: 178164 cells
2026-03-23 15:15:40,008 - INFO -     Finding 1-nearest Eulerian neighbors for each droplet...
2026-03-23 15:15:40,108 - INFO -     ✓ Merged 12768 droplets with Eulerian values
2026-03-23 15:15:40,108 - INFO -   Loading timestep 97...
2026-03-23 15:15:40,305 - INFO -     Lagrangian: 12688 droplets
2026-03-23 15:15:40,305 - INFO -     Eulerian: 178164 cells
2026-03-23 15:15:40,307 - INFO -     Finding 1-nearest Eulerian neighbors for each droplet...
2026-03-23 15:15:40,408 - INFO -     ✓ Merged 12688 droplets with Eulerian values
2026-03-23 15:15:40,408 - INFO -   Loading timestep 98...
2026-03-23 15:15:40,607 - INFO -     Lagrangian: 12590 droplets
2026-03-23 15:15:40,607 - INFO -     Eulerian: 178164 cells
2026-03-23 15:15:40,609 - INFO -     Finding 1-nearest Eulerian neighbors for each droplet...
2026-03-23 15:15:40,708 - INFO -     ✓ Merged 12590 droplets with Eulerian values
2026-03-23 15:15:40,709 - INFO -   Loading timestep 99...
2026-03-23 15:15:40,909 - INFO -     Lagrangian: 12494 droplets
2026-03-23 15:15:40,909 - INFO -     Eulerian: 178164 cells
2026-03-23 15:15:40,910 - INFO -     Finding 1-nearest Eulerian neighbors for each droplet...
2026-03-23 15:15:41,007 - INFO -     ✓ Merged 12494 droplets with Eulerian values
2026-03-23 15:15:41,007 - INFO -   Loading timestep 100...
2026-03-23 15:15:41,204 - INFO -     Lagrangian: 12406 droplets
2026-03-23 15:15:41,204 - INFO -     Eulerian: 178164 cells
2026-03-23 15:15:41,206 - INFO -     Finding 1-nearest Eulerian neighbors for each droplet...
2026-03-23 15:15:41,301 - INFO -     ✓ Merged 12406 droplets with Eulerian values
2026-03-23 15:15:41,301 - INFO -   Loading timestep 101...
2026-03-23 15:15:41,498 - INFO -     Lagrangian: 12311 droplets
2026-03-23 15:15:41,498 - INFO -     Eulerian: 178164 cells
2026-03-23 15:15:41,500 - INFO -     Finding 1-nearest Eulerian neighbors for each droplet...
2026-03-23 15:15:41,595 - INFO -     ✓ Merged 12311 droplets with Eulerian values
2026-03-23 15:15:41,596 - INFO -   Loading timestep 102...
2026-03-23 15:15:41,793 - INFO -     Lagrangian: 12207 droplets
2026-03-23 15:15:41,793 - INFO -     Eulerian: 178164 cells
2026-03-23 15:15:41,794 - INFO -     Finding 1-nearest Eulerian neighbors for each droplet...
2026-03-23 15:15:41,902 - INFO -     ✓ Merged 12207 droplets with Eulerian values
2026-03-23 15:15:41,902 - INFO -   Loading timestep 103...
2026-03-23 15:15:42,158 - INFO -     Lagrangian: 12091 droplets
2026-03-23 15:15:42,159 - INFO -     Eulerian: 178164 cells
2026-03-23 15:15:42,160 - INFO -     Finding 1-nearest Eulerian neighbors for each droplet...
2026-03-23 15:15:42,256 - INFO -     ✓ Merged 12091 droplets with Eulerian values
2026-03-23 15:15:42,256 - INFO -   Loading timestep 104...
2026-03-23 15:15:42,450 - INFO -     Lagrangian: 11959 droplets
2026-03-23 15:15:42,450 - INFO -     Eulerian: 178164 cells
2026-03-23 15:15:42,452 - INFO -     Finding 1-nearest Eulerian neighbors for each droplet...
2026-03-23 15:15:42,545 - INFO -     ✓ Merged 11959 droplets with Eulerian values
2026-03-23 15:15:42,546 - INFO -   Loading timestep 105...
2026-03-23 15:15:42,737 - INFO -     Lagrangian: 11851 droplets
2026-03-23 15:15:42,737 - INFO -     Eulerian: 178164 cells
2026-03-23 15:15:42,738 - INFO -     Finding 1-nearest Eulerian neighbors for each droplet...
2026-03-23 15:15:42,833 - INFO -     ✓ Merged 11851 droplets with Eulerian values
2026-03-23 15:15:42,833 - INFO -   Loading timestep 106...
2026-03-23 15:15:43,027 - INFO -     Lagrangian: 11723 droplets
2026-03-23 15:15:43,027 - INFO -     Eulerian: 178164 cells
2026-03-23 15:15:43,029 - INFO -     Finding 1-nearest Eulerian neighbors for each droplet...
2026-03-23 15:15:43,122 - INFO -     ✓ Merged 11723 droplets with Eulerian values
2026-03-23 15:15:43,122 - INFO -   Loading timestep 107...
2026-03-23 15:15:43,315 - INFO -     Lagrangian: 11610 droplets
2026-03-23 15:15:43,315 - INFO -     Eulerian: 178164 cells
2026-03-23 15:15:43,316 - INFO -     Finding 1-nearest Eulerian neighbors for each droplet...
2026-03-23 15:15:43,409 - INFO -     ✓ Merged 11610 droplets with Eulerian values
2026-03-23 15:15:43,409 - INFO -   Loading timestep 108...
2026-03-23 15:15:43,599 - INFO -     Lagrangian: 11491 droplets
2026-03-23 15:15:43,599 - INFO -     Eulerian: 178164 cells
2026-03-23 15:15:43,601 - INFO -     Finding 1-nearest Eulerian neighbors for each droplet...
2026-03-23 15:15:43,692 - INFO -     ✓ Merged 11491 droplets with Eulerian values
2026-03-23 15:15:43,692 - INFO -   Loading timestep 109...
2026-03-23 15:15:43,883 - INFO -     Lagrangian: 11372 droplets
2026-03-23 15:15:43,883 - INFO -     Eulerian: 178164 cells
2026-03-23 15:15:43,885 - INFO -     Finding 1-nearest Eulerian neighbors for each droplet...
2026-03-23 15:15:43,979 - INFO -     ✓ Merged 11372 droplets with Eulerian values
2026-03-23 15:15:43,980 - INFO -   Loading timestep 110...
2026-03-23 15:15:44,182 - INFO -     Lagrangian: 11254 droplets
2026-03-23 15:15:44,182 - INFO -     Eulerian: 178164 cells
2026-03-23 15:15:44,183 - INFO -     Finding 1-nearest Eulerian neighbors for each droplet...
2026-03-23 15:15:44,287 - INFO -     ✓ Merged 11254 droplets with Eulerian values
2026-03-23 15:15:44,287 - INFO -   Loading timestep 111...
2026-03-23 15:15:44,486 - INFO -     Lagrangian: 11127 droplets
2026-03-23 15:15:44,487 - INFO -     Eulerian: 178164 cells
2026-03-23 15:15:44,488 - INFO -     Finding 1-nearest Eulerian neighbors for each droplet...
2026-03-23 15:15:44,587 - INFO -     ✓ Merged 11127 droplets with Eulerian values
2026-03-23 15:15:44,587 - INFO -   Loading timestep 112...
2026-03-23 15:15:44,790 - INFO -     Lagrangian: 11021 droplets
2026-03-23 15:15:44,790 - INFO -     Eulerian: 178164 cells
2026-03-23 15:15:44,791 - INFO -     Finding 1-nearest Eulerian neighbors for each droplet...
2026-03-23 15:15:44,889 - INFO -     ✓ Merged 11021 droplets with Eulerian values
2026-03-23 15:15:44,889 - INFO -   Loading timestep 113...
2026-03-23 15:15:45,100 - INFO -     Lagrangian: 10880 droplets
2026-03-23 15:15:45,100 - INFO -     Eulerian: 178164 cells
2026-03-23 15:15:45,101 - INFO -     Finding 1-nearest Eulerian neighbors for each droplet...
2026-03-23 15:15:45,202 - INFO -     ✓ Merged 10880 droplets with Eulerian values
2026-03-23 15:15:45,202 - INFO -   Loading timestep 114...
2026-03-23 15:15:45,403 - INFO -     Lagrangian: 10757 droplets
2026-03-23 15:15:45,404 - INFO -     Eulerian: 178164 cells
2026-03-23 15:15:45,405 - INFO -     Finding 1-nearest Eulerian neighbors for each droplet...
2026-03-23 15:15:45,503 - INFO -     ✓ Merged 10757 droplets with Eulerian values
2026-03-23 15:15:45,504 - INFO -   Loading timestep 115...
2026-03-23 15:15:45,741 - INFO -     Lagrangian: 10614 droplets
2026-03-23 15:15:45,742 - INFO -     Eulerian: 178164 cells
2026-03-23 15:15:45,743 - INFO -     Finding 1-nearest Eulerian neighbors for each droplet...
2026-03-23 15:15:45,837 - INFO -     ✓ Merged 10614 droplets with Eulerian values
2026-03-23 15:15:45,838 - INFO -   Loading timestep 116...
2026-03-23 15:15:46,015 - INFO -     Lagrangian: 10476 droplets
2026-03-23 15:15:46,015 - INFO -     Eulerian: 178164 cells
2026-03-23 15:15:46,017 - INFO -     Finding 1-nearest Eulerian neighbors for each droplet...
2026-03-23 15:15:46,105 - INFO -     ✓ Merged 10476 droplets with Eulerian values
2026-03-23 15:15:46,105 - INFO -   Loading timestep 117...
2026-03-23 15:15:46,275 - INFO -     Lagrangian: 10355 droplets
2026-03-23 15:15:46,275 - INFO -     Eulerian: 178164 cells
2026-03-23 15:15:46,276 - INFO -     Finding 1-nearest Eulerian neighbors for each droplet...
2026-03-23 15:15:46,368 - INFO -     ✓ Merged 10355 droplets with Eulerian values
2026-03-23 15:15:46,369 - INFO -   Loading timestep 118...
2026-03-23 15:15:46,544 - INFO -     Lagrangian: 10224 droplets
2026-03-23 15:15:46,544 - INFO -     Eulerian: 178164 cells
2026-03-23 15:15:46,545 - INFO -     Finding 1-nearest Eulerian neighbors for each droplet...
2026-03-23 15:15:46,635 - INFO -     ✓ Merged 10224 droplets with Eulerian values
2026-03-23 15:15:46,635 - INFO -   Loading timestep 119...
2026-03-23 15:15:46,805 - INFO -     Lagrangian: 10112 droplets
2026-03-23 15:15:46,806 - INFO -     Eulerian: 178164 cells
2026-03-23 15:15:46,807 - INFO -     Finding 1-nearest Eulerian neighbors for each droplet...
2026-03-23 15:15:46,896 - INFO -     ✓ Merged 10112 droplets with Eulerian values
2026-03-23 15:15:46,896 - INFO -   Loading timestep 120...
2026-03-23 15:15:47,066 - INFO -     Lagrangian: 9996 droplets
2026-03-23 15:15:47,066 - INFO -     Eulerian: 178164 cells
2026-03-23 15:15:47,068 - INFO -     Finding 1-nearest Eulerian neighbors for each droplet...
2026-03-23 15:15:47,155 - INFO -     ✓ Merged 9996 droplets with Eulerian values
2026-03-23 15:15:47,172 - INFO -   Batch loaded: 351,764 droplet records
2026-03-23 15:15:47,172 - INFO -   Creating paired data...
2026-03-23 15:15:47,172 - INFO - 
Creating paired timestep data...
2026-03-23 15:15:47,362 - INFO -   Total droplet records: 351,764
2026-03-23 15:15:47,362 - INFO -   Valid pairs (persistent): 338,486
2026-03-23 15:15:48,077 - INFO -   Created 338,486 paired samples
2026-03-23 15:15:48,099 - INFO -   Created 338,486 paired samples
2026-03-23 15:15:48,099 - INFO -   Splitting by particle ID...
2026-03-23 15:15:48,099 - INFO -     Splitting by particle ID...
2026-03-23 15:15:48,142 - INFO -       Train: 270,641 samples from 10,528 particles
2026-03-23 15:15:48,143 - INFO -       Val:   33,992 samples from 1,316 particles
2026-03-23 15:15:48,143 - INFO -       Test:  33,853 samples from 1,316 particles
2026-03-23 15:15:48,143 - INFO -   Batch 4 complete: 270,641 train / 33,992 val / 33,853 test
2026-03-23 15:15:48,152 - INFO - 
[Batch 5/7] Processing timesteps 121-150...
2026-03-23 15:15:48,153 - INFO -   Loading timestep 121...
2026-03-23 15:15:48,320 - INFO -     Lagrangian: 9890 droplets
2026-03-23 15:15:48,320 - INFO -     Eulerian: 178164 cells
2026-03-23 15:15:48,321 - INFO -     Finding 1-nearest Eulerian neighbors for each droplet...
2026-03-23 15:15:48,415 - INFO -     ✓ Merged 9890 droplets with Eulerian values
2026-03-23 15:15:48,415 - INFO -   Loading timestep 122...
2026-03-23 15:15:48,581 - INFO -     Lagrangian: 9772 droplets
2026-03-23 15:15:48,581 - INFO -     Eulerian: 178164 cells
2026-03-23 15:15:48,583 - INFO -     Finding 1-nearest Eulerian neighbors for each droplet...
2026-03-23 15:15:48,671 - INFO -     ✓ Merged 9772 droplets with Eulerian values
2026-03-23 15:15:48,671 - INFO -   Loading timestep 123...
2026-03-23 15:15:48,832 - INFO -     Lagrangian: 9640 droplets
2026-03-23 15:15:48,832 - INFO -     Eulerian: 178164 cells
2026-03-23 15:15:48,833 - INFO -     Finding 1-nearest Eulerian neighbors for each droplet...
2026-03-23 15:15:48,921 - INFO -     ✓ Merged 9640 droplets with Eulerian values
2026-03-23 15:15:48,921 - INFO -   Loading timestep 124...
2026-03-23 15:15:49,087 - INFO -     Lagrangian: 9536 droplets
2026-03-23 15:15:49,088 - INFO -     Eulerian: 178164 cells
2026-03-23 15:15:49,089 - INFO -     Finding 1-nearest Eulerian neighbors for each droplet...
2026-03-23 15:15:49,179 - INFO -     ✓ Merged 9536 droplets with Eulerian values
2026-03-23 15:15:49,179 - INFO -   Loading timestep 125...
2026-03-23 15:15:49,351 - INFO -     Lagrangian: 9434 droplets
2026-03-23 15:15:49,352 - INFO -     Eulerian: 178164 cells
2026-03-23 15:15:49,353 - INFO -     Finding 1-nearest Eulerian neighbors for each droplet...
2026-03-23 15:15:49,442 - INFO -     ✓ Merged 9434 droplets with Eulerian values
2026-03-23 15:15:49,442 - INFO -   Loading timestep 126...
2026-03-23 15:15:49,615 - INFO -     Lagrangian: 9319 droplets
2026-03-23 15:15:49,615 - INFO -     Eulerian: 178164 cells
2026-03-23 15:15:49,616 - INFO -     Finding 1-nearest Eulerian neighbors for each droplet...
2026-03-23 15:15:49,703 - INFO -     ✓ Merged 9319 droplets with Eulerian values
2026-03-23 15:15:49,703 - INFO -   Loading timestep 127...
2026-03-23 15:15:49,873 - INFO -     Lagrangian: 9218 droplets
2026-03-23 15:15:49,873 - INFO -     Eulerian: 178164 cells
2026-03-23 15:15:49,875 - INFO -     Finding 1-nearest Eulerian neighbors for each droplet...
2026-03-23 15:15:49,965 - INFO -     ✓ Merged 9218 droplets with Eulerian values
2026-03-23 15:15:49,965 - INFO -   Loading timestep 128...
2026-03-23 15:15:50,164 - INFO -     Lagrangian: 9102 droplets
2026-03-23 15:15:50,164 - INFO -     Eulerian: 178164 cells
2026-03-23 15:15:50,166 - INFO -     Finding 1-nearest Eulerian neighbors for each droplet...
2026-03-23 15:15:50,265 - INFO -     ✓ Merged 9102 droplets with Eulerian values
2026-03-23 15:15:50,265 - INFO -   Loading timestep 129...
2026-03-23 15:15:50,444 - INFO -     Lagrangian: 9001 droplets
2026-03-23 15:15:50,444 - INFO -     Eulerian: 178164 cells
2026-03-23 15:15:50,445 - INFO -     Finding 1-nearest Eulerian neighbors for each droplet...
2026-03-23 15:15:50,534 - INFO -     ✓ Merged 9001 droplets with Eulerian values
2026-03-23 15:15:50,534 - INFO -   Loading timestep 130...
2026-03-23 15:15:50,711 - INFO -     Lagrangian: 8886 droplets
2026-03-23 15:15:50,711 - INFO -     Eulerian: 178164 cells
2026-03-23 15:15:50,713 - INFO -     Finding 1-nearest Eulerian neighbors for each droplet...
2026-03-23 15:15:50,801 - INFO -     ✓ Merged 8886 droplets with Eulerian values
2026-03-23 15:15:50,802 - INFO -   Loading timestep 131...
2026-03-23 15:15:50,996 - INFO -     Lagrangian: 8782 droplets
2026-03-23 15:15:50,996 - INFO -     Eulerian: 178164 cells
2026-03-23 15:15:50,997 - INFO -     Finding 1-nearest Eulerian neighbors for each droplet...
2026-03-23 15:15:51,090 - INFO -     ✓ Merged 8782 droplets with Eulerian values
2026-03-23 15:15:51,090 - INFO -   Loading timestep 132...
2026-03-23 15:15:51,281 - INFO -     Lagrangian: 8670 droplets
2026-03-23 15:15:51,281 - INFO -     Eulerian: 178164 cells
2026-03-23 15:15:51,282 - INFO -     Finding 1-nearest Eulerian neighbors for each droplet...
2026-03-23 15:15:51,375 - INFO -     ✓ Merged 8670 droplets with Eulerian values
2026-03-23 15:15:51,375 - INFO -   Loading timestep 133...
2026-03-23 15:15:51,562 - INFO -     Lagrangian: 8580 droplets
2026-03-23 15:15:51,562 - INFO -     Eulerian: 178164 cells
2026-03-23 15:15:51,564 - INFO -     Finding 1-nearest Eulerian neighbors for each droplet...
2026-03-23 15:15:51,657 - INFO -     ✓ Merged 8580 droplets with Eulerian values
2026-03-23 15:15:51,657 - INFO -   Loading timestep 134...
2026-03-23 15:15:51,839 - INFO -     Lagrangian: 8464 droplets
2026-03-23 15:15:51,839 - INFO -     Eulerian: 178164 cells
2026-03-23 15:15:51,841 - INFO -     Finding 1-nearest Eulerian neighbors for each droplet...
2026-03-23 15:15:51,928 - INFO -     ✓ Merged 8464 droplets with Eulerian values
2026-03-23 15:15:51,928 - INFO -   Loading timestep 135...
2026-03-23 15:15:52,121 - INFO -     Lagrangian: 8365 droplets
2026-03-23 15:15:52,121 - INFO -     Eulerian: 178164 cells
2026-03-23 15:15:52,122 - INFO -     Finding 1-nearest Eulerian neighbors for each droplet...
2026-03-23 15:15:52,220 - INFO -     ✓ Merged 8365 droplets with Eulerian values
2026-03-23 15:15:52,220 - INFO -   Loading timestep 136...
2026-03-23 15:15:52,413 - INFO -     Lagrangian: 8270 droplets
2026-03-23 15:15:52,414 - INFO -     Eulerian: 178164 cells
2026-03-23 15:15:52,416 - INFO -     Finding 1-nearest Eulerian neighbors for each droplet...
2026-03-23 15:15:52,505 - INFO -     ✓ Merged 8270 droplets with Eulerian values
2026-03-23 15:15:52,506 - INFO -   Loading timestep 137...
2026-03-23 15:15:52,688 - INFO -     Lagrangian: 8181 droplets
2026-03-23 15:15:52,689 - INFO -     Eulerian: 178164 cells
2026-03-23 15:15:52,690 - INFO -     Finding 1-nearest Eulerian neighbors for each droplet...
2026-03-23 15:15:52,777 - INFO -     ✓ Merged 8181 droplets with Eulerian values
2026-03-23 15:15:52,777 - INFO -   Loading timestep 138...
2026-03-23 15:15:52,959 - INFO -     Lagrangian: 8088 droplets
2026-03-23 15:15:52,959 - INFO -     Eulerian: 178164 cells
2026-03-23 15:15:52,961 - INFO -     Finding 1-nearest Eulerian neighbors for each droplet...
2026-03-23 15:15:53,050 - INFO -     ✓ Merged 8088 droplets with Eulerian values
2026-03-23 15:15:53,050 - INFO -   Loading timestep 139...
2026-03-23 15:15:53,224 - INFO -     Lagrangian: 7988 droplets
2026-03-23 15:15:53,224 - INFO -     Eulerian: 178164 cells
2026-03-23 15:15:53,225 - INFO -     Finding 1-nearest Eulerian neighbors for each droplet...
2026-03-23 15:15:53,314 - INFO -     ✓ Merged 7988 droplets with Eulerian values
2026-03-23 15:15:53,314 - INFO -   Loading timestep 140...
2026-03-23 15:15:53,484 - INFO -     Lagrangian: 7919 droplets
2026-03-23 15:15:53,484 - INFO -     Eulerian: 178164 cells
2026-03-23 15:15:53,485 - INFO -     Finding 1-nearest Eulerian neighbors for each droplet...
2026-03-23 15:15:53,570 - INFO -     ✓ Merged 7919 droplets with Eulerian values
2026-03-23 15:15:53,570 - INFO -   Loading timestep 141...
2026-03-23 15:15:53,734 - INFO -     Lagrangian: 7839 droplets
2026-03-23 15:15:53,735 - INFO -     Eulerian: 178164 cells
2026-03-23 15:15:53,736 - INFO -     Finding 1-nearest Eulerian neighbors for each droplet...
2026-03-23 15:15:53,823 - INFO -     ✓ Merged 7839 droplets with Eulerian values
2026-03-23 15:15:53,823 - INFO -   Loading timestep 142...
2026-03-23 15:15:53,988 - INFO -     Lagrangian: 7766 droplets
2026-03-23 15:15:53,989 - INFO -     Eulerian: 178164 cells
2026-03-23 15:15:53,990 - INFO -     Finding 1-nearest Eulerian neighbors for each droplet...
2026-03-23 15:15:54,077 - INFO -     ✓ Merged 7766 droplets with Eulerian values
2026-03-23 15:15:54,077 - INFO -   Loading timestep 143...
2026-03-23 15:15:54,251 - INFO -     Lagrangian: 7702 droplets
2026-03-23 15:15:54,251 - INFO -     Eulerian: 178164 cells
2026-03-23 15:15:54,252 - INFO -     Finding 1-nearest Eulerian neighbors for each droplet...
2026-03-23 15:15:54,338 - INFO -     ✓ Merged 7702 droplets with Eulerian values
2026-03-23 15:15:54,338 - INFO -   Loading timestep 144...
2026-03-23 15:15:54,504 - INFO -     Lagrangian: 7651 droplets
2026-03-23 15:15:54,504 - INFO -     Eulerian: 178164 cells
2026-03-23 15:15:54,506 - INFO -     Finding 1-nearest Eulerian neighbors for each droplet...
2026-03-23 15:15:54,593 - INFO -     ✓ Merged 7651 droplets with Eulerian values
2026-03-23 15:15:54,593 - INFO -   Loading timestep 145...
2026-03-23 15:15:54,755 - INFO -     Lagrangian: 7597 droplets
2026-03-23 15:15:54,755 - INFO -     Eulerian: 178164 cells
2026-03-23 15:15:54,757 - INFO -     Finding 1-nearest Eulerian neighbors for each droplet...
2026-03-23 15:15:54,842 - INFO -     ✓ Merged 7597 droplets with Eulerian values
2026-03-23 15:15:54,843 - INFO -   Loading timestep 146...
2026-03-23 15:15:55,005 - INFO -     Lagrangian: 7550 droplets
2026-03-23 15:15:55,005 - INFO -     Eulerian: 178164 cells
2026-03-23 15:15:55,007 - INFO -     Finding 1-nearest Eulerian neighbors for each droplet...
2026-03-23 15:15:55,091 - INFO -     ✓ Merged 7550 droplets with Eulerian values
2026-03-23 15:15:55,092 - INFO -   Loading timestep 147...
2026-03-23 15:15:55,260 - INFO -     Lagrangian: 7500 droplets
2026-03-23 15:15:55,260 - INFO -     Eulerian: 178164 cells
2026-03-23 15:15:55,262 - INFO -     Finding 1-nearest Eulerian neighbors for each droplet...
2026-03-23 15:15:55,353 - INFO -     ✓ Merged 7500 droplets with Eulerian values
2026-03-23 15:15:55,353 - INFO -   Loading timestep 148...
2026-03-23 15:15:55,519 - INFO -     Lagrangian: 7438 droplets
2026-03-23 15:15:55,519 - INFO -     Eulerian: 178164 cells
2026-03-23 15:15:55,521 - INFO -     Finding 1-nearest Eulerian neighbors for each droplet...
2026-03-23 15:15:55,605 - INFO -     ✓ Merged 7438 droplets with Eulerian values
2026-03-23 15:15:55,605 - INFO -   Loading timestep 149...
2026-03-23 15:15:55,774 - INFO -     Lagrangian: 7367 droplets
2026-03-23 15:15:55,774 - INFO -     Eulerian: 178164 cells
2026-03-23 15:15:55,775 - INFO -     Finding 1-nearest Eulerian neighbors for each droplet...
2026-03-23 15:15:55,860 - INFO -     ✓ Merged 7367 droplets with Eulerian values
2026-03-23 15:15:55,861 - INFO -   Loading timestep 150...
2026-03-23 15:15:56,031 - INFO -     Lagrangian: 7329 droplets
2026-03-23 15:15:56,032 - INFO -     Eulerian: 178164 cells
2026-03-23 15:15:56,033 - INFO -     Finding 1-nearest Eulerian neighbors for each droplet...
2026-03-23 15:15:56,118 - INFO -     ✓ Merged 7329 droplets with Eulerian values
2026-03-23 15:15:56,132 - INFO -   Batch loaded: 252,844 droplet records
2026-03-23 15:15:56,132 - INFO -   Creating paired data...
2026-03-23 15:15:56,132 - INFO - 
Creating paired timestep data...
2026-03-23 15:15:56,268 - INFO -   Total droplet records: 252,844
2026-03-23 15:15:56,269 - INFO -   Valid pairs (persistent): 242,954
2026-03-23 15:15:56,779 - INFO -   Created 242,954 paired samples
2026-03-23 15:15:56,791 - INFO -   Created 242,954 paired samples
2026-03-23 15:15:56,791 - INFO -   Splitting by particle ID...
2026-03-23 15:15:56,791 - INFO -     Splitting by particle ID...
2026-03-23 15:15:56,819 - INFO -       Train: 194,647 samples from 7,817 particles
2026-03-23 15:15:56,819 - INFO -       Val:   23,771 samples from 977 particles
2026-03-23 15:15:56,819 - INFO -       Test:  24,536 samples from 978 particles
2026-03-23 15:15:56,819 - INFO -   Batch 5 complete: 194,647 train / 23,771 val / 24,536 test
2026-03-23 15:15:56,825 - INFO - 
[Batch 6/7] Processing timesteps 151-180...
2026-03-23 15:15:56,826 - INFO -   Loading timestep 151...
2026-03-23 15:15:57,035 - INFO -     Lagrangian: 7264 droplets
2026-03-23 15:15:57,036 - INFO -     Eulerian: 178164 cells
2026-03-23 15:15:57,038 - INFO -     Finding 1-nearest Eulerian neighbors for each droplet...
2026-03-23 15:15:57,146 - INFO -     ✓ Merged 7264 droplets with Eulerian values
2026-03-23 15:15:57,146 - INFO -   Loading timestep 152...
2026-03-23 15:15:57,303 - INFO -     Lagrangian: 7221 droplets
2026-03-23 15:15:57,304 - INFO -     Eulerian: 178164 cells
2026-03-23 15:15:57,305 - INFO -     Finding 1-nearest Eulerian neighbors for each droplet...
2026-03-23 15:15:57,388 - INFO -     ✓ Merged 7221 droplets with Eulerian values
2026-03-23 15:15:57,388 - INFO -   Loading timestep 153...
2026-03-23 15:15:57,547 - INFO -     Lagrangian: 7166 droplets
2026-03-23 15:15:57,547 - INFO -     Eulerian: 178164 cells
2026-03-23 15:15:57,549 - INFO -     Finding 1-nearest Eulerian neighbors for each droplet...
2026-03-23 15:15:57,633 - INFO -     ✓ Merged 7166 droplets with Eulerian values
2026-03-23 15:15:57,633 - INFO -   Loading timestep 154...
2026-03-23 15:15:57,811 - INFO -     Lagrangian: 7100 droplets
2026-03-23 15:15:57,812 - INFO -     Eulerian: 178164 cells
2026-03-23 15:15:57,813 - INFO -     Finding 1-nearest Eulerian neighbors for each droplet...
2026-03-23 15:15:57,897 - INFO -     ✓ Merged 7100 droplets with Eulerian values
2026-03-23 15:15:57,897 - INFO -   Loading timestep 155...
2026-03-23 15:15:58,094 - INFO -     Lagrangian: 7047 droplets
2026-03-23 15:15:58,094 - INFO -     Eulerian: 178164 cells
2026-03-23 15:15:58,096 - INFO -     Finding 1-nearest Eulerian neighbors for each droplet...
2026-03-23 15:15:58,183 - INFO -     ✓ Merged 7047 droplets with Eulerian values
2026-03-23 15:15:58,183 - INFO -   Loading timestep 156...
2026-03-23 15:15:58,369 - INFO -     Lagrangian: 6977 droplets
2026-03-23 15:15:58,369 - INFO -     Eulerian: 178164 cells
2026-03-23 15:15:58,371 - INFO -     Finding 1-nearest Eulerian neighbors for each droplet...
2026-03-23 15:15:58,458 - INFO -     ✓ Merged 6977 droplets with Eulerian values
2026-03-23 15:15:58,458 - INFO -   Loading timestep 157...
2026-03-23 15:15:58,641 - INFO -     Lagrangian: 6912 droplets
2026-03-23 15:15:58,641 - INFO -     Eulerian: 178164 cells
2026-03-23 15:15:58,643 - INFO -     Finding 1-nearest Eulerian neighbors for each droplet...
2026-03-23 15:15:58,736 - INFO -     ✓ Merged 6912 droplets with Eulerian values
2026-03-23 15:15:58,737 - INFO -   Loading timestep 158...
2026-03-23 15:15:58,930 - INFO -     Lagrangian: 6844 droplets
2026-03-23 15:15:58,930 - INFO -     Eulerian: 178164 cells
2026-03-23 15:15:58,931 - INFO -     Finding 1-nearest Eulerian neighbors for each droplet...
2026-03-23 15:15:59,021 - INFO -     ✓ Merged 6844 droplets with Eulerian values
2026-03-23 15:15:59,021 - INFO -   Loading timestep 159...
2026-03-23 15:15:59,223 - INFO -     Lagrangian: 6791 droplets
2026-03-23 15:15:59,223 - INFO -     Eulerian: 178164 cells
2026-03-23 15:15:59,225 - INFO -     Finding 1-nearest Eulerian neighbors for each droplet...
2026-03-23 15:15:59,314 - INFO -     ✓ Merged 6791 droplets with Eulerian values
2026-03-23 15:15:59,314 - INFO -   Loading timestep 160...
2026-03-23 15:15:59,529 - INFO -     Lagrangian: 6719 droplets
2026-03-23 15:15:59,529 - INFO -     Eulerian: 178164 cells
2026-03-23 15:15:59,531 - INFO -     Finding 1-nearest Eulerian neighbors for each droplet...
2026-03-23 15:15:59,614 - INFO -     ✓ Merged 6719 droplets with Eulerian values
2026-03-23 15:15:59,614 - INFO -   Loading timestep 161...
2026-03-23 15:15:59,810 - INFO -     Lagrangian: 6654 droplets
2026-03-23 15:15:59,810 - INFO -     Eulerian: 178164 cells
2026-03-23 15:15:59,812 - INFO -     Finding 1-nearest Eulerian neighbors for each droplet...
2026-03-23 15:15:59,898 - INFO -     ✓ Merged 6654 droplets with Eulerian values
2026-03-23 15:15:59,899 - INFO -   Loading timestep 162...
2026-03-23 15:16:00,110 - INFO -     Lagrangian: 6598 droplets
2026-03-23 15:16:00,110 - INFO -     Eulerian: 178164 cells
2026-03-23 15:16:00,112 - INFO -     Finding 1-nearest Eulerian neighbors for each droplet...
2026-03-23 15:16:00,196 - INFO -     ✓ Merged 6598 droplets with Eulerian values
2026-03-23 15:16:00,196 - INFO -   Loading timestep 163...
2026-03-23 15:16:00,470 - INFO -     Lagrangian: 6518 droplets
2026-03-23 15:16:00,470 - INFO -     Eulerian: 178164 cells
2026-03-23 15:16:00,471 - INFO -     Finding 1-nearest Eulerian neighbors for each droplet...
2026-03-23 15:16:00,554 - INFO -     ✓ Merged 6518 droplets with Eulerian values
2026-03-23 15:16:00,555 - INFO -   Loading timestep 164...
2026-03-23 15:16:00,804 - INFO -     Lagrangian: 6442 droplets
2026-03-23 15:16:00,804 - INFO -     Eulerian: 178164 cells
2026-03-23 15:16:00,805 - INFO -     Finding 1-nearest Eulerian neighbors for each droplet...
2026-03-23 15:16:00,889 - INFO -     ✓ Merged 6442 droplets with Eulerian values
2026-03-23 15:16:00,889 - INFO -   Loading timestep 165...
2026-03-23 15:16:01,180 - INFO -     Lagrangian: 6366 droplets
2026-03-23 15:16:01,180 - INFO -     Eulerian: 178164 cells
2026-03-23 15:16:01,181 - INFO -     Finding 1-nearest Eulerian neighbors for each droplet...
2026-03-23 15:16:01,267 - INFO -     ✓ Merged 6366 droplets with Eulerian values
2026-03-23 15:16:01,267 - INFO -   Loading timestep 166...
2026-03-23 15:16:01,520 - INFO -     Lagrangian: 6306 droplets
2026-03-23 15:16:01,520 - INFO -     Eulerian: 178164 cells
2026-03-23 15:16:01,522 - INFO -     Finding 1-nearest Eulerian neighbors for each droplet...
2026-03-23 15:16:01,603 - INFO -     ✓ Merged 6306 droplets with Eulerian values
2026-03-23 15:16:01,603 - INFO -   Loading timestep 167...
2026-03-23 15:16:01,851 - INFO -     Lagrangian: 6236 droplets
2026-03-23 15:16:01,851 - INFO -     Eulerian: 178164 cells
2026-03-23 15:16:01,853 - INFO -     Finding 1-nearest Eulerian neighbors for each droplet...
2026-03-23 15:16:01,935 - INFO -     ✓ Merged 6236 droplets with Eulerian values
2026-03-23 15:16:01,935 - INFO -   Loading timestep 168...
2026-03-23 15:16:02,172 - INFO -     Lagrangian: 6148 droplets
2026-03-23 15:16:02,172 - INFO -     Eulerian: 178164 cells
2026-03-23 15:16:02,173 - INFO -     Finding 1-nearest Eulerian neighbors for each droplet...
2026-03-23 15:16:02,255 - INFO -     ✓ Merged 6148 droplets with Eulerian values
2026-03-23 15:16:02,255 - INFO -   Loading timestep 169...
2026-03-23 15:16:02,486 - INFO -     Lagrangian: 6080 droplets
2026-03-23 15:16:02,486 - INFO -     Eulerian: 178164 cells
2026-03-23 15:16:02,488 - INFO -     Finding 1-nearest Eulerian neighbors for each droplet...
2026-03-23 15:16:02,569 - INFO -     ✓ Merged 6080 droplets with Eulerian values
2026-03-23 15:16:02,569 - INFO -   Loading timestep 170...
2026-03-23 15:16:02,796 - INFO -     Lagrangian: 6009 droplets
2026-03-23 15:16:02,796 - INFO -     Eulerian: 178164 cells
2026-03-23 15:16:02,798 - INFO -     Finding 1-nearest Eulerian neighbors for each droplet...
2026-03-23 15:16:02,879 - INFO -     ✓ Merged 6009 droplets with Eulerian values
2026-03-23 15:16:02,879 - INFO -   Loading timestep 171...
2026-03-23 15:16:03,099 - INFO -     Lagrangian: 5944 droplets
2026-03-23 15:16:03,100 - INFO -     Eulerian: 178164 cells
2026-03-23 15:16:03,101 - INFO -     Finding 1-nearest Eulerian neighbors for each droplet...
2026-03-23 15:16:03,182 - INFO -     ✓ Merged 5944 droplets with Eulerian values
2026-03-23 15:16:03,182 - INFO -   Loading timestep 172...
2026-03-23 15:16:03,446 - INFO -     Lagrangian: 5879 droplets
2026-03-23 15:16:03,446 - INFO -     Eulerian: 178164 cells
2026-03-23 15:16:03,447 - INFO -     Finding 1-nearest Eulerian neighbors for each droplet...
2026-03-23 15:16:03,529 - INFO -     ✓ Merged 5879 droplets with Eulerian values
2026-03-23 15:16:03,529 - INFO -   Loading timestep 173...
2026-03-23 15:16:03,772 - INFO -     Lagrangian: 5815 droplets
2026-03-23 15:16:03,772 - INFO -     Eulerian: 178164 cells
2026-03-23 15:16:03,774 - INFO -     Finding 1-nearest Eulerian neighbors for each droplet...
2026-03-23 15:16:03,856 - INFO -     ✓ Merged 5815 droplets with Eulerian values
2026-03-23 15:16:03,856 - INFO -   Loading timestep 174...
2026-03-23 15:16:04,080 - INFO -     Lagrangian: 5735 droplets
2026-03-23 15:16:04,080 - INFO -     Eulerian: 178164 cells
2026-03-23 15:16:04,081 - INFO -     Finding 1-nearest Eulerian neighbors for each droplet...
2026-03-23 15:16:04,163 - INFO -     ✓ Merged 5735 droplets with Eulerian values
2026-03-23 15:16:04,163 - INFO -   Loading timestep 175...
2026-03-23 15:16:04,397 - INFO -     Lagrangian: 5668 droplets
2026-03-23 15:16:04,398 - INFO -     Eulerian: 178164 cells
2026-03-23 15:16:04,399 - INFO -     Finding 1-nearest Eulerian neighbors for each droplet...
2026-03-23 15:16:04,480 - INFO -     ✓ Merged 5668 droplets with Eulerian values
2026-03-23 15:16:04,480 - INFO -   Loading timestep 176...
2026-03-23 15:16:04,719 - INFO -     Lagrangian: 5593 droplets
2026-03-23 15:16:04,719 - INFO -     Eulerian: 178164 cells
2026-03-23 15:16:04,721 - INFO -     Finding 1-nearest Eulerian neighbors for each droplet...
2026-03-23 15:16:04,805 - INFO -     ✓ Merged 5593 droplets with Eulerian values
2026-03-23 15:16:04,805 - INFO -   Loading timestep 177...
2026-03-23 15:16:05,044 - INFO -     Lagrangian: 5520 droplets
2026-03-23 15:16:05,044 - INFO -     Eulerian: 178164 cells
2026-03-23 15:16:05,045 - INFO -     Finding 1-nearest Eulerian neighbors for each droplet...
2026-03-23 15:16:05,132 - INFO -     ✓ Merged 5520 droplets with Eulerian values
2026-03-23 15:16:05,132 - INFO -   Loading timestep 178...
2026-03-23 15:16:05,364 - INFO -     Lagrangian: 5438 droplets
2026-03-23 15:16:05,364 - INFO -     Eulerian: 178164 cells
2026-03-23 15:16:05,365 - INFO -     Finding 1-nearest Eulerian neighbors for each droplet...
2026-03-23 15:16:05,458 - INFO -     ✓ Merged 5438 droplets with Eulerian values
2026-03-23 15:16:05,458 - INFO -   Loading timestep 179...
2026-03-23 15:16:05,712 - INFO -     Lagrangian: 5367 droplets
2026-03-23 15:16:05,712 - INFO -     Eulerian: 178164 cells
2026-03-23 15:16:05,714 - INFO -     Finding 1-nearest Eulerian neighbors for each droplet...
2026-03-23 15:16:05,806 - INFO -     ✓ Merged 5367 droplets with Eulerian values
2026-03-23 15:16:05,806 - INFO -   Loading timestep 180...
2026-03-23 15:16:06,043 - INFO -     Lagrangian: 5279 droplets
2026-03-23 15:16:06,043 - INFO -     Eulerian: 178164 cells
2026-03-23 15:16:06,044 - INFO -     Finding 1-nearest Eulerian neighbors for each droplet...
2026-03-23 15:16:06,130 - INFO -     ✓ Merged 5279 droplets with Eulerian values
2026-03-23 15:16:06,140 - INFO -   Batch loaded: 189,636 droplet records
2026-03-23 15:16:06,140 - INFO -   Creating paired data...
2026-03-23 15:16:06,140 - INFO - 
Creating paired timestep data...
2026-03-23 15:16:06,189 - INFO -   Total droplet records: 189,636
2026-03-23 15:16:06,190 - INFO -   Valid pairs (persistent): 182,372
2026-03-23 15:16:06,710 - INFO -   Created 182,372 paired samples
2026-03-23 15:16:06,715 - INFO -   Created 182,372 paired samples
2026-03-23 15:16:06,715 - INFO -   Splitting by particle ID...
2026-03-23 15:16:06,715 - INFO -     Splitting by particle ID...
2026-03-23 15:16:06,739 - INFO -       Train: 146,037 samples from 5,776 particles
2026-03-23 15:16:06,740 - INFO -       Val:   18,190 samples from 722 particles
2026-03-23 15:16:06,740 - INFO -       Test:  18,145 samples from 723 particles
2026-03-23 15:16:06,740 - INFO -   Batch 6 complete: 146,037 train / 18,190 val / 18,145 test
2026-03-23 15:16:06,747 - INFO - 
[Batch 7/7] Processing timesteps 181-200...
2026-03-23 15:16:06,748 - INFO -   Loading timestep 181...
2026-03-23 15:16:07,011 - INFO -     Lagrangian: 5210 droplets
2026-03-23 15:16:07,012 - INFO -     Eulerian: 178164 cells
2026-03-23 15:16:07,013 - INFO -     Finding 1-nearest Eulerian neighbors for each droplet...
2026-03-23 15:16:07,096 - INFO -     ✓ Merged 5210 droplets with Eulerian values
2026-03-23 15:16:07,096 - INFO -   Loading timestep 182...
2026-03-23 15:16:07,313 - INFO -     Lagrangian: 5110 droplets
2026-03-23 15:16:07,313 - INFO -     Eulerian: 178164 cells
2026-03-23 15:16:07,315 - INFO -     Finding 1-nearest Eulerian neighbors for each droplet...
2026-03-23 15:16:07,396 - INFO -     ✓ Merged 5110 droplets with Eulerian values
2026-03-23 15:16:07,396 - INFO -   Loading timestep 183...
2026-03-23 15:16:07,623 - INFO -     Lagrangian: 5027 droplets
2026-03-23 15:16:07,623 - INFO -     Eulerian: 178164 cells
2026-03-23 15:16:07,624 - INFO -     Finding 1-nearest Eulerian neighbors for each droplet...
2026-03-23 15:16:07,707 - INFO -     ✓ Merged 5027 droplets with Eulerian values
2026-03-23 15:16:07,707 - INFO -   Loading timestep 184...
2026-03-23 15:16:07,929 - INFO -     Lagrangian: 4943 droplets
2026-03-23 15:16:07,929 - INFO -     Eulerian: 178164 cells
2026-03-23 15:16:07,930 - INFO -     Finding 1-nearest Eulerian neighbors for each droplet...
2026-03-23 15:16:08,012 - INFO -     ✓ Merged 4943 droplets with Eulerian values
2026-03-23 15:16:08,012 - INFO -   Loading timestep 185...
2026-03-23 15:16:08,251 - INFO -     Lagrangian: 4851 droplets
2026-03-23 15:16:08,251 - INFO -     Eulerian: 178164 cells
2026-03-23 15:16:08,252 - INFO -     Finding 1-nearest Eulerian neighbors for each droplet...
2026-03-23 15:16:08,335 - INFO -     ✓ Merged 4851 droplets with Eulerian values
2026-03-23 15:16:08,335 - INFO -   Loading timestep 186...
2026-03-23 15:16:08,566 - INFO -     Lagrangian: 4764 droplets
2026-03-23 15:16:08,567 - INFO -     Eulerian: 178164 cells
2026-03-23 15:16:08,568 - INFO -     Finding 1-nearest Eulerian neighbors for each droplet...
2026-03-23 15:16:08,649 - INFO -     ✓ Merged 4764 droplets with Eulerian values
2026-03-23 15:16:08,649 - INFO -   Loading timestep 187...
2026-03-23 15:16:08,896 - INFO -     Lagrangian: 4670 droplets
2026-03-23 15:16:08,896 - INFO -     Eulerian: 178164 cells
2026-03-23 15:16:08,897 - INFO -     Finding 1-nearest Eulerian neighbors for each droplet...
2026-03-23 15:16:08,981 - INFO -     ✓ Merged 4670 droplets with Eulerian values
2026-03-23 15:16:08,981 - INFO -   Loading timestep 188...
2026-03-23 15:16:09,212 - INFO -     Lagrangian: 4596 droplets
2026-03-23 15:16:09,212 - INFO -     Eulerian: 178164 cells
2026-03-23 15:16:09,213 - INFO -     Finding 1-nearest Eulerian neighbors for each droplet...
2026-03-23 15:16:09,295 - INFO -     ✓ Merged 4596 droplets with Eulerian values
2026-03-23 15:16:09,295 - INFO -   Loading timestep 189...
2026-03-23 15:16:09,516 - INFO -     Lagrangian: 4505 droplets
2026-03-23 15:16:09,516 - INFO -     Eulerian: 178164 cells
2026-03-23 15:16:09,517 - INFO -     Finding 1-nearest Eulerian neighbors for each droplet...
2026-03-23 15:16:09,611 - INFO -     ✓ Merged 4505 droplets with Eulerian values
2026-03-23 15:16:09,611 - INFO -   Loading timestep 190...
2026-03-23 15:16:09,851 - INFO -     Lagrangian: 4426 droplets
2026-03-23 15:16:09,851 - INFO -     Eulerian: 178164 cells
2026-03-23 15:16:09,852 - INFO -     Finding 1-nearest Eulerian neighbors for each droplet...
2026-03-23 15:16:09,933 - INFO -     ✓ Merged 4426 droplets with Eulerian values
2026-03-23 15:16:09,933 - INFO -   Loading timestep 191...
2026-03-23 15:16:10,174 - INFO -     Lagrangian: 4334 droplets
2026-03-23 15:16:10,174 - INFO -     Eulerian: 178164 cells
2026-03-23 15:16:10,176 - INFO -     Finding 1-nearest Eulerian neighbors for each droplet...
2026-03-23 15:16:10,256 - INFO -     ✓ Merged 4334 droplets with Eulerian values
2026-03-23 15:16:10,257 - INFO -   Loading timestep 192...
2026-03-23 15:16:10,490 - INFO -     Lagrangian: 4246 droplets
2026-03-23 15:16:10,490 - INFO -     Eulerian: 178164 cells
2026-03-23 15:16:10,491 - INFO -     Finding 1-nearest Eulerian neighbors for each droplet...
2026-03-23 15:16:10,570 - INFO -     ✓ Merged 4246 droplets with Eulerian values
2026-03-23 15:16:10,570 - INFO -   Loading timestep 193...
2026-03-23 15:16:10,808 - INFO -     Lagrangian: 4154 droplets
2026-03-23 15:16:10,808 - INFO -     Eulerian: 178164 cells
2026-03-23 15:16:10,810 - INFO -     Finding 1-nearest Eulerian neighbors for each droplet...
2026-03-23 15:16:10,890 - INFO -     ✓ Merged 4154 droplets with Eulerian values
2026-03-23 15:16:10,891 - INFO -   Loading timestep 194...
2026-03-23 15:16:11,110 - INFO -     Lagrangian: 4049 droplets
2026-03-23 15:16:11,110 - INFO -     Eulerian: 178164 cells
2026-03-23 15:16:11,112 - INFO -     Finding 1-nearest Eulerian neighbors for each droplet...
2026-03-23 15:16:11,190 - INFO -     ✓ Merged 4049 droplets with Eulerian values
2026-03-23 15:16:11,191 - INFO -   Loading timestep 195...
2026-03-23 15:16:11,428 - INFO -     Lagrangian: 3954 droplets
2026-03-23 15:16:11,428 - INFO -     Eulerian: 178164 cells
2026-03-23 15:16:11,429 - INFO -     Finding 1-nearest Eulerian neighbors for each droplet...
2026-03-23 15:16:11,510 - INFO -     ✓ Merged 3954 droplets with Eulerian values
2026-03-23 15:16:11,510 - INFO -   Loading timestep 196...
2026-03-23 15:16:11,767 - INFO -     Lagrangian: 3886 droplets
2026-03-23 15:16:11,767 - INFO -     Eulerian: 178164 cells
2026-03-23 15:16:11,768 - INFO -     Finding 1-nearest Eulerian neighbors for each droplet...
2026-03-23 15:16:11,853 - INFO -     ✓ Merged 3886 droplets with Eulerian values
2026-03-23 15:16:11,853 - INFO -   Loading timestep 197...
2026-03-23 15:16:12,178 - INFO -     Lagrangian: 3788 droplets
2026-03-23 15:16:12,179 - INFO -     Eulerian: 178164 cells
2026-03-23 15:16:12,186 - INFO -     Finding 1-nearest Eulerian neighbors for each droplet...
2026-03-23 15:16:12,276 - INFO -     ✓ Merged 3788 droplets with Eulerian values
2026-03-23 15:16:12,276 - INFO -   Loading timestep 198...
2026-03-23 15:16:12,585 - INFO -     Lagrangian: 3693 droplets
2026-03-23 15:16:12,585 - INFO -     Eulerian: 178164 cells
2026-03-23 15:16:12,587 - INFO -     Finding 1-nearest Eulerian neighbors for each droplet...
2026-03-23 15:16:12,680 - INFO -     ✓ Merged 3693 droplets with Eulerian values
2026-03-23 15:16:12,680 - INFO -   Loading timestep 199...
2026-03-23 15:16:12,960 - INFO -     Lagrangian: 3586 droplets
2026-03-23 15:16:12,961 - INFO -     Eulerian: 178164 cells
2026-03-23 15:16:12,963 - INFO -     Finding 1-nearest Eulerian neighbors for each droplet...
2026-03-23 15:16:13,048 - INFO -     ✓ Merged 3586 droplets with Eulerian values
2026-03-23 15:16:13,048 - INFO -   Loading timestep 200...
2026-03-23 15:16:13,332 - INFO -     Lagrangian: 3470 droplets
2026-03-23 15:16:13,332 - INFO -     Eulerian: 178164 cells
2026-03-23 15:16:13,334 - INFO -     Finding 1-nearest Eulerian neighbors for each droplet...
2026-03-23 15:16:13,416 - INFO -     ✓ Merged 3470 droplets with Eulerian values
2026-03-23 15:16:13,423 - INFO -   Batch loaded: 87,262 droplet records
2026-03-23 15:16:13,423 - INFO -   Creating paired data...
2026-03-23 15:16:13,423 - INFO - 
Creating paired timestep data...
2026-03-23 15:16:13,445 - INFO -   Total droplet records: 87,262
2026-03-23 15:16:13,445 - INFO -   Valid pairs (persistent): 82,052
2026-03-23 15:16:13,696 - INFO -   Created 82,052 paired samples
2026-03-23 15:16:13,701 - INFO -   Created 82,052 paired samples
2026-03-23 15:16:13,701 - INFO -   Splitting by particle ID...
2026-03-23 15:16:13,701 - INFO -     Splitting by particle ID...
2026-03-23 15:16:13,717 - INFO -       Train: 65,692 samples from 4,088 particles
2026-03-23 15:16:13,717 - INFO -       Val:   8,125 samples from 511 particles
2026-03-23 15:16:13,718 - INFO -       Test:  8,235 samples from 511 particles
2026-03-23 15:16:13,718 - INFO -   Batch 7 complete: 65,692 train / 8,125 val / 8,235 test
2026-03-23 15:16:13,721 - INFO - 
[Progress] Combining all batches...
2026-03-23 15:16:14,273 - INFO -   Combined train: 1,939,732 samples
2026-03-23 15:16:14,274 - INFO -   Combined val: 241,496 samples
2026-03-23 15:16:14,274 - INFO -   Combined test: 241,809 samples
2026-03-23 15:16:14,274 - INFO - 
[Progress] Normalizing all splits...
2026-03-23 15:16:14,274 - INFO -     Fitting scalers on combined training data (1,939,732 samples)...
2026-03-23 15:16:15,336 - INFO -     Creating normalized and absolute columns...
2026-03-23 15:16:18,413 - INFO -     ✓ All splits normalized
2026-03-23 15:16:18,454 - INFO - 
[Progress] Saving results...
2026-03-23 15:16:18,454 - INFO - 
Saving results to CSV files...
2026-03-23 15:16:18,454 - INFO -   Computing clustering absolute columns...
2026-03-23 15:16:19,762 - INFO -   Saving train (1,939,732 rows, 54 columns)...
2026-03-23 15:17:50,755 - INFO -     ✓ data/train_paired.csv
2026-03-23 15:17:50,756 - INFO -   Saving val (241,496 rows, 54 columns)...
2026-03-23 15:18:01,730 - INFO -     ✓ data/val_paired.csv
2026-03-23 15:18:01,730 - INFO -   Saving test (241,809 rows, 54 columns)...
2026-03-23 15:18:13,489 - INFO -     ✓ data/test_paired.csv
2026-03-23 15:18:13,489 - INFO -   Saving metadata...
2026-03-23 15:18:13,491 - INFO -     ✓ data/metadata.pkl
2026-03-23 15:18:13,553 - INFO - 
================================================================================
2026-03-23 15:18:13,553 - INFO - ✓ PREPROCESSING COMPLETE
2026-03-23 15:18:13,553 - INFO - ================================================================================
2026-03-23 15:18:13,553 - INFO - 
Dataset Summary:
2026-03-23 15:18:13,568 - INFO -   • Train: 1,939,732 samples from 24,741 particles
2026-03-23 15:18:13,571 - INFO -   • Val:   241,496 samples from 8,539 particles
2026-03-23 15:18:13,572 - INFO -   • Test:  241,809 samples from 8,577 particles
2026-03-23 15:18:13,572 - INFO -   • Total: 2,423,037 paired samples
2026-03-23 15:18:13,572 - INFO -   • Columns: 57 (including normalized + absolute + positions)
2026-03-23 15:18:13,573 - INFO - 
Output Files:
2026-03-23 15:18:13,573 - INFO -   • 📊 data/train_paired.csv
2026-03-23 15:18:13,573 - INFO -   • 📊 data/val_paired.csv
2026-03-23 15:18:13,573 - INFO -   • 📊 data/test_paired.csv
2026-03-23 15:18:13,573 - INFO -   • 📦 data/metadata.pkl
2026-03-23 15:18:13,573 - INFO - 
Log File:
2026-03-23 15:18:13,573 - INFO -   • 📝 logs/preprocessing_20260323_151505.log
2026-03-23 15:18:13,573 - INFO - ================================================================================
