2026-03-23 14:11:24,396 - INFO - Log file: logs/preprocessing_20260323_141124.log
2026-03-23 14:11:24,396 - INFO - ================================================================================
2026-03-23 14:11:24,396 - INFO - RAW DATA TO TRAINING - COMPLETE PREPROCESSING
2026-03-23 14:11:24,396 - INFO - ================================================================================
2026-03-23 14:11:24,396 - INFO - Output directory: data_test_nparticle
2026-03-23 14:11:24,396 - INFO - Log file: logs/preprocessing_20260323_141124.log
2026-03-23 14:11:24,396 - INFO - Scanning for available timestep files...
2026-03-23 14:11:24,398 - INFO -   Found 3 timesteps with both Lagrangian and Eulerian data
2026-03-23 14:11:24,398 - INFO -   Testing on timesteps: [50, 51, 52]
2026-03-23 14:11:24,398 - INFO - 
Processing 3 timesteps in 1 batches (size=30)...
2026-03-23 14:11:24,398 - INFO - 
[Batch 1/1] Processing timesteps 50-52...
2026-03-23 14:11:24,398 - INFO -   Loading timestep 50...
2026-03-23 14:11:24,654 - INFO -     Lagrangian: 22591 droplets
2026-03-23 14:11:24,654 - INFO -     Eulerian: 178164 cells
2026-03-23 14:11:24,656 - INFO -     Finding 1-nearest Eulerian neighbors for each droplet...
2026-03-23 14:11:24,782 - INFO -     ✓ Merged 22591 droplets with Eulerian values
2026-03-23 14:11:24,782 - INFO -   Loading timestep 51...
2026-03-23 14:11:25,053 - INFO -     Lagrangian: 22424 droplets
2026-03-23 14:11:25,053 - INFO -     Eulerian: 178164 cells
2026-03-23 14:11:25,054 - INFO -     Finding 1-nearest Eulerian neighbors for each droplet...
2026-03-23 14:11:25,199 - INFO -     ✓ Merged 22424 droplets with Eulerian values
2026-03-23 14:11:25,203 - INFO -   Loading timestep 52...
2026-03-23 14:11:25,423 - INFO -     Lagrangian: 22258 droplets
2026-03-23 14:11:25,423 - INFO -     Eulerian: 178164 cells
2026-03-23 14:11:25,426 - INFO -     Finding 1-nearest Eulerian neighbors for each droplet...
2026-03-23 14:11:25,552 - INFO -     ✓ Merged 22258 droplets with Eulerian values
2026-03-23 14:11:25,558 - INFO -   Batch loaded: 67,273 droplet records
2026-03-23 14:11:25,558 - INFO -   Creating paired data...
2026-03-23 14:11:25,558 - INFO - 
Creating paired timestep data...
2026-03-23 14:11:25,585 - INFO -   Total droplet records: 67,273
2026-03-23 14:11:25,586 - INFO -   Valid pairs (persistent): 44,682
2026-03-23 14:11:25,773 - INFO -   Created 44,682 paired samples
2026-03-23 14:11:25,773 - INFO -   Created 44,682 paired samples
2026-03-23 14:11:25,773 - INFO -   Splitting by particle ID...
2026-03-23 14:11:25,773 - INFO -     Splitting by particle ID...
2026-03-23 14:11:25,782 - INFO -       Train: 35,744 samples from 17,939 particles
2026-03-23 14:11:25,782 - INFO -       Val:   4,466 samples from 2,242 particles
2026-03-23 14:11:25,782 - INFO -       Test:  4,472 samples from 2,243 particles
2026-03-23 14:11:25,782 - INFO -   Batch 1 complete: 35,744 train / 4,466 val / 4,472 test
2026-03-23 14:11:25,791 - INFO - 
[Progress] Combining all batches...
2026-03-23 14:11:25,792 - INFO -   Combined train: 35,744 samples
2026-03-23 14:11:25,792 - INFO -   Combined val: 4,466 samples
2026-03-23 14:11:25,792 - INFO -   Combined test: 4,472 samples
2026-03-23 14:11:25,792 - INFO - 
[Progress] Normalizing all splits...
2026-03-23 14:11:25,792 - INFO -     Fitting scalers on combined training data (35,744 samples)...
2026-03-23 14:11:25,799 - INFO -     Creating normalized and absolute columns...
2026-03-23 14:11:25,830 - INFO -     ✓ All splits normalized
2026-03-23 14:11:25,830 - INFO - 
[Progress] Saving results...
2026-03-23 14:11:25,830 - INFO - 
Saving results to CSV files...
2026-03-23 14:11:25,830 - INFO -   Computing clustering absolute columns...
2026-03-23 14:11:25,846 - INFO -   Saving train (35,744 rows, 54 columns)...
2026-03-23 14:11:28,089 - INFO -     ✓ data_test_nparticle/train_paired.csv
2026-03-23 14:11:28,089 - INFO -   Saving val (4,466 rows, 54 columns)...
2026-03-23 14:11:28,360 - INFO -     ✓ data_test_nparticle/val_paired.csv
2026-03-23 14:11:28,360 - INFO -   Saving test (4,472 rows, 54 columns)...
2026-03-23 14:11:28,585 - INFO -     ✓ data_test_nparticle/test_paired.csv
2026-03-23 14:11:28,585 - INFO -   Saving metadata...
2026-03-23 14:11:28,586 - INFO -     ✓ data_test_nparticle/metadata.pkl
2026-03-23 14:11:28,586 - INFO - 
================================================================================
2026-03-23 14:11:28,586 - INFO - ✓ PREPROCESSING COMPLETE
2026-03-23 14:11:28,586 - INFO - ================================================================================
2026-03-23 14:11:28,586 - INFO - 
Dataset Summary:
2026-03-23 14:11:28,587 - INFO -   • Train: 35,744 samples from 17,939 particles
2026-03-23 14:11:28,587 - INFO -   • Val:   4,466 samples from 2,242 particles
2026-03-23 14:11:28,588 - INFO -   • Test:  4,472 samples from 2,243 particles
2026-03-23 14:11:28,588 - INFO -   • Total: 44,682 paired samples
2026-03-23 14:11:28,588 - INFO -   • Columns: 57 (including normalized + absolute + positions)
2026-03-23 14:11:28,588 - INFO - 
Output Files:
2026-03-23 14:11:28,588 - INFO -   • 📊 data_test_nparticle/train_paired.csv
2026-03-23 14:11:28,588 - INFO -   • 📊 data_test_nparticle/val_paired.csv
2026-03-23 14:11:28,588 - INFO -   • 📊 data_test_nparticle/test_paired.csv
2026-03-23 14:11:28,588 - INFO -   • 📦 data_test_nparticle/metadata.pkl
2026-03-23 14:11:28,588 - INFO - 
Log File:
2026-03-23 14:11:28,588 - INFO -   • 📝 logs/preprocessing_20260323_141124.log
2026-03-23 14:11:28,588 - INFO - ================================================================================
