2026-03-23 14:06:47,427 - INFO - Log file: logs/preprocessing_20260323_140647.log
2026-03-23 14:06:47,428 - INFO - ================================================================================
2026-03-23 14:06:47,428 - INFO - RAW DATA TO TRAINING - COMPLETE PREPROCESSING
2026-03-23 14:06:47,428 - INFO - ================================================================================
2026-03-23 14:06:47,428 - INFO - Output directory: data_sample
2026-03-23 14:06:47,428 - INFO - Log file: logs/preprocessing_20260323_140647.log
2026-03-23 14:06:47,428 - INFO - Scanning for available timestep files...
2026-03-23 14:06:47,430 - INFO -   Found 10 timesteps with both Lagrangian and Eulerian data
2026-03-23 14:06:47,430 - INFO -   Testing on timesteps: [50, 51, 52, 53, 54, 55, 56, 57, 58, 59]
2026-03-23 14:06:47,430 - INFO - 
Processing 10 timesteps in 1 batches (size=30)...
2026-03-23 14:06:47,431 - INFO - 
[Batch 1/1] Processing timesteps 50-59...
2026-03-23 14:06:47,431 - INFO -   Loading timestep 50...
2026-03-23 14:06:47,688 - INFO -     Lagrangian: 22591 droplets
2026-03-23 14:06:47,688 - INFO -     Eulerian: 178164 cells
2026-03-23 14:06:47,690 - INFO -     Finding 1-nearest Eulerian neighbors for each droplet...
2026-03-23 14:06:47,818 - INFO -     ✓ Merged 22591 droplets with Eulerian values
2026-03-23 14:06:47,818 - INFO -   Loading timestep 51...
2026-03-23 14:06:48,105 - INFO -     Lagrangian: 22424 droplets
2026-03-23 14:06:48,106 - INFO -     Eulerian: 178164 cells
2026-03-23 14:06:48,108 - INFO -     Finding 1-nearest Eulerian neighbors for each droplet...
2026-03-23 14:06:48,288 - INFO -     ✓ Merged 22424 droplets with Eulerian values
2026-03-23 14:06:48,291 - INFO -   Loading timestep 52...
2026-03-23 14:06:48,562 - INFO -     Lagrangian: 22258 droplets
2026-03-23 14:06:48,562 - INFO -     Eulerian: 178164 cells
2026-03-23 14:06:48,564 - INFO -     Finding 1-nearest Eulerian neighbors for each droplet...
2026-03-23 14:06:48,712 - INFO -     ✓ Merged 22258 droplets with Eulerian values
2026-03-23 14:06:48,714 - INFO -   Loading timestep 53...
2026-03-23 14:06:49,127 - INFO -     Lagrangian: 22098 droplets
2026-03-23 14:06:49,127 - INFO -     Eulerian: 178164 cells
2026-03-23 14:06:49,128 - INFO -     Finding 1-nearest Eulerian neighbors for each droplet...
2026-03-23 14:06:49,250 - INFO -     ✓ Merged 22098 droplets with Eulerian values
2026-03-23 14:06:49,254 - INFO -   Loading timestep 54...
2026-03-23 14:06:49,681 - INFO -     Lagrangian: 21915 droplets
2026-03-23 14:06:49,682 - INFO -     Eulerian: 178164 cells
2026-03-23 14:06:49,683 - INFO -     Finding 1-nearest Eulerian neighbors for each droplet...
2026-03-23 14:06:49,823 - INFO -     ✓ Merged 21915 droplets with Eulerian values
2026-03-23 14:06:49,826 - INFO -   Loading timestep 55...
2026-03-23 14:06:50,300 - INFO -     Lagrangian: 21729 droplets
2026-03-23 14:06:50,300 - INFO -     Eulerian: 178164 cells
2026-03-23 14:06:50,301 - INFO -     Finding 1-nearest Eulerian neighbors for each droplet...
2026-03-23 14:06:50,426 - INFO -     ✓ Merged 21729 droplets with Eulerian values
2026-03-23 14:06:50,430 - INFO -   Loading timestep 56...
2026-03-23 14:06:50,812 - INFO -     Lagrangian: 21539 droplets
2026-03-23 14:06:50,812 - INFO -     Eulerian: 178164 cells
2026-03-23 14:06:50,814 - INFO -     Finding 1-nearest Eulerian neighbors for each droplet...
2026-03-23 14:06:50,939 - INFO -     ✓ Merged 21539 droplets with Eulerian values
2026-03-23 14:06:50,944 - INFO -   Loading timestep 57...
2026-03-23 14:06:51,323 - INFO -     Lagrangian: 21365 droplets
2026-03-23 14:06:51,323 - INFO -     Eulerian: 178164 cells
2026-03-23 14:06:51,325 - INFO -     Finding 1-nearest Eulerian neighbors for each droplet...
2026-03-23 14:06:51,436 - INFO -     ✓ Merged 21365 droplets with Eulerian values
2026-03-23 14:06:51,441 - INFO -   Loading timestep 58...
2026-03-23 14:06:51,848 - INFO -     Lagrangian: 21175 droplets
2026-03-23 14:06:51,848 - INFO -     Eulerian: 178164 cells
2026-03-23 14:06:51,850 - INFO -     Finding 1-nearest Eulerian neighbors for each droplet...
2026-03-23 14:06:51,977 - INFO -     ✓ Merged 21175 droplets with Eulerian values
2026-03-23 14:06:51,983 - INFO -   Loading timestep 59...
2026-03-23 14:06:52,388 - INFO -     Lagrangian: 20992 droplets
2026-03-23 14:06:52,388 - INFO -     Eulerian: 178164 cells
2026-03-23 14:06:52,390 - INFO -     Finding 1-nearest Eulerian neighbors for each droplet...
2026-03-23 14:06:52,505 - INFO -     ✓ Merged 20992 droplets with Eulerian values
2026-03-23 14:06:52,532 - INFO -   Batch loaded: 218,086 droplet records
2026-03-23 14:06:52,532 - INFO -   Creating paired data...
2026-03-23 14:06:52,532 - INFO - 
Creating paired timestep data...
2026-03-23 14:06:52,691 - INFO -   Total droplet records: 218,086
2026-03-23 14:06:52,691 - INFO -   Valid pairs (persistent): 195,495
2026-03-23 14:06:53,195 - INFO -   Created 195,495 paired samples
2026-03-23 14:06:53,207 - INFO -   Created 195,495 paired samples
2026-03-23 14:06:53,207 - INFO -   Splitting by particle ID...
2026-03-23 14:06:53,207 - INFO -     Splitting by particle ID...
2026-03-23 14:06:53,235 - INFO -       Train: 156,365 samples from 17,939 particles
2026-03-23 14:06:53,235 - INFO -       Val:   19,560 samples from 2,242 particles
2026-03-23 14:06:53,236 - INFO -       Test:  19,570 samples from 2,243 particles
2026-03-23 14:06:53,236 - INFO -   Batch 1 complete: 156,365 train / 19,560 val / 19,570 test
2026-03-23 14:06:53,236 - INFO - 
[Progress] Combining all batches...
2026-03-23 14:06:53,237 - INFO -   Combined train: 156,365 samples
2026-03-23 14:06:53,237 - INFO -   Combined val: 19,560 samples
2026-03-23 14:06:53,237 - INFO -   Combined test: 19,570 samples
2026-03-23 14:06:53,237 - INFO - 
[Progress] Normalizing all splits...
2026-03-23 14:06:53,237 - INFO -     Fitting scalers on combined training data (156,365 samples)...
2026-03-23 14:06:53,260 - INFO -     Creating normalized and absolute columns...
2026-03-23 14:06:53,343 - INFO -     ✓ All splits normalized
2026-03-23 14:06:53,343 - INFO - 
[Progress] Saving results...
2026-03-23 14:06:53,343 - INFO - 
Saving results to CSV files...
2026-03-23 14:06:53,343 - INFO -   Computing clustering absolute columns...
2026-03-23 14:06:53,379 - INFO -   Saving train (156,365 rows, 54 columns)...
2026-03-23 14:07:00,662 - INFO -     ✓ data_sample/train_paired.csv
2026-03-23 14:07:00,662 - INFO -   Saving val (19,560 rows, 54 columns)...
2026-03-23 14:07:01,583 - INFO -     ✓ data_sample/val_paired.csv
2026-03-23 14:07:01,583 - INFO -   Saving test (19,570 rows, 54 columns)...
2026-03-23 14:07:02,543 - INFO -     ✓ data_sample/test_paired.csv
2026-03-23 14:07:02,543 - INFO -   Saving metadata...
2026-03-23 14:07:02,543 - INFO -     ✓ data_sample/metadata.pkl
2026-03-23 14:07:02,544 - INFO - 
================================================================================
2026-03-23 14:07:02,544 - INFO - ✓ PREPROCESSING COMPLETE
2026-03-23 14:07:02,544 - INFO - ================================================================================
2026-03-23 14:07:02,544 - INFO - 
Dataset Summary:
2026-03-23 14:07:02,546 - INFO -   • Train: 156,365 samples from 17,939 particles
2026-03-23 14:07:02,546 - INFO -   • Val:   19,560 samples from 2,242 particles
2026-03-23 14:07:02,546 - INFO -   • Test:  19,570 samples from 2,243 particles
2026-03-23 14:07:02,546 - INFO -   • Total: 195,495 paired samples
2026-03-23 14:07:02,546 - INFO -   • Columns: 57 (including normalized + absolute + positions)
2026-03-23 14:07:02,547 - INFO - 
Output Files:
2026-03-23 14:07:02,547 - INFO -   • 📊 data_sample/train_paired.csv
2026-03-23 14:07:02,547 - INFO -   • 📊 data_sample/val_paired.csv
2026-03-23 14:07:02,547 - INFO -   • 📊 data_sample/test_paired.csv
2026-03-23 14:07:02,547 - INFO -   • 📦 data_sample/metadata.pkl
2026-03-23 14:07:02,547 - INFO - 
Log File:
2026-03-23 14:07:02,547 - INFO -   • 📝 logs/preprocessing_20260323_140647.log
2026-03-23 14:07:02,547 - INFO - ================================================================================
