2026-03-23 14:18:48,992 - INFO - Log file: logs/preprocessing_20260323_141848.log
2026-03-23 14:18:48,993 - INFO - ================================================================================
2026-03-23 14:18:48,993 - INFO - RAW DATA TO TRAINING - COMPLETE PREPROCESSING
2026-03-23 14:18:48,993 - INFO - ================================================================================
2026-03-23 14:18:48,993 - INFO - Output directory: data_sample
2026-03-23 14:18:48,993 - INFO - Log file: logs/preprocessing_20260323_141848.log
2026-03-23 14:18:48,993 - INFO - Scanning for available timestep files...
2026-03-23 14:18:48,996 - INFO -   Found 10 timesteps with both Lagrangian and Eulerian data
2026-03-23 14:18:48,996 - INFO -   Testing on timesteps: [50, 51, 52, 53, 54, 55, 56, 57, 58, 59]
2026-03-23 14:18:48,996 - INFO - 
Processing 10 timesteps in 1 batches (size=30)...
2026-03-23 14:18:48,996 - INFO - 
[Batch 1/1] Processing timesteps 50-59...
2026-03-23 14:18:48,996 - INFO -   Loading timestep 50...
2026-03-23 14:18:49,288 - INFO -     Lagrangian: 22591 droplets
2026-03-23 14:18:49,288 - INFO -     Eulerian: 178164 cells
2026-03-23 14:18:49,290 - INFO -     Finding 1-nearest Eulerian neighbors for each droplet...
2026-03-23 14:18:49,409 - INFO -     ✓ Merged 22591 droplets with Eulerian values
2026-03-23 14:18:49,410 - INFO -   Loading timestep 51...
2026-03-23 14:18:49,617 - INFO -     Lagrangian: 22424 droplets
2026-03-23 14:18:49,618 - INFO -     Eulerian: 178164 cells
2026-03-23 14:18:49,619 - INFO -     Finding 1-nearest Eulerian neighbors for each droplet...
2026-03-23 14:18:49,751 - INFO -     ✓ Merged 22424 droplets with Eulerian values
2026-03-23 14:18:49,754 - INFO -   Loading timestep 52...
2026-03-23 14:18:49,951 - INFO -     Lagrangian: 22258 droplets
2026-03-23 14:18:49,952 - INFO -     Eulerian: 178164 cells
2026-03-23 14:18:49,954 - INFO -     Finding 1-nearest Eulerian neighbors for each droplet...
2026-03-23 14:18:50,078 - INFO -     ✓ Merged 22258 droplets with Eulerian values
2026-03-23 14:18:50,081 - INFO -   Loading timestep 53...
2026-03-23 14:18:50,273 - INFO -     Lagrangian: 22098 droplets
2026-03-23 14:18:50,273 - INFO -     Eulerian: 178164 cells
2026-03-23 14:18:50,275 - INFO -     Finding 1-nearest Eulerian neighbors for each droplet...
2026-03-23 14:18:50,387 - INFO -     ✓ Merged 22098 droplets with Eulerian values
2026-03-23 14:18:50,391 - INFO -   Loading timestep 54...
2026-03-23 14:18:50,587 - INFO -     Lagrangian: 21915 droplets
2026-03-23 14:18:50,587 - INFO -     Eulerian: 178164 cells
2026-03-23 14:18:50,588 - INFO -     Finding 1-nearest Eulerian neighbors for each droplet...
2026-03-23 14:18:50,698 - INFO -     ✓ Merged 21915 droplets with Eulerian values
2026-03-23 14:18:50,703 - INFO -   Loading timestep 55...
2026-03-23 14:18:50,897 - INFO -     Lagrangian: 21729 droplets
2026-03-23 14:18:50,897 - INFO -     Eulerian: 178164 cells
2026-03-23 14:18:50,899 - INFO -     Finding 1-nearest Eulerian neighbors for each droplet...
2026-03-23 14:18:51,008 - INFO -     ✓ Merged 21729 droplets with Eulerian values
2026-03-23 14:18:51,012 - INFO -   Loading timestep 56...
2026-03-23 14:18:51,226 - INFO -     Lagrangian: 21539 droplets
2026-03-23 14:18:51,226 - INFO -     Eulerian: 178164 cells
2026-03-23 14:18:51,228 - INFO -     Finding 1-nearest Eulerian neighbors for each droplet...
2026-03-23 14:18:51,338 - INFO -     ✓ Merged 21539 droplets with Eulerian values
2026-03-23 14:18:51,343 - INFO -   Loading timestep 57...
2026-03-23 14:18:51,540 - INFO -     Lagrangian: 21365 droplets
2026-03-23 14:18:51,540 - INFO -     Eulerian: 178164 cells
2026-03-23 14:18:51,541 - INFO -     Finding 1-nearest Eulerian neighbors for each droplet...
2026-03-23 14:18:51,652 - INFO -     ✓ Merged 21365 droplets with Eulerian values
2026-03-23 14:18:51,657 - INFO -   Loading timestep 58...
2026-03-23 14:18:51,855 - INFO -     Lagrangian: 21175 droplets
2026-03-23 14:18:51,855 - INFO -     Eulerian: 178164 cells
2026-03-23 14:18:51,856 - INFO -     Finding 1-nearest Eulerian neighbors for each droplet...
2026-03-23 14:18:51,967 - INFO -     ✓ Merged 21175 droplets with Eulerian values
2026-03-23 14:18:51,973 - INFO -   Loading timestep 59...
2026-03-23 14:18:52,183 - INFO -     Lagrangian: 20992 droplets
2026-03-23 14:18:52,184 - INFO -     Eulerian: 178164 cells
2026-03-23 14:18:52,185 - INFO -     Finding 1-nearest Eulerian neighbors for each droplet...
2026-03-23 14:18:52,296 - INFO -     ✓ Merged 20992 droplets with Eulerian values
2026-03-23 14:18:52,325 - INFO -   Batch loaded: 218,086 droplet records
2026-03-23 14:18:52,325 - INFO -   Creating paired data...
2026-03-23 14:18:52,325 - INFO - 
Creating paired timestep data...
2026-03-23 14:18:52,468 - INFO -   Total droplet records: 218,086
2026-03-23 14:18:52,468 - INFO -   Valid pairs (persistent): 195,495
2026-03-23 14:18:52,881 - INFO -   Created 195,495 paired samples
2026-03-23 14:18:52,895 - INFO -   Created 195,495 paired samples
2026-03-23 14:18:52,895 - INFO -   Splitting by particle ID...
2026-03-23 14:18:52,895 - INFO -     Splitting by particle ID...
2026-03-23 14:18:52,923 - INFO -       Train: 156,365 samples from 17,939 particles
2026-03-23 14:18:52,923 - INFO -       Val:   19,560 samples from 2,242 particles
2026-03-23 14:18:52,923 - INFO -       Test:  19,570 samples from 2,243 particles
2026-03-23 14:18:52,923 - INFO -   Batch 1 complete: 156,365 train / 19,560 val / 19,570 test
2026-03-23 14:18:52,924 - INFO - 
[Progress] Combining all batches...
2026-03-23 14:18:52,925 - INFO -   Combined train: 156,365 samples
2026-03-23 14:18:52,925 - INFO -   Combined val: 19,560 samples
2026-03-23 14:18:52,925 - INFO -   Combined test: 19,570 samples
2026-03-23 14:18:52,925 - INFO - 
[Progress] Normalizing all splits...
2026-03-23 14:18:52,925 - INFO -     Fitting scalers on combined training data (156,365 samples)...
2026-03-23 14:18:52,949 - INFO -     Creating normalized and absolute columns...
2026-03-23 14:18:53,035 - INFO -     ✓ All splits normalized
2026-03-23 14:18:53,035 - INFO - 
[Progress] Saving results...
2026-03-23 14:18:53,035 - INFO - 
Saving results to CSV files...
2026-03-23 14:18:53,035 - INFO -   Computing clustering absolute columns...
2026-03-23 14:18:53,077 - INFO -   Saving train (156,365 rows, 54 columns)...
2026-03-23 14:19:00,339 - INFO -     ✓ data_sample/train_paired.csv
2026-03-23 14:19:00,339 - INFO -   Saving val (19,560 rows, 54 columns)...
2026-03-23 14:19:01,215 - INFO -     ✓ data_sample/val_paired.csv
2026-03-23 14:19:01,215 - INFO -   Saving test (19,570 rows, 54 columns)...
2026-03-23 14:19:02,299 - INFO -     ✓ data_sample/test_paired.csv
2026-03-23 14:19:02,300 - INFO -   Saving metadata...
2026-03-23 14:19:02,301 - INFO -     ✓ data_sample/metadata.pkl
2026-03-23 14:19:02,302 - INFO - 
================================================================================
2026-03-23 14:19:02,302 - INFO - ✓ PREPROCESSING COMPLETE
2026-03-23 14:19:02,302 - INFO - ================================================================================
2026-03-23 14:19:02,302 - INFO - 
Dataset Summary:
2026-03-23 14:19:02,305 - INFO -   • Train: 156,365 samples from 17,939 particles
2026-03-23 14:19:02,307 - INFO -   • Val:   19,560 samples from 2,242 particles
2026-03-23 14:19:02,308 - INFO -   • Test:  19,570 samples from 2,243 particles
2026-03-23 14:19:02,309 - INFO -   • Total: 195,495 paired samples
2026-03-23 14:19:02,309 - INFO -   • Columns: 57 (including normalized + absolute + positions)
2026-03-23 14:19:02,309 - INFO - 
Output Files:
2026-03-23 14:19:02,309 - INFO -   • 📊 data_sample/train_paired.csv
2026-03-23 14:19:02,309 - INFO -   • 📊 data_sample/val_paired.csv
2026-03-23 14:19:02,309 - INFO -   • 📊 data_sample/test_paired.csv
2026-03-23 14:19:02,309 - INFO -   • 📦 data_sample/metadata.pkl
2026-03-23 14:19:02,309 - INFO - 
Log File:
2026-03-23 14:19:02,309 - INFO -   • 📝 logs/preprocessing_20260323_141848.log
2026-03-23 14:19:02,310 - INFO - ================================================================================
