2026-03-23 14:28:03,790 - INFO - Log file: logs/preprocessing_20260323_142803.log
2026-03-23 14:28:03,790 - INFO - ================================================================================
2026-03-23 14:28:03,790 - INFO - RAW DATA TO TRAINING - COMPLETE PREPROCESSING
2026-03-23 14:28:03,790 - INFO - ================================================================================
2026-03-23 14:28:03,790 - INFO - Output directory: data_sample_early
2026-03-23 14:28:03,790 - INFO - Log file: logs/preprocessing_20260323_142803.log
2026-03-23 14:28:03,790 - INFO - Scanning for available timestep files...
2026-03-23 14:28:03,793 - INFO -   Found 10 timesteps with both Lagrangian and Eulerian data
2026-03-23 14:28:03,793 - INFO -   Testing on timesteps: [1, 2, 3, 4, 5, 6, 7, 8, 9, 10]
2026-03-23 14:28:03,793 - INFO - 
Processing 10 timesteps in 1 batches (size=30)...
2026-03-23 14:28:03,793 - INFO - 
[Batch 1/1] Processing timesteps 1-10...
2026-03-23 14:28:03,793 - INFO -   Loading timestep 1...
2026-03-23 14:28:04,124 - INFO -     Lagrangian: 1000 droplets
2026-03-23 14:28:04,124 - INFO -     Eulerian: 178164 cells
2026-03-23 14:28:04,127 - INFO -     Finding 1-nearest Eulerian neighbors for each droplet...
2026-03-23 14:28:04,222 - INFO -     ✓ Merged 1000 droplets with Eulerian values
2026-03-23 14:28:04,222 - INFO -   Loading timestep 2...
2026-03-23 14:28:04,635 - INFO -     Lagrangian: 2000 droplets
2026-03-23 14:28:04,635 - INFO -     Eulerian: 178164 cells
2026-03-23 14:28:04,637 - INFO -     Finding 1-nearest Eulerian neighbors for each droplet...
2026-03-23 14:28:04,731 - INFO -     ✓ Merged 2000 droplets with Eulerian values
2026-03-23 14:28:04,734 - INFO -   Loading timestep 3...
2026-03-23 14:28:05,161 - INFO -     Lagrangian: 3000 droplets
2026-03-23 14:28:05,161 - INFO -     Eulerian: 178164 cells
2026-03-23 14:28:05,163 - INFO -     Finding 1-nearest Eulerian neighbors for each droplet...
2026-03-23 14:28:05,293 - INFO -     ✓ Merged 3000 droplets with Eulerian values
2026-03-23 14:28:05,297 - INFO -   Loading timestep 4...
2026-03-23 14:28:05,698 - INFO -     Lagrangian: 4000 droplets
2026-03-23 14:28:05,698 - INFO -     Eulerian: 178164 cells
2026-03-23 14:28:05,700 - INFO -     Finding 1-nearest Eulerian neighbors for each droplet...
2026-03-23 14:28:05,790 - INFO -     ✓ Merged 4000 droplets with Eulerian values
2026-03-23 14:28:05,793 - INFO -   Loading timestep 5...
2026-03-23 14:28:06,239 - INFO -     Lagrangian: 5000 droplets
2026-03-23 14:28:06,239 - INFO -     Eulerian: 178164 cells
2026-03-23 14:28:06,242 - INFO -     Finding 1-nearest Eulerian neighbors for each droplet...
2026-03-23 14:28:06,381 - INFO -     ✓ Merged 5000 droplets with Eulerian values
2026-03-23 14:28:06,385 - INFO -   Loading timestep 6...
2026-03-23 14:28:06,879 - INFO -     Lagrangian: 6000 droplets
2026-03-23 14:28:06,880 - INFO -     Eulerian: 178164 cells
2026-03-23 14:28:06,881 - INFO -     Finding 1-nearest Eulerian neighbors for each droplet...
2026-03-23 14:28:06,979 - INFO -     ✓ Merged 6000 droplets with Eulerian values
2026-03-23 14:28:06,981 - INFO -   Loading timestep 7...
2026-03-23 14:28:07,321 - INFO -     Lagrangian: 7000 droplets
2026-03-23 14:28:07,321 - INFO -     Eulerian: 178164 cells
2026-03-23 14:28:07,322 - INFO -     Finding 1-nearest Eulerian neighbors for each droplet...
2026-03-23 14:28:07,416 - INFO -     ✓ Merged 7000 droplets with Eulerian values
2026-03-23 14:28:07,421 - INFO -   Loading timestep 8...
2026-03-23 14:28:07,791 - INFO -     Lagrangian: 8000 droplets
2026-03-23 14:28:07,791 - INFO -     Eulerian: 178164 cells
2026-03-23 14:28:07,793 - INFO -     Finding 1-nearest Eulerian neighbors for each droplet...
2026-03-23 14:28:07,891 - INFO -     ✓ Merged 8000 droplets with Eulerian values
2026-03-23 14:28:07,894 - INFO -   Loading timestep 9...
2026-03-23 14:28:08,206 - INFO -     Lagrangian: 9000 droplets
2026-03-23 14:28:08,206 - INFO -     Eulerian: 178164 cells
2026-03-23 14:28:08,207 - INFO -     Finding 1-nearest Eulerian neighbors for each droplet...
2026-03-23 14:28:08,300 - INFO -     ✓ Merged 9000 droplets with Eulerian values
2026-03-23 14:28:08,303 - INFO -   Loading timestep 10...
2026-03-23 14:28:08,648 - INFO -     Lagrangian: 10000 droplets
2026-03-23 14:28:08,649 - INFO -     Eulerian: 178164 cells
2026-03-23 14:28:08,650 - INFO -     Finding 1-nearest Eulerian neighbors for each droplet...
2026-03-23 14:28:08,743 - INFO -     ✓ Merged 10000 droplets with Eulerian values
2026-03-23 14:28:08,752 - INFO -   Batch loaded: 55,000 droplet records
2026-03-23 14:28:08,752 - INFO -   Creating paired data...
2026-03-23 14:28:08,752 - INFO - 
Creating paired timestep data...
2026-03-23 14:28:08,773 - INFO -   Total droplet records: 55,000
2026-03-23 14:28:08,773 - INFO -   Valid pairs (persistent): 45,000
2026-03-23 14:28:08,963 - INFO -   Created 45,000 paired samples
2026-03-23 14:28:08,964 - INFO -   Created 45,000 paired samples
2026-03-23 14:28:08,964 - INFO -   Splitting by particle ID...
2026-03-23 14:28:08,964 - INFO -     Splitting by particle ID...
2026-03-23 14:28:08,972 - INFO -       Train: 36,028 samples from 7,200 particles
2026-03-23 14:28:08,972 - INFO -       Val:   4,583 samples from 900 particles
2026-03-23 14:28:08,972 - INFO -       Test:  4,389 samples from 900 particles
2026-03-23 14:28:08,972 - INFO -   Batch 1 complete: 36,028 train / 4,583 val / 4,389 test
2026-03-23 14:28:08,980 - INFO - 
[Progress] Combining all batches...
2026-03-23 14:28:08,981 - INFO -   Combined train: 36,028 samples
2026-03-23 14:28:08,981 - INFO -   Combined val: 4,583 samples
2026-03-23 14:28:08,982 - INFO -   Combined test: 4,389 samples
2026-03-23 14:28:08,982 - INFO - 
[Progress] Normalizing all splits...
2026-03-23 14:28:08,982 - INFO -     Fitting scalers on combined training data (36,028 samples)...
2026-03-23 14:28:08,988 - INFO -     Creating normalized and absolute columns...
2026-03-23 14:28:09,016 - INFO -     ✓ All splits normalized
2026-03-23 14:28:09,016 - INFO - 
[Progress] Saving results...
2026-03-23 14:28:09,016 - INFO - 
Saving results to CSV files...
2026-03-23 14:28:09,016 - INFO -   Computing clustering absolute columns...
2026-03-23 14:28:09,031 - INFO -   Saving train (36,028 rows, 54 columns)...
2026-03-23 14:28:10,731 - INFO -     ✓ data_sample_early/train_paired.csv
2026-03-23 14:28:10,731 - INFO -   Saving val (4,583 rows, 54 columns)...
2026-03-23 14:28:10,935 - INFO -     ✓ data_sample_early/val_paired.csv
2026-03-23 14:28:10,935 - INFO -   Saving test (4,389 rows, 54 columns)...
2026-03-23 14:28:11,139 - INFO -     ✓ data_sample_early/test_paired.csv
2026-03-23 14:28:11,139 - INFO -   Saving metadata...
2026-03-23 14:28:11,140 - INFO -     ✓ data_sample_early/metadata.pkl
2026-03-23 14:28:11,140 - INFO - 
================================================================================
2026-03-23 14:28:11,140 - INFO - ✓ PREPROCESSING COMPLETE
2026-03-23 14:28:11,140 - INFO - ================================================================================
2026-03-23 14:28:11,140 - INFO - 
Dataset Summary:
2026-03-23 14:28:11,141 - INFO -   • Train: 36,028 samples from 7,200 particles
2026-03-23 14:28:11,141 - INFO -   • Val:   4,583 samples from 900 particles
2026-03-23 14:28:11,141 - INFO -   • Test:  4,389 samples from 900 particles
2026-03-23 14:28:11,141 - INFO -   • Total: 45,000 paired samples
2026-03-23 14:28:11,141 - INFO -   • Columns: 57 (including normalized + absolute + positions)
2026-03-23 14:28:11,141 - INFO - 
Output Files:
2026-03-23 14:28:11,141 - INFO -   • 📊 data_sample_early/train_paired.csv
2026-03-23 14:28:11,142 - INFO -   • 📊 data_sample_early/val_paired.csv
2026-03-23 14:28:11,142 - INFO -   • 📊 data_sample_early/test_paired.csv
2026-03-23 14:28:11,142 - INFO -   • 📦 data_sample_early/metadata.pkl
2026-03-23 14:28:11,142 - INFO - 
Log File:
2026-03-23 14:28:11,142 - INFO -   • 📝 logs/preprocessing_20260323_142803.log
2026-03-23 14:28:11,142 - INFO - ================================================================================
