2026-03-23 14:25:54,415 - INFO - Log file: logs/preprocessing_20260323_142554.log
2026-03-23 14:25:54,415 - INFO - ================================================================================
2026-03-23 14:25:54,415 - INFO - RAW DATA TO TRAINING - COMPLETE PREPROCESSING
2026-03-23 14:25:54,415 - INFO - ================================================================================
2026-03-23 14:25:54,415 - INFO - Output directory: data_sample
2026-03-23 14:25:54,415 - INFO - Log file: logs/preprocessing_20260323_142554.log
2026-03-23 14:25:54,415 - INFO - Scanning for available timestep files...
2026-03-23 14:25:54,418 - INFO -   Found 10 timesteps with both Lagrangian and Eulerian data
2026-03-23 14:25:54,418 - INFO -   Testing on timesteps: [50, 51, 52, 53, 54, 55, 56, 57, 58, 59]
2026-03-23 14:25:54,418 - INFO - 
Processing 10 timesteps in 1 batches (size=30)...
2026-03-23 14:25:54,418 - INFO - 
[Batch 1/1] Processing timesteps 50-59...
2026-03-23 14:25:54,418 - INFO -   Loading timestep 50...
2026-03-23 14:25:54,700 - INFO -     Lagrangian: 22591 droplets
2026-03-23 14:25:54,700 - INFO -     Eulerian: 178164 cells
2026-03-23 14:25:54,701 - INFO -     Finding 1-nearest Eulerian neighbors for each droplet...
2026-03-23 14:25:54,813 - INFO -     ✓ Merged 22591 droplets with Eulerian values
2026-03-23 14:25:54,814 - INFO -   Loading timestep 51...
2026-03-23 14:25:55,005 - INFO -     Lagrangian: 22424 droplets
2026-03-23 14:25:55,005 - INFO -     Eulerian: 178164 cells
2026-03-23 14:25:55,007 - INFO -     Finding 1-nearest Eulerian neighbors for each droplet...
2026-03-23 14:25:55,121 - INFO -     ✓ Merged 22424 droplets with Eulerian values
2026-03-23 14:25:55,124 - INFO -   Loading timestep 52...
2026-03-23 14:25:55,309 - INFO -     Lagrangian: 22258 droplets
2026-03-23 14:25:55,309 - INFO -     Eulerian: 178164 cells
2026-03-23 14:25:55,310 - INFO -     Finding 1-nearest Eulerian neighbors for each droplet...
2026-03-23 14:25:55,420 - INFO -     ✓ Merged 22258 droplets with Eulerian values
2026-03-23 14:25:55,423 - INFO -   Loading timestep 53...
2026-03-23 14:25:55,613 - INFO -     Lagrangian: 22098 droplets
2026-03-23 14:25:55,613 - INFO -     Eulerian: 178164 cells
2026-03-23 14:25:55,614 - INFO -     Finding 1-nearest Eulerian neighbors for each droplet...
2026-03-23 14:25:55,727 - INFO -     ✓ Merged 22098 droplets with Eulerian values
2026-03-23 14:25:55,729 - INFO -   Loading timestep 54...
2026-03-23 14:25:55,921 - INFO -     Lagrangian: 21915 droplets
2026-03-23 14:25:55,922 - INFO -     Eulerian: 178164 cells
2026-03-23 14:25:55,923 - INFO -     Finding 1-nearest Eulerian neighbors for each droplet...
2026-03-23 14:25:56,032 - INFO -     ✓ Merged 21915 droplets with Eulerian values
2026-03-23 14:25:56,036 - INFO -   Loading timestep 55...
2026-03-23 14:25:56,219 - INFO -     Lagrangian: 21729 droplets
2026-03-23 14:25:56,219 - INFO -     Eulerian: 178164 cells
2026-03-23 14:25:56,221 - INFO -     Finding 1-nearest Eulerian neighbors for each droplet...
2026-03-23 14:25:56,329 - INFO -     ✓ Merged 21729 droplets with Eulerian values
2026-03-23 14:25:56,332 - INFO -   Loading timestep 56...
2026-03-23 14:25:56,538 - INFO -     Lagrangian: 21539 droplets
2026-03-23 14:25:56,538 - INFO -     Eulerian: 178164 cells
2026-03-23 14:25:56,539 - INFO -     Finding 1-nearest Eulerian neighbors for each droplet...
2026-03-23 14:25:56,649 - INFO -     ✓ Merged 21539 droplets with Eulerian values
2026-03-23 14:25:56,653 - INFO -   Loading timestep 57...
2026-03-23 14:25:56,840 - INFO -     Lagrangian: 21365 droplets
2026-03-23 14:25:56,841 - INFO -     Eulerian: 178164 cells
2026-03-23 14:25:56,842 - INFO -     Finding 1-nearest Eulerian neighbors for each droplet...
2026-03-23 14:25:56,952 - INFO -     ✓ Merged 21365 droplets with Eulerian values
2026-03-23 14:25:56,955 - INFO -   Loading timestep 58...
2026-03-23 14:25:57,149 - INFO -     Lagrangian: 21175 droplets
2026-03-23 14:25:57,150 - INFO -     Eulerian: 178164 cells
2026-03-23 14:25:57,151 - INFO -     Finding 1-nearest Eulerian neighbors for each droplet...
2026-03-23 14:25:57,267 - INFO -     ✓ Merged 21175 droplets with Eulerian values
2026-03-23 14:25:57,271 - INFO -   Loading timestep 59...
2026-03-23 14:25:57,479 - INFO -     Lagrangian: 20992 droplets
2026-03-23 14:25:57,479 - INFO -     Eulerian: 178164 cells
2026-03-23 14:25:57,481 - INFO -     Finding 1-nearest Eulerian neighbors for each droplet...
2026-03-23 14:25:57,603 - INFO -     ✓ Merged 20992 droplets with Eulerian values
2026-03-23 14:25:57,629 - INFO -   Batch loaded: 218,086 droplet records
2026-03-23 14:25:57,630 - INFO -   Creating paired data...
2026-03-23 14:25:57,630 - INFO - 
Creating paired timestep data...
2026-03-23 14:25:57,787 - INFO -   Total droplet records: 218,086
2026-03-23 14:25:57,787 - INFO -   Valid pairs (persistent): 195,495
2026-03-23 14:25:58,215 - INFO -   Created 195,495 paired samples
2026-03-23 14:25:58,223 - INFO -   Created 195,495 paired samples
2026-03-23 14:25:58,223 - INFO -   Splitting by particle ID...
2026-03-23 14:25:58,223 - INFO -     Splitting by particle ID...
2026-03-23 14:25:58,254 - INFO -       Train: 156,365 samples from 17,939 particles
2026-03-23 14:25:58,254 - INFO -       Val:   19,560 samples from 2,242 particles
2026-03-23 14:25:58,254 - INFO -       Test:  19,570 samples from 2,243 particles
2026-03-23 14:25:58,254 - INFO -   Batch 1 complete: 156,365 train / 19,560 val / 19,570 test
2026-03-23 14:25:58,255 - INFO - 
[Progress] Combining all batches...
2026-03-23 14:25:58,255 - INFO -   Combined train: 156,365 samples
2026-03-23 14:25:58,256 - INFO -   Combined val: 19,560 samples
2026-03-23 14:25:58,256 - INFO -   Combined test: 19,570 samples
2026-03-23 14:25:58,256 - INFO - 
[Progress] Normalizing all splits...
2026-03-23 14:25:58,256 - INFO -     Fitting scalers on combined training data (156,365 samples)...
2026-03-23 14:25:58,285 - INFO -     Creating normalized and absolute columns...
2026-03-23 14:25:58,368 - INFO -     ✓ All splits normalized
2026-03-23 14:25:58,368 - INFO - 
[Progress] Saving results...
2026-03-23 14:25:58,368 - INFO - 
Saving results to CSV files...
2026-03-23 14:25:58,368 - INFO -   Computing clustering absolute columns...
2026-03-23 14:25:58,404 - INFO -   Saving train (156,365 rows, 54 columns)...
2026-03-23 14:26:05,692 - INFO -     ✓ data_sample/train_paired.csv
2026-03-23 14:26:05,693 - INFO -   Saving val (19,560 rows, 54 columns)...
2026-03-23 14:26:06,640 - INFO -     ✓ data_sample/val_paired.csv
2026-03-23 14:26:06,640 - INFO -   Saving test (19,570 rows, 54 columns)...
2026-03-23 14:26:07,932 - INFO -     ✓ data_sample/test_paired.csv
2026-03-23 14:26:07,932 - INFO -   Saving metadata...
2026-03-23 14:26:07,933 - INFO -     ✓ data_sample/metadata.pkl
2026-03-23 14:26:07,933 - INFO - 
================================================================================
2026-03-23 14:26:07,933 - INFO - ✓ PREPROCESSING COMPLETE
2026-03-23 14:26:07,933 - INFO - ================================================================================
2026-03-23 14:26:07,933 - INFO - 
Dataset Summary:
2026-03-23 14:26:07,937 - INFO -   • Train: 156,365 samples from 17,939 particles
2026-03-23 14:26:07,937 - INFO -   • Val:   19,560 samples from 2,242 particles
2026-03-23 14:26:07,938 - INFO -   • Test:  19,570 samples from 2,243 particles
2026-03-23 14:26:07,938 - INFO -   • Total: 195,495 paired samples
2026-03-23 14:26:07,938 - INFO -   • Columns: 57 (including normalized + absolute + positions)
2026-03-23 14:26:07,938 - INFO - 
Output Files:
2026-03-23 14:26:07,938 - INFO -   • 📊 data_sample/train_paired.csv
2026-03-23 14:26:07,939 - INFO -   • 📊 data_sample/val_paired.csv
2026-03-23 14:26:07,939 - INFO -   • 📊 data_sample/test_paired.csv
2026-03-23 14:26:07,939 - INFO -   • 📦 data_sample/metadata.pkl
2026-03-23 14:26:07,939 - INFO - 
Log File:
2026-03-23 14:26:07,939 - INFO -   • 📝 logs/preprocessing_20260323_142554.log
2026-03-23 14:26:07,939 - INFO - ================================================================================
