2026-03-23 13:25:16,634 - INFO - Log file: logs/preprocessing_20260323_132516.log
2026-03-23 13:25:16,634 - INFO - ================================================================================
2026-03-23 13:25:16,634 - INFO - RAW DATA TO TRAINING - COMPLETE PREPROCESSING
2026-03-23 13:25:16,634 - INFO - ================================================================================
2026-03-23 13:25:16,634 - INFO - Output directory: data_test
2026-03-23 13:25:16,634 - INFO - Log file: logs/preprocessing_20260323_132516.log
2026-03-23 13:25:16,634 - INFO - Scanning for available timestep files...
2026-03-23 13:25:16,639 - INFO -   Found 6 timesteps with both Lagrangian and Eulerian data
2026-03-23 13:25:16,639 - INFO -   Testing on timesteps: [50, 51, 52, 53, 54, 55]
2026-03-23 13:25:16,639 - INFO - 
Processing 6 timesteps in 1 batches (size=30)...
2026-03-23 13:25:16,640 - INFO - 
[Batch 1/1] Processing timesteps 50-55...
2026-03-23 13:25:16,640 - INFO -   Loading timestep 50...
2026-03-23 13:25:16,922 - INFO -     Lagrangian: 22591 droplets
2026-03-23 13:25:16,923 - INFO -     Eulerian: 178164 cells
2026-03-23 13:25:16,931 - INFO -     Finding 1-nearest Eulerian neighbors for each droplet...
2026-03-23 13:25:17,044 - INFO -     ✓ Merged 22591 droplets with Eulerian values
2026-03-23 13:25:17,044 - INFO -   Loading timestep 51...
2026-03-23 13:25:17,256 - INFO -     Lagrangian: 22424 droplets
2026-03-23 13:25:17,256 - INFO -     Eulerian: 178164 cells
2026-03-23 13:25:17,258 - INFO -     Finding 1-nearest Eulerian neighbors for each droplet...
2026-03-23 13:25:17,397 - INFO -     ✓ Merged 22424 droplets with Eulerian values
2026-03-23 13:25:17,400 - INFO -   Loading timestep 52...
2026-03-23 13:25:17,622 - INFO -     Lagrangian: 22258 droplets
2026-03-23 13:25:17,622 - INFO -     Eulerian: 178164 cells
2026-03-23 13:25:17,624 - INFO -     Finding 1-nearest Eulerian neighbors for each droplet...
2026-03-23 13:25:17,736 - INFO -     ✓ Merged 22258 droplets with Eulerian values
2026-03-23 13:25:17,739 - INFO -   Loading timestep 53...
2026-03-23 13:25:17,956 - INFO -     Lagrangian: 22098 droplets
2026-03-23 13:25:17,956 - INFO -     Eulerian: 178164 cells
2026-03-23 13:25:17,958 - INFO -     Finding 1-nearest Eulerian neighbors for each droplet...
2026-03-23 13:25:18,078 - INFO -     ✓ Merged 22098 droplets with Eulerian values
2026-03-23 13:25:18,080 - INFO -   Loading timestep 54...
2026-03-23 13:25:18,351 - INFO -     Lagrangian: 21915 droplets
2026-03-23 13:25:18,352 - INFO -     Eulerian: 178164 cells
2026-03-23 13:25:18,354 - INFO -     Finding 1-nearest Eulerian neighbors for each droplet...
2026-03-23 13:25:18,512 - INFO -     ✓ Merged 21915 droplets with Eulerian values
2026-03-23 13:25:18,516 - INFO -   Loading timestep 55...
2026-03-23 13:25:18,821 - INFO -     Lagrangian: 21729 droplets
2026-03-23 13:25:18,822 - INFO -     Eulerian: 178164 cells
2026-03-23 13:25:18,823 - INFO -     Finding 1-nearest Eulerian neighbors for each droplet...
2026-03-23 13:25:18,983 - INFO -     ✓ Merged 21729 droplets with Eulerian values
2026-03-23 13:25:19,001 - INFO -   Batch loaded: 133,015 droplet records
2026-03-23 13:25:19,001 - INFO -   Creating paired data...
2026-03-23 13:25:19,002 - INFO - 
Creating paired timestep data...
2026-03-23 13:25:19,100 - INFO -   Total droplet records: 133,015
2026-03-23 13:25:19,100 - INFO -   Valid pairs (persistent): 110,424
2026-03-23 13:25:19,602 - INFO -   Created 110,424 paired samples
2026-03-23 13:25:19,604 - INFO -   Created 110,424 paired samples
2026-03-23 13:25:19,604 - INFO -   Splitting by particle ID...
