2026-03-23 13:27:20,404 - INFO - Log file: logs/preprocessing_20260323_132720.log
2026-03-23 13:27:20,405 - INFO - ================================================================================
2026-03-23 13:27:20,405 - INFO - RAW DATA TO TRAINING - COMPLETE PREPROCESSING
2026-03-23 13:27:20,405 - INFO - ================================================================================
2026-03-23 13:27:20,405 - INFO - Output directory: data
2026-03-23 13:27:20,405 - INFO - Log file: logs/preprocessing_20260323_132720.log
2026-03-23 13:27:20,405 - INFO - Scanning for available timestep files...
2026-03-23 13:27:20,407 - INFO -   Found 200 timesteps with both Lagrangian and Eulerian data
2026-03-23 13:27:20,407 - INFO - 
Processing 200 timesteps in 7 batches (size=30)...
2026-03-23 13:27:20,407 - INFO - 
[Batch 1/7] Processing timesteps 1-30...
2026-03-23 13:27:20,407 - INFO -   Loading timestep 1...
2026-03-23 13:27:20,631 - INFO -     Lagrangian: 1000 droplets
2026-03-23 13:27:20,631 - INFO -     Eulerian: 178164 cells
2026-03-23 13:27:20,638 - INFO -     Finding 1-nearest Eulerian neighbors for each droplet...
2026-03-23 13:27:20,714 - INFO -     ✓ Merged 1000 droplets with Eulerian values
2026-03-23 13:27:20,715 - INFO -   Loading timestep 2...
2026-03-23 13:27:20,879 - INFO -     Lagrangian: 2000 droplets
2026-03-23 13:27:20,879 - INFO -     Eulerian: 178164 cells
2026-03-23 13:27:20,881 - INFO -     Finding 1-nearest Eulerian neighbors for each droplet...
2026-03-23 13:27:20,955 - INFO -     ✓ Merged 2000 droplets with Eulerian values
2026-03-23 13:27:20,961 - INFO -   Loading timestep 3...
2026-03-23 13:27:21,142 - INFO -     Lagrangian: 3000 droplets
2026-03-23 13:27:21,142 - INFO -     Eulerian: 178164 cells
2026-03-23 13:27:21,144 - INFO -     Finding 1-nearest Eulerian neighbors for each droplet...
2026-03-23 13:27:21,223 - INFO -     ✓ Merged 3000 droplets with Eulerian values
2026-03-23 13:27:21,229 - INFO -   Loading timestep 4...
2026-03-23 13:27:21,430 - INFO -     Lagrangian: 4000 droplets
2026-03-23 13:27:21,430 - INFO -     Eulerian: 178164 cells
2026-03-23 13:27:21,432 - INFO -     Finding 1-nearest Eulerian neighbors for each droplet...
2026-03-23 13:27:21,543 - INFO -     ✓ Merged 4000 droplets with Eulerian values
2026-03-23 13:27:21,548 - INFO -   Loading timestep 5...
2026-03-23 13:27:21,762 - INFO -     Lagrangian: 5000 droplets
2026-03-23 13:27:21,763 - INFO -     Eulerian: 178164 cells
2026-03-23 13:27:21,765 - INFO -     Finding 1-nearest Eulerian neighbors for each droplet...
2026-03-23 13:27:21,858 - INFO -     ✓ Merged 5000 droplets with Eulerian values
2026-03-23 13:27:21,864 - INFO -   Loading timestep 6...
2026-03-23 13:27:22,065 - INFO -     Lagrangian: 6000 droplets
2026-03-23 13:27:22,065 - INFO -     Eulerian: 178164 cells
2026-03-23 13:27:22,066 - INFO -     Finding 1-nearest Eulerian neighbors for each droplet...
2026-03-23 13:27:22,149 - INFO -     ✓ Merged 6000 droplets with Eulerian values
2026-03-23 13:27:22,155 - INFO -   Loading timestep 7...
2026-03-23 13:27:22,349 - INFO -     Lagrangian: 7000 droplets
2026-03-23 13:27:22,349 - INFO -     Eulerian: 178164 cells
2026-03-23 13:27:22,351 - INFO -     Finding 1-nearest Eulerian neighbors for each droplet...
2026-03-23 13:27:22,445 - INFO -     ✓ Merged 7000 droplets with Eulerian values
2026-03-23 13:27:22,451 - INFO -   Loading timestep 8...
2026-03-23 13:27:22,654 - INFO -     Lagrangian: 8000 droplets
2026-03-23 13:27:22,654 - INFO -     Eulerian: 178164 cells
2026-03-23 13:27:22,656 - INFO -     Finding 1-nearest Eulerian neighbors for each droplet...
2026-03-23 13:27:22,745 - INFO -     ✓ Merged 8000 droplets with Eulerian values
2026-03-23 13:27:22,751 - INFO -   Loading timestep 9...
2026-03-23 13:27:22,955 - INFO -     Lagrangian: 9000 droplets
2026-03-23 13:27:22,955 - INFO -     Eulerian: 178164 cells
2026-03-23 13:27:22,957 - INFO -     Finding 1-nearest Eulerian neighbors for each droplet...
2026-03-23 13:27:23,067 - INFO -     ✓ Merged 9000 droplets with Eulerian values
2026-03-23 13:27:23,073 - INFO -   Loading timestep 10...
2026-03-23 13:27:23,266 - INFO -     Lagrangian: 10000 droplets
2026-03-23 13:27:23,267 - INFO -     Eulerian: 178164 cells
2026-03-23 13:27:23,268 - INFO -     Finding 1-nearest Eulerian neighbors for each droplet...
2026-03-23 13:27:23,364 - INFO -     ✓ Merged 10000 droplets with Eulerian values
2026-03-23 13:27:23,369 - INFO -   Loading timestep 11...
2026-03-23 13:27:23,561 - INFO -     Lagrangian: 10999 droplets
2026-03-23 13:27:23,561 - INFO -     Eulerian: 178164 cells
2026-03-23 13:27:23,563 - INFO -     Finding 1-nearest Eulerian neighbors for each droplet...
2026-03-23 13:27:23,665 - INFO -     ✓ Merged 10999 droplets with Eulerian values
2026-03-23 13:27:23,671 - INFO -   Loading timestep 12...
2026-03-23 13:27:23,853 - INFO -     Lagrangian: 11997 droplets
2026-03-23 13:27:23,854 - INFO -     Eulerian: 178164 cells
2026-03-23 13:27:23,855 - INFO -     Finding 1-nearest Eulerian neighbors for each droplet...
2026-03-23 13:27:23,946 - INFO -     ✓ Merged 11997 droplets with Eulerian values
2026-03-23 13:27:23,952 - INFO -   Loading timestep 13...
2026-03-23 13:27:24,141 - INFO -     Lagrangian: 12996 droplets
2026-03-23 13:27:24,142 - INFO -     Eulerian: 178164 cells
2026-03-23 13:27:24,143 - INFO -     Finding 1-nearest Eulerian neighbors for each droplet...
2026-03-23 13:27:24,236 - INFO -     ✓ Merged 12996 droplets with Eulerian values
2026-03-23 13:27:24,243 - INFO -   Loading timestep 14...
2026-03-23 13:27:24,439 - INFO -     Lagrangian: 13995 droplets
2026-03-23 13:27:24,439 - INFO -     Eulerian: 178164 cells
2026-03-23 13:27:24,440 - INFO -     Finding 1-nearest Eulerian neighbors for each droplet...
2026-03-23 13:27:24,542 - INFO -     ✓ Merged 13995 droplets with Eulerian values
2026-03-23 13:27:24,549 - INFO -   Loading timestep 15...
2026-03-23 13:27:24,737 - INFO -     Lagrangian: 14995 droplets
2026-03-23 13:27:24,737 - INFO -     Eulerian: 178164 cells
2026-03-23 13:27:24,738 - INFO -     Finding 1-nearest Eulerian neighbors for each droplet...
2026-03-23 13:27:24,836 - INFO -     ✓ Merged 14995 droplets with Eulerian values
2026-03-23 13:27:24,842 - INFO -   Loading timestep 16...
2026-03-23 13:27:25,035 - INFO -     Lagrangian: 15993 droplets
2026-03-23 13:27:25,035 - INFO -     Eulerian: 178164 cells
2026-03-23 13:27:25,037 - INFO -     Finding 1-nearest Eulerian neighbors for each droplet...
2026-03-23 13:27:25,136 - INFO -     ✓ Merged 15993 droplets with Eulerian values
2026-03-23 13:27:25,142 - INFO -   Loading timestep 17...
2026-03-23 13:27:25,334 - INFO -     Lagrangian: 16992 droplets
2026-03-23 13:27:25,334 - INFO -     Eulerian: 178164 cells
2026-03-23 13:27:25,335 - INFO -     Finding 1-nearest Eulerian neighbors for each droplet...
2026-03-23 13:27:25,446 - INFO -     ✓ Merged 16992 droplets with Eulerian values
2026-03-23 13:27:25,452 - INFO -   Loading timestep 18...
2026-03-23 13:27:25,641 - INFO -     Lagrangian: 17991 droplets
2026-03-23 13:27:25,641 - INFO -     Eulerian: 178164 cells
2026-03-23 13:27:25,642 - INFO -     Finding 1-nearest Eulerian neighbors for each droplet...
2026-03-23 13:27:25,743 - INFO -     ✓ Merged 17991 droplets with Eulerian values
2026-03-23 13:27:25,749 - INFO -   Loading timestep 19...
2026-03-23 13:27:25,948 - INFO -     Lagrangian: 18988 droplets
2026-03-23 13:27:25,948 - INFO -     Eulerian: 178164 cells
2026-03-23 13:27:25,950 - INFO -     Finding 1-nearest Eulerian neighbors for each droplet...
2026-03-23 13:27:26,052 - INFO -     ✓ Merged 18988 droplets with Eulerian values
2026-03-23 13:27:26,058 - INFO -   Loading timestep 20...
2026-03-23 13:27:26,269 - INFO -     Lagrangian: 19986 droplets
2026-03-23 13:27:26,270 - INFO -     Eulerian: 178164 cells
2026-03-23 13:27:26,271 - INFO -     Finding 1-nearest Eulerian neighbors for each droplet...
2026-03-23 13:27:26,383 - INFO -     ✓ Merged 19986 droplets with Eulerian values
2026-03-23 13:27:26,389 - INFO -   Loading timestep 21...
2026-03-23 13:27:26,598 - INFO -     Lagrangian: 20979 droplets
2026-03-23 13:27:26,598 - INFO -     Eulerian: 178164 cells
2026-03-23 13:27:26,599 - INFO -     Finding 1-nearest Eulerian neighbors for each droplet...
2026-03-23 13:27:26,708 - INFO -     ✓ Merged 20979 droplets with Eulerian values
2026-03-23 13:27:26,714 - INFO -   Loading timestep 22...
2026-03-23 13:27:26,918 - INFO -     Lagrangian: 21974 droplets
2026-03-23 13:27:26,919 - INFO -     Eulerian: 178164 cells
2026-03-23 13:27:26,920 - INFO -     Finding 1-nearest Eulerian neighbors for each droplet...
2026-03-23 13:27:27,030 - INFO -     ✓ Merged 21974 droplets with Eulerian values
2026-03-23 13:27:27,036 - INFO -   Loading timestep 23...
2026-03-23 13:27:27,263 - INFO -     Lagrangian: 22965 droplets
2026-03-23 13:27:27,263 - INFO -     Eulerian: 178164 cells
2026-03-23 13:27:27,265 - INFO -     Finding 1-nearest Eulerian neighbors for each droplet...
2026-03-23 13:27:27,378 - INFO -     ✓ Merged 22965 droplets with Eulerian values
2026-03-23 13:27:27,384 - INFO -   Loading timestep 24...
2026-03-23 13:27:27,594 - INFO -     Lagrangian: 23958 droplets
2026-03-23 13:27:27,595 - INFO -     Eulerian: 178164 cells
2026-03-23 13:27:27,596 - INFO -     Finding 1-nearest Eulerian neighbors for each droplet...
2026-03-23 13:27:27,713 - INFO -     ✓ Merged 23958 droplets with Eulerian values
2026-03-23 13:27:27,718 - INFO -   Loading timestep 25...
2026-03-23 13:27:27,928 - INFO -     Lagrangian: 24948 droplets
2026-03-23 13:27:27,928 - INFO -     Eulerian: 178164 cells
2026-03-23 13:27:27,930 - INFO -     Finding 1-nearest Eulerian neighbors for each droplet...
2026-03-23 13:27:28,052 - INFO -     ✓ Merged 24948 droplets with Eulerian values
2026-03-23 13:27:28,058 - INFO -   Loading timestep 26...
2026-03-23 13:27:28,291 - INFO -     Lagrangian: 24930 droplets
2026-03-23 13:27:28,291 - INFO -     Eulerian: 178164 cells
2026-03-23 13:27:28,293 - INFO -     Finding 1-nearest Eulerian neighbors for each droplet...
2026-03-23 13:27:28,426 - INFO -     ✓ Merged 24930 droplets with Eulerian values
2026-03-23 13:27:28,434 - INFO -   Loading timestep 27...
2026-03-23 13:27:28,667 - INFO -     Lagrangian: 24918 droplets
2026-03-23 13:27:28,667 - INFO -     Eulerian: 178164 cells
2026-03-23 13:27:28,669 - INFO -     Finding 1-nearest Eulerian neighbors for each droplet...
2026-03-23 13:27:28,794 - INFO -     ✓ Merged 24918 droplets with Eulerian values
2026-03-23 13:27:28,801 - INFO -   Loading timestep 28...
2026-03-23 13:27:29,035 - INFO -     Lagrangian: 24902 droplets
2026-03-23 13:27:29,035 - INFO -     Eulerian: 178164 cells
2026-03-23 13:27:29,037 - INFO -     Finding 1-nearest Eulerian neighbors for each droplet...
2026-03-23 13:27:29,160 - INFO -     ✓ Merged 24902 droplets with Eulerian values
2026-03-23 13:27:29,167 - INFO -   Loading timestep 29...
2026-03-23 13:27:29,417 - INFO -     Lagrangian: 24889 droplets
2026-03-23 13:27:29,417 - INFO -     Eulerian: 178164 cells
2026-03-23 13:27:29,419 - INFO -     Finding 1-nearest Eulerian neighbors for each droplet...
2026-03-23 13:27:29,545 - INFO -     ✓ Merged 24889 droplets with Eulerian values
2026-03-23 13:27:29,552 - INFO -   Loading timestep 30...
2026-03-23 13:27:29,791 - INFO -     Lagrangian: 24876 droplets
2026-03-23 13:27:29,791 - INFO -     Eulerian: 178164 cells
2026-03-23 13:27:29,792 - INFO -     Finding 1-nearest Eulerian neighbors for each droplet...
2026-03-23 13:27:29,927 - INFO -     ✓ Merged 24876 droplets with Eulerian values
2026-03-23 13:27:29,995 - INFO -   Batch loaded: 449,271 droplet records
2026-03-23 13:27:29,995 - INFO -   Creating paired data...
2026-03-23 13:27:29,995 - INFO - 
Creating paired timestep data...
2026-03-23 13:27:30,348 - INFO -   Total droplet records: 449,271
2026-03-23 13:27:30,348 - INFO -   Valid pairs (persistent): 424,271
2026-03-23 13:27:31,167 - INFO -   Created 424,271 paired samples
2026-03-23 13:27:31,174 - INFO -   Created 424,271 paired samples
2026-03-23 13:27:31,174 - INFO -   Splitting by particle ID...
2026-03-23 13:27:31,175 - INFO -     Splitting by particle ID...
2026-03-23 13:27:31,247 - INFO -       Train: 340,372 samples from 20,000 particles
2026-03-23 13:27:31,247 - INFO -       Val:   41,765 samples from 2,500 particles
2026-03-23 13:27:31,247 - INFO -       Test:  42,134 samples from 2,500 particles
2026-03-23 13:27:31,247 - INFO -   Batch 1 complete: 340,372 train / 41,765 val / 42,134 test
2026-03-23 13:27:31,253 - INFO - 
[Batch 2/7] Processing timesteps 31-60...
2026-03-23 13:27:31,254 - INFO -   Loading timestep 31...
2026-03-23 13:27:31,419 - INFO -     Lagrangian: 24854 droplets
2026-03-23 13:27:31,420 - INFO -     Eulerian: 178164 cells
2026-03-23 13:27:31,421 - INFO -     Finding 1-nearest Eulerian neighbors for each droplet...
2026-03-23 13:27:31,538 - INFO -     ✓ Merged 24854 droplets with Eulerian values
2026-03-23 13:27:31,539 - INFO -   Loading timestep 32...
2026-03-23 13:27:31,704 - INFO -     Lagrangian: 24812 droplets
2026-03-23 13:27:31,704 - INFO -     Eulerian: 178164 cells
2026-03-23 13:27:31,705 - INFO -     Finding 1-nearest Eulerian neighbors for each droplet...
2026-03-23 13:27:31,821 - INFO -     ✓ Merged 24812 droplets with Eulerian values
2026-03-23 13:27:31,822 - INFO -   Loading timestep 33...
2026-03-23 13:27:31,988 - INFO -     Lagrangian: 24785 droplets
2026-03-23 13:27:31,988 - INFO -     Eulerian: 178164 cells
2026-03-23 13:27:31,989 - INFO -     Finding 1-nearest Eulerian neighbors for each droplet...
2026-03-23 13:27:32,107 - INFO -     ✓ Merged 24785 droplets with Eulerian values
2026-03-23 13:27:32,107 - INFO -   Loading timestep 34...
2026-03-23 13:27:32,274 - INFO -     Lagrangian: 24757 droplets
2026-03-23 13:27:32,274 - INFO -     Eulerian: 178164 cells
2026-03-23 13:27:32,276 - INFO -     Finding 1-nearest Eulerian neighbors for each droplet...
2026-03-23 13:27:32,391 - INFO -     ✓ Merged 24757 droplets with Eulerian values
2026-03-23 13:27:32,391 - INFO -   Loading timestep 35...
2026-03-23 13:27:32,563 - INFO -     Lagrangian: 24717 droplets
2026-03-23 13:27:32,563 - INFO -     Eulerian: 178164 cells
2026-03-23 13:27:32,565 - INFO -     Finding 1-nearest Eulerian neighbors for each droplet...
2026-03-23 13:27:32,682 - INFO -     ✓ Merged 24717 droplets with Eulerian values
2026-03-23 13:27:32,682 - INFO -   Loading timestep 36...
2026-03-23 13:27:32,850 - INFO -     Lagrangian: 24659 droplets
2026-03-23 13:27:32,850 - INFO -     Eulerian: 178164 cells
2026-03-23 13:27:32,852 - INFO -     Finding 1-nearest Eulerian neighbors for each droplet...
2026-03-23 13:27:32,971 - INFO -     ✓ Merged 24659 droplets with Eulerian values
2026-03-23 13:27:32,971 - INFO -   Loading timestep 37...
2026-03-23 13:27:33,148 - INFO -     Lagrangian: 24603 droplets
2026-03-23 13:27:33,148 - INFO -     Eulerian: 178164 cells
2026-03-23 13:27:33,150 - INFO -     Finding 1-nearest Eulerian neighbors for each droplet...
2026-03-23 13:27:33,273 - INFO -     ✓ Merged 24603 droplets with Eulerian values
2026-03-23 13:27:33,274 - INFO -   Loading timestep 38...
2026-03-23 13:27:33,446 - INFO -     Lagrangian: 24558 droplets
2026-03-23 13:27:33,447 - INFO -     Eulerian: 178164 cells
2026-03-23 13:27:33,448 - INFO -     Finding 1-nearest Eulerian neighbors for each droplet...
2026-03-23 13:27:33,565 - INFO -     ✓ Merged 24558 droplets with Eulerian values
2026-03-23 13:27:33,565 - INFO -   Loading timestep 39...
2026-03-23 13:27:33,738 - INFO -     Lagrangian: 24492 droplets
2026-03-23 13:27:33,738 - INFO -     Eulerian: 178164 cells
2026-03-23 13:27:33,740 - INFO -     Finding 1-nearest Eulerian neighbors for each droplet...
2026-03-23 13:27:33,860 - INFO -     ✓ Merged 24492 droplets with Eulerian values
2026-03-23 13:27:33,860 - INFO -   Loading timestep 40...
2026-03-23 13:27:34,041 - INFO -     Lagrangian: 24382 droplets
2026-03-23 13:27:34,042 - INFO -     Eulerian: 178164 cells
2026-03-23 13:27:34,043 - INFO -     Finding 1-nearest Eulerian neighbors for each droplet...
2026-03-23 13:27:34,168 - INFO -     ✓ Merged 24382 droplets with Eulerian values
2026-03-23 13:27:34,168 - INFO -   Loading timestep 41...
2026-03-23 13:27:34,355 - INFO -     Lagrangian: 24245 droplets
2026-03-23 13:27:34,355 - INFO -     Eulerian: 178164 cells
2026-03-23 13:27:34,357 - INFO -     Finding 1-nearest Eulerian neighbors for each droplet...
2026-03-23 13:27:34,481 - INFO -     ✓ Merged 24245 droplets with Eulerian values
2026-03-23 13:27:34,481 - INFO -   Loading timestep 42...
2026-03-23 13:27:34,679 - INFO -     Lagrangian: 24076 droplets
2026-03-23 13:27:34,679 - INFO -     Eulerian: 178164 cells
2026-03-23 13:27:34,680 - INFO -     Finding 1-nearest Eulerian neighbors for each droplet...
2026-03-23 13:27:34,811 - INFO -     ✓ Merged 24076 droplets with Eulerian values
2026-03-23 13:27:34,811 - INFO -   Loading timestep 43...
2026-03-23 13:27:34,981 - INFO -     Lagrangian: 23885 droplets
2026-03-23 13:27:34,981 - INFO -     Eulerian: 178164 cells
2026-03-23 13:27:34,983 - INFO -     Finding 1-nearest Eulerian neighbors for each droplet...
2026-03-23 13:27:35,122 - INFO -     ✓ Merged 23885 droplets with Eulerian values
2026-03-23 13:27:35,122 - INFO -   Loading timestep 44...
2026-03-23 13:27:35,336 - INFO -     Lagrangian: 23686 droplets
2026-03-23 13:27:35,336 - INFO -     Eulerian: 178164 cells
2026-03-23 13:27:35,338 - INFO -     Finding 1-nearest Eulerian neighbors for each droplet...
2026-03-23 13:27:35,470 - INFO -     ✓ Merged 23686 droplets with Eulerian values
2026-03-23 13:27:35,470 - INFO -   Loading timestep 45...
2026-03-23 13:27:35,693 - INFO -     Lagrangian: 23485 droplets
2026-03-23 13:27:35,693 - INFO -     Eulerian: 178164 cells
2026-03-23 13:27:35,695 - INFO -     Finding 1-nearest Eulerian neighbors for each droplet...
2026-03-23 13:27:35,845 - INFO -     ✓ Merged 23485 droplets with Eulerian values
2026-03-23 13:27:35,845 - INFO -   Loading timestep 46...
2026-03-23 13:27:36,053 - INFO -     Lagrangian: 23299 droplets
2026-03-23 13:27:36,053 - INFO -     Eulerian: 178164 cells
2026-03-23 13:27:36,055 - INFO -     Finding 1-nearest Eulerian neighbors for each droplet...
2026-03-23 13:27:36,199 - INFO -     ✓ Merged 23299 droplets with Eulerian values
2026-03-23 13:27:36,199 - INFO -   Loading timestep 47...
2026-03-23 13:27:36,410 - INFO -     Lagrangian: 23111 droplets
2026-03-23 13:27:36,410 - INFO -     Eulerian: 178164 cells
2026-03-23 13:27:36,412 - INFO -     Finding 1-nearest Eulerian neighbors for each droplet...
2026-03-23 13:27:36,548 - INFO -     ✓ Merged 23111 droplets with Eulerian values
2026-03-23 13:27:36,548 - INFO -   Loading timestep 48...
2026-03-23 13:27:36,747 - INFO -     Lagrangian: 22923 droplets
2026-03-23 13:27:36,747 - INFO -     Eulerian: 178164 cells
2026-03-23 13:27:36,749 - INFO -     Finding 1-nearest Eulerian neighbors for each droplet...
2026-03-23 13:27:36,875 - INFO -     ✓ Merged 22923 droplets with Eulerian values
2026-03-23 13:27:36,876 - INFO -   Loading timestep 49...
2026-03-23 13:27:37,064 - INFO -     Lagrangian: 22751 droplets
2026-03-23 13:27:37,064 - INFO -     Eulerian: 178164 cells
2026-03-23 13:27:37,065 - INFO -     Finding 1-nearest Eulerian neighbors for each droplet...
2026-03-23 13:27:37,175 - INFO -     ✓ Merged 22751 droplets with Eulerian values
2026-03-23 13:27:37,176 - INFO -   Loading timestep 50...
2026-03-23 13:27:37,314 - INFO -     Lagrangian: 22591 droplets
2026-03-23 13:27:37,314 - INFO -     Eulerian: 178164 cells
2026-03-23 13:27:37,316 - INFO -     Finding 1-nearest Eulerian neighbors for each droplet...
2026-03-23 13:27:37,432 - INFO -     ✓ Merged 22591 droplets with Eulerian values
2026-03-23 13:27:37,432 - INFO -   Loading timestep 51...
2026-03-23 13:27:37,571 - INFO -     Lagrangian: 22424 droplets
2026-03-23 13:27:37,571 - INFO -     Eulerian: 178164 cells
2026-03-23 13:27:37,572 - INFO -     Finding 1-nearest Eulerian neighbors for each droplet...
2026-03-23 13:27:37,682 - INFO -     ✓ Merged 22424 droplets with Eulerian values
2026-03-23 13:27:37,682 - INFO -   Loading timestep 52...
2026-03-23 13:27:37,822 - INFO -     Lagrangian: 22258 droplets
2026-03-23 13:27:37,822 - INFO -     Eulerian: 178164 cells
2026-03-23 13:27:37,823 - INFO -     Finding 1-nearest Eulerian neighbors for each droplet...
2026-03-23 13:27:37,933 - INFO -     ✓ Merged 22258 droplets with Eulerian values
2026-03-23 13:27:37,933 - INFO -   Loading timestep 53...
2026-03-23 13:27:38,068 - INFO -     Lagrangian: 22098 droplets
2026-03-23 13:27:38,069 - INFO -     Eulerian: 178164 cells
2026-03-23 13:27:38,070 - INFO -     Finding 1-nearest Eulerian neighbors for each droplet...
2026-03-23 13:27:38,178 - INFO -     ✓ Merged 22098 droplets with Eulerian values
2026-03-23 13:27:38,178 - INFO -   Loading timestep 54...
2026-03-23 13:27:38,315 - INFO -     Lagrangian: 21915 droplets
2026-03-23 13:27:38,315 - INFO -     Eulerian: 178164 cells
2026-03-23 13:27:38,316 - INFO -     Finding 1-nearest Eulerian neighbors for each droplet...
2026-03-23 13:27:38,424 - INFO -     ✓ Merged 21915 droplets with Eulerian values
2026-03-23 13:27:38,425 - INFO -   Loading timestep 55...
2026-03-23 13:27:38,556 - INFO -     Lagrangian: 21729 droplets
2026-03-23 13:27:38,556 - INFO -     Eulerian: 178164 cells
2026-03-23 13:27:38,558 - INFO -     Finding 1-nearest Eulerian neighbors for each droplet...
2026-03-23 13:27:38,666 - INFO -     ✓ Merged 21729 droplets with Eulerian values
2026-03-23 13:27:38,666 - INFO -   Loading timestep 56...
2026-03-23 13:27:38,829 - INFO -     Lagrangian: 21539 droplets
2026-03-23 13:27:38,829 - INFO -     Eulerian: 178164 cells
2026-03-23 13:27:38,831 - INFO -     Finding 1-nearest Eulerian neighbors for each droplet...
2026-03-23 13:27:38,941 - INFO -     ✓ Merged 21539 droplets with Eulerian values
2026-03-23 13:27:38,941 - INFO -   Loading timestep 57...
2026-03-23 13:27:39,108 - INFO -     Lagrangian: 21365 droplets
2026-03-23 13:27:39,108 - INFO -     Eulerian: 178164 cells
2026-03-23 13:27:39,110 - INFO -     Finding 1-nearest Eulerian neighbors for each droplet...
2026-03-23 13:27:39,218 - INFO -     ✓ Merged 21365 droplets with Eulerian values
2026-03-23 13:27:39,218 - INFO -   Loading timestep 58...
2026-03-23 13:27:39,387 - INFO -     Lagrangian: 21175 droplets
2026-03-23 13:27:39,388 - INFO -     Eulerian: 178164 cells
2026-03-23 13:27:39,389 - INFO -     Finding 1-nearest Eulerian neighbors for each droplet...
2026-03-23 13:27:39,498 - INFO -     ✓ Merged 21175 droplets with Eulerian values
2026-03-23 13:27:39,498 - INFO -   Loading timestep 59...
2026-03-23 13:27:39,673 - INFO -     Lagrangian: 20992 droplets
2026-03-23 13:27:39,673 - INFO -     Eulerian: 178164 cells
2026-03-23 13:27:39,674 - INFO -     Finding 1-nearest Eulerian neighbors for each droplet...
2026-03-23 13:27:39,781 - INFO -     ✓ Merged 20992 droplets with Eulerian values
2026-03-23 13:27:39,781 - INFO -   Loading timestep 60...
2026-03-23 13:27:39,990 - INFO -     Lagrangian: 20802 droplets
2026-03-23 13:27:39,991 - INFO -     Eulerian: 178164 cells
2026-03-23 13:27:39,994 - INFO -     Finding 1-nearest Eulerian neighbors for each droplet...
2026-03-23 13:27:40,188 - INFO -     ✓ Merged 20802 droplets with Eulerian values
2026-03-23 13:27:40,273 - INFO -   Batch loaded: 696,968 droplet records
2026-03-23 13:27:40,273 - INFO -   Creating paired data...
2026-03-23 13:27:40,273 - INFO - 
Creating paired timestep data...
