2026-03-23 14:42:09,782 - INFO - Log file: logs/preprocessing_20260323_144209.log
2026-03-23 14:42:09,782 - INFO - ================================================================================
2026-03-23 14:42:09,782 - INFO - RAW DATA TO TRAINING - COMPLETE PREPROCESSING
2026-03-23 14:42:09,782 - INFO - ================================================================================
2026-03-23 14:42:09,782 - INFO - Output directory: data_sample_injection
2026-03-23 14:42:09,782 - INFO - Log file: logs/preprocessing_20260323_144209.log
2026-03-23 14:42:09,782 - INFO - Scanning for available timestep files...
2026-03-23 14:42:09,785 - INFO -   Found 9 timesteps with both Lagrangian and Eulerian data
2026-03-23 14:42:09,785 - INFO -   Testing on timesteps: [21, 22, 23, 24, 25, 26, 27, 28, 29]
2026-03-23 14:42:09,785 - INFO - 
Processing 9 timesteps in 1 batches (size=30)...
2026-03-23 14:42:09,785 - INFO - 
[Batch 1/1] Processing timesteps 21-29...
2026-03-23 14:42:09,785 - INFO -   Loading timestep 21...
2026-03-23 14:42:10,295 - INFO -     Lagrangian: 20979 droplets
2026-03-23 14:42:10,295 - INFO -     Eulerian: 178164 cells
2026-03-23 14:42:10,298 - INFO -     Finding 1-nearest Eulerian neighbors for each droplet...
2026-03-23 14:42:10,423 - INFO -     ✓ Merged 20979 droplets with Eulerian values
2026-03-23 14:42:10,424 - INFO -   Loading timestep 22...
2026-03-23 14:42:10,723 - INFO -     Lagrangian: 21974 droplets
2026-03-23 14:42:10,723 - INFO -     Eulerian: 178164 cells
2026-03-23 14:42:10,724 - INFO -     Finding 1-nearest Eulerian neighbors for each droplet...
2026-03-23 14:42:10,854 - INFO -     ✓ Merged 21974 droplets with Eulerian values
2026-03-23 14:42:10,859 - INFO -   Loading timestep 23...
2026-03-23 14:42:11,094 - INFO -     Lagrangian: 22965 droplets
2026-03-23 14:42:11,094 - INFO -     Eulerian: 178164 cells
2026-03-23 14:42:11,096 - INFO -     Finding 1-nearest Eulerian neighbors for each droplet...
2026-03-23 14:42:11,235 - INFO -     ✓ Merged 22965 droplets with Eulerian values
2026-03-23 14:42:11,237 - INFO -   Loading timestep 24...
2026-03-23 14:42:11,777 - INFO -     Lagrangian: 23958 droplets
2026-03-23 14:42:11,777 - INFO -     Eulerian: 178164 cells
2026-03-23 14:42:11,779 - INFO -     Finding 1-nearest Eulerian neighbors for each droplet...
2026-03-23 14:42:11,910 - INFO -     ✓ Merged 23958 droplets with Eulerian values
2026-03-23 14:42:11,914 - INFO -   Loading timestep 25...
2026-03-23 14:42:12,261 - INFO -     Lagrangian: 24948 droplets
2026-03-23 14:42:12,261 - INFO -     Eulerian: 178164 cells
2026-03-23 14:42:12,263 - INFO -     Finding 1-nearest Eulerian neighbors for each droplet...
2026-03-23 14:42:12,404 - INFO -     ✓ Merged 24948 droplets with Eulerian values
2026-03-23 14:42:12,407 - INFO -   Loading timestep 26...
2026-03-23 14:42:12,703 - INFO -     Lagrangian: 24930 droplets
2026-03-23 14:42:12,704 - INFO -     Eulerian: 178164 cells
2026-03-23 14:42:12,705 - INFO -     Finding 1-nearest Eulerian neighbors for each droplet...
2026-03-23 14:42:12,842 - INFO -     ✓ Merged 24930 droplets with Eulerian values
2026-03-23 14:42:12,846 - INFO -   Loading timestep 27...
2026-03-23 14:42:13,299 - INFO -     Lagrangian: 24918 droplets
2026-03-23 14:42:13,299 - INFO -     Eulerian: 178164 cells
2026-03-23 14:42:13,301 - INFO -     Finding 1-nearest Eulerian neighbors for each droplet...
2026-03-23 14:42:13,453 - INFO -     ✓ Merged 24918 droplets with Eulerian values
2026-03-23 14:42:13,459 - INFO -   Loading timestep 28...
2026-03-23 14:42:13,861 - INFO -     Lagrangian: 24902 droplets
2026-03-23 14:42:13,861 - INFO -     Eulerian: 178164 cells
2026-03-23 14:42:13,862 - INFO -     Finding 1-nearest Eulerian neighbors for each droplet...
2026-03-23 14:42:13,981 - INFO -     ✓ Merged 24902 droplets with Eulerian values
2026-03-23 14:42:13,987 - INFO -   Loading timestep 29...
2026-03-23 14:42:14,653 - INFO -     Lagrangian: 24889 droplets
2026-03-23 14:42:14,653 - INFO -     Eulerian: 178164 cells
2026-03-23 14:42:14,654 - INFO -     Finding 1-nearest Eulerian neighbors for each droplet...
2026-03-23 14:42:14,771 - INFO -     ✓ Merged 24889 droplets with Eulerian values
2026-03-23 14:42:15,055 - INFO -   Batch loaded: 214,463 droplet records
2026-03-23 14:42:15,055 - INFO -   Creating paired data...
2026-03-23 14:42:15,055 - INFO - 
Creating paired timestep data...
2026-03-23 14:42:16,230 - INFO -   Total droplet records: 214,463
2026-03-23 14:42:16,230 - INFO -   Valid pairs (persistent): 189,484
2026-03-23 14:42:17,366 - INFO -   Created 189,484 paired samples
2026-03-23 14:42:17,367 - INFO -   Created 189,484 paired samples
2026-03-23 14:42:17,367 - INFO -   Splitting by particle ID...
2026-03-23 14:42:17,367 - INFO -     Splitting by particle ID...
2026-03-23 14:42:17,401 - INFO -       Train: 151,800 samples from 19,979 particles
2026-03-23 14:42:17,401 - INFO -       Val:   18,849 samples from 2,497 particles
2026-03-23 14:42:17,402 - INFO -       Test:  18,835 samples from 2,498 particles
2026-03-23 14:42:17,402 - INFO -   Batch 1 complete: 151,800 train / 18,849 val / 18,835 test
2026-03-23 14:42:17,414 - INFO - 
[Progress] Combining all batches...
2026-03-23 14:42:17,415 - INFO -   Combined train: 151,800 samples
2026-03-23 14:42:17,415 - INFO -   Combined val: 18,849 samples
2026-03-23 14:42:17,415 - INFO -   Combined test: 18,835 samples
2026-03-23 14:42:17,415 - INFO - 
[Progress] Normalizing all splits...
2026-03-23 14:42:17,415 - INFO -     Fitting scalers on combined training data (151,800 samples)...
2026-03-23 14:42:17,442 - INFO -     Creating normalized and absolute columns...
2026-03-23 14:42:17,518 - INFO -     ✓ All splits normalized
2026-03-23 14:42:17,519 - INFO - 
[Progress] Saving results...
2026-03-23 14:42:17,519 - INFO - 
Saving results to CSV files...
2026-03-23 14:42:17,519 - INFO -   Computing clustering absolute columns...
2026-03-23 14:42:17,562 - INFO -   Saving train (151,800 rows, 54 columns)...
2026-03-23 14:42:26,042 - INFO -     ✓ data_sample_injection/train_paired.csv
2026-03-23 14:42:26,042 - INFO -   Saving val (18,849 rows, 54 columns)...
2026-03-23 14:42:27,166 - INFO -     ✓ data_sample_injection/val_paired.csv
2026-03-23 14:42:27,167 - INFO -   Saving test (18,835 rows, 54 columns)...
2026-03-23 14:42:28,673 - INFO -     ✓ data_sample_injection/test_paired.csv
2026-03-23 14:42:28,673 - INFO -   Saving metadata...
2026-03-23 14:42:28,675 - INFO -     ✓ data_sample_injection/metadata.pkl
2026-03-23 14:42:28,675 - INFO - 
================================================================================
2026-03-23 14:42:28,675 - INFO - ✓ PREPROCESSING COMPLETE
2026-03-23 14:42:28,675 - INFO - ================================================================================
2026-03-23 14:42:28,675 - INFO - 
Dataset Summary:
2026-03-23 14:42:28,677 - INFO -   • Train: 151,800 samples from 19,979 particles
2026-03-23 14:42:28,677 - INFO -   • Val:   18,849 samples from 2,497 particles
2026-03-23 14:42:28,678 - INFO -   • Test:  18,835 samples from 2,498 particles
2026-03-23 14:42:28,678 - INFO -   • Total: 189,484 paired samples
2026-03-23 14:42:28,678 - INFO -   • Columns: 57 (including normalized + absolute + positions)
2026-03-23 14:42:28,678 - INFO - 
Output Files:
2026-03-23 14:42:28,678 - INFO -   • 📊 data_sample_injection/train_paired.csv
2026-03-23 14:42:28,678 - INFO -   • 📊 data_sample_injection/val_paired.csv
2026-03-23 14:42:28,678 - INFO -   • 📊 data_sample_injection/test_paired.csv
2026-03-23 14:42:28,678 - INFO -   • 📦 data_sample_injection/metadata.pkl
2026-03-23 14:42:28,678 - INFO - 
Log File:
2026-03-23 14:42:28,678 - INFO -   • 📝 logs/preprocessing_20260323_144209.log
2026-03-23 14:42:28,679 - INFO - ================================================================================
