2026-03-23 14:42:30,336 - INFO - Log file: logs/preprocessing_20260323_144230.log
2026-03-23 14:42:30,337 - INFO - ================================================================================
2026-03-23 14:42:30,337 - INFO - RAW DATA TO TRAINING - COMPLETE PREPROCESSING
2026-03-23 14:42:30,337 - INFO - ================================================================================
2026-03-23 14:42:30,337 - INFO - Output directory: data_sample_early
2026-03-23 14:42:30,337 - INFO - Log file: logs/preprocessing_20260323_144230.log
2026-03-23 14:42:30,337 - INFO - Scanning for available timestep files...
2026-03-23 14:42:30,340 - INFO -   Found 10 timesteps with both Lagrangian and Eulerian data
2026-03-23 14:42:30,340 - INFO -   Testing on timesteps: [1, 2, 3, 4, 5, 6, 7, 8, 9, 10]
2026-03-23 14:42:30,340 - INFO - 
Processing 10 timesteps in 1 batches (size=30)...
2026-03-23 14:42:30,340 - INFO - 
[Batch 1/1] Processing timesteps 1-10...
2026-03-23 14:42:30,341 - INFO -   Loading timestep 1...
2026-03-23 14:42:30,760 - INFO -     Lagrangian: 1000 droplets
2026-03-23 14:42:30,761 - INFO -     Eulerian: 178164 cells
2026-03-23 14:42:30,764 - INFO -     Finding 1-nearest Eulerian neighbors for each droplet...
2026-03-23 14:42:30,882 - INFO -     ✓ Merged 1000 droplets with Eulerian values
2026-03-23 14:42:30,883 - INFO -   Loading timestep 2...
2026-03-23 14:42:31,283 - INFO -     Lagrangian: 2000 droplets
2026-03-23 14:42:31,283 - INFO -     Eulerian: 178164 cells
2026-03-23 14:42:31,284 - INFO -     Finding 1-nearest Eulerian neighbors for each droplet...
2026-03-23 14:42:31,384 - INFO -     ✓ Merged 2000 droplets with Eulerian values
2026-03-23 14:42:31,388 - INFO -   Loading timestep 3...
2026-03-23 14:42:31,673 - INFO -     Lagrangian: 3000 droplets
2026-03-23 14:42:31,673 - INFO -     Eulerian: 178164 cells
2026-03-23 14:42:31,675 - INFO -     Finding 1-nearest Eulerian neighbors for each droplet...
2026-03-23 14:42:31,770 - INFO -     ✓ Merged 3000 droplets with Eulerian values
2026-03-23 14:42:31,775 - INFO -   Loading timestep 4...
2026-03-23 14:42:32,037 - INFO -     Lagrangian: 4000 droplets
2026-03-23 14:42:32,038 - INFO -     Eulerian: 178164 cells
2026-03-23 14:42:32,040 - INFO -     Finding 1-nearest Eulerian neighbors for each droplet...
2026-03-23 14:42:32,137 - INFO -     ✓ Merged 4000 droplets with Eulerian values
2026-03-23 14:42:32,140 - INFO -   Loading timestep 5...
2026-03-23 14:42:32,420 - INFO -     Lagrangian: 5000 droplets
2026-03-23 14:42:32,420 - INFO -     Eulerian: 178164 cells
2026-03-23 14:42:32,423 - INFO -     Finding 1-nearest Eulerian neighbors for each droplet...
2026-03-23 14:42:32,521 - INFO -     ✓ Merged 5000 droplets with Eulerian values
2026-03-23 14:42:32,524 - INFO -   Loading timestep 6...
2026-03-23 14:42:32,804 - INFO -     Lagrangian: 6000 droplets
2026-03-23 14:42:32,805 - INFO -     Eulerian: 178164 cells
2026-03-23 14:42:32,806 - INFO -     Finding 1-nearest Eulerian neighbors for each droplet...
2026-03-23 14:42:32,895 - INFO -     ✓ Merged 6000 droplets with Eulerian values
2026-03-23 14:42:32,898 - INFO -   Loading timestep 7...
2026-03-23 14:42:33,191 - INFO -     Lagrangian: 7000 droplets
2026-03-23 14:42:33,191 - INFO -     Eulerian: 178164 cells
2026-03-23 14:42:33,193 - INFO -     Finding 1-nearest Eulerian neighbors for each droplet...
2026-03-23 14:42:33,290 - INFO -     ✓ Merged 7000 droplets with Eulerian values
2026-03-23 14:42:33,295 - INFO -   Loading timestep 8...
2026-03-23 14:42:33,709 - INFO -     Lagrangian: 8000 droplets
2026-03-23 14:42:33,709 - INFO -     Eulerian: 178164 cells
2026-03-23 14:42:33,711 - INFO -     Finding 1-nearest Eulerian neighbors for each droplet...
2026-03-23 14:42:33,838 - INFO -     ✓ Merged 8000 droplets with Eulerian values
2026-03-23 14:42:33,843 - INFO -   Loading timestep 9...
2026-03-23 14:42:34,279 - INFO -     Lagrangian: 9000 droplets
2026-03-23 14:42:34,280 - INFO -     Eulerian: 178164 cells
2026-03-23 14:42:34,281 - INFO -     Finding 1-nearest Eulerian neighbors for each droplet...
2026-03-23 14:42:34,398 - INFO -     ✓ Merged 9000 droplets with Eulerian values
2026-03-23 14:42:34,402 - INFO -   Loading timestep 10...
2026-03-23 14:42:34,713 - INFO -     Lagrangian: 10000 droplets
2026-03-23 14:42:34,713 - INFO -     Eulerian: 178164 cells
2026-03-23 14:42:34,716 - INFO -     Finding 1-nearest Eulerian neighbors for each droplet...
2026-03-23 14:42:34,842 - INFO -     ✓ Merged 10000 droplets with Eulerian values
2026-03-23 14:42:34,856 - INFO -   Batch loaded: 55,000 droplet records
2026-03-23 14:42:34,857 - INFO -   Creating paired data...
2026-03-23 14:42:34,857 - INFO - 
Creating paired timestep data...
2026-03-23 14:42:34,881 - INFO -   Total droplet records: 55,000
2026-03-23 14:42:34,881 - INFO -   Valid pairs (persistent): 45,000
2026-03-23 14:42:35,583 - INFO -   Created 45,000 paired samples
2026-03-23 14:42:35,583 - INFO -   Created 45,000 paired samples
2026-03-23 14:42:35,584 - INFO -   Splitting by particle ID...
2026-03-23 14:42:35,584 - INFO -     Splitting by particle ID...
2026-03-23 14:42:35,597 - INFO -       Train: 36,028 samples from 7,200 particles
2026-03-23 14:42:35,597 - INFO -       Val:   4,583 samples from 900 particles
2026-03-23 14:42:35,597 - INFO -       Test:  4,389 samples from 900 particles
2026-03-23 14:42:35,597 - INFO -   Batch 1 complete: 36,028 train / 4,583 val / 4,389 test
2026-03-23 14:42:35,611 - INFO - 
[Progress] Combining all batches...
2026-03-23 14:42:35,612 - INFO -   Combined train: 36,028 samples
2026-03-23 14:42:35,612 - INFO -   Combined val: 4,583 samples
2026-03-23 14:42:35,612 - INFO -   Combined test: 4,389 samples
2026-03-23 14:42:35,612 - INFO - 
[Progress] Normalizing all splits...
2026-03-23 14:42:35,612 - INFO -     Fitting scalers on combined training data (36,028 samples)...
2026-03-23 14:42:35,622 - INFO -     Creating normalized and absolute columns...
2026-03-23 14:42:35,660 - INFO -     ✓ All splits normalized
2026-03-23 14:42:35,660 - INFO - 
[Progress] Saving results...
2026-03-23 14:42:35,660 - INFO - 
Saving results to CSV files...
2026-03-23 14:42:35,660 - INFO -   Computing clustering absolute columns...
2026-03-23 14:42:35,684 - INFO -   Saving train (36,028 rows, 54 columns)...
2026-03-23 14:42:37,725 - INFO -     ✓ data_sample_early/train_paired.csv
2026-03-23 14:42:37,725 - INFO -   Saving val (4,583 rows, 54 columns)...
2026-03-23 14:42:37,984 - INFO -     ✓ data_sample_early/val_paired.csv
2026-03-23 14:42:37,984 - INFO -   Saving test (4,389 rows, 54 columns)...
2026-03-23 14:42:38,192 - INFO -     ✓ data_sample_early/test_paired.csv
2026-03-23 14:42:38,192 - INFO -   Saving metadata...
2026-03-23 14:42:38,195 - INFO -     ✓ data_sample_early/metadata.pkl
2026-03-23 14:42:38,195 - INFO - 
================================================================================
2026-03-23 14:42:38,195 - INFO - ✓ PREPROCESSING COMPLETE
2026-03-23 14:42:38,196 - INFO - ================================================================================
2026-03-23 14:42:38,196 - INFO - 
Dataset Summary:
2026-03-23 14:42:38,196 - INFO -   • Train: 36,028 samples from 7,200 particles
2026-03-23 14:42:38,197 - INFO -   • Val:   4,583 samples from 900 particles
2026-03-23 14:42:38,197 - INFO -   • Test:  4,389 samples from 900 particles
2026-03-23 14:42:38,197 - INFO -   • Total: 45,000 paired samples
2026-03-23 14:42:38,197 - INFO -   • Columns: 57 (including normalized + absolute + positions)
2026-03-23 14:42:38,197 - INFO - 
Output Files:
2026-03-23 14:42:38,197 - INFO -   • 📊 data_sample_early/train_paired.csv
2026-03-23 14:42:38,197 - INFO -   • 📊 data_sample_early/val_paired.csv
2026-03-23 14:42:38,197 - INFO -   • 📊 data_sample_early/test_paired.csv
2026-03-23 14:42:38,197 - INFO -   • 📦 data_sample_early/metadata.pkl
2026-03-23 14:42:38,197 - INFO - 
Log File:
2026-03-23 14:42:38,198 - INFO -   • 📝 logs/preprocessing_20260323_144230.log
2026-03-23 14:42:38,198 - INFO - ================================================================================
