2026-03-23 13:26:12,045 - INFO - Log file: logs/preprocessing_20260323_132612.log
2026-03-23 13:26:12,046 - INFO - ================================================================================
2026-03-23 13:26:12,046 - INFO - RAW DATA TO TRAINING - COMPLETE PREPROCESSING
2026-03-23 13:26:12,046 - INFO - ================================================================================
2026-03-23 13:26:12,046 - INFO - Output directory: data_test
2026-03-23 13:26:12,046 - INFO - Log file: logs/preprocessing_20260323_132612.log
2026-03-23 13:26:12,046 - INFO - Scanning for available timestep files...
2026-03-23 13:26:12,049 - INFO -   Found 6 timesteps with both Lagrangian and Eulerian data
2026-03-23 13:26:12,049 - INFO -   Testing on timesteps: [50, 51, 52, 53, 54, 55]
2026-03-23 13:26:12,049 - INFO - 
Processing 6 timesteps in 1 batches (size=30)...
2026-03-23 13:26:12,049 - INFO - 
[Batch 1/1] Processing timesteps 50-55...
2026-03-23 13:26:12,049 - INFO -   Loading timestep 50...
2026-03-23 13:26:12,326 - INFO -     Lagrangian: 22591 droplets
2026-03-23 13:26:12,326 - INFO -     Eulerian: 178164 cells
2026-03-23 13:26:12,329 - INFO -     Finding 1-nearest Eulerian neighbors for each droplet...
2026-03-23 13:26:12,447 - INFO -     ✓ Merged 22591 droplets with Eulerian values
2026-03-23 13:26:12,448 - INFO -   Loading timestep 51...
2026-03-23 13:26:12,653 - INFO -     Lagrangian: 22424 droplets
2026-03-23 13:26:12,654 - INFO -     Eulerian: 178164 cells
2026-03-23 13:26:12,655 - INFO -     Finding 1-nearest Eulerian neighbors for each droplet...
2026-03-23 13:26:12,767 - INFO -     ✓ Merged 22424 droplets with Eulerian values
2026-03-23 13:26:12,774 - INFO -   Loading timestep 52...
2026-03-23 13:26:13,039 - INFO -     Lagrangian: 22258 droplets
2026-03-23 13:26:13,039 - INFO -     Eulerian: 178164 cells
2026-03-23 13:26:13,041 - INFO -     Finding 1-nearest Eulerian neighbors for each droplet...
2026-03-23 13:26:13,168 - INFO -     ✓ Merged 22258 droplets with Eulerian values
2026-03-23 13:26:13,174 - INFO -   Loading timestep 53...
2026-03-23 13:26:13,396 - INFO -     Lagrangian: 22098 droplets
2026-03-23 13:26:13,396 - INFO -     Eulerian: 178164 cells
2026-03-23 13:26:13,397 - INFO -     Finding 1-nearest Eulerian neighbors for each droplet...
2026-03-23 13:26:13,510 - INFO -     ✓ Merged 22098 droplets with Eulerian values
2026-03-23 13:26:13,517 - INFO -   Loading timestep 54...
2026-03-23 13:26:13,735 - INFO -     Lagrangian: 21915 droplets
2026-03-23 13:26:13,735 - INFO -     Eulerian: 178164 cells
2026-03-23 13:26:13,737 - INFO -     Finding 1-nearest Eulerian neighbors for each droplet...
2026-03-23 13:26:13,851 - INFO -     ✓ Merged 21915 droplets with Eulerian values
2026-03-23 13:26:13,858 - INFO -   Loading timestep 55...
2026-03-23 13:26:14,097 - INFO -     Lagrangian: 21729 droplets
2026-03-23 13:26:14,097 - INFO -     Eulerian: 178164 cells
2026-03-23 13:26:14,099 - INFO -     Finding 1-nearest Eulerian neighbors for each droplet...
2026-03-23 13:26:14,213 - INFO -     ✓ Merged 21729 droplets with Eulerian values
2026-03-23 13:26:14,235 - INFO -   Batch loaded: 133,015 droplet records
2026-03-23 13:26:14,235 - INFO -   Creating paired data...
2026-03-23 13:26:14,235 - INFO - 
Creating paired timestep data...
2026-03-23 13:26:14,332 - INFO -   Total droplet records: 133,015
2026-03-23 13:26:14,332 - INFO -   Valid pairs (persistent): 110,424
2026-03-23 13:26:14,655 - INFO -   Created 110,424 paired samples
2026-03-23 13:26:14,656 - INFO -   Created 110,424 paired samples
2026-03-23 13:26:14,656 - INFO -   Splitting by particle ID...
2026-03-23 13:26:14,656 - INFO -     Splitting by particle ID...
2026-03-23 13:26:14,673 - INFO -       Train: 88,325 samples from 17,939 particles
2026-03-23 13:26:14,673 - INFO -       Val:   11,042 samples from 2,242 particles
2026-03-23 13:26:14,673 - INFO -       Test:  11,057 samples from 2,243 particles
2026-03-23 13:26:14,673 - INFO -   Batch 1 complete: 88,325 train / 11,042 val / 11,057 test
2026-03-23 13:26:14,679 - INFO - 
[Progress] Combining all batches...
2026-03-23 13:26:14,680 - INFO -   Combined train: 88,325 samples
2026-03-23 13:26:14,680 - INFO -   Combined val: 11,042 samples
2026-03-23 13:26:14,680 - INFO -   Combined test: 11,057 samples
2026-03-23 13:26:14,681 - INFO - 
[Progress] Normalizing all splits...
2026-03-23 13:26:14,681 - INFO -     Fitting scalers on combined training data (88,325 samples)...
