2026-03-23 16:25:51,528 - INFO - Log file: logs/preprocessing_20260323_162551.log
2026-03-23 16:25:51,528 - INFO - ================================================================================
2026-03-23 16:25:51,528 - INFO - RAW DATA TO TRAINING - COMPLETE PREPROCESSING
2026-03-23 16:25:51,528 - INFO - ================================================================================
2026-03-23 16:25:51,528 - INFO - Output directory: data
2026-03-23 16:25:51,528 - INFO - Log file: logs/preprocessing_20260323_162551.log
2026-03-23 16:25:51,529 - INFO - Scanning for available timestep files...
2026-03-23 16:25:51,531 - INFO -   Found 200 timesteps with both Lagrangian and Eulerian data
2026-03-23 16:25:51,531 - INFO - 
Processing 200 timesteps in 7 batches (size=30)...
2026-03-23 16:25:51,531 - INFO - 
[Batch 1/7] Processing timesteps 1-30...
2026-03-23 16:25:51,531 - INFO -   Loading timestep 1...
2026-03-23 16:25:51,761 - INFO -     Lagrangian: 1000 droplets
2026-03-23 16:25:51,762 - INFO -     Eulerian: 178164 cells
2026-03-23 16:25:51,768 - INFO -     Finding 1-nearest Eulerian neighbors for each droplet...
2026-03-23 16:25:51,846 - INFO -     ✓ Merged 1000 droplets with Eulerian values
2026-03-23 16:25:51,847 - INFO -   Loading timestep 2...
2026-03-23 16:25:52,027 - INFO -     Lagrangian: 2000 droplets
2026-03-23 16:25:52,027 - INFO -     Eulerian: 178164 cells
2026-03-23 16:25:52,028 - INFO -     Finding 1-nearest Eulerian neighbors for each droplet...
2026-03-23 16:25:52,104 - INFO -     ✓ Merged 2000 droplets with Eulerian values
2026-03-23 16:25:52,107 - INFO -   Loading timestep 3...
2026-03-23 16:25:52,271 - INFO -     Lagrangian: 3000 droplets
2026-03-23 16:25:52,271 - INFO -     Eulerian: 178164 cells
2026-03-23 16:25:52,272 - INFO -     Finding 1-nearest Eulerian neighbors for each droplet...
2026-03-23 16:25:52,349 - INFO -     ✓ Merged 3000 droplets with Eulerian values
2026-03-23 16:25:52,353 - INFO -   Loading timestep 4...
2026-03-23 16:25:52,531 - INFO -     Lagrangian: 4000 droplets
2026-03-23 16:25:52,531 - INFO -     Eulerian: 178164 cells
2026-03-23 16:25:52,532 - INFO -     Finding 1-nearest Eulerian neighbors for each droplet...
2026-03-23 16:25:52,610 - INFO -     ✓ Merged 4000 droplets with Eulerian values
2026-03-23 16:25:52,613 - INFO -   Loading timestep 5...
2026-03-23 16:25:52,789 - INFO -     Lagrangian: 5000 droplets
2026-03-23 16:25:52,790 - INFO -     Eulerian: 178164 cells
2026-03-23 16:25:52,791 - INFO -     Finding 1-nearest Eulerian neighbors for each droplet...
2026-03-23 16:25:52,881 - INFO -     ✓ Merged 5000 droplets with Eulerian values
2026-03-23 16:25:52,883 - INFO -   Loading timestep 6...
2026-03-23 16:25:53,058 - INFO -     Lagrangian: 6000 droplets
2026-03-23 16:25:53,059 - INFO -     Eulerian: 178164 cells
2026-03-23 16:25:53,060 - INFO -     Finding 1-nearest Eulerian neighbors for each droplet...
2026-03-23 16:25:53,153 - INFO -     ✓ Merged 6000 droplets with Eulerian values
2026-03-23 16:25:53,155 - INFO -   Loading timestep 7...
2026-03-23 16:25:53,365 - INFO -     Lagrangian: 7000 droplets
2026-03-23 16:25:53,365 - INFO -     Eulerian: 178164 cells
2026-03-23 16:25:53,367 - INFO -     Finding 1-nearest Eulerian neighbors for each droplet...
2026-03-23 16:25:53,464 - INFO -     ✓ Merged 7000 droplets with Eulerian values
2026-03-23 16:25:53,467 - INFO -   Loading timestep 8...
2026-03-23 16:25:53,653 - INFO -     Lagrangian: 8000 droplets
2026-03-23 16:25:53,653 - INFO -     Eulerian: 178164 cells
2026-03-23 16:25:53,655 - INFO -     Finding 1-nearest Eulerian neighbors for each droplet...
2026-03-23 16:25:53,749 - INFO -     ✓ Merged 8000 droplets with Eulerian values
2026-03-23 16:25:53,752 - INFO -   Loading timestep 9...
2026-03-23 16:25:53,946 - INFO -     Lagrangian: 9000 droplets
2026-03-23 16:25:53,946 - INFO -     Eulerian: 178164 cells
2026-03-23 16:25:53,947 - INFO -     Finding 1-nearest Eulerian neighbors for each droplet...
2026-03-23 16:25:54,042 - INFO -     ✓ Merged 9000 droplets with Eulerian values
2026-03-23 16:25:54,046 - INFO -   Loading timestep 10...
2026-03-23 16:25:54,258 - INFO -     Lagrangian: 10000 droplets
2026-03-23 16:25:54,258 - INFO -     Eulerian: 178164 cells
2026-03-23 16:25:54,260 - INFO -     Finding 1-nearest Eulerian neighbors for each droplet...
2026-03-23 16:25:54,350 - INFO -     ✓ Merged 10000 droplets with Eulerian values
2026-03-23 16:25:54,353 - INFO -   Loading timestep 11...
2026-03-23 16:25:54,557 - INFO -     Lagrangian: 10999 droplets
2026-03-23 16:25:54,557 - INFO -     Eulerian: 178164 cells
2026-03-23 16:25:54,558 - INFO -     Finding 1-nearest Eulerian neighbors for each droplet...
2026-03-23 16:25:54,657 - INFO -     ✓ Merged 10999 droplets with Eulerian values
2026-03-23 16:25:54,661 - INFO -   Loading timestep 12...
2026-03-23 16:25:54,870 - INFO -     Lagrangian: 11997 droplets
2026-03-23 16:25:54,871 - INFO -     Eulerian: 178164 cells
2026-03-23 16:25:54,872 - INFO -     Finding 1-nearest Eulerian neighbors for each droplet...
2026-03-23 16:25:54,963 - INFO -     ✓ Merged 11997 droplets with Eulerian values
2026-03-23 16:25:54,966 - INFO -   Loading timestep 13...
2026-03-23 16:25:55,170 - INFO -     Lagrangian: 12996 droplets
2026-03-23 16:25:55,170 - INFO -     Eulerian: 178164 cells
2026-03-23 16:25:55,171 - INFO -     Finding 1-nearest Eulerian neighbors for each droplet...
2026-03-23 16:25:55,265 - INFO -     ✓ Merged 12996 droplets with Eulerian values
2026-03-23 16:25:55,269 - INFO -   Loading timestep 14...
2026-03-23 16:25:55,480 - INFO -     Lagrangian: 13995 droplets
2026-03-23 16:25:55,480 - INFO -     Eulerian: 178164 cells
2026-03-23 16:25:55,482 - INFO -     Finding 1-nearest Eulerian neighbors for each droplet...
2026-03-23 16:25:55,579 - INFO -     ✓ Merged 13995 droplets with Eulerian values
2026-03-23 16:25:55,584 - INFO -   Loading timestep 15...
2026-03-23 16:25:55,806 - INFO -     Lagrangian: 14995 droplets
2026-03-23 16:25:55,806 - INFO -     Eulerian: 178164 cells
2026-03-23 16:25:55,808 - INFO -     Finding 1-nearest Eulerian neighbors for each droplet...
2026-03-23 16:25:55,914 - INFO -     ✓ Merged 14995 droplets with Eulerian values
2026-03-23 16:25:55,919 - INFO -   Loading timestep 16...
2026-03-23 16:25:56,126 - INFO -     Lagrangian: 15993 droplets
2026-03-23 16:25:56,126 - INFO -     Eulerian: 178164 cells
2026-03-23 16:25:56,128 - INFO -     Finding 1-nearest Eulerian neighbors for each droplet...
2026-03-23 16:25:56,226 - INFO -     ✓ Merged 15993 droplets with Eulerian values
2026-03-23 16:25:56,232 - INFO -   Loading timestep 17...
2026-03-23 16:25:56,448 - INFO -     Lagrangian: 16992 droplets
2026-03-23 16:25:56,448 - INFO -     Eulerian: 178164 cells
2026-03-23 16:25:56,450 - INFO -     Finding 1-nearest Eulerian neighbors for each droplet...
2026-03-23 16:25:56,551 - INFO -     ✓ Merged 16992 droplets with Eulerian values
2026-03-23 16:25:56,557 - INFO -   Loading timestep 18...
2026-03-23 16:25:56,772 - INFO -     Lagrangian: 17991 droplets
2026-03-23 16:25:56,773 - INFO -     Eulerian: 178164 cells
2026-03-23 16:25:56,774 - INFO -     Finding 1-nearest Eulerian neighbors for each droplet...
2026-03-23 16:25:56,877 - INFO -     ✓ Merged 17991 droplets with Eulerian values
2026-03-23 16:25:56,883 - INFO -   Loading timestep 19...
2026-03-23 16:25:57,107 - INFO -     Lagrangian: 18988 droplets
2026-03-23 16:25:57,107 - INFO -     Eulerian: 178164 cells
2026-03-23 16:25:57,109 - INFO -     Finding 1-nearest Eulerian neighbors for each droplet...
2026-03-23 16:25:57,217 - INFO -     ✓ Merged 18988 droplets with Eulerian values
2026-03-23 16:25:57,223 - INFO -   Loading timestep 20...
2026-03-23 16:25:57,442 - INFO -     Lagrangian: 19986 droplets
2026-03-23 16:25:57,442 - INFO -     Eulerian: 178164 cells
2026-03-23 16:25:57,443 - INFO -     Finding 1-nearest Eulerian neighbors for each droplet...
2026-03-23 16:25:57,548 - INFO -     ✓ Merged 19986 droplets with Eulerian values
2026-03-23 16:25:57,554 - INFO -   Loading timestep 21...
2026-03-23 16:25:57,771 - INFO -     Lagrangian: 20979 droplets
2026-03-23 16:25:57,771 - INFO -     Eulerian: 178164 cells
2026-03-23 16:25:57,772 - INFO -     Finding 1-nearest Eulerian neighbors for each droplet...
2026-03-23 16:25:57,881 - INFO -     ✓ Merged 20979 droplets with Eulerian values
2026-03-23 16:25:57,887 - INFO -   Loading timestep 22...
2026-03-23 16:25:58,149 - INFO -     Lagrangian: 21974 droplets
2026-03-23 16:25:58,149 - INFO -     Eulerian: 178164 cells
2026-03-23 16:25:58,150 - INFO -     Finding 1-nearest Eulerian neighbors for each droplet...
2026-03-23 16:25:58,268 - INFO -     ✓ Merged 21974 droplets with Eulerian values
2026-03-23 16:25:58,274 - INFO -   Loading timestep 23...
2026-03-23 16:25:58,510 - INFO -     Lagrangian: 22965 droplets
2026-03-23 16:25:58,510 - INFO -     Eulerian: 178164 cells
2026-03-23 16:25:58,512 - INFO -     Finding 1-nearest Eulerian neighbors for each droplet...
2026-03-23 16:25:58,625 - INFO -     ✓ Merged 22965 droplets with Eulerian values
2026-03-23 16:25:58,632 - INFO -   Loading timestep 24...
2026-03-23 16:25:58,868 - INFO -     Lagrangian: 23958 droplets
2026-03-23 16:25:58,868 - INFO -     Eulerian: 178164 cells
2026-03-23 16:25:58,870 - INFO -     Finding 1-nearest Eulerian neighbors for each droplet...
2026-03-23 16:25:58,987 - INFO -     ✓ Merged 23958 droplets with Eulerian values
2026-03-23 16:25:58,993 - INFO -   Loading timestep 25...
2026-03-23 16:25:59,224 - INFO -     Lagrangian: 24948 droplets
2026-03-23 16:25:59,224 - INFO -     Eulerian: 178164 cells
2026-03-23 16:25:59,225 - INFO -     Finding 1-nearest Eulerian neighbors for each droplet...
2026-03-23 16:25:59,344 - INFO -     ✓ Merged 24948 droplets with Eulerian values
2026-03-23 16:25:59,350 - INFO -   Loading timestep 26...
2026-03-23 16:25:59,572 - INFO -     Lagrangian: 24930 droplets
2026-03-23 16:25:59,572 - INFO -     Eulerian: 178164 cells
2026-03-23 16:25:59,573 - INFO -     Finding 1-nearest Eulerian neighbors for each droplet...
2026-03-23 16:25:59,692 - INFO -     ✓ Merged 24930 droplets with Eulerian values
2026-03-23 16:25:59,697 - INFO -   Loading timestep 27...
2026-03-23 16:25:59,935 - INFO -     Lagrangian: 24918 droplets
2026-03-23 16:25:59,935 - INFO -     Eulerian: 178164 cells
2026-03-23 16:25:59,937 - INFO -     Finding 1-nearest Eulerian neighbors for each droplet...
2026-03-23 16:26:00,072 - INFO -     ✓ Merged 24918 droplets with Eulerian values
2026-03-23 16:26:00,077 - INFO -   Loading timestep 28...
2026-03-23 16:26:00,336 - INFO -     Lagrangian: 24902 droplets
2026-03-23 16:26:00,337 - INFO -     Eulerian: 178164 cells
2026-03-23 16:26:00,338 - INFO -     Finding 1-nearest Eulerian neighbors for each droplet...
2026-03-23 16:26:00,461 - INFO -     ✓ Merged 24902 droplets with Eulerian values
2026-03-23 16:26:00,467 - INFO -   Loading timestep 29...
2026-03-23 16:26:00,699 - INFO -     Lagrangian: 24889 droplets
2026-03-23 16:26:00,700 - INFO -     Eulerian: 178164 cells
2026-03-23 16:26:00,701 - INFO -     Finding 1-nearest Eulerian neighbors for each droplet...
2026-03-23 16:26:00,826 - INFO -     ✓ Merged 24889 droplets with Eulerian values
2026-03-23 16:26:00,832 - INFO -   Loading timestep 30...
2026-03-23 16:26:01,096 - INFO -     Lagrangian: 24876 droplets
2026-03-23 16:26:01,096 - INFO -     Eulerian: 178164 cells
2026-03-23 16:26:01,098 - INFO -     Finding 1-nearest Eulerian neighbors for each droplet...
2026-03-23 16:26:01,230 - INFO -     ✓ Merged 24876 droplets with Eulerian values
2026-03-23 16:26:01,293 - INFO -   Batch loaded: 449,271 droplet records
2026-03-23 16:26:01,293 - INFO -   Creating paired data...
2026-03-23 16:26:01,293 - INFO - 
Creating paired timestep data...
2026-03-23 16:26:01,643 - INFO -   Total droplet records: 449,271
2026-03-23 16:26:01,643 - INFO -   Valid pairs (persistent): 424,271
2026-03-23 16:26:02,404 - INFO -   Created 424,271 paired samples
2026-03-23 16:26:02,414 - INFO -   Created 424,271 paired samples
2026-03-23 16:26:02,414 - INFO -   Splitting by particle ID...
2026-03-23 16:26:02,415 - INFO -     Splitting by particle ID...
2026-03-23 16:26:02,483 - INFO -       Train: 340,372 samples from 20,000 particles
2026-03-23 16:26:02,483 - INFO -       Val:   41,765 samples from 2,500 particles
2026-03-23 16:26:02,483 - INFO -       Test:  42,134 samples from 2,500 particles
2026-03-23 16:26:02,483 - INFO -   Batch 1 complete: 340,372 train / 41,765 val / 42,134 test
2026-03-23 16:26:02,489 - INFO - 
[Batch 2/7] Processing timesteps 31-60...
2026-03-23 16:26:02,491 - INFO -   Loading timestep 31...
2026-03-23 16:26:02,713 - INFO -     Lagrangian: 24854 droplets
2026-03-23 16:26:02,713 - INFO -     Eulerian: 178164 cells
2026-03-23 16:26:02,715 - INFO -     Finding 1-nearest Eulerian neighbors for each droplet...
2026-03-23 16:26:02,832 - INFO -     ✓ Merged 24854 droplets with Eulerian values
2026-03-23 16:26:02,832 - INFO -   Loading timestep 32...
2026-03-23 16:26:03,018 - INFO -     Lagrangian: 24812 droplets
2026-03-23 16:26:03,018 - INFO -     Eulerian: 178164 cells
2026-03-23 16:26:03,019 - INFO -     Finding 1-nearest Eulerian neighbors for each droplet...
2026-03-23 16:26:03,138 - INFO -     ✓ Merged 24812 droplets with Eulerian values
2026-03-23 16:26:03,139 - INFO -   Loading timestep 33...
2026-03-23 16:26:03,330 - INFO -     Lagrangian: 24785 droplets
2026-03-23 16:26:03,330 - INFO -     Eulerian: 178164 cells
2026-03-23 16:26:03,332 - INFO -     Finding 1-nearest Eulerian neighbors for each droplet...
2026-03-23 16:26:03,453 - INFO -     ✓ Merged 24785 droplets with Eulerian values
2026-03-23 16:26:03,453 - INFO -   Loading timestep 34...
2026-03-23 16:26:03,651 - INFO -     Lagrangian: 24757 droplets
2026-03-23 16:26:03,651 - INFO -     Eulerian: 178164 cells
2026-03-23 16:26:03,653 - INFO -     Finding 1-nearest Eulerian neighbors for each droplet...
2026-03-23 16:26:03,774 - INFO -     ✓ Merged 24757 droplets with Eulerian values
2026-03-23 16:26:03,774 - INFO -   Loading timestep 35...
2026-03-23 16:26:03,967 - INFO -     Lagrangian: 24717 droplets
2026-03-23 16:26:03,967 - INFO -     Eulerian: 178164 cells
2026-03-23 16:26:03,968 - INFO -     Finding 1-nearest Eulerian neighbors for each droplet...
2026-03-23 16:26:04,087 - INFO -     ✓ Merged 24717 droplets with Eulerian values
2026-03-23 16:26:04,087 - INFO -   Loading timestep 36...
2026-03-23 16:26:04,288 - INFO -     Lagrangian: 24659 droplets
2026-03-23 16:26:04,288 - INFO -     Eulerian: 178164 cells
2026-03-23 16:26:04,289 - INFO -     Finding 1-nearest Eulerian neighbors for each droplet...
2026-03-23 16:26:04,415 - INFO -     ✓ Merged 24659 droplets with Eulerian values
2026-03-23 16:26:04,415 - INFO -   Loading timestep 37...
2026-03-23 16:26:04,598 - INFO -     Lagrangian: 24603 droplets
2026-03-23 16:26:04,598 - INFO -     Eulerian: 178164 cells
2026-03-23 16:26:04,599 - INFO -     Finding 1-nearest Eulerian neighbors for each droplet...
2026-03-23 16:26:04,712 - INFO -     ✓ Merged 24603 droplets with Eulerian values
2026-03-23 16:26:04,713 - INFO -   Loading timestep 38...
2026-03-23 16:26:04,902 - INFO -     Lagrangian: 24558 droplets
2026-03-23 16:26:04,902 - INFO -     Eulerian: 178164 cells
2026-03-23 16:26:04,903 - INFO -     Finding 1-nearest Eulerian neighbors for each droplet...
2026-03-23 16:26:05,020 - INFO -     ✓ Merged 24558 droplets with Eulerian values
2026-03-23 16:26:05,020 - INFO -   Loading timestep 39...
2026-03-23 16:26:05,215 - INFO -     Lagrangian: 24492 droplets
2026-03-23 16:26:05,215 - INFO -     Eulerian: 178164 cells
2026-03-23 16:26:05,217 - INFO -     Finding 1-nearest Eulerian neighbors for each droplet...
2026-03-23 16:26:05,331 - INFO -     ✓ Merged 24492 droplets with Eulerian values
2026-03-23 16:26:05,332 - INFO -   Loading timestep 40...
2026-03-23 16:26:05,523 - INFO -     Lagrangian: 24382 droplets
2026-03-23 16:26:05,524 - INFO -     Eulerian: 178164 cells
2026-03-23 16:26:05,525 - INFO -     Finding 1-nearest Eulerian neighbors for each droplet...
2026-03-23 16:26:05,640 - INFO -     ✓ Merged 24382 droplets with Eulerian values
2026-03-23 16:26:05,640 - INFO -   Loading timestep 41...
2026-03-23 16:26:05,829 - INFO -     Lagrangian: 24245 droplets
2026-03-23 16:26:05,829 - INFO -     Eulerian: 178164 cells
2026-03-23 16:26:05,831 - INFO -     Finding 1-nearest Eulerian neighbors for each droplet...
2026-03-23 16:26:05,946 - INFO -     ✓ Merged 24245 droplets with Eulerian values
2026-03-23 16:26:05,946 - INFO -   Loading timestep 42...
2026-03-23 16:26:06,139 - INFO -     Lagrangian: 24076 droplets
2026-03-23 16:26:06,140 - INFO -     Eulerian: 178164 cells
2026-03-23 16:26:06,141 - INFO -     Finding 1-nearest Eulerian neighbors for each droplet...
2026-03-23 16:26:06,258 - INFO -     ✓ Merged 24076 droplets with Eulerian values
2026-03-23 16:26:06,258 - INFO -   Loading timestep 43...
2026-03-23 16:26:06,447 - INFO -     Lagrangian: 23885 droplets
2026-03-23 16:26:06,448 - INFO -     Eulerian: 178164 cells
2026-03-23 16:26:06,449 - INFO -     Finding 1-nearest Eulerian neighbors for each droplet...
2026-03-23 16:26:06,564 - INFO -     ✓ Merged 23885 droplets with Eulerian values
2026-03-23 16:26:06,564 - INFO -   Loading timestep 44...
2026-03-23 16:26:06,746 - INFO -     Lagrangian: 23686 droplets
2026-03-23 16:26:06,747 - INFO -     Eulerian: 178164 cells
2026-03-23 16:26:06,748 - INFO -     Finding 1-nearest Eulerian neighbors for each droplet...
2026-03-23 16:26:06,869 - INFO -     ✓ Merged 23686 droplets with Eulerian values
2026-03-23 16:26:06,869 - INFO -   Loading timestep 45...
2026-03-23 16:26:07,075 - INFO -     Lagrangian: 23485 droplets
2026-03-23 16:26:07,075 - INFO -     Eulerian: 178164 cells
2026-03-23 16:26:07,077 - INFO -     Finding 1-nearest Eulerian neighbors for each droplet...
2026-03-23 16:26:07,208 - INFO -     ✓ Merged 23485 droplets with Eulerian values
2026-03-23 16:26:07,209 - INFO -   Loading timestep 46...
2026-03-23 16:26:07,412 - INFO -     Lagrangian: 23299 droplets
2026-03-23 16:26:07,412 - INFO -     Eulerian: 178164 cells
2026-03-23 16:26:07,413 - INFO -     Finding 1-nearest Eulerian neighbors for each droplet...
2026-03-23 16:26:07,532 - INFO -     ✓ Merged 23299 droplets with Eulerian values
2026-03-23 16:26:07,533 - INFO -   Loading timestep 47...
2026-03-23 16:26:07,739 - INFO -     Lagrangian: 23111 droplets
2026-03-23 16:26:07,740 - INFO -     Eulerian: 178164 cells
2026-03-23 16:26:07,741 - INFO -     Finding 1-nearest Eulerian neighbors for each droplet...
2026-03-23 16:26:07,865 - INFO -     ✓ Merged 23111 droplets with Eulerian values
2026-03-23 16:26:07,865 - INFO -   Loading timestep 48...
2026-03-23 16:26:08,068 - INFO -     Lagrangian: 22923 droplets
2026-03-23 16:26:08,068 - INFO -     Eulerian: 178164 cells
2026-03-23 16:26:08,070 - INFO -     Finding 1-nearest Eulerian neighbors for each droplet...
2026-03-23 16:26:08,189 - INFO -     ✓ Merged 22923 droplets with Eulerian values
2026-03-23 16:26:08,189 - INFO -   Loading timestep 49...
2026-03-23 16:26:08,401 - INFO -     Lagrangian: 22751 droplets
2026-03-23 16:26:08,402 - INFO -     Eulerian: 178164 cells
2026-03-23 16:26:08,403 - INFO -     Finding 1-nearest Eulerian neighbors for each droplet...
2026-03-23 16:26:08,518 - INFO -     ✓ Merged 22751 droplets with Eulerian values
2026-03-23 16:26:08,518 - INFO -   Loading timestep 50...
2026-03-23 16:26:08,729 - INFO -     Lagrangian: 22591 droplets
2026-03-23 16:26:08,730 - INFO -     Eulerian: 178164 cells
2026-03-23 16:26:08,731 - INFO -     Finding 1-nearest Eulerian neighbors for each droplet...
2026-03-23 16:26:08,842 - INFO -     ✓ Merged 22591 droplets with Eulerian values
2026-03-23 16:26:08,842 - INFO -   Loading timestep 51...
2026-03-23 16:26:09,030 - INFO -     Lagrangian: 22424 droplets
2026-03-23 16:26:09,031 - INFO -     Eulerian: 178164 cells
2026-03-23 16:26:09,032 - INFO -     Finding 1-nearest Eulerian neighbors for each droplet...
2026-03-23 16:26:09,141 - INFO -     ✓ Merged 22424 droplets with Eulerian values
2026-03-23 16:26:09,142 - INFO -   Loading timestep 52...
2026-03-23 16:26:09,338 - INFO -     Lagrangian: 22258 droplets
2026-03-23 16:26:09,339 - INFO -     Eulerian: 178164 cells
2026-03-23 16:26:09,340 - INFO -     Finding 1-nearest Eulerian neighbors for each droplet...
2026-03-23 16:26:09,452 - INFO -     ✓ Merged 22258 droplets with Eulerian values
2026-03-23 16:26:09,452 - INFO -   Loading timestep 53...
2026-03-23 16:26:09,640 - INFO -     Lagrangian: 22098 droplets
2026-03-23 16:26:09,640 - INFO -     Eulerian: 178164 cells
2026-03-23 16:26:09,642 - INFO -     Finding 1-nearest Eulerian neighbors for each droplet...
2026-03-23 16:26:09,752 - INFO -     ✓ Merged 22098 droplets with Eulerian values
2026-03-23 16:26:09,752 - INFO -   Loading timestep 54...
2026-03-23 16:26:09,937 - INFO -     Lagrangian: 21915 droplets
2026-03-23 16:26:09,937 - INFO -     Eulerian: 178164 cells
2026-03-23 16:26:09,939 - INFO -     Finding 1-nearest Eulerian neighbors for each droplet...
2026-03-23 16:26:10,049 - INFO -     ✓ Merged 21915 droplets with Eulerian values
2026-03-23 16:26:10,050 - INFO -   Loading timestep 55...
2026-03-23 16:26:10,251 - INFO -     Lagrangian: 21729 droplets
2026-03-23 16:26:10,251 - INFO -     Eulerian: 178164 cells
2026-03-23 16:26:10,253 - INFO -     Finding 1-nearest Eulerian neighbors for each droplet...
2026-03-23 16:26:10,374 - INFO -     ✓ Merged 21729 droplets with Eulerian values
2026-03-23 16:26:10,374 - INFO -   Loading timestep 56...
2026-03-23 16:26:10,561 - INFO -     Lagrangian: 21539 droplets
2026-03-23 16:26:10,562 - INFO -     Eulerian: 178164 cells
2026-03-23 16:26:10,563 - INFO -     Finding 1-nearest Eulerian neighbors for each droplet...
2026-03-23 16:26:10,673 - INFO -     ✓ Merged 21539 droplets with Eulerian values
2026-03-23 16:26:10,674 - INFO -   Loading timestep 57...
2026-03-23 16:26:10,863 - INFO -     Lagrangian: 21365 droplets
2026-03-23 16:26:10,863 - INFO -     Eulerian: 178164 cells
2026-03-23 16:26:10,865 - INFO -     Finding 1-nearest Eulerian neighbors for each droplet...
2026-03-23 16:26:10,974 - INFO -     ✓ Merged 21365 droplets with Eulerian values
2026-03-23 16:26:10,974 - INFO -   Loading timestep 58...
2026-03-23 16:26:11,168 - INFO -     Lagrangian: 21175 droplets
2026-03-23 16:26:11,168 - INFO -     Eulerian: 178164 cells
2026-03-23 16:26:11,169 - INFO -     Finding 1-nearest Eulerian neighbors for each droplet...
2026-03-23 16:26:11,282 - INFO -     ✓ Merged 21175 droplets with Eulerian values
2026-03-23 16:26:11,282 - INFO -   Loading timestep 59...
2026-03-23 16:26:11,506 - INFO -     Lagrangian: 20992 droplets
2026-03-23 16:26:11,506 - INFO -     Eulerian: 178164 cells
2026-03-23 16:26:11,508 - INFO -     Finding 1-nearest Eulerian neighbors for each droplet...
2026-03-23 16:26:11,620 - INFO -     ✓ Merged 20992 droplets with Eulerian values
2026-03-23 16:26:11,620 - INFO -   Loading timestep 60...
2026-03-23 16:26:11,852 - INFO -     Lagrangian: 20802 droplets
2026-03-23 16:26:11,852 - INFO -     Eulerian: 178164 cells
2026-03-23 16:26:11,853 - INFO -     Finding 1-nearest Eulerian neighbors for each droplet...
2026-03-23 16:26:11,967 - INFO -     ✓ Merged 20802 droplets with Eulerian values
2026-03-23 16:26:12,032 - INFO -   Batch loaded: 696,968 droplet records
2026-03-23 16:26:12,032 - INFO -   Creating paired data...
2026-03-23 16:26:12,032 - INFO - 
Creating paired timestep data...
2026-03-23 16:26:14,612 - INFO -   Total droplet records: 696,968
2026-03-23 16:26:14,613 - INFO -   Valid pairs (persistent): 672,114
2026-03-23 16:26:15,965 - INFO -   Created 672,114 paired samples
2026-03-23 16:26:15,999 - INFO -   Created 672,114 paired samples
2026-03-23 16:26:15,999 - INFO -   Splitting by particle ID...
2026-03-23 16:26:15,999 - INFO -     Splitting by particle ID...
2026-03-23 16:26:16,079 - INFO -       Train: 537,894 samples from 19,849 particles
2026-03-23 16:26:16,080 - INFO -       Val:   67,264 samples from 2,481 particles
2026-03-23 16:26:16,080 - INFO -       Test:  66,956 samples from 2,482 particles
2026-03-23 16:26:16,080 - INFO -   Batch 2 complete: 537,894 train / 67,264 val / 66,956 test
2026-03-23 16:26:16,093 - INFO - 
[Batch 3/7] Processing timesteps 61-90...
2026-03-23 16:26:16,094 - INFO -   Loading timestep 61...
2026-03-23 16:26:16,369 - INFO -     Lagrangian: 20601 droplets
2026-03-23 16:26:16,369 - INFO -     Eulerian: 178164 cells
2026-03-23 16:26:16,372 - INFO -     Finding 1-nearest Eulerian neighbors for each droplet...
2026-03-23 16:26:16,489 - INFO -     ✓ Merged 20601 droplets with Eulerian values
2026-03-23 16:26:16,489 - INFO -   Loading timestep 62...
2026-03-23 16:26:16,754 - INFO -     Lagrangian: 20405 droplets
2026-03-23 16:26:16,754 - INFO -     Eulerian: 178164 cells
2026-03-23 16:26:16,755 - INFO -     Finding 1-nearest Eulerian neighbors for each droplet...
2026-03-23 16:26:16,863 - INFO -     ✓ Merged 20405 droplets with Eulerian values
2026-03-23 16:26:16,863 - INFO -   Loading timestep 63...
2026-03-23 16:26:17,126 - INFO -     Lagrangian: 20212 droplets
2026-03-23 16:26:17,126 - INFO -     Eulerian: 178164 cells
2026-03-23 16:26:17,128 - INFO -     Finding 1-nearest Eulerian neighbors for each droplet...
2026-03-23 16:26:17,239 - INFO -     ✓ Merged 20212 droplets with Eulerian values
2026-03-23 16:26:17,240 - INFO -   Loading timestep 64...
2026-03-23 16:26:17,513 - INFO -     Lagrangian: 19970 droplets
2026-03-23 16:26:17,513 - INFO -     Eulerian: 178164 cells
2026-03-23 16:26:17,515 - INFO -     Finding 1-nearest Eulerian neighbors for each droplet...
2026-03-23 16:26:17,636 - INFO -     ✓ Merged 19970 droplets with Eulerian values
2026-03-23 16:26:17,636 - INFO -   Loading timestep 65...
2026-03-23 16:26:17,984 - INFO -     Lagrangian: 19733 droplets
2026-03-23 16:26:17,984 - INFO -     Eulerian: 178164 cells
2026-03-23 16:26:17,985 - INFO -     Finding 1-nearest Eulerian neighbors for each droplet...
2026-03-23 16:26:18,090 - INFO -     ✓ Merged 19733 droplets with Eulerian values
2026-03-23 16:26:18,090 - INFO -   Loading timestep 66...
2026-03-23 16:26:18,385 - INFO -     Lagrangian: 19478 droplets
2026-03-23 16:26:18,385 - INFO -     Eulerian: 178164 cells
2026-03-23 16:26:18,386 - INFO -     Finding 1-nearest Eulerian neighbors for each droplet...
2026-03-23 16:26:18,500 - INFO -     ✓ Merged 19478 droplets with Eulerian values
2026-03-23 16:26:18,501 - INFO -   Loading timestep 67...
2026-03-23 16:26:18,779 - INFO -     Lagrangian: 19205 droplets
2026-03-23 16:26:18,779 - INFO -     Eulerian: 178164 cells
2026-03-23 16:26:18,780 - INFO -     Finding 1-nearest Eulerian neighbors for each droplet...
2026-03-23 16:26:18,884 - INFO -     ✓ Merged 19205 droplets with Eulerian values
2026-03-23 16:26:18,884 - INFO -   Loading timestep 68...
2026-03-23 16:26:19,149 - INFO -     Lagrangian: 18948 droplets
2026-03-23 16:26:19,149 - INFO -     Eulerian: 178164 cells
2026-03-23 16:26:19,150 - INFO -     Finding 1-nearest Eulerian neighbors for each droplet...
2026-03-23 16:26:19,258 - INFO -     ✓ Merged 18948 droplets with Eulerian values
2026-03-23 16:26:19,258 - INFO -   Loading timestep 69...
2026-03-23 16:26:19,550 - INFO -     Lagrangian: 18674 droplets
2026-03-23 16:26:19,550 - INFO -     Eulerian: 178164 cells
2026-03-23 16:26:19,551 - INFO -     Finding 1-nearest Eulerian neighbors for each droplet...
2026-03-23 16:26:19,656 - INFO -     ✓ Merged 18674 droplets with Eulerian values
2026-03-23 16:26:19,657 - INFO -   Loading timestep 70...
2026-03-23 16:26:19,914 - INFO -     Lagrangian: 18382 droplets
2026-03-23 16:26:19,914 - INFO -     Eulerian: 178164 cells
2026-03-23 16:26:19,915 - INFO -     Finding 1-nearest Eulerian neighbors for each droplet...
2026-03-23 16:26:20,018 - INFO -     ✓ Merged 18382 droplets with Eulerian values
2026-03-23 16:26:20,018 - INFO -   Loading timestep 71...
2026-03-23 16:26:20,288 - INFO -     Lagrangian: 18082 droplets
2026-03-23 16:26:20,288 - INFO -     Eulerian: 178164 cells
2026-03-23 16:26:20,290 - INFO -     Finding 1-nearest Eulerian neighbors for each droplet...
2026-03-23 16:26:20,392 - INFO -     ✓ Merged 18082 droplets with Eulerian values
2026-03-23 16:26:20,392 - INFO -   Loading timestep 72...
2026-03-23 16:26:20,664 - INFO -     Lagrangian: 17767 droplets
2026-03-23 16:26:20,664 - INFO -     Eulerian: 178164 cells
2026-03-23 16:26:20,665 - INFO -     Finding 1-nearest Eulerian neighbors for each droplet...
2026-03-23 16:26:20,771 - INFO -     ✓ Merged 17767 droplets with Eulerian values
2026-03-23 16:26:20,771 - INFO -   Loading timestep 73...
2026-03-23 16:26:21,090 - INFO -     Lagrangian: 17405 droplets
2026-03-23 16:26:21,090 - INFO -     Eulerian: 178164 cells
2026-03-23 16:26:21,092 - INFO -     Finding 1-nearest Eulerian neighbors for each droplet...
2026-03-23 16:26:21,206 - INFO -     ✓ Merged 17405 droplets with Eulerian values
2026-03-23 16:26:21,206 - INFO -   Loading timestep 74...
2026-03-23 16:26:21,503 - INFO -     Lagrangian: 17060 droplets
2026-03-23 16:26:21,503 - INFO -     Eulerian: 178164 cells
2026-03-23 16:26:21,504 - INFO -     Finding 1-nearest Eulerian neighbors for each droplet...
2026-03-23 16:26:21,620 - INFO -     ✓ Merged 17060 droplets with Eulerian values
2026-03-23 16:26:21,620 - INFO -   Loading timestep 75...
2026-03-23 16:26:21,872 - INFO -     Lagrangian: 16733 droplets
2026-03-23 16:26:21,872 - INFO -     Eulerian: 178164 cells
2026-03-23 16:26:21,874 - INFO -     Finding 1-nearest Eulerian neighbors for each droplet...
2026-03-23 16:26:21,980 - INFO -     ✓ Merged 16733 droplets with Eulerian values
2026-03-23 16:26:21,980 - INFO -   Loading timestep 76...
2026-03-23 16:26:22,266 - INFO -     Lagrangian: 16416 droplets
2026-03-23 16:26:22,266 - INFO -     Eulerian: 178164 cells
2026-03-23 16:26:22,267 - INFO -     Finding 1-nearest Eulerian neighbors for each droplet...
2026-03-23 16:26:22,375 - INFO -     ✓ Merged 16416 droplets with Eulerian values
2026-03-23 16:26:22,375 - INFO -   Loading timestep 77...
2026-03-23 16:26:22,650 - INFO -     Lagrangian: 16088 droplets
2026-03-23 16:26:22,650 - INFO -     Eulerian: 178164 cells
2026-03-23 16:26:22,652 - INFO -     Finding 1-nearest Eulerian neighbors for each droplet...
2026-03-23 16:26:22,750 - INFO -     ✓ Merged 16088 droplets with Eulerian values
2026-03-23 16:26:22,750 - INFO -   Loading timestep 78...
2026-03-23 16:26:23,013 - INFO -     Lagrangian: 15736 droplets
2026-03-23 16:26:23,013 - INFO -     Eulerian: 178164 cells
2026-03-23 16:26:23,014 - INFO -     Finding 1-nearest Eulerian neighbors for each droplet...
2026-03-23 16:26:23,113 - INFO -     ✓ Merged 15736 droplets with Eulerian values
2026-03-23 16:26:23,113 - INFO -   Loading timestep 79...
2026-03-23 16:26:23,353 - INFO -     Lagrangian: 15425 droplets
2026-03-23 16:26:23,353 - INFO -     Eulerian: 178164 cells
2026-03-23 16:26:23,354 - INFO -     Finding 1-nearest Eulerian neighbors for each droplet...
2026-03-23 16:26:23,461 - INFO -     ✓ Merged 15425 droplets with Eulerian values
2026-03-23 16:26:23,461 - INFO -   Loading timestep 80...
2026-03-23 16:26:23,729 - INFO -     Lagrangian: 15138 droplets
2026-03-23 16:26:23,729 - INFO -     Eulerian: 178164 cells
2026-03-23 16:26:23,730 - INFO -     Finding 1-nearest Eulerian neighbors for each droplet...
2026-03-23 16:26:23,829 - INFO -     ✓ Merged 15138 droplets with Eulerian values
2026-03-23 16:26:23,829 - INFO -   Loading timestep 81...
2026-03-23 16:26:24,117 - INFO -     Lagrangian: 14821 droplets
2026-03-23 16:26:24,117 - INFO -     Eulerian: 178164 cells
2026-03-23 16:26:24,120 - INFO -     Finding 1-nearest Eulerian neighbors for each droplet...
2026-03-23 16:26:24,230 - INFO -     ✓ Merged 14821 droplets with Eulerian values
2026-03-23 16:26:24,231 - INFO -   Loading timestep 82...
2026-03-23 16:26:24,483 - INFO -     Lagrangian: 14573 droplets
2026-03-23 16:26:24,483 - INFO -     Eulerian: 178164 cells
2026-03-23 16:26:24,485 - INFO -     Finding 1-nearest Eulerian neighbors for each droplet...
2026-03-23 16:26:24,580 - INFO -     ✓ Merged 14573 droplets with Eulerian values
2026-03-23 16:26:24,581 - INFO -   Loading timestep 83...
2026-03-23 16:26:24,827 - INFO -     Lagrangian: 14356 droplets
2026-03-23 16:26:24,827 - INFO -     Eulerian: 178164 cells
2026-03-23 16:26:24,828 - INFO -     Finding 1-nearest Eulerian neighbors for each droplet...
2026-03-23 16:26:24,925 - INFO -     ✓ Merged 14356 droplets with Eulerian values
2026-03-23 16:26:24,925 - INFO -   Loading timestep 84...
2026-03-23 16:26:25,201 - INFO -     Lagrangian: 14183 droplets
2026-03-23 16:26:25,201 - INFO -     Eulerian: 178164 cells
2026-03-23 16:26:25,202 - INFO -     Finding 1-nearest Eulerian neighbors for each droplet...
2026-03-23 16:26:25,299 - INFO -     ✓ Merged 14183 droplets with Eulerian values
2026-03-23 16:26:25,300 - INFO -   Loading timestep 85...
2026-03-23 16:26:25,561 - INFO -     Lagrangian: 13993 droplets
2026-03-23 16:26:25,561 - INFO -     Eulerian: 178164 cells
2026-03-23 16:26:25,563 - INFO -     Finding 1-nearest Eulerian neighbors for each droplet...
2026-03-23 16:26:25,659 - INFO -     ✓ Merged 13993 droplets with Eulerian values
2026-03-23 16:26:25,659 - INFO -   Loading timestep 86...
2026-03-23 16:26:25,915 - INFO -     Lagrangian: 13842 droplets
2026-03-23 16:26:25,915 - INFO -     Eulerian: 178164 cells
2026-03-23 16:26:25,917 - INFO -     Finding 1-nearest Eulerian neighbors for each droplet...
2026-03-23 16:26:26,014 - INFO -     ✓ Merged 13842 droplets with Eulerian values
2026-03-23 16:26:26,014 - INFO -   Loading timestep 87...
2026-03-23 16:26:26,265 - INFO -     Lagrangian: 13714 droplets
2026-03-23 16:26:26,265 - INFO -     Eulerian: 178164 cells
2026-03-23 16:26:26,267 - INFO -     Finding 1-nearest Eulerian neighbors for each droplet...
2026-03-23 16:26:26,363 - INFO -     ✓ Merged 13714 droplets with Eulerian values
2026-03-23 16:26:26,363 - INFO -   Loading timestep 88...
2026-03-23 16:26:26,634 - INFO -     Lagrangian: 13585 droplets
2026-03-23 16:26:26,634 - INFO -     Eulerian: 178164 cells
2026-03-23 16:26:26,636 - INFO -     Finding 1-nearest Eulerian neighbors for each droplet...
2026-03-23 16:26:26,733 - INFO -     ✓ Merged 13585 droplets with Eulerian values
2026-03-23 16:26:26,733 - INFO -   Loading timestep 89...
2026-03-23 16:26:26,995 - INFO -     Lagrangian: 13492 droplets
2026-03-23 16:26:26,995 - INFO -     Eulerian: 178164 cells
2026-03-23 16:26:26,996 - INFO -     Finding 1-nearest Eulerian neighbors for each droplet...
2026-03-23 16:26:27,091 - INFO -     ✓ Merged 13492 droplets with Eulerian values
2026-03-23 16:26:27,092 - INFO -   Loading timestep 90...
2026-03-23 16:26:27,375 - INFO -     Lagrangian: 13372 droplets
2026-03-23 16:26:27,375 - INFO -     Eulerian: 178164 cells
2026-03-23 16:26:27,377 - INFO -     Finding 1-nearest Eulerian neighbors for each droplet...
2026-03-23 16:26:27,489 - INFO -     ✓ Merged 13372 droplets with Eulerian values
2026-03-23 16:26:27,528 - INFO -   Batch loaded: 501,389 droplet records
2026-03-23 16:26:27,528 - INFO -   Creating paired data...
2026-03-23 16:26:27,528 - INFO - 
Creating paired timestep data...
2026-03-23 16:26:27,965 - INFO -   Total droplet records: 501,389
2026-03-23 16:26:27,966 - INFO -   Valid pairs (persistent): 480,788
2026-03-23 16:26:28,929 - INFO -   Created 480,788 paired samples
2026-03-23 16:26:28,956 - INFO -   Created 480,788 paired samples
2026-03-23 16:26:28,956 - INFO -   Splitting by particle ID...
2026-03-23 16:26:28,956 - INFO -     Splitting by particle ID...
2026-03-23 16:26:29,030 - INFO -       Train: 384,449 samples from 16,324 particles
2026-03-23 16:26:29,030 - INFO -       Val:   48,389 samples from 2,040 particles
2026-03-23 16:26:29,030 - INFO -       Test:  47,950 samples from 2,041 particles
2026-03-23 16:26:29,030 - INFO -   Batch 3 complete: 384,449 train / 48,389 val / 47,950 test
2026-03-23 16:26:29,041 - INFO - 
[Batch 4/7] Processing timesteps 91-120...
2026-03-23 16:26:29,042 - INFO -   Loading timestep 91...
2026-03-23 16:26:29,325 - INFO -     Lagrangian: 13278 droplets
2026-03-23 16:26:29,325 - INFO -     Eulerian: 178164 cells
2026-03-23 16:26:29,327 - INFO -     Finding 1-nearest Eulerian neighbors for each droplet...
2026-03-23 16:26:29,430 - INFO -     ✓ Merged 13278 droplets with Eulerian values
2026-03-23 16:26:29,431 - INFO -   Loading timestep 92...
2026-03-23 16:26:29,708 - INFO -     Lagrangian: 13160 droplets
2026-03-23 16:26:29,708 - INFO -     Eulerian: 178164 cells
2026-03-23 16:26:29,710 - INFO -     Finding 1-nearest Eulerian neighbors for each droplet...
2026-03-23 16:26:29,805 - INFO -     ✓ Merged 13160 droplets with Eulerian values
2026-03-23 16:26:29,805 - INFO -   Loading timestep 93...
2026-03-23 16:26:30,054 - INFO -     Lagrangian: 13076 droplets
2026-03-23 16:26:30,054 - INFO -     Eulerian: 178164 cells
2026-03-23 16:26:30,056 - INFO -     Finding 1-nearest Eulerian neighbors for each droplet...
2026-03-23 16:26:30,152 - INFO -     ✓ Merged 13076 droplets with Eulerian values
2026-03-23 16:26:30,152 - INFO -   Loading timestep 94...
2026-03-23 16:26:30,431 - INFO -     Lagrangian: 12983 droplets
2026-03-23 16:26:30,431 - INFO -     Eulerian: 178164 cells
2026-03-23 16:26:30,433 - INFO -     Finding 1-nearest Eulerian neighbors for each droplet...
2026-03-23 16:26:30,535 - INFO -     ✓ Merged 12983 droplets with Eulerian values
2026-03-23 16:26:30,535 - INFO -   Loading timestep 95...
2026-03-23 16:26:30,815 - INFO -     Lagrangian: 12890 droplets
2026-03-23 16:26:30,815 - INFO -     Eulerian: 178164 cells
2026-03-23 16:26:30,816 - INFO -     Finding 1-nearest Eulerian neighbors for each droplet...
2026-03-23 16:26:30,919 - INFO -     ✓ Merged 12890 droplets with Eulerian values
2026-03-23 16:26:30,919 - INFO -   Loading timestep 96...
2026-03-23 16:26:31,179 - INFO -     Lagrangian: 12768 droplets
2026-03-23 16:26:31,179 - INFO -     Eulerian: 178164 cells
2026-03-23 16:26:31,181 - INFO -     Finding 1-nearest Eulerian neighbors for each droplet...
2026-03-23 16:26:31,278 - INFO -     ✓ Merged 12768 droplets with Eulerian values
2026-03-23 16:26:31,279 - INFO -   Loading timestep 97...
2026-03-23 16:26:31,589 - INFO -     Lagrangian: 12688 droplets
2026-03-23 16:26:31,590 - INFO -     Eulerian: 178164 cells
2026-03-23 16:26:31,591 - INFO -     Finding 1-nearest Eulerian neighbors for each droplet...
2026-03-23 16:26:31,703 - INFO -     ✓ Merged 12688 droplets with Eulerian values
2026-03-23 16:26:31,703 - INFO -   Loading timestep 98...
2026-03-23 16:26:32,025 - INFO -     Lagrangian: 12590 droplets
2026-03-23 16:26:32,025 - INFO -     Eulerian: 178164 cells
2026-03-23 16:26:32,028 - INFO -     Finding 1-nearest Eulerian neighbors for each droplet...
2026-03-23 16:26:32,127 - INFO -     ✓ Merged 12590 droplets with Eulerian values
2026-03-23 16:26:32,127 - INFO -   Loading timestep 99...
2026-03-23 16:26:32,455 - INFO -     Lagrangian: 12494 droplets
2026-03-23 16:26:32,455 - INFO -     Eulerian: 178164 cells
2026-03-23 16:26:32,456 - INFO -     Finding 1-nearest Eulerian neighbors for each droplet...
2026-03-23 16:26:32,551 - INFO -     ✓ Merged 12494 droplets with Eulerian values
2026-03-23 16:26:32,552 - INFO -   Loading timestep 100...
2026-03-23 16:26:32,858 - INFO -     Lagrangian: 12406 droplets
2026-03-23 16:26:32,858 - INFO -     Eulerian: 178164 cells
2026-03-23 16:26:32,860 - INFO -     Finding 1-nearest Eulerian neighbors for each droplet...
2026-03-23 16:26:32,954 - INFO -     ✓ Merged 12406 droplets with Eulerian values
2026-03-23 16:26:32,955 - INFO -   Loading timestep 101...
2026-03-23 16:26:33,218 - INFO -     Lagrangian: 12311 droplets
2026-03-23 16:26:33,218 - INFO -     Eulerian: 178164 cells
2026-03-23 16:26:33,219 - INFO -     Finding 1-nearest Eulerian neighbors for each droplet...
2026-03-23 16:26:33,343 - INFO -     ✓ Merged 12311 droplets with Eulerian values
2026-03-23 16:26:33,344 - INFO -   Loading timestep 102...
2026-03-23 16:26:33,678 - INFO -     Lagrangian: 12207 droplets
2026-03-23 16:26:33,678 - INFO -     Eulerian: 178164 cells
2026-03-23 16:26:33,679 - INFO -     Finding 1-nearest Eulerian neighbors for each droplet...
2026-03-23 16:26:33,775 - INFO -     ✓ Merged 12207 droplets with Eulerian values
2026-03-23 16:26:33,775 - INFO -   Loading timestep 103...
2026-03-23 16:26:34,045 - INFO -     Lagrangian: 12091 droplets
2026-03-23 16:26:34,046 - INFO -     Eulerian: 178164 cells
2026-03-23 16:26:34,047 - INFO -     Finding 1-nearest Eulerian neighbors for each droplet...
2026-03-23 16:26:34,142 - INFO -     ✓ Merged 12091 droplets with Eulerian values
2026-03-23 16:26:34,142 - INFO -   Loading timestep 104...
2026-03-23 16:26:34,425 - INFO -     Lagrangian: 11959 droplets
2026-03-23 16:26:34,425 - INFO -     Eulerian: 178164 cells
2026-03-23 16:26:34,427 - INFO -     Finding 1-nearest Eulerian neighbors for each droplet...
2026-03-23 16:26:34,521 - INFO -     ✓ Merged 11959 droplets with Eulerian values
2026-03-23 16:26:34,521 - INFO -   Loading timestep 105...
2026-03-23 16:26:34,831 - INFO -     Lagrangian: 11851 droplets
2026-03-23 16:26:34,831 - INFO -     Eulerian: 178164 cells
2026-03-23 16:26:34,833 - INFO -     Finding 1-nearest Eulerian neighbors for each droplet...
2026-03-23 16:26:34,930 - INFO -     ✓ Merged 11851 droplets with Eulerian values
2026-03-23 16:26:34,930 - INFO -   Loading timestep 106...
2026-03-23 16:26:35,178 - INFO -     Lagrangian: 11723 droplets
2026-03-23 16:26:35,178 - INFO -     Eulerian: 178164 cells
2026-03-23 16:26:35,179 - INFO -     Finding 1-nearest Eulerian neighbors for each droplet...
2026-03-23 16:26:35,292 - INFO -     ✓ Merged 11723 droplets with Eulerian values
2026-03-23 16:26:35,292 - INFO -   Loading timestep 107...
2026-03-23 16:26:35,643 - INFO -     Lagrangian: 11610 droplets
2026-03-23 16:26:35,644 - INFO -     Eulerian: 178164 cells
2026-03-23 16:26:35,645 - INFO -     Finding 1-nearest Eulerian neighbors for each droplet...
2026-03-23 16:26:35,760 - INFO -     ✓ Merged 11610 droplets with Eulerian values
2026-03-23 16:26:35,760 - INFO -   Loading timestep 108...
2026-03-23 16:26:36,075 - INFO -     Lagrangian: 11491 droplets
2026-03-23 16:26:36,075 - INFO -     Eulerian: 178164 cells
2026-03-23 16:26:36,077 - INFO -     Finding 1-nearest Eulerian neighbors for each droplet...
2026-03-23 16:26:36,177 - INFO -     ✓ Merged 11491 droplets with Eulerian values
2026-03-23 16:26:36,177 - INFO -   Loading timestep 109...
2026-03-23 16:26:36,683 - INFO -     Lagrangian: 11372 droplets
2026-03-23 16:26:36,683 - INFO -     Eulerian: 178164 cells
2026-03-23 16:26:36,684 - INFO -     Finding 1-nearest Eulerian neighbors for each droplet...
2026-03-23 16:26:36,800 - INFO -     ✓ Merged 11372 droplets with Eulerian values
2026-03-23 16:26:36,800 - INFO -   Loading timestep 110...
2026-03-23 16:26:37,059 - INFO -     Lagrangian: 11254 droplets
2026-03-23 16:26:37,059 - INFO -     Eulerian: 178164 cells
2026-03-23 16:26:37,060 - INFO -     Finding 1-nearest Eulerian neighbors for each droplet...
2026-03-23 16:26:37,153 - INFO -     ✓ Merged 11254 droplets with Eulerian values
2026-03-23 16:26:37,153 - INFO -   Loading timestep 111...
2026-03-23 16:26:37,421 - INFO -     Lagrangian: 11127 droplets
2026-03-23 16:26:37,421 - INFO -     Eulerian: 178164 cells
2026-03-23 16:26:37,423 - INFO -     Finding 1-nearest Eulerian neighbors for each droplet...
2026-03-23 16:26:37,529 - INFO -     ✓ Merged 11127 droplets with Eulerian values
2026-03-23 16:26:37,529 - INFO -   Loading timestep 112...
2026-03-23 16:26:37,790 - INFO -     Lagrangian: 11021 droplets
2026-03-23 16:26:37,790 - INFO -     Eulerian: 178164 cells
2026-03-23 16:26:37,791 - INFO -     Finding 1-nearest Eulerian neighbors for each droplet...
2026-03-23 16:26:37,886 - INFO -     ✓ Merged 11021 droplets with Eulerian values
2026-03-23 16:26:37,886 - INFO -   Loading timestep 113...
2026-03-23 16:26:38,162 - INFO -     Lagrangian: 10880 droplets
2026-03-23 16:26:38,162 - INFO -     Eulerian: 178164 cells
2026-03-23 16:26:38,163 - INFO -     Finding 1-nearest Eulerian neighbors for each droplet...
2026-03-23 16:26:38,255 - INFO -     ✓ Merged 10880 droplets with Eulerian values
2026-03-23 16:26:38,255 - INFO -   Loading timestep 114...
2026-03-23 16:26:38,555 - INFO -     Lagrangian: 10757 droplets
2026-03-23 16:26:38,555 - INFO -     Eulerian: 178164 cells
2026-03-23 16:26:38,556 - INFO -     Finding 1-nearest Eulerian neighbors for each droplet...
2026-03-23 16:26:38,646 - INFO -     ✓ Merged 10757 droplets with Eulerian values
2026-03-23 16:26:38,647 - INFO -   Loading timestep 115...
2026-03-23 16:26:38,933 - INFO -     Lagrangian: 10614 droplets
2026-03-23 16:26:38,933 - INFO -     Eulerian: 178164 cells
2026-03-23 16:26:38,935 - INFO -     Finding 1-nearest Eulerian neighbors for each droplet...
2026-03-23 16:26:39,032 - INFO -     ✓ Merged 10614 droplets with Eulerian values
2026-03-23 16:26:39,032 - INFO -   Loading timestep 116...
2026-03-23 16:26:39,303 - INFO -     Lagrangian: 10476 droplets
2026-03-23 16:26:39,303 - INFO -     Eulerian: 178164 cells
2026-03-23 16:26:39,305 - INFO -     Finding 1-nearest Eulerian neighbors for each droplet...
2026-03-23 16:26:39,399 - INFO -     ✓ Merged 10476 droplets with Eulerian values
2026-03-23 16:26:39,399 - INFO -   Loading timestep 117...
2026-03-23 16:26:39,642 - INFO -     Lagrangian: 10355 droplets
2026-03-23 16:26:39,642 - INFO -     Eulerian: 178164 cells
2026-03-23 16:26:39,644 - INFO -     Finding 1-nearest Eulerian neighbors for each droplet...
2026-03-23 16:26:39,733 - INFO -     ✓ Merged 10355 droplets with Eulerian values
2026-03-23 16:26:39,734 - INFO -   Loading timestep 118...
2026-03-23 16:26:39,977 - INFO -     Lagrangian: 10224 droplets
2026-03-23 16:26:39,978 - INFO -     Eulerian: 178164 cells
2026-03-23 16:26:39,979 - INFO -     Finding 1-nearest Eulerian neighbors for each droplet...
2026-03-23 16:26:40,067 - INFO -     ✓ Merged 10224 droplets with Eulerian values
2026-03-23 16:26:40,067 - INFO -   Loading timestep 119...
2026-03-23 16:26:40,300 - INFO -     Lagrangian: 10112 droplets
2026-03-23 16:26:40,300 - INFO -     Eulerian: 178164 cells
2026-03-23 16:26:40,301 - INFO -     Finding 1-nearest Eulerian neighbors for each droplet...
2026-03-23 16:26:40,394 - INFO -     ✓ Merged 10112 droplets with Eulerian values
2026-03-23 16:26:40,394 - INFO -   Loading timestep 120...
2026-03-23 16:26:40,649 - INFO -     Lagrangian: 9996 droplets
2026-03-23 16:26:40,649 - INFO -     Eulerian: 178164 cells
2026-03-23 16:26:40,650 - INFO -     Finding 1-nearest Eulerian neighbors for each droplet...
2026-03-23 16:26:40,740 - INFO -     ✓ Merged 9996 droplets with Eulerian values
2026-03-23 16:26:40,758 - INFO -   Batch loaded: 351,764 droplet records
2026-03-23 16:26:40,758 - INFO -   Creating paired data...
2026-03-23 16:26:40,758 - INFO - 
Creating paired timestep data...
2026-03-23 16:26:40,957 - INFO -   Total droplet records: 351,764
2026-03-23 16:26:40,957 - INFO -   Valid pairs (persistent): 338,486
2026-03-23 16:26:41,809 - INFO -   Created 338,486 paired samples
2026-03-23 16:26:41,815 - INFO -   Created 338,486 paired samples
2026-03-23 16:26:41,815 - INFO -   Splitting by particle ID...
2026-03-23 16:26:41,815 - INFO -     Splitting by particle ID...
2026-03-23 16:26:41,853 - INFO -       Train: 270,641 samples from 10,528 particles
2026-03-23 16:26:41,853 - INFO -       Val:   33,992 samples from 1,316 particles
2026-03-23 16:26:41,853 - INFO -       Test:  33,853 samples from 1,316 particles
2026-03-23 16:26:41,853 - INFO -   Batch 4 complete: 270,641 train / 33,992 val / 33,853 test
2026-03-23 16:26:41,866 - INFO - 
[Batch 5/7] Processing timesteps 121-150...
2026-03-23 16:26:41,867 - INFO -   Loading timestep 121...
2026-03-23 16:26:42,145 - INFO -     Lagrangian: 9890 droplets
2026-03-23 16:26:42,145 - INFO -     Eulerian: 178164 cells
2026-03-23 16:26:42,146 - INFO -     Finding 1-nearest Eulerian neighbors for each droplet...
2026-03-23 16:26:42,237 - INFO -     ✓ Merged 9890 droplets with Eulerian values
2026-03-23 16:26:42,237 - INFO -   Loading timestep 122...
2026-03-23 16:26:42,484 - INFO -     Lagrangian: 9772 droplets
2026-03-23 16:26:42,484 - INFO -     Eulerian: 178164 cells
2026-03-23 16:26:42,486 - INFO -     Finding 1-nearest Eulerian neighbors for each droplet...
2026-03-23 16:26:42,581 - INFO -     ✓ Merged 9772 droplets with Eulerian values
2026-03-23 16:26:42,581 - INFO -   Loading timestep 123...
2026-03-23 16:26:42,840 - INFO -     Lagrangian: 9640 droplets
2026-03-23 16:26:42,840 - INFO -     Eulerian: 178164 cells
2026-03-23 16:26:42,842 - INFO -     Finding 1-nearest Eulerian neighbors for each droplet...
2026-03-23 16:26:42,933 - INFO -     ✓ Merged 9640 droplets with Eulerian values
2026-03-23 16:26:42,933 - INFO -   Loading timestep 124...
2026-03-23 16:26:43,196 - INFO -     Lagrangian: 9536 droplets
2026-03-23 16:26:43,196 - INFO -     Eulerian: 178164 cells
2026-03-23 16:26:43,198 - INFO -     Finding 1-nearest Eulerian neighbors for each droplet...
2026-03-23 16:26:43,288 - INFO -     ✓ Merged 9536 droplets with Eulerian values
2026-03-23 16:26:43,288 - INFO -   Loading timestep 125...
2026-03-23 16:26:43,560 - INFO -     Lagrangian: 9434 droplets
2026-03-23 16:26:43,560 - INFO -     Eulerian: 178164 cells
2026-03-23 16:26:43,561 - INFO -     Finding 1-nearest Eulerian neighbors for each droplet...
2026-03-23 16:26:43,648 - INFO -     ✓ Merged 9434 droplets with Eulerian values
2026-03-23 16:26:43,648 - INFO -   Loading timestep 126...
2026-03-23 16:26:43,894 - INFO -     Lagrangian: 9319 droplets
2026-03-23 16:26:43,894 - INFO -     Eulerian: 178164 cells
2026-03-23 16:26:43,895 - INFO -     Finding 1-nearest Eulerian neighbors for each droplet...
2026-03-23 16:26:43,982 - INFO -     ✓ Merged 9319 droplets with Eulerian values
2026-03-23 16:26:43,982 - INFO -   Loading timestep 127...
2026-03-23 16:26:44,233 - INFO -     Lagrangian: 9218 droplets
2026-03-23 16:26:44,234 - INFO -     Eulerian: 178164 cells
2026-03-23 16:26:44,235 - INFO -     Finding 1-nearest Eulerian neighbors for each droplet...
2026-03-23 16:26:44,324 - INFO -     ✓ Merged 9218 droplets with Eulerian values
2026-03-23 16:26:44,324 - INFO -   Loading timestep 128...
2026-03-23 16:26:44,612 - INFO -     Lagrangian: 9102 droplets
2026-03-23 16:26:44,613 - INFO -     Eulerian: 178164 cells
2026-03-23 16:26:44,614 - INFO -     Finding 1-nearest Eulerian neighbors for each droplet...
2026-03-23 16:26:44,702 - INFO -     ✓ Merged 9102 droplets with Eulerian values
2026-03-23 16:26:44,703 - INFO -   Loading timestep 129...
2026-03-23 16:26:44,944 - INFO -     Lagrangian: 9001 droplets
2026-03-23 16:26:44,944 - INFO -     Eulerian: 178164 cells
2026-03-23 16:26:44,946 - INFO -     Finding 1-nearest Eulerian neighbors for each droplet...
2026-03-23 16:26:45,032 - INFO -     ✓ Merged 9001 droplets with Eulerian values
2026-03-23 16:26:45,033 - INFO -   Loading timestep 130...
2026-03-23 16:26:45,268 - INFO -     Lagrangian: 8886 droplets
2026-03-23 16:26:45,268 - INFO -     Eulerian: 178164 cells
2026-03-23 16:26:45,270 - INFO -     Finding 1-nearest Eulerian neighbors for each droplet...
2026-03-23 16:26:45,360 - INFO -     ✓ Merged 8886 droplets with Eulerian values
2026-03-23 16:26:45,360 - INFO -   Loading timestep 131...
2026-03-23 16:26:45,587 - INFO -     Lagrangian: 8782 droplets
2026-03-23 16:26:45,587 - INFO -     Eulerian: 178164 cells
2026-03-23 16:26:45,589 - INFO -     Finding 1-nearest Eulerian neighbors for each droplet...
2026-03-23 16:26:45,676 - INFO -     ✓ Merged 8782 droplets with Eulerian values
2026-03-23 16:26:45,676 - INFO -   Loading timestep 132...
2026-03-23 16:26:45,930 - INFO -     Lagrangian: 8670 droplets
2026-03-23 16:26:45,930 - INFO -     Eulerian: 178164 cells
2026-03-23 16:26:45,931 - INFO -     Finding 1-nearest Eulerian neighbors for each droplet...
2026-03-23 16:26:46,021 - INFO -     ✓ Merged 8670 droplets with Eulerian values
2026-03-23 16:26:46,021 - INFO -   Loading timestep 133...
2026-03-23 16:26:46,283 - INFO -     Lagrangian: 8580 droplets
2026-03-23 16:26:46,283 - INFO -     Eulerian: 178164 cells
2026-03-23 16:26:46,284 - INFO -     Finding 1-nearest Eulerian neighbors for each droplet...
2026-03-23 16:26:46,374 - INFO -     ✓ Merged 8580 droplets with Eulerian values
2026-03-23 16:26:46,374 - INFO -   Loading timestep 134...
2026-03-23 16:26:46,603 - INFO -     Lagrangian: 8464 droplets
2026-03-23 16:26:46,604 - INFO -     Eulerian: 178164 cells
2026-03-23 16:26:46,605 - INFO -     Finding 1-nearest Eulerian neighbors for each droplet...
2026-03-23 16:26:46,695 - INFO -     ✓ Merged 8464 droplets with Eulerian values
2026-03-23 16:26:46,695 - INFO -   Loading timestep 135...
2026-03-23 16:26:46,945 - INFO -     Lagrangian: 8365 droplets
2026-03-23 16:26:46,945 - INFO -     Eulerian: 178164 cells
2026-03-23 16:26:46,947 - INFO -     Finding 1-nearest Eulerian neighbors for each droplet...
2026-03-23 16:26:47,034 - INFO -     ✓ Merged 8365 droplets with Eulerian values
2026-03-23 16:26:47,035 - INFO -   Loading timestep 136...
2026-03-23 16:26:47,285 - INFO -     Lagrangian: 8270 droplets
2026-03-23 16:26:47,285 - INFO -     Eulerian: 178164 cells
2026-03-23 16:26:47,287 - INFO -     Finding 1-nearest Eulerian neighbors for each droplet...
2026-03-23 16:26:47,373 - INFO -     ✓ Merged 8270 droplets with Eulerian values
2026-03-23 16:26:47,373 - INFO -   Loading timestep 137...
2026-03-23 16:26:47,627 - INFO -     Lagrangian: 8181 droplets
2026-03-23 16:26:47,627 - INFO -     Eulerian: 178164 cells
2026-03-23 16:26:47,628 - INFO -     Finding 1-nearest Eulerian neighbors for each droplet...
2026-03-23 16:26:47,715 - INFO -     ✓ Merged 8181 droplets with Eulerian values
2026-03-23 16:26:47,715 - INFO -   Loading timestep 138...
2026-03-23 16:26:47,936 - INFO -     Lagrangian: 8088 droplets
2026-03-23 16:26:47,936 - INFO -     Eulerian: 178164 cells
2026-03-23 16:26:47,937 - INFO -     Finding 1-nearest Eulerian neighbors for each droplet...
2026-03-23 16:26:48,034 - INFO -     ✓ Merged 8088 droplets with Eulerian values
2026-03-23 16:26:48,035 - INFO -   Loading timestep 139...
2026-03-23 16:26:48,278 - INFO -     Lagrangian: 7988 droplets
2026-03-23 16:26:48,278 - INFO -     Eulerian: 178164 cells
2026-03-23 16:26:48,280 - INFO -     Finding 1-nearest Eulerian neighbors for each droplet...
2026-03-23 16:26:48,366 - INFO -     ✓ Merged 7988 droplets with Eulerian values
2026-03-23 16:26:48,366 - INFO -   Loading timestep 140...
2026-03-23 16:26:48,599 - INFO -     Lagrangian: 7919 droplets
2026-03-23 16:26:48,599 - INFO -     Eulerian: 178164 cells
2026-03-23 16:26:48,600 - INFO -     Finding 1-nearest Eulerian neighbors for each droplet...
2026-03-23 16:26:48,689 - INFO -     ✓ Merged 7919 droplets with Eulerian values
2026-03-23 16:26:48,689 - INFO -   Loading timestep 141...
2026-03-23 16:26:48,958 - INFO -     Lagrangian: 7839 droplets
2026-03-23 16:26:48,959 - INFO -     Eulerian: 178164 cells
2026-03-23 16:26:48,960 - INFO -     Finding 1-nearest Eulerian neighbors for each droplet...
2026-03-23 16:26:49,048 - INFO -     ✓ Merged 7839 droplets with Eulerian values
2026-03-23 16:26:49,049 - INFO -   Loading timestep 142...
2026-03-23 16:26:49,318 - INFO -     Lagrangian: 7766 droplets
2026-03-23 16:26:49,319 - INFO -     Eulerian: 178164 cells
2026-03-23 16:26:49,320 - INFO -     Finding 1-nearest Eulerian neighbors for each droplet...
2026-03-23 16:26:49,413 - INFO -     ✓ Merged 7766 droplets with Eulerian values
2026-03-23 16:26:49,413 - INFO -   Loading timestep 143...
2026-03-23 16:26:49,688 - INFO -     Lagrangian: 7702 droplets
2026-03-23 16:26:49,688 - INFO -     Eulerian: 178164 cells
2026-03-23 16:26:49,689 - INFO -     Finding 1-nearest Eulerian neighbors for each droplet...
2026-03-23 16:26:49,778 - INFO -     ✓ Merged 7702 droplets with Eulerian values
2026-03-23 16:26:49,778 - INFO -   Loading timestep 144...
2026-03-23 16:26:50,044 - INFO -     Lagrangian: 7651 droplets
2026-03-23 16:26:50,044 - INFO -     Eulerian: 178164 cells
2026-03-23 16:26:50,045 - INFO -     Finding 1-nearest Eulerian neighbors for each droplet...
2026-03-23 16:26:50,140 - INFO -     ✓ Merged 7651 droplets with Eulerian values
2026-03-23 16:26:50,140 - INFO -   Loading timestep 145...
2026-03-23 16:26:50,409 - INFO -     Lagrangian: 7597 droplets
2026-03-23 16:26:50,409 - INFO -     Eulerian: 178164 cells
2026-03-23 16:26:50,411 - INFO -     Finding 1-nearest Eulerian neighbors for each droplet...
2026-03-23 16:26:50,494 - INFO -     ✓ Merged 7597 droplets with Eulerian values
2026-03-23 16:26:50,494 - INFO -   Loading timestep 146...
2026-03-23 16:26:50,725 - INFO -     Lagrangian: 7550 droplets
2026-03-23 16:26:50,725 - INFO -     Eulerian: 178164 cells
2026-03-23 16:26:50,726 - INFO -     Finding 1-nearest Eulerian neighbors for each droplet...
2026-03-23 16:26:50,810 - INFO -     ✓ Merged 7550 droplets with Eulerian values
2026-03-23 16:26:50,810 - INFO -   Loading timestep 147...
2026-03-23 16:26:51,067 - INFO -     Lagrangian: 7500 droplets
2026-03-23 16:26:51,067 - INFO -     Eulerian: 178164 cells
2026-03-23 16:26:51,069 - INFO -     Finding 1-nearest Eulerian neighbors for each droplet...
2026-03-23 16:26:51,167 - INFO -     ✓ Merged 7500 droplets with Eulerian values
2026-03-23 16:26:51,168 - INFO -   Loading timestep 148...
2026-03-23 16:26:51,403 - INFO -     Lagrangian: 7438 droplets
2026-03-23 16:26:51,403 - INFO -     Eulerian: 178164 cells
2026-03-23 16:26:51,405 - INFO -     Finding 1-nearest Eulerian neighbors for each droplet...
2026-03-23 16:26:51,489 - INFO -     ✓ Merged 7438 droplets with Eulerian values
2026-03-23 16:26:51,489 - INFO -   Loading timestep 149...
2026-03-23 16:26:51,721 - INFO -     Lagrangian: 7367 droplets
2026-03-23 16:26:51,721 - INFO -     Eulerian: 178164 cells
2026-03-23 16:26:51,722 - INFO -     Finding 1-nearest Eulerian neighbors for each droplet...
2026-03-23 16:26:51,811 - INFO -     ✓ Merged 7367 droplets with Eulerian values
2026-03-23 16:26:51,811 - INFO -   Loading timestep 150...
2026-03-23 16:26:52,047 - INFO -     Lagrangian: 7329 droplets
2026-03-23 16:26:52,047 - INFO -     Eulerian: 178164 cells
2026-03-23 16:26:52,048 - INFO -     Finding 1-nearest Eulerian neighbors for each droplet...
2026-03-23 16:26:52,131 - INFO -     ✓ Merged 7329 droplets with Eulerian values
2026-03-23 16:26:52,143 - INFO -   Batch loaded: 252,844 droplet records
2026-03-23 16:26:52,143 - INFO -   Creating paired data...
2026-03-23 16:26:52,143 - INFO - 
Creating paired timestep data...
2026-03-23 16:26:52,254 - INFO -   Total droplet records: 252,844
2026-03-23 16:26:52,254 - INFO -   Valid pairs (persistent): 242,954
2026-03-23 16:26:52,668 - INFO -   Created 242,954 paired samples
2026-03-23 16:26:52,677 - INFO -   Created 242,954 paired samples
2026-03-23 16:26:52,677 - INFO -   Splitting by particle ID...
2026-03-23 16:26:52,677 - INFO -     Splitting by particle ID...
2026-03-23 16:26:52,709 - INFO -       Train: 194,647 samples from 7,817 particles
2026-03-23 16:26:52,709 - INFO -       Val:   23,771 samples from 977 particles
2026-03-23 16:26:52,709 - INFO -       Test:  24,536 samples from 978 particles
2026-03-23 16:26:52,709 - INFO -   Batch 5 complete: 194,647 train / 23,771 val / 24,536 test
2026-03-23 16:26:52,715 - INFO - 
[Batch 6/7] Processing timesteps 151-180...
2026-03-23 16:26:52,716 - INFO -   Loading timestep 151...
2026-03-23 16:26:52,953 - INFO -     Lagrangian: 7264 droplets
2026-03-23 16:26:52,953 - INFO -     Eulerian: 178164 cells
2026-03-23 16:26:52,954 - INFO -     Finding 1-nearest Eulerian neighbors for each droplet...
2026-03-23 16:26:53,041 - INFO -     ✓ Merged 7264 droplets with Eulerian values
2026-03-23 16:26:53,041 - INFO -   Loading timestep 152...
2026-03-23 16:26:53,256 - INFO -     Lagrangian: 7221 droplets
2026-03-23 16:26:53,256 - INFO -     Eulerian: 178164 cells
2026-03-23 16:26:53,257 - INFO -     Finding 1-nearest Eulerian neighbors for each droplet...
2026-03-23 16:26:53,341 - INFO -     ✓ Merged 7221 droplets with Eulerian values
2026-03-23 16:26:53,341 - INFO -   Loading timestep 153...
2026-03-23 16:26:53,590 - INFO -     Lagrangian: 7166 droplets
2026-03-23 16:26:53,590 - INFO -     Eulerian: 178164 cells
2026-03-23 16:26:53,591 - INFO -     Finding 1-nearest Eulerian neighbors for each droplet...
2026-03-23 16:26:53,675 - INFO -     ✓ Merged 7166 droplets with Eulerian values
2026-03-23 16:26:53,675 - INFO -   Loading timestep 154...
2026-03-23 16:26:53,895 - INFO -     Lagrangian: 7100 droplets
2026-03-23 16:26:53,895 - INFO -     Eulerian: 178164 cells
2026-03-23 16:26:53,896 - INFO -     Finding 1-nearest Eulerian neighbors for each droplet...
2026-03-23 16:26:53,979 - INFO -     ✓ Merged 7100 droplets with Eulerian values
2026-03-23 16:26:53,979 - INFO -   Loading timestep 155...
2026-03-23 16:26:54,224 - INFO -     Lagrangian: 7047 droplets
2026-03-23 16:26:54,225 - INFO -     Eulerian: 178164 cells
2026-03-23 16:26:54,226 - INFO -     Finding 1-nearest Eulerian neighbors for each droplet...
2026-03-23 16:26:54,318 - INFO -     ✓ Merged 7047 droplets with Eulerian values
2026-03-23 16:26:54,319 - INFO -   Loading timestep 156...
2026-03-23 16:26:54,559 - INFO -     Lagrangian: 6977 droplets
2026-03-23 16:26:54,560 - INFO -     Eulerian: 178164 cells
2026-03-23 16:26:54,561 - INFO -     Finding 1-nearest Eulerian neighbors for each droplet...
2026-03-23 16:26:54,645 - INFO -     ✓ Merged 6977 droplets with Eulerian values
2026-03-23 16:26:54,645 - INFO -   Loading timestep 157...
2026-03-23 16:26:54,884 - INFO -     Lagrangian: 6912 droplets
2026-03-23 16:26:54,884 - INFO -     Eulerian: 178164 cells
2026-03-23 16:26:54,886 - INFO -     Finding 1-nearest Eulerian neighbors for each droplet...
2026-03-23 16:26:54,969 - INFO -     ✓ Merged 6912 droplets with Eulerian values
2026-03-23 16:26:54,970 - INFO -   Loading timestep 158...
2026-03-23 16:26:55,184 - INFO -     Lagrangian: 6844 droplets
2026-03-23 16:26:55,184 - INFO -     Eulerian: 178164 cells
2026-03-23 16:26:55,186 - INFO -     Finding 1-nearest Eulerian neighbors for each droplet...
2026-03-23 16:26:55,269 - INFO -     ✓ Merged 6844 droplets with Eulerian values
2026-03-23 16:26:55,270 - INFO -   Loading timestep 159...
2026-03-23 16:26:55,523 - INFO -     Lagrangian: 6791 droplets
2026-03-23 16:26:55,523 - INFO -     Eulerian: 178164 cells
2026-03-23 16:26:55,525 - INFO -     Finding 1-nearest Eulerian neighbors for each droplet...
2026-03-23 16:26:55,623 - INFO -     ✓ Merged 6791 droplets with Eulerian values
2026-03-23 16:26:55,624 - INFO -   Loading timestep 160...
2026-03-23 16:26:55,878 - INFO -     Lagrangian: 6719 droplets
2026-03-23 16:26:55,878 - INFO -     Eulerian: 178164 cells
2026-03-23 16:26:55,880 - INFO -     Finding 1-nearest Eulerian neighbors for each droplet...
2026-03-23 16:26:55,967 - INFO -     ✓ Merged 6719 droplets with Eulerian values
2026-03-23 16:26:55,967 - INFO -   Loading timestep 161...
2026-03-23 16:26:56,275 - INFO -     Lagrangian: 6654 droplets
2026-03-23 16:26:56,276 - INFO -     Eulerian: 178164 cells
2026-03-23 16:26:56,277 - INFO -     Finding 1-nearest Eulerian neighbors for each droplet...
2026-03-23 16:26:56,364 - INFO -     ✓ Merged 6654 droplets with Eulerian values
2026-03-23 16:26:56,364 - INFO -   Loading timestep 162...
2026-03-23 16:26:56,677 - INFO -     Lagrangian: 6598 droplets
2026-03-23 16:26:56,677 - INFO -     Eulerian: 178164 cells
2026-03-23 16:26:56,679 - INFO -     Finding 1-nearest Eulerian neighbors for each droplet...
2026-03-23 16:26:56,770 - INFO -     ✓ Merged 6598 droplets with Eulerian values
2026-03-23 16:26:56,770 - INFO -   Loading timestep 163...
2026-03-23 16:26:57,009 - INFO -     Lagrangian: 6518 droplets
2026-03-23 16:26:57,010 - INFO -     Eulerian: 178164 cells
2026-03-23 16:26:57,011 - INFO -     Finding 1-nearest Eulerian neighbors for each droplet...
2026-03-23 16:26:57,103 - INFO -     ✓ Merged 6518 droplets with Eulerian values
2026-03-23 16:26:57,103 - INFO -   Loading timestep 164...
2026-03-23 16:26:57,276 - INFO -     Lagrangian: 6442 droplets
2026-03-23 16:26:57,276 - INFO -     Eulerian: 178164 cells
2026-03-23 16:26:57,277 - INFO -     Finding 1-nearest Eulerian neighbors for each droplet...
2026-03-23 16:26:57,359 - INFO -     ✓ Merged 6442 droplets with Eulerian values
2026-03-23 16:26:57,359 - INFO -   Loading timestep 165...
2026-03-23 16:26:57,535 - INFO -     Lagrangian: 6366 droplets
2026-03-23 16:26:57,535 - INFO -     Eulerian: 178164 cells
2026-03-23 16:26:57,537 - INFO -     Finding 1-nearest Eulerian neighbors for each droplet...
2026-03-23 16:26:57,619 - INFO -     ✓ Merged 6366 droplets with Eulerian values
2026-03-23 16:26:57,619 - INFO -   Loading timestep 166...
2026-03-23 16:26:57,803 - INFO -     Lagrangian: 6306 droplets
2026-03-23 16:26:57,803 - INFO -     Eulerian: 178164 cells
2026-03-23 16:26:57,805 - INFO -     Finding 1-nearest Eulerian neighbors for each droplet...
2026-03-23 16:26:57,893 - INFO -     ✓ Merged 6306 droplets with Eulerian values
2026-03-23 16:26:57,893 - INFO -   Loading timestep 167...
2026-03-23 16:26:58,069 - INFO -     Lagrangian: 6236 droplets
2026-03-23 16:26:58,069 - INFO -     Eulerian: 178164 cells
2026-03-23 16:26:58,070 - INFO -     Finding 1-nearest Eulerian neighbors for each droplet...
2026-03-23 16:26:58,159 - INFO -     ✓ Merged 6236 droplets with Eulerian values
2026-03-23 16:26:58,159 - INFO -   Loading timestep 168...
2026-03-23 16:26:58,345 - INFO -     Lagrangian: 6148 droplets
2026-03-23 16:26:58,345 - INFO -     Eulerian: 178164 cells
2026-03-23 16:26:58,346 - INFO -     Finding 1-nearest Eulerian neighbors for each droplet...
2026-03-23 16:26:58,431 - INFO -     ✓ Merged 6148 droplets with Eulerian values
2026-03-23 16:26:58,432 - INFO -   Loading timestep 169...
2026-03-23 16:26:58,634 - INFO -     Lagrangian: 6080 droplets
2026-03-23 16:26:58,634 - INFO -     Eulerian: 178164 cells
2026-03-23 16:26:58,635 - INFO -     Finding 1-nearest Eulerian neighbors for each droplet...
2026-03-23 16:26:58,716 - INFO -     ✓ Merged 6080 droplets with Eulerian values
2026-03-23 16:26:58,716 - INFO -   Loading timestep 170...
2026-03-23 16:26:58,911 - INFO -     Lagrangian: 6009 droplets
2026-03-23 16:26:58,911 - INFO -     Eulerian: 178164 cells
2026-03-23 16:26:58,912 - INFO -     Finding 1-nearest Eulerian neighbors for each droplet...
2026-03-23 16:26:59,000 - INFO -     ✓ Merged 6009 droplets with Eulerian values
2026-03-23 16:26:59,000 - INFO -   Loading timestep 171...
2026-03-23 16:26:59,196 - INFO -     Lagrangian: 5944 droplets
2026-03-23 16:26:59,196 - INFO -     Eulerian: 178164 cells
2026-03-23 16:26:59,197 - INFO -     Finding 1-nearest Eulerian neighbors for each droplet...
2026-03-23 16:26:59,278 - INFO -     ✓ Merged 5944 droplets with Eulerian values
2026-03-23 16:26:59,278 - INFO -   Loading timestep 172...
2026-03-23 16:26:59,531 - INFO -     Lagrangian: 5879 droplets
2026-03-23 16:26:59,531 - INFO -     Eulerian: 178164 cells
2026-03-23 16:26:59,532 - INFO -     Finding 1-nearest Eulerian neighbors for each droplet...
2026-03-23 16:26:59,614 - INFO -     ✓ Merged 5879 droplets with Eulerian values
2026-03-23 16:26:59,615 - INFO -   Loading timestep 173...
2026-03-23 16:26:59,854 - INFO -     Lagrangian: 5815 droplets
2026-03-23 16:26:59,854 - INFO -     Eulerian: 178164 cells
2026-03-23 16:26:59,856 - INFO -     Finding 1-nearest Eulerian neighbors for each droplet...
2026-03-23 16:26:59,937 - INFO -     ✓ Merged 5815 droplets with Eulerian values
2026-03-23 16:26:59,937 - INFO -   Loading timestep 174...
2026-03-23 16:27:00,177 - INFO -     Lagrangian: 5735 droplets
2026-03-23 16:27:00,177 - INFO -     Eulerian: 178164 cells
2026-03-23 16:27:00,178 - INFO -     Finding 1-nearest Eulerian neighbors for each droplet...
2026-03-23 16:27:00,259 - INFO -     ✓ Merged 5735 droplets with Eulerian values
2026-03-23 16:27:00,259 - INFO -   Loading timestep 175...
2026-03-23 16:27:00,517 - INFO -     Lagrangian: 5668 droplets
2026-03-23 16:27:00,517 - INFO -     Eulerian: 178164 cells
2026-03-23 16:27:00,518 - INFO -     Finding 1-nearest Eulerian neighbors for each droplet...
2026-03-23 16:27:00,604 - INFO -     ✓ Merged 5668 droplets with Eulerian values
2026-03-23 16:27:00,604 - INFO -   Loading timestep 176...
2026-03-23 16:27:00,829 - INFO -     Lagrangian: 5593 droplets
2026-03-23 16:27:00,830 - INFO -     Eulerian: 178164 cells
2026-03-23 16:27:00,831 - INFO -     Finding 1-nearest Eulerian neighbors for each droplet...
2026-03-23 16:27:00,914 - INFO -     ✓ Merged 5593 droplets with Eulerian values
2026-03-23 16:27:00,914 - INFO -   Loading timestep 177...
2026-03-23 16:27:01,134 - INFO -     Lagrangian: 5520 droplets
2026-03-23 16:27:01,134 - INFO -     Eulerian: 178164 cells
2026-03-23 16:27:01,135 - INFO -     Finding 1-nearest Eulerian neighbors for each droplet...
2026-03-23 16:27:01,228 - INFO -     ✓ Merged 5520 droplets with Eulerian values
2026-03-23 16:27:01,229 - INFO -   Loading timestep 178...
2026-03-23 16:27:01,461 - INFO -     Lagrangian: 5438 droplets
2026-03-23 16:27:01,461 - INFO -     Eulerian: 178164 cells
2026-03-23 16:27:01,462 - INFO -     Finding 1-nearest Eulerian neighbors for each droplet...
2026-03-23 16:27:01,543 - INFO -     ✓ Merged 5438 droplets with Eulerian values
2026-03-23 16:27:01,543 - INFO -   Loading timestep 179...
2026-03-23 16:27:01,773 - INFO -     Lagrangian: 5367 droplets
2026-03-23 16:27:01,773 - INFO -     Eulerian: 178164 cells
2026-03-23 16:27:01,774 - INFO -     Finding 1-nearest Eulerian neighbors for each droplet...
2026-03-23 16:27:01,856 - INFO -     ✓ Merged 5367 droplets with Eulerian values
2026-03-23 16:27:01,856 - INFO -   Loading timestep 180...
2026-03-23 16:27:02,090 - INFO -     Lagrangian: 5279 droplets
2026-03-23 16:27:02,090 - INFO -     Eulerian: 178164 cells
2026-03-23 16:27:02,091 - INFO -     Finding 1-nearest Eulerian neighbors for each droplet...
2026-03-23 16:27:02,172 - INFO -     ✓ Merged 5279 droplets with Eulerian values
2026-03-23 16:27:02,183 - INFO -   Batch loaded: 189,636 droplet records
2026-03-23 16:27:02,183 - INFO -   Creating paired data...
2026-03-23 16:27:02,183 - INFO - 
Creating paired timestep data...
2026-03-23 16:27:02,239 - INFO -   Total droplet records: 189,636
2026-03-23 16:27:02,239 - INFO -   Valid pairs (persistent): 182,372
2026-03-23 16:27:02,720 - INFO -   Created 182,372 paired samples
2026-03-23 16:27:02,725 - INFO -   Created 182,372 paired samples
2026-03-23 16:27:02,726 - INFO -   Splitting by particle ID...
2026-03-23 16:27:02,726 - INFO -     Splitting by particle ID...
2026-03-23 16:27:02,747 - INFO -       Train: 146,037 samples from 5,776 particles
2026-03-23 16:27:02,747 - INFO -       Val:   18,190 samples from 722 particles
2026-03-23 16:27:02,747 - INFO -       Test:  18,145 samples from 723 particles
2026-03-23 16:27:02,747 - INFO -   Batch 6 complete: 146,037 train / 18,190 val / 18,145 test
2026-03-23 16:27:02,747 - INFO - 
[Batch 7/7] Processing timesteps 181-200...
2026-03-23 16:27:02,748 - INFO -   Loading timestep 181...
2026-03-23 16:27:03,004 - INFO -     Lagrangian: 5210 droplets
2026-03-23 16:27:03,004 - INFO -     Eulerian: 178164 cells
2026-03-23 16:27:03,005 - INFO -     Finding 1-nearest Eulerian neighbors for each droplet...
2026-03-23 16:27:03,092 - INFO -     ✓ Merged 5210 droplets with Eulerian values
2026-03-23 16:27:03,093 - INFO -   Loading timestep 182...
2026-03-23 16:27:03,387 - INFO -     Lagrangian: 5110 droplets
2026-03-23 16:27:03,387 - INFO -     Eulerian: 178164 cells
2026-03-23 16:27:03,389 - INFO -     Finding 1-nearest Eulerian neighbors for each droplet...
2026-03-23 16:27:03,481 - INFO -     ✓ Merged 5110 droplets with Eulerian values
2026-03-23 16:27:03,481 - INFO -   Loading timestep 183...
2026-03-23 16:27:03,731 - INFO -     Lagrangian: 5027 droplets
2026-03-23 16:27:03,731 - INFO -     Eulerian: 178164 cells
2026-03-23 16:27:03,733 - INFO -     Finding 1-nearest Eulerian neighbors for each droplet...
2026-03-23 16:27:03,816 - INFO -     ✓ Merged 5027 droplets with Eulerian values
2026-03-23 16:27:03,816 - INFO -   Loading timestep 184...
2026-03-23 16:27:04,135 - INFO -     Lagrangian: 4943 droplets
2026-03-23 16:27:04,135 - INFO -     Eulerian: 178164 cells
2026-03-23 16:27:04,137 - INFO -     Finding 1-nearest Eulerian neighbors for each droplet...
2026-03-23 16:27:04,219 - INFO -     ✓ Merged 4943 droplets with Eulerian values
2026-03-23 16:27:04,219 - INFO -   Loading timestep 185...
2026-03-23 16:27:04,455 - INFO -     Lagrangian: 4851 droplets
2026-03-23 16:27:04,455 - INFO -     Eulerian: 178164 cells
2026-03-23 16:27:04,457 - INFO -     Finding 1-nearest Eulerian neighbors for each droplet...
2026-03-23 16:27:04,538 - INFO -     ✓ Merged 4851 droplets with Eulerian values
2026-03-23 16:27:04,538 - INFO -   Loading timestep 186...
2026-03-23 16:27:04,803 - INFO -     Lagrangian: 4764 droplets
2026-03-23 16:27:04,803 - INFO -     Eulerian: 178164 cells
2026-03-23 16:27:04,804 - INFO -     Finding 1-nearest Eulerian neighbors for each droplet...
2026-03-23 16:27:04,890 - INFO -     ✓ Merged 4764 droplets with Eulerian values
2026-03-23 16:27:04,891 - INFO -   Loading timestep 187...
2026-03-23 16:27:05,133 - INFO -     Lagrangian: 4670 droplets
2026-03-23 16:27:05,133 - INFO -     Eulerian: 178164 cells
2026-03-23 16:27:05,134 - INFO -     Finding 1-nearest Eulerian neighbors for each droplet...
2026-03-23 16:27:05,214 - INFO -     ✓ Merged 4670 droplets with Eulerian values
2026-03-23 16:27:05,215 - INFO -   Loading timestep 188...
2026-03-23 16:27:05,458 - INFO -     Lagrangian: 4596 droplets
2026-03-23 16:27:05,458 - INFO -     Eulerian: 178164 cells
2026-03-23 16:27:05,460 - INFO -     Finding 1-nearest Eulerian neighbors for each droplet...
2026-03-23 16:27:05,542 - INFO -     ✓ Merged 4596 droplets with Eulerian values
2026-03-23 16:27:05,542 - INFO -   Loading timestep 189...
2026-03-23 16:27:05,784 - INFO -     Lagrangian: 4505 droplets
2026-03-23 16:27:05,784 - INFO -     Eulerian: 178164 cells
2026-03-23 16:27:05,785 - INFO -     Finding 1-nearest Eulerian neighbors for each droplet...
2026-03-23 16:27:05,865 - INFO -     ✓ Merged 4505 droplets with Eulerian values
2026-03-23 16:27:05,865 - INFO -   Loading timestep 190...
2026-03-23 16:27:06,118 - INFO -     Lagrangian: 4426 droplets
2026-03-23 16:27:06,118 - INFO -     Eulerian: 178164 cells
2026-03-23 16:27:06,119 - INFO -     Finding 1-nearest Eulerian neighbors for each droplet...
2026-03-23 16:27:06,199 - INFO -     ✓ Merged 4426 droplets with Eulerian values
2026-03-23 16:27:06,199 - INFO -   Loading timestep 191...
2026-03-23 16:27:06,439 - INFO -     Lagrangian: 4334 droplets
2026-03-23 16:27:06,439 - INFO -     Eulerian: 178164 cells
2026-03-23 16:27:06,440 - INFO -     Finding 1-nearest Eulerian neighbors for each droplet...
2026-03-23 16:27:06,520 - INFO -     ✓ Merged 4334 droplets with Eulerian values
2026-03-23 16:27:06,521 - INFO -   Loading timestep 192...
2026-03-23 16:27:06,776 - INFO -     Lagrangian: 4246 droplets
2026-03-23 16:27:06,776 - INFO -     Eulerian: 178164 cells
2026-03-23 16:27:06,777 - INFO -     Finding 1-nearest Eulerian neighbors for each droplet...
2026-03-23 16:27:06,856 - INFO -     ✓ Merged 4246 droplets with Eulerian values
2026-03-23 16:27:06,856 - INFO -   Loading timestep 193...
2026-03-23 16:27:07,114 - INFO -     Lagrangian: 4154 droplets
2026-03-23 16:27:07,114 - INFO -     Eulerian: 178164 cells
2026-03-23 16:27:07,115 - INFO -     Finding 1-nearest Eulerian neighbors for each droplet...
2026-03-23 16:27:07,198 - INFO -     ✓ Merged 4154 droplets with Eulerian values
2026-03-23 16:27:07,198 - INFO -   Loading timestep 194...
2026-03-23 16:27:07,439 - INFO -     Lagrangian: 4049 droplets
2026-03-23 16:27:07,440 - INFO -     Eulerian: 178164 cells
2026-03-23 16:27:07,441 - INFO -     Finding 1-nearest Eulerian neighbors for each droplet...
2026-03-23 16:27:07,520 - INFO -     ✓ Merged 4049 droplets with Eulerian values
2026-03-23 16:27:07,521 - INFO -   Loading timestep 195...
2026-03-23 16:27:07,761 - INFO -     Lagrangian: 3954 droplets
2026-03-23 16:27:07,761 - INFO -     Eulerian: 178164 cells
2026-03-23 16:27:07,763 - INFO -     Finding 1-nearest Eulerian neighbors for each droplet...
2026-03-23 16:27:07,845 - INFO -     ✓ Merged 3954 droplets with Eulerian values
2026-03-23 16:27:07,845 - INFO -   Loading timestep 196...
2026-03-23 16:27:08,066 - INFO -     Lagrangian: 3886 droplets
2026-03-23 16:27:08,066 - INFO -     Eulerian: 178164 cells
2026-03-23 16:27:08,067 - INFO -     Finding 1-nearest Eulerian neighbors for each droplet...
2026-03-23 16:27:08,147 - INFO -     ✓ Merged 3886 droplets with Eulerian values
2026-03-23 16:27:08,148 - INFO -   Loading timestep 197...
2026-03-23 16:27:08,384 - INFO -     Lagrangian: 3788 droplets
2026-03-23 16:27:08,384 - INFO -     Eulerian: 178164 cells
2026-03-23 16:27:08,386 - INFO -     Finding 1-nearest Eulerian neighbors for each droplet...
2026-03-23 16:27:08,463 - INFO -     ✓ Merged 3788 droplets with Eulerian values
2026-03-23 16:27:08,463 - INFO -   Loading timestep 198...
2026-03-23 16:27:08,704 - INFO -     Lagrangian: 3693 droplets
2026-03-23 16:27:08,704 - INFO -     Eulerian: 178164 cells
2026-03-23 16:27:08,705 - INFO -     Finding 1-nearest Eulerian neighbors for each droplet...
2026-03-23 16:27:08,784 - INFO -     ✓ Merged 3693 droplets with Eulerian values
2026-03-23 16:27:08,784 - INFO -   Loading timestep 199...
2026-03-23 16:27:09,011 - INFO -     Lagrangian: 3586 droplets
2026-03-23 16:27:09,011 - INFO -     Eulerian: 178164 cells
2026-03-23 16:27:09,013 - INFO -     Finding 1-nearest Eulerian neighbors for each droplet...
2026-03-23 16:27:09,091 - INFO -     ✓ Merged 3586 droplets with Eulerian values
2026-03-23 16:27:09,092 - INFO -   Loading timestep 200...
2026-03-23 16:27:09,341 - INFO -     Lagrangian: 3470 droplets
2026-03-23 16:27:09,342 - INFO -     Eulerian: 178164 cells
2026-03-23 16:27:09,343 - INFO -     Finding 1-nearest Eulerian neighbors for each droplet...
2026-03-23 16:27:09,425 - INFO -     ✓ Merged 3470 droplets with Eulerian values
2026-03-23 16:27:09,431 - INFO -   Batch loaded: 87,262 droplet records
2026-03-23 16:27:09,431 - INFO -   Creating paired data...
2026-03-23 16:27:09,431 - INFO - 
Creating paired timestep data...
2026-03-23 16:27:09,449 - INFO -   Total droplet records: 87,262
2026-03-23 16:27:09,449 - INFO -   Valid pairs (persistent): 82,052
2026-03-23 16:27:09,620 - INFO -   Created 82,052 paired samples
2026-03-23 16:27:09,623 - INFO -   Created 82,052 paired samples
2026-03-23 16:27:09,623 - INFO -   Splitting by particle ID...
2026-03-23 16:27:09,623 - INFO -     Splitting by particle ID...
2026-03-23 16:27:09,634 - INFO -       Train: 65,692 samples from 4,088 particles
2026-03-23 16:27:09,634 - INFO -       Val:   8,125 samples from 511 particles
2026-03-23 16:27:09,634 - INFO -       Test:  8,235 samples from 511 particles
2026-03-23 16:27:09,634 - INFO -   Batch 7 complete: 65,692 train / 8,125 val / 8,235 test
2026-03-23 16:27:09,634 - INFO - 
[Progress] Combining all batches...
2026-03-23 16:27:10,018 - INFO -   Combined train: 1,939,732 samples
2026-03-23 16:27:10,019 - INFO -   Combined val: 241,496 samples
2026-03-23 16:27:10,019 - INFO -   Combined test: 241,809 samples
2026-03-23 16:27:10,019 - INFO - 
[Progress] Normalizing all splits...
2026-03-23 16:27:10,019 - INFO -     Fitting scalers on combined training data (1,939,732 samples)...
2026-03-23 16:27:10,953 - INFO -     Creating normalized and absolute columns...
2026-03-23 16:27:15,038 - INFO -     ✓ All splits normalized
2026-03-23 16:27:15,061 - INFO - 
[Progress] Saving results...
2026-03-23 16:27:15,061 - INFO - 
Saving results to CSV files...
2026-03-23 16:27:15,061 - INFO -   Computing clustering absolute columns...
2026-03-23 16:27:17,129 - INFO -   Saving train (1,939,732 rows, 55 columns)...
2026-03-23 16:28:52,683 - INFO -     ✓ data/train_paired.csv
2026-03-23 16:28:52,686 - INFO -   Saving val (241,496 rows, 55 columns)...
2026-03-23 16:29:04,225 - INFO -     ✓ data/val_paired.csv
2026-03-23 16:29:04,225 - INFO -   Saving test (241,809 rows, 55 columns)...
2026-03-23 16:29:15,839 - INFO -     ✓ data/test_paired.csv
2026-03-23 16:29:15,839 - INFO -   Saving metadata...
2026-03-23 16:29:15,861 - INFO -     ✓ data/metadata.pkl
2026-03-23 16:29:15,916 - INFO - 
================================================================================
2026-03-23 16:29:15,916 - INFO - ✓ PREPROCESSING COMPLETE
2026-03-23 16:29:15,916 - INFO - ================================================================================
2026-03-23 16:29:15,917 - INFO - 
Dataset Summary:
2026-03-23 16:29:15,936 - INFO -   • Train: 1,939,732 samples from 24,741 particles
2026-03-23 16:29:15,939 - INFO -   • Val:   241,496 samples from 8,539 particles
2026-03-23 16:29:15,940 - INFO -   • Test:  241,809 samples from 8,577 particles
2026-03-23 16:29:15,940 - INFO -   • Total: 2,423,037 paired samples
2026-03-23 16:29:15,941 - INFO -   • Columns: 58 (including normalized + absolute + positions)
2026-03-23 16:29:15,941 - INFO - 
Output Files:
2026-03-23 16:29:15,941 - INFO -   • 📊 data/train_paired.csv
2026-03-23 16:29:15,941 - INFO -   • 📊 data/val_paired.csv
2026-03-23 16:29:15,941 - INFO -   • 📊 data/test_paired.csv
2026-03-23 16:29:15,941 - INFO -   • 📦 data/metadata.pkl
2026-03-23 16:29:15,941 - INFO - 
Log File:
2026-03-23 16:29:15,941 - INFO -   • 📝 logs/preprocessing_20260323_162551.log
2026-03-23 16:29:15,941 - INFO - ================================================================================
